<SMS>
    		<authentification>
    			<username>AliHabib</username>
    			<password>Ali@2020$</password>
    		</authentification>
    		<message>
    			<sender>Pet 2nd Home</sender>
    			<text>New transfer from Badaro to Ashrafieh
321245</text>
    			</message>
    			<recipients>
    			<gsm messageId="321245">96171452313</gsm>
    			    <gsm messageId="321245">9613966125</gsm>
    		</recipients>
    	</SMS>
<RESPONSE><status>2</status><credits>1460.8000</credits></RESPONSE>
-------------------------

<SMS>
    		<authentification>
    			<username>AliHabib</username>
    			<password>Ali@2020$</password>
    		</authentification>
    		<message>
    			<sender>Pet 2nd Home</sender>
    			<text>New transfer from Ashrafieh to Badaro
126549</text>
    			</message>
    			<recipients>
    			<gsm messageId="126549">96171386906</gsm>
    			    <gsm messageId="126549">9613966125</gsm>
    		</recipients>
    	</SMS>
<RESPONSE><status>2</status><credits>1456.4000</credits></RESPONSE>
-------------------------

