New transfer from archive to Sin el Fil
661815
OK: 1
OK: 1

-------------------------

New transfer from archive to Badaro
765254
OK: 1
OK: 1

-------------------------

New transfer from archive to Ashrafieh
446500
OK: 1
OK: 1

-------------------------

New transfer from archive to Sin el Fil
846639
OK: 1
OK: 1

-------------------------

New transfer from archive to Ashrafieh
182274
OK: 1
OK: 1

-------------------------

New transfer from archive to Ashrafieh
106062
OK: 1
OK: 1

-------------------------

New transfer from Sin el Fil to Ashrafieh
429626
OK: 1
OK: 1

-------------------------

