New transfer from Sin el Fil to Badaro
844232
OK: 1
OK: 1

-------------------------

New transfer from archive to Badaro
178341
OK: 1
OK: 1

-------------------------

New transfer from archive to Ashrafieh
588593
OK: 1
OK: 1

-------------------------

New transfer from Sin el Fil to Tayouneh
535575
OK: 1
OK: 1

-------------------------

New transfer from Sin el Fil to Main Sin el Fil
251393
OK: 1
OK: 1

-------------------------

New transfer from Main Sin el Fil to Tayouneh
859333
OK: 1
OK: 1

-------------------------

New transfer from archive to Ashrafieh
107597
OK: 1
OK: 1

-------------------------

New transfer from archive to Badaro
903299
OK: 1
OK: 1

-------------------------

New transfer from archive to Sin el Fil
471091
OK: 1
OK: 1

-------------------------

