New transfer from Ashrafieh to Badaro
387442
OK: 1
OK: 1

-------------------------

New transfer from Sin el Fil to Badaro
695488
OK: 1
OK: 1

-------------------------

New transfer from Tayouneh to Badaro
915993
OK: 1
OK: 1

-------------------------

New transfer from Badaro to Tayouneh
102450
OK: 1
OK: 1

-------------------------

New transfer from Badaro to Tayouneh
903791
OK: 1
OK: 1

-------------------------

New transfer from archive to Ashrafieh
498585
<P>Error: Unable to open database M</P>ERR: Not authenticated

-------------------------

New transfer from archive to Sin el Fil
615297
OK: 1
OK: 1

-------------------------

New transfer from archive to Tayouneh
306092
<P>Error: Unable to open database M</P>ERR: Not authenticated

-------------------------

New transfer from archive to Badaro
854228
<P>Error: Unable to open database M</P>ERR: Not authenticated

-------------------------

New transfer from Tayouneh to Badaro
401263
<P>Error: Unable to open database M</P>ERR: Not authenticated

-------------------------

