New transfer from archive to Badaro
936069
ERR: Not enough credit
ERR: Not enough credit

-------------------------

New transfer from archive to Sin el Fil
634194
ERR: Not enough credit
ERR: Not enough credit

-------------------------

New transfer from archive to Ashrafieh
455980
ERR: Not enough credit
ERR: Not enough credit

-------------------------

New transfer from archive to Sin el Fil
927968
ERR: Not enough credit
ERR: Not enough credit

-------------------------

New transfer from archive to Ashrafieh
260229
ERR: Not enough credit
ERR: Not enough credit

-------------------------

New transfer from archive to Badaro
846859
ERR: Not enough credit
ERR: Not enough credit

-------------------------

New transfer from archive to abdulwahab elnklizi
356911
ERR: Not enough credit
ERR: Not enough credit

-------------------------

New transfer from Sin el Fil to abdulwahab elnklizi
616939
ERR: Not enough credit
ERR: Not enough credit

-------------------------

New transfer from Sin el Fil to Badaro
282451
ERR: Not enough credit
ERR: Not enough credit

-------------------------

New transfer from Ashrafieh to Sin el Fil
632777
ERR: Not enough credit
ERR: Not enough credit

-------------------------

New transfer from Sin el Fil to Ashrafieh
695951
ERR: Not enough credit
ERR: Not enough credit

-------------------------

