New transfer from Badaro to Sin el Fil
174216
OK: 1
OK: 1

-------------------------

New transfer from Ashrafieh to Sin el Fil
188734
OK: 1
OK: 1

-------------------------

New transfer from archive to Badaro
144710
OK: 1
OK: 1

-------------------------

New transfer from archive to Badaro
628606
OK: 1
OK: 1

-------------------------

New transfer from archive to Ashrafieh
311360
OK: 1
OK: 1

-------------------------

New transfer from archive to Sin el Fil
107488
OK: 1
OK: 1

-------------------------

New transfer from Sin el Fil to Badaro
747306
OK: 1
OK: 1

-------------------------

New transfer from Sin el Fil to Ashrafieh
478958
OK: 1
OK: 1

-------------------------

