New transfer from Badaro to Main Sin el Fil
641309
OK: 1
OK: 1

-------------------------

New transfer from Badaro to Sin el Fil
255240
OK: 1
OK: 1

-------------------------

New transfer from abdulwahab elnklizi to Ashrafieh
944032
OK: 1
OK: 1

-------------------------

New transfer from abdulwahab elnklizi to Sin el Fil
669303
OK: 1
OK: 1

-------------------------

New transfer from Sin el Fil to abdulwahab elnklizi
965513
OK: 1
OK: 1

-------------------------

New transfer from Sin el Fil to Ashrafieh
415346
OK: 1
OK: 1

-------------------------

New transfer from Sin el Fil to abdulwahab elnklizi
926398
OK: 1
OK: 1

-------------------------

New transfer from Sin el Fil to Main Sin el Fil
312591
OK: 1
OK: 1

-------------------------

New transfer from abdulwahab elnklizi to Ashrafieh
163090
OK: 1
OK: 1

-------------------------

New transfer from Sin el Fil to Ashrafieh
499121
OK: 1
OK: 1

-------------------------

New transfer from Sin el Fil to Ashrafieh
952903
OK: 1
OK: 1

-------------------------

New transfer from Main Sin el Fil to Sin el Fil
423923
OK: 1
OK: 1

-------------------------

