New transfer from Badaro to Tayouneh
775241
OK: 1
OK: 1

-------------------------

New transfer from Tayouneh to Sin el Fil
122492
OK: 1
OK: 1

-------------------------

New transfer from Badaro to Sin el Fil
124699
OK: 1
OK: 1

-------------------------

New transfer from archive to Ashrafieh
923895
OK: 1
OK: 1

-------------------------

New transfer from archive to Tayouneh
989091
OK: 1
OK: 1

-------------------------

New transfer from archive to Badaro
802111
OK: 1
OK: 1

-------------------------

New transfer from archive to Sin el Fil
762030
OK: 1
OK: 1

-------------------------

New transfer from archive to Sin el Fil
213908
OK: 1
OK: 1

-------------------------

New transfer from Sin el Fil to Ashrafieh
992843
OK: 1
OK: 1

-------------------------

