New transfer from archive to Sin el Fil
956612
OK: 1
OK: 1

-------------------------

New transfer from archive to Ashrafieh
913018
OK: 1
OK: 1

-------------------------

New transfer from archive to Badaro
352068
OK: 1
OK: 1

-------------------------

New transfer from archive to abdulwahab elnklizi
725323
OK: 1
OK: 1

-------------------------

New transfer from Sin el Fil to Ashrafieh
995192
OK: 1
OK: 1

-------------------------

New transfer from Ashrafieh to abdulwahab elnklizi
506193
OK: 1
OK: 1

-------------------------

