New transfer from Sin el Fil to abdulwahab elnklizi
759669
OK: 1
OK: 1

-------------------------

New transfer from Badaro to Ashrafieh
801371
OK: 1
OK: 1

-------------------------

New transfer from Sin el Fil to Ashrafieh
956681
OK: 1
OK: 1

-------------------------

New transfer from archive to Ashrafieh
236566
OK: 1
OK: 1

-------------------------

New transfer from archive to Badaro
251876
OK: 1
OK: 1

-------------------------

New transfer from archive to Sin el Fil
632522
OK: 1
OK: 1

-------------------------

