<SMS>
    		<authentification>
    			<username>AliHabib</username>
    			<password>Ali@2020$</password>
    		</authentification>
    		<message>
    			<sender>Pet 2nd Home</sender>
    			<text>New transfer from archive to Ashrafieh
387344</text>
    			</message>
    			<recipients>
    			<gsm messageId="387344">96171452313</gsm>
    			    <gsm messageId="387344">9613966125</gsm>
    		</recipients>
    	</SMS>
<RESPONSE><status>2</status><credits>209.7000</credits></RESPONSE>
-------------------------

<SMS>
    		<authentification>
    			<username>AliHabib</username>
    			<password>Ali@2020$</password>
    		</authentification>
    		<message>
    			<sender>Pet 2nd Home</sender>
    			<text>New transfer from archive to Sin el Fil
724954</text>
    			</message>
    			<recipients>
    			<gsm messageId="724954">96176749789</gsm>
    			    <gsm messageId="724954">9613966125</gsm>
    		</recipients>
    	</SMS>
<RESPONSE><status>2</status><credits>203.9000</credits></RESPONSE>
-------------------------

<SMS>
    		<authentification>
    			<username>AliHabib</username>
    			<password>Ali@2020$</password>
    		</authentification>
    		<message>
    			<sender>Pet 2nd Home</sender>
    			<text>New transfer from archive to Badaro
568579</text>
    			</message>
    			<recipients>
    			<gsm messageId="568579">96171386906</gsm>
    			    <gsm messageId="568579">9613966125</gsm>
    		</recipients>
    	</SMS>
<RESPONSE><status>2</status><credits>198.1000</credits></RESPONSE>
-------------------------

<SMS>
    		<authentification>
    			<username>AliHabib</username>
    			<password>Ali@2020$</password>
    		</authentification>
    		<message>
    			<sender>Pet 2nd Home</sender>
    			<text>New transfer from Badaro to Sin el Fil
224715</text>
    			</message>
    			<recipients>
    			<gsm messageId="224715">96176749789</gsm>
    			    <gsm messageId="224715">9613966125</gsm>
    		</recipients>
    	</SMS>
<RESPONSE><status>2</status><credits>192.3000</credits></RESPONSE>
-------------------------

