New transfer from Sin el Fil to Tayouneh
814454
OK: 1
OK: 1

-------------------------

New transfer from Badaro to Ashrafieh
613834
OK: 1
OK: 1

-------------------------

New transfer from Badaro to Tayouneh
245893
OK: 1
OK: 1

-------------------------

New transfer from Badaro to Ashrafieh
297118
OK: 1
OK: 1

-------------------------

New transfer from Sin el Fil to Ashrafieh
580815
OK: 1
OK: 1

-------------------------

New transfer from Sin el Fil to Tayouneh
327587
OK: 1
OK: 1

-------------------------

New transfer from Sin el Fil to Tayouneh
289471
OK: 1
OK: 1

-------------------------

New transfer from Sin el Fil to Ashrafieh
104057
OK: 1
OK: 1

-------------------------

New transfer from Ashrafieh to Sin el Fil
992896
OK: 1
OK: 1

-------------------------

New transfer from Tayouneh to Ashrafieh
549159
OK: 1
OK: 1

-------------------------

New transfer from Tayouneh to Badaro
918923
OK: 1
OK: 1

-------------------------

New transfer from Tayouneh to Sin el Fil
641992
OK: 1
OK: 1

-------------------------

