New transfer from Sin el Fil to Tayouneh
699231
OK: 1
OK: 1

-------------------------

New transfer from Badaro to Ashrafieh
485169
OK: 1
OK: 1

-------------------------

New transfer from archive to Ashrafieh
863199
OK: 1
OK: 1

-------------------------

New transfer from archive to Badaro
466589
OK: 1
OK: 1

-------------------------

New transfer from archive to Sin el Fil
354994
OK: 1
OK: 1

-------------------------

New transfer from archive to Sin el Fil
419212
OK: 1
OK: 1

-------------------------

New transfer from Sin el Fil to Ashrafieh
438775
OK: 1
OK: 1

-------------------------

New transfer from Sin el Fil to Ashrafieh
713503
OK: 1
OK: 1

-------------------------

