New transfer from Ashrafieh to Badaro
776376
OK: 1
OK: 1

-------------------------

New transfer from archive to Badaro
206633
OK: 1
OK: 1

-------------------------

New transfer from archive to Sin el Fil
401118
OK: 1
OK: 1

-------------------------

New transfer from archive to Ashrafieh
472269
OK: 1
OK: 1

-------------------------

New transfer from Badaro to Tayouneh
463983
OK: 1
OK: 1

-------------------------

New transfer from archive to Badaro
529855
OK: 1
OK: 1

-------------------------

New transfer from archive to Sin el Fil
849778
OK: 1
OK: 1

-------------------------

New transfer from archive to Tayouneh
555301
OK: 1
OK: 1

-------------------------

New transfer from Sin el Fil to Badaro
422458
OK: 1
OK: 1

-------------------------

New transfer from archive to Ashrafieh
908077
OK: 1
OK: 1

-------------------------

New transfer from archive to Sin el Fil
658611
OK: 1
OK: 1

-------------------------

New transfer from archive to Badaro
381966
OK: 1
OK: 1

-------------------------

New transfer from archive to Tayouneh
903273
OK: 1
OK: 1

-------------------------

New transfer from Ashrafieh to Sin el Fil
442174
OK: 1
OK: 1

-------------------------

New transfer from Sin el Fil to Ashrafieh
576541
OK: 1
OK: 1

-------------------------

New transfer from Badaro to Sin el Fil
249454
OK: 1
OK: 1

-------------------------

