<SMS>
    		<authentification>
    			<username>AliHabib</username>
    			<password>Ali@2020$</password>
    		</authentification>
    		<message>
    			<sender>Pet 2nd Home</sender>
    			<text>New transfer from archive to Badaro
185685</text>
    			</message>
    			<recipients>
    			<gsm messageId="185685">96171386906</gsm>
    			    <gsm messageId="185685">9613966125</gsm>
    		</recipients>
    	</SMS>
<RESPONSE><status>2</status><credits>1949.2000</credits></RESPONSE>
-------------------------

<SMS>
    		<authentification>
    			<username>AliHabib</username>
    			<password>Ali@2020$</password>
    		</authentification>
    		<message>
    			<sender>Pet 2nd Home</sender>
    			<text>New transfer from archive to Ashrafieh
626720</text>
    			</message>
    			<recipients>
    			<gsm messageId="626720">96171452313</gsm>
    			    <gsm messageId="626720">9613966125</gsm>
    		</recipients>
    	</SMS>
<RESPONSE><status>2</status><credits>1944.8000</credits></RESPONSE>
-------------------------

