New transfer from Tayouneh to Badaro
841888
OK: 1
OK: 1

-------------------------

New transfer from archive to Ashrafieh
123065
OK: 1
OK: 1

-------------------------

New transfer from archive to Sin el Fil
324076
OK: 1
OK: 1

-------------------------

New transfer from archive to Badaro
476844
OK: 1
OK: 1

-------------------------

New transfer from archive to Ashrafieh
645242
OK: 1
OK: 1

-------------------------

New transfer from archive to Sin el Fil
866937
OK: 1
OK: 1

-------------------------

New transfer from archive to Badaro
558244
OK: 1
OK: 1

-------------------------

New transfer from archive to Badaro
516410
OK: 1
OK: 1

-------------------------

New transfer from archive to Sin el Fil
673522
OK: 1
OK: 1

-------------------------

New transfer from archive to Ashrafieh
241919
OK: 1
OK: 1

-------------------------

New transfer from archive to Ashrafieh
640961
OK: 1
OK: 1

-------------------------

New transfer from Main Sin el Fil to Ashrafieh
639121
OK: 1
OK: 1

-------------------------

New transfer from Ashrafieh to Badaro
928491
OK: 1
OK: 1

-------------------------

New transfer from archive to Sin el Fil
866021
OK: 1
OK: 1

-------------------------

