New transfer from Sin el Fil to Ashrafieh
154553
OK: 1
OK: 1

-------------------------

New transfer from Sin el Fil to Ashrafieh
213232
OK: 1
OK: 1

-------------------------

New transfer from Ashrafieh to Sin el Fil
969729
OK: 1
OK: 1

-------------------------

New transfer from Badaro to Tayouneh
601410
OK: 1
OK: 1

-------------------------

New transfer from Sin el Fil to Ashrafieh
571395
OK: 1
OK: 1

-------------------------

New transfer from Badaro to Tayouneh
649640
OK: 1
OK: 1

-------------------------

New transfer from Sin el Fil to Tayouneh
700601
OK: 1
OK: 1

-------------------------

New transfer from Sin el Fil to Badaro
858671
OK: 1
OK: 1

-------------------------

New transfer from Sin el Fil to Tayouneh
249946
OK: 1
OK: 1

-------------------------

New transfer from archive to Ashrafieh
586302
OK: 1
OK: 1

-------------------------

