New transfer from archive to Badaro
142137
OK: 1
OK: 1

-------------------------

New transfer from Sin el Fil to Ashrafieh
218520
OK: 1
OK: 1

-------------------------

New transfer from Sin el Fil to Badaro
205826
OK: 1
OK: 1

-------------------------

New transfer from archive to Badaro
652314
OK: 1
OK: 1

-------------------------

New transfer from archive to Ashrafieh
484100
OK: 1
OK: 1

-------------------------

New transfer from archive to Sin el Fil
496638
OK: 1
OK: 1

-------------------------

New transfer from archive to Ashrafieh
743006
OK: 1
OK: 1

-------------------------

New transfer from archive to Badaro
131654
OK: 1
OK: 1

-------------------------

New transfer from archive to Ashrafieh
823992
OK: 1
OK: 1

-------------------------

New transfer from archive to Sin el Fil
737014
OK: 1
OK: 1

-------------------------

