New transfer from Tayouneh to Ashrafieh
576431
OK: 1
OK: 1

-------------------------

New transfer from archive to Badaro
449545
OK: 1
OK: 1

-------------------------

New transfer from archive to Sin el Fil
956297
OK: 1
OK: 1

-------------------------

New transfer from archive to Ashrafieh
828166
OK: 1
OK: 1

-------------------------

New transfer from archive to Badaro
663488
OK: 1
OK: 1

-------------------------

New transfer from archive to Sin el Fil
506684
OK: 1
OK: 1

-------------------------

New transfer from archive to Tayouneh
214742
OK: 1
OK: 1

-------------------------

New transfer from archive to Ashrafieh
473533
OK: 1
OK: 1

-------------------------

New transfer from archive to Ashrafieh
910374
OK: 1
OK: 1

-------------------------

New transfer from archive to Badaro
736301
OK: 1
OK: 1

-------------------------

New transfer from archive to Tayouneh
870721
OK: 1
OK: 1

-------------------------

New transfer from Ashrafieh to Badaro
376935
OK: 1
OK: 1

-------------------------

New transfer from Ashrafieh to Tayouneh
549048
OK: 1
OK: 1

-------------------------

