New transfer from archive to Sin el Fil
545090
OK: 1
OK: 1

-------------------------

New transfer from Badaro to Sin el Fil
120500
OK: 1
OK: 1

-------------------------

New transfer from Sin el Fil to Ashrafieh
920791
OK: 1
OK: 1

-------------------------

New transfer from archive to Sin el Fil
717353
OK: 1
OK: 1

-------------------------

New transfer from archive to abdulwahab elnklizi
674079
OK: 1
OK: 1

-------------------------

New transfer from archive to Badaro
444029
OK: 1
OK: 1

-------------------------

New transfer from archive to Ashrafieh
486412
OK: 1
OK: 1

-------------------------

New transfer from archive to Sin el Fil
115887
OK: 1
OK: 1

-------------------------

