New transfer from Tayouneh to Sin el Fil
233115
OK: 1
OK: 1

-------------------------

New transfer from Badaro to Ashrafieh
110703
OK: 1
OK: 1

-------------------------

New transfer from archive to Ashrafieh
650614
OK: 1
OK: 1

-------------------------

New transfer from archive to Badaro
128708
OK: 1
OK: 1

-------------------------

New transfer from archive to Ashrafieh
844509
OK: 1
OK: 1

-------------------------

New transfer from archive to Sin el Fil
828784
OK: 1
OK: 1

-------------------------

New transfer from Ashrafieh to Badaro
254714
OK: 1
OK: 1

-------------------------

New transfer from Ashrafieh to Badaro
296207
OK: 1
OK: 1

-------------------------

New transfer from Tayouneh to Badaro
565016
OK: 1
OK: 1

-------------------------

New transfer from Tayouneh to Badaro
657510
OK: 1
OK: 1

-------------------------

New transfer from Tayouneh to Badaro
960663
OK: 1
OK: 1

-------------------------

New transfer from Tayouneh to Ashrafieh
752351
OK: 1
OK: 1

-------------------------

New transfer from Tayouneh to Ashrafieh
931640
OK: 1
OK: 1

-------------------------

New transfer from Tayouneh to Badaro
227734
OK: 1
OK: 1

-------------------------

New transfer from Tayouneh to Sin el Fil
266888
OK: 1
OK: 1

-------------------------

New transfer from Tayouneh to Sin el Fil
277932
OK: 1
OK: 1

-------------------------

New transfer from Tayouneh to Ashrafieh
856281
OK: 1
OK: 1

-------------------------

New transfer from Tayouneh to Main Sin el Fil
510918
OK: 1
OK: 1

-------------------------

New transfer from Tayouneh to Sin el Fil
563273
OK: 1
OK: 1

-------------------------

