New transfer from archive to Ashrafieh
194668
OK: 1
OK: 1

-------------------------

New transfer from archive to Badaro
867330
OK: 1
OK: 1

-------------------------

New transfer from archive to Sin el Fil
484404
OK: 1
OK: 1

-------------------------

New transfer from archive to Tayouneh
888164
OK: 1
OK: 1

-------------------------

New transfer from Badaro to Tayouneh
624806
OK: 1
OK: 1

-------------------------

New transfer from Sin el Fil to Main Sin el Fil
530287
OK: 1
OK: 1

-------------------------

New transfer from Main Sin el Fil to archive
850887
OK: 1
OK: 1

-------------------------

New transfer from Sin el Fil to Main Sin el Fil
397417
OK: 1
OK: 1

-------------------------

