New transfer from Main Sin el Fil to Sin el Fil
308094
OK: 1
OK: 1

-------------------------

New transfer from Main Sin el Fil to Badaro
589764
OK: 1
OK: 1

-------------------------

New transfer from Main Sin el Fil to archive
543676
OK: 1
OK: 1

-------------------------

New transfer from archive to Ashrafieh
674885
OK: 1
OK: 1

-------------------------

New transfer from archive to Sin el Fil
261473
OK: 1
OK: 1

-------------------------

New transfer from archive to Badaro
693467
OK: 1
OK: 1

-------------------------

New transfer from abdulwahab elnklizi to Badaro
301214
OK: 1
OK: 1

-------------------------

New transfer from abdulwahab elnklizi to Ashrafieh
708417
OK: 1
OK: 1

-------------------------

New transfer from Main Sin el Fil to Sin el Fil
186599
OK: 1
OK: 1

-------------------------

