New transfer from archive to abdulwahab elnklizi
333199
ERR: Not enough credit
ERR: Not enough credit

-------------------------

New transfer from archive to Badaro
888099
ERR: Not enough credit
ERR: Not enough credit

-------------------------

New transfer from archive to Ashrafieh
231274
ERR: Not enough credit
ERR: Not enough credit

-------------------------

New transfer from Main Sin el Fil to Sin el Fil
121602
ERR: Not enough credit
ERR: Not enough credit

-------------------------

New transfer from archive to Sin el Fil
762209
ERR: Not enough credit
ERR: Not enough credit

-------------------------

New transfer from Sin el Fil to Ashrafieh
684361
ERR: Not enough credit
ERR: Not enough credit

-------------------------

