New transfer from Badaro to Sin el Fil
604604
OK: 1
OK: 1

-------------------------

New transfer from archive to Sin el Fil
730745
OK: 1
OK: 1

-------------------------

New transfer from archive to Ashrafieh
557827
OK: 1
OK: 1

-------------------------

New transfer from archive to Badaro
323444
OK: 1
OK: 1

-------------------------

New transfer from archive to abdulwahab elnklizi
785998
OK: 1
OK: 1

-------------------------

New transfer from archive to Sin el Fil
931890
OK: 1
OK: 1

-------------------------

New transfer from archive to Badaro
729459
OK: 1
OK: 1

-------------------------

New transfer from archive to Ashrafieh
292083
OK: 1
OK: 1

-------------------------

New transfer from archive to Sin el Fil
178935
OK: 1
OK: 1

-------------------------

New transfer from archive to Sin el Fil
632410
OK: 1
OK: 1

-------------------------

New transfer from archive to Ashrafieh
772691
OK: 1
OK: 1

-------------------------

