New transfer from Badaro to Main Sin el Fil
155339
OK: 1
OK: 1

-------------------------

New transfer from archive to Badaro
680245
OK: 1
OK: 1

-------------------------

New transfer from archive to Ashrafieh
641727
OK: 1
OK: 1

-------------------------

New transfer from archive to Sin el Fil
640380
OK: 1
OK: 1

-------------------------

New transfer from archive to Tayouneh
956923
OK: 1
OK: 1

-------------------------

New transfer from Sin el Fil to Badaro
955012
OK: 1
OK: 1

-------------------------

New transfer from Badaro to Sin el Fil
199503
OK: 1
OK: 1

-------------------------

