New transfer from Sin el Fil to Badaro
934978
OK: 1
OK: 1

-------------------------

New transfer from Badaro to Tayouneh
423969
OK: 1
OK: 1

-------------------------

New transfer from archive to Ashrafieh
113219
OK: 1
OK: 1

-------------------------

New transfer from archive to Badaro
864418
OK: 1
OK: 1

-------------------------

New transfer from archive to Sin el Fil
103145
OK: 1
OK: 1

-------------------------

New transfer from Ashrafieh to Tayouneh
663263
OK: 1
OK: 1

-------------------------

