New transfer from Badaro to Ashrafieh
482577
OK: 1
OK: 1

-------------------------

New transfer from Sin el Fil to Ashrafieh
125608
OK: 1
OK: 1

-------------------------

New transfer from Sin el Fil to Ashrafieh
532929
OK: 1
OK: 1

-------------------------

New transfer from Badaro to Tayouneh
330673
OK: 1
OK: 1

-------------------------

New transfer from Tayouneh to Ashrafieh
552217
OK: 1
OK: 1

-------------------------

New transfer from Ashrafieh to Badaro
530772
OK: 1
OK: 1

-------------------------

New transfer from Badaro to Tayouneh
810619
OK: 1
OK: 1

-------------------------

