New transfer from archive to Ashrafieh
453008
OK: 1
OK: 1

-------------------------

New transfer from archive to Ashrafieh
361568
OK: 1
OK: 1

-------------------------

New transfer from archive to Sin el Fil
312858
OK: 1
OK: 1

-------------------------

New transfer from archive to Badaro
779124
OK: 1
OK: 1

-------------------------

New transfer from Badaro to Sin el Fil
535090
OK: 1
OK: 1

-------------------------

New transfer from Sin el Fil to Ashrafieh
538537
OK: 1
OK: 1

-------------------------

