New transfer from Sin el Fil to Badaro
166425
OK: 1
OK: 1

-------------------------

New transfer from Badaro to Ashrafieh
567734
OK: 1
OK: 1

-------------------------

New transfer from archive to Ashrafieh
605141
OK: 1
OK: 1

-------------------------

New transfer from Badaro to Tayouneh
328052
OK: 1
OK: 1

-------------------------

New transfer from archive to Badaro
728253
OK: 1
OK: 1

-------------------------

New transfer from archive to Sin el Fil
776782
OK: 1
OK: 1

-------------------------

