New transfer from Sin el Fil to Main Sin el Fil
643885
OK: 1
OK: 1

-------------------------

New transfer from Ashrafieh to Badaro
837503
OK: 1
OK: 1

-------------------------

New transfer from abdulwahab elnklizi to Main Sin el Fil
423181
OK: 1
OK: 1

-------------------------

New transfer from Sin el Fil to Badaro
823145
OK: 1
OK: 1

-------------------------

New transfer from archive to Ashrafieh
187135
OK: 1
OK: 1

-------------------------

New transfer from archive to Sin el Fil
297036
OK: 1
OK: 1

-------------------------

New transfer from Ashrafieh to abdulwahab elnklizi
806662
OK: 1
OK: 1

-------------------------

New transfer from Main Sin el Fil to Badaro
254413
OK: 1
OK: 1

-------------------------

