<SMS>
    		<authentification>
    			<username>AliHabib</username>
    			<password>Ali@2020$</password>
    		</authentification>
    		<message>
    			<sender>Pet 2nd Home</sender>
    			<text>New transfer from Sin el Fil to Badaro
798881</text>
    			</message>
    			<recipients>
    			<gsm messageId="798881">96171386906</gsm>
    			    <gsm messageId="798881">9613966125</gsm>
    		</recipients>
    	</SMS>
<RESPONSE><status>2</status><credits>696.9000</credits></RESPONSE>
-------------------------

<SMS>
    		<authentification>
    			<username>AliHabib</username>
    			<password>Ali@2020$</password>
    		</authentification>
    		<message>
    			<sender>Pet 2nd Home</sender>
    			<text>New transfer from archive to Ashrafieh
566561</text>
    			</message>
    			<recipients>
    			<gsm messageId="566561">96171452313</gsm>
    			    <gsm messageId="566561">9613966125</gsm>
    		</recipients>
    	</SMS>
<RESPONSE><status>2</status><credits>691.1000</credits></RESPONSE>
-------------------------

<SMS>
    		<authentification>
    			<username>AliHabib</username>
    			<password>Ali@2020$</password>
    		</authentification>
    		<message>
    			<sender>Pet 2nd Home</sender>
    			<text>New transfer from archive to Badaro
659780</text>
    			</message>
    			<recipients>
    			<gsm messageId="659780">96171386906</gsm>
    			    <gsm messageId="659780">9613966125</gsm>
    		</recipients>
    	</SMS>
<RESPONSE><status>2</status><credits>685.3000</credits></RESPONSE>
-------------------------

<SMS>
    		<authentification>
    			<username>AliHabib</username>
    			<password>Ali@2020$</password>
    		</authentification>
    		<message>
    			<sender>Pet 2nd Home</sender>
    			<text>New transfer from archive to Sin el Fil
623389</text>
    			</message>
    			<recipients>
    			<gsm messageId="623389">96176749789</gsm>
    			    <gsm messageId="623389">9613966125</gsm>
    		</recipients>
    	</SMS>
<RESPONSE><status>2</status><credits>679.5000</credits></RESPONSE>
-------------------------

<SMS>
    		<authentification>
    			<username>AliHabib</username>
    			<password>Ali@2020$</password>
    		</authentification>
    		<message>
    			<sender>Pet 2nd Home</sender>
    			<text>New transfer from archive to Tayouneh
680953</text>
    			</message>
    			<recipients>
    			<gsm messageId="680953">96176015488</gsm>
    			    <gsm messageId="680953">9613966125</gsm>
    		</recipients>
    	</SMS>
<RESPONSE><status>2</status><credits>673.7000</credits></RESPONSE>
-------------------------

