New transfer from archive to Sin el Fil
715638
OK: 1
OK: 1

-------------------------

New transfer from archive to Ashrafieh
801049
OK: 1
OK: 1

-------------------------

New transfer from archive to Badaro
518515
OK: 1
OK: 1

-------------------------

New transfer from archive to abdulwahab elnklizi
185667
OK: 1
OK: 1

-------------------------

New transfer from Sin el Fil to abdulwahab elnklizi
378267
OK: 1
OK: 1

-------------------------

New transfer from abdulwahab elnklizi to Sin el Fil
293595
OK: 1
OK: 1

-------------------------

New transfer from Badaro to Main Sin el Fil
441551
OK: 1
OK: 1

-------------------------

New transfer from Ashrafieh to Sin el Fil
354563
OK: 1
OK: 1

-------------------------

New transfer from Main Sin el Fil to Ashrafieh
719797
OK: 1
OK: 1

-------------------------

New transfer from Main Sin el Fil to abdulwahab elnklizi
757150
OK: 1
OK: 1

-------------------------

New transfer from Main Sin el Fil to Sin el Fil
897038
OK: 1
OK: 1

-------------------------

New transfer from Main Sin el Fil to Sin el Fil
974301
OK: 1
OK: 1

-------------------------

New transfer from Main Sin el Fil to Ashrafieh
832497
OK: 1
OK: 1

-------------------------

New transfer from Main Sin el Fil to Ashrafieh
318026
OK: 1
OK: 1

-------------------------

New transfer from Main Sin el Fil to Sin el Fil
463724
OK: 1
OK: 1

-------------------------

New transfer from Sin el Fil to Ashrafieh
477139
OK: 1
OK: 1

-------------------------

