New transfer from Badaro to Sin el Fil
588916
ERR: Not enough credit
ERR: Not enough credit

-------------------------

New transfer from archive to Ashrafieh
131157
ERR: Not enough credit
ERR: Not enough credit

-------------------------

New transfer from archive to Sin el Fil
607599
ERR: Not enough credit
ERR: Not enough credit

-------------------------

New transfer from Sin el Fil to Ashrafieh
153816
ERR: Not enough credit
ERR: Not enough credit

-------------------------

New transfer from archive to Ashrafieh
942440
ERR: Not enough credit
ERR: Not enough credit

-------------------------

