New transfer from Badaro to Sin el Fil
134657
OK: 1
OK: 1

-------------------------

New transfer from Sin el Fil to Badaro
492468
OK: 1
OK: 1

-------------------------

New transfer from Tayouneh to Badaro
312298
OK: 1
OK: 1

-------------------------

New transfer from Badaro to Tayouneh
782602
OK: 1
OK: 1

-------------------------

New transfer from archive to Ashrafieh
401601
OK: 1
OK: 1

-------------------------

New transfer from archive to Ashrafieh
218974
OK: 1
OK: 1

-------------------------

New transfer from archive to Ashrafieh
885878
OK: 1
OK: 1

-------------------------

New transfer from archive to Badaro
260377
OK: 1
OK: 1

-------------------------

New transfer from archive to Sin el Fil
939907
OK: 1
OK: 1

-------------------------

New transfer from Badaro to Tayouneh
806428
OK: 1
OK: 1

-------------------------

New transfer from Badaro to Ashrafieh
150572
OK: 1
OK: 1

-------------------------

New transfer from Sin el Fil to Tayouneh
713702
OK: 1
OK: 1

-------------------------

New transfer from Sin el Fil to Ashrafieh
523441
OK: 1
OK: 1

-------------------------

New transfer from archive to Ashrafieh
641620
OK: 1
OK: 1

-------------------------

New transfer from archive to Sin el Fil
578017
OK: 1
OK: 1

-------------------------

New transfer from archive to Badaro
958982
OK: 1
OK: 1

-------------------------

New transfer from archive to Tayouneh
762780
OK: 1
OK: 1

-------------------------

