New transfer from archive to Ashrafieh
120154
OK: 1
OK: 1

-------------------------

New transfer from archive to Badaro
811409
OK: 1
OK: 1

-------------------------

New transfer from archive to abdulwahab elnklizi
244747
OK: 1
OK: 1

-------------------------

New transfer from archive to Sin el Fil
149919
OK: 1
OK: 1

-------------------------

New transfer from archive to Main Sin el Fil
607919
OK: 1
OK: 1

-------------------------

New transfer from archive to Sin el Fil
528855
OK: 1
OK: 1

-------------------------

New transfer from archive to Sin el Fil
361484
OK: 1
OK: 1

-------------------------

New transfer from Sin el Fil to Badaro
104636
OK: 1
OK: 1

-------------------------

New transfer from Sin el Fil to Ashrafieh
343043
OK: 1
OK: 1

-------------------------

