New transfer from Ashrafieh to Badaro
723708
OK: 1
OK: 1

-------------------------

New transfer from Badaro to Sin el Fil
154758
OK: 1
OK: 1

-------------------------

New transfer from Ashrafieh to Sin el Fil
649961
OK: 1
OK: 1

-------------------------

New transfer from archive to Sin el Fil
600701
OK: 1
OK: 1

-------------------------

New transfer from archive to Ashrafieh
243084
OK: 1
OK: 1

-------------------------

New transfer from archive to Ashrafieh
592838
OK: 1
OK: 1

-------------------------

New transfer from archive to Sin el Fil
922275
OK: 1
OK: 1

-------------------------

New transfer from archive to Badaro
355956
OK: 1
OK: 1

-------------------------

New transfer from archive to Badaro
672408
OK: 1
OK: 1

-------------------------

New transfer from archive to Sin el Fil
842931
OK: 1
OK: 1

-------------------------

New transfer from archive to Ashrafieh
804785
OK: 1
OK: 1

-------------------------

New transfer from Sin el Fil to Badaro
350031
OK: 1
OK: 1

-------------------------

