<SMS>
    		<authentification>
    			<username>AliHabib</username>
    			<password>Ali@2020$</password>
    		</authentification>
    		<message>
    			<sender>Pet 2nd Home</sender>
    			<text>New transfer from Badaro to Tayouneh
574450</text>
    			</message>
    			<recipients>
    			<gsm messageId="574450">96176015488</gsm>
    			    <gsm messageId="574450">9613966125</gsm>
    		</recipients>
    	</SMS>
<RESPONSE><status>-3</status><credits>0.9000</credits></RESPONSE>
-------------------------

<SMS>
    		<authentification>
    			<username>AliHabib</username>
    			<password>Ali@2020$</password>
    		</authentification>
    		<message>
    			<sender>Pet 2nd Home</sender>
    			<text>New transfer from Sin el Fil to Badaro
612533</text>
    			</message>
    			<recipients>
    			<gsm messageId="612533">96171386906</gsm>
    			    <gsm messageId="612533">9613966125</gsm>
    		</recipients>
    	</SMS>
<RESPONSE><status>-3</status><credits>0.9000</credits></RESPONSE>
-------------------------

<SMS>
    		<authentification>
    			<username>AliHabib</username>
    			<password>Ali@2020$</password>
    		</authentification>
    		<message>
    			<sender>Pet 2nd Home</sender>
    			<text>New transfer from archive to Tayouneh
756645</text>
    			</message>
    			<recipients>
    			<gsm messageId="756645">96176015488</gsm>
    			    <gsm messageId="756645">9613966125</gsm>
    		</recipients>
    	</SMS>
<RESPONSE><status>-3</status><credits>0.9000</credits></RESPONSE>
-------------------------

