New transfer from Ashrafieh to Sin el Fil
864378
OK: 1
OK: 1

-------------------------

New transfer from archive to Sin el Fil
745200
OK: 1
OK: 1

-------------------------

New transfer from archive to Ashrafieh
410407
OK: 1
OK: 1

-------------------------

New transfer from archive to Badaro
928620
OK: 1
OK: 1

-------------------------

New transfer from Sin el Fil to Ashrafieh
216744
OK: 1
OK: 1

-------------------------

New transfer from Ashrafieh to Sin el Fil
431374
OK: 1
OK: 1

-------------------------

