New transfer from abdulwahab elnklizi to Sin el Fil
647164
OK: 1
OK: 1

-------------------------

New transfer from Sin el Fil to abdulwahab elnklizi
972183
OK: 1
OK: 1

-------------------------

New transfer from archive to Sin el Fil
548326
OK: 1
OK: 1

-------------------------

New transfer from archive to Ashrafieh
512439
OK: 1
OK: 1

-------------------------

New transfer from archive to abdulwahab elnklizi
523707
OK: 1
OK: 1

-------------------------

New transfer from Badaro to Sin el Fil
177963
OK: 1
OK: 1

-------------------------

New transfer from Ashrafieh to abdulwahab elnklizi
455001
OK: 1
OK: 1

-------------------------

