New transfer from Badaro to Ashrafieh
897817
OK: 1
OK: 1

-------------------------

New transfer from archive to Ashrafieh
176010
OK: 1
OK: 1

-------------------------

New transfer from archive to Sin el Fil
438567
OK: 1
OK: 1

-------------------------

New transfer from archive to Badaro
550364
OK: 1
OK: 1

-------------------------

New transfer from Sin el Fil to Ashrafieh
853627
OK: 1
OK: 1

-------------------------

New transfer from archive to Ashrafieh
360127
OK: 1
OK: 1

-------------------------

New transfer from archive to Badaro
612771
OK: 1
OK: 1

-------------------------

New transfer from archive to Sin el Fil
358866
OK: 1
OK: 1

-------------------------

New transfer from archive to Ashrafieh
503074
OK: 1
OK: 1

-------------------------

New transfer from archive to Sin el Fil
635217
OK: 1
OK: 1

-------------------------

New transfer from archive to Badaro
879503
OK: 1
OK: 1

-------------------------

New transfer from archive to Tayouneh
146298
OK: 1
OK: 1

-------------------------

