New transfer from Tayouneh to Sin el Fil
121196
OK: 1
OK: 1

-------------------------

New transfer from Badaro to Tayouneh
866603
OK: 1
OK: 1

-------------------------

New transfer from archive to Sin el Fil
847332
OK: 1
OK: 1

-------------------------

New transfer from archive to Ashrafieh
282207
OK: 1
OK: 1

-------------------------

New transfer from archive to Badaro
145432
OK: 1
OK: 1

-------------------------

New transfer from archive to Tayouneh
312570
OK: 1
OK: 1

-------------------------

New transfer from Sin el Fil to Main Sin el Fil
621548
OK: 1
OK: 1

-------------------------

New transfer from Sin el Fil to Ashrafieh
104101
OK: 1
OK: 1

-------------------------

New transfer from archive to Tayouneh
351250
OK: 1
OK: 1

-------------------------

New transfer from archive to Badaro
763170
OK: 1
OK: 1

-------------------------

New transfer from archive to Ashrafieh
780793
OK: 1
OK: 1

-------------------------

New transfer from archive to Sin el Fil
293921
OK: 1
OK: 1

-------------------------

New transfer from Badaro to Main Sin el Fil
630950
OK: 1
OK: 1

-------------------------

