New transfer from Badaro to abdulwahab elnklizi
494757
OK: 1
OK: 1

-------------------------

New transfer from Sin el Fil to abdulwahab elnklizi
591548
OK: 1
OK: 1

-------------------------

New transfer from archive to Sin el Fil
201827
OK: 1
OK: 1

-------------------------

New transfer from archive to abdulwahab elnklizi
537193
OK: 1
OK: 1

-------------------------

New transfer from Badaro to Sin el Fil
720216
OK: 1
OK: 1

-------------------------

New transfer from Sin el Fil to Badaro
667796
OK: 1
OK: 1

-------------------------

New transfer from Ashrafieh to abdulwahab elnklizi
641073
OK: 1
OK: 1

-------------------------

New transfer from Badaro to Ashrafieh
578060
OK: 1
OK: 1

-------------------------

New transfer from Sin el Fil to Main Sin el Fil
235007
OK: 1
OK: 1

-------------------------

