New transfer from Sin el Fil to Ashrafieh
455841
OK: 1
OK: 1

-------------------------

New transfer from archive to Sin el Fil
925195
OK: 1
OK: 1

-------------------------

New transfer from Badaro to Sin el Fil
154220
OK: 1
OK: 1

-------------------------

New transfer from Sin el Fil to Ashrafieh
676361
OK: 1
OK: 1

-------------------------

New transfer from Ashrafieh to Tayouneh
883828
OK: 1
OK: 1

-------------------------

New transfer from archive to Ashrafieh
180293
OK: 1
OK: 1

-------------------------

New transfer from archive to Sin el Fil
245451
OK: 1
OK: 1

-------------------------

New transfer from archive to Badaro
469954
OK: 1
OK: 1

-------------------------

