New transfer from Main Sin el Fil to Sin el Fil
897961
ERR: Not enough credit
ERR: Not enough credit

-------------------------

New transfer from archive to Badaro
701675
ERR: Not enough credit
ERR: Not enough credit

-------------------------

New transfer from archive to Ashrafieh
348035
ERR: Not enough credit
ERR: Not enough credit

-------------------------

New transfer from archive to Sin el Fil
347507
ERR: Not enough credit
ERR: Not enough credit

-------------------------

New transfer from archive to Sin el Fil
827860
ERR: Not enough credit
ERR: Not enough credit

-------------------------

New transfer from archive to Ashrafieh
133846
ERR: Not enough credit
ERR: Not enough credit

-------------------------

New transfer from archive to Badaro
818217
ERR: Not enough credit
ERR: Not enough credit

-------------------------

New transfer from archive to abdulwahab elnklizi
834286
ERR: Not enough credit
ERR: Not enough credit

-------------------------

