New transfer from Main Sin el Fil to Ashrafieh
322587
OK: 1
OK: 1

-------------------------

New transfer from Main Sin el Fil to Ashrafieh
905720
OK: 1
OK: 1

-------------------------

New transfer from Main Sin el Fil to Ashrafieh
288532
OK: 1
OK: 1

-------------------------

New transfer from Main Sin el Fil to Sin el Fil
214925
OK: 1
OK: 1

-------------------------

New transfer from Main Sin el Fil to Sin el Fil
810608
OK: 1
OK: 1

-------------------------

New transfer from Main Sin el Fil to Badaro
416071
OK: 1
OK: 1

-------------------------

New transfer from Main Sin el Fil to Badaro
269418
OK: 1
OK: 1

-------------------------

New transfer from Main Sin el Fil to Tayouneh
355685
OK: 1
OK: 1

-------------------------

New transfer from Main Sin el Fil to Tayouneh
448133
OK: 1
OK: 1

-------------------------

