New transfer from archive to Tayouneh
744937
OK: 1
OK: 1

-------------------------

New transfer from archive to Badaro
292769
OK: 1
OK: 1

-------------------------

New transfer from Main Sin el Fil to Ashrafieh
435958
OK: 1
OK: 1

-------------------------

New transfer from Main Sin el Fil to Sin el Fil
543981
OK: 1
OK: 1

-------------------------

New transfer from archive to Sin el Fil
236462
OK: 1
OK: 1

-------------------------

New transfer from archive to Ashrafieh
991643
OK: 1
OK: 1

-------------------------

New transfer from archive to Ashrafieh
223466
OK: 1
OK: 1

-------------------------

New transfer from Tayouneh to Badaro
671295
OK: 1
OK: 1

-------------------------

New transfer from archive to Sin el Fil
835190
OK: 1
OK: 1

-------------------------

New transfer from archive to Badaro
998073
OK: 1
OK: 1

-------------------------

New transfer from archive to Tayouneh
183069
OK: 1
OK: 1

-------------------------

New transfer from Sin el Fil to Badaro
459173
OK: 1
OK: 1

-------------------------

New transfer from Sin el Fil to Ashrafieh
490342
OK: 1
OK: 1

-------------------------

