New transfer from archive to Ashrafieh
239155
OK: 1
OK: 1

-------------------------

New transfer from archive to Badaro
284396
OK: 1
OK: 1

-------------------------

New transfer from archive to Sin el Fil
760121
OK: 1
OK: 1

-------------------------

New transfer from Badaro to Tayouneh
219008
OK: 1
OK: 1

-------------------------

New transfer from Badaro to Tayouneh
421965
OK: 1
OK: 1

-------------------------

New transfer from Sin el Fil to Ashrafieh
641103
OK: 1
OK: 1

-------------------------

