New transfer from Sin el Fil to Ashrafieh
207395
OK: 1
OK: 1

-------------------------

New transfer from Sin el Fil to Tayouneh
316370
OK: 1
OK: 1

-------------------------

New transfer from archive to Ashrafieh
710782
OK: 1
OK: 1

-------------------------

New transfer from archive to Sin el Fil
973332
OK: 1
OK: 1

-------------------------

New transfer from archive to Badaro
620146
OK: 1
OK: 1

-------------------------

New transfer from archive to Tayouneh
212119
OK: 1
OK: 1

-------------------------

New transfer from Sin el Fil to Badaro
706495
OK: 1
OK: 1

-------------------------

