New transfer from Badaro to Ashrafieh
337388
OK: 1
OK: 1

-------------------------

New transfer from Ashrafieh to Sin el Fil
624709
OK: 1
OK: 1

-------------------------

New transfer from Ashrafieh to Badaro
776693
OK: 1
OK: 1

-------------------------

New transfer from archive to Ashrafieh
807882
OK: 1
OK: 1

-------------------------

New transfer from archive to Sin el Fil
414535
OK: 1
OK: 1

-------------------------

New transfer from archive to Badaro
579281
OK: 1
OK: 1

-------------------------

New transfer from Badaro to Tayouneh
879478
OK: 1
OK: 1

-------------------------

New transfer from Badaro to Ashrafieh
839451
OK: 1
OK: 1

-------------------------

New transfer from Main Sin el Fil to Badaro
730230
OK: 1
OK: 1

-------------------------

New transfer from Main Sin el Fil to Sin el Fil
558095
OK: 1
OK: 1

-------------------------

New transfer from Main Sin el Fil to Ashrafieh
549315
OK: 1
OK: 1

-------------------------

