New transfer from Sin el Fil to Ashrafieh
445229
OK: 1
OK: 1

-------------------------

New transfer from Sin el Fil to Badaro
394007
OK: 1
OK: 1

-------------------------

New transfer from Sin el Fil to Ashrafieh
478953
OK: 1
OK: 1

-------------------------

New transfer from archive to Ashrafieh
388079
OK: 1
OK: 1

-------------------------

New transfer from archive to Badaro
883407
OK: 1
OK: 1

-------------------------

New transfer from archive to Sin el Fil
866135
OK: 1
OK: 1

-------------------------

New transfer from archive to Tayouneh
266055
OK: 1
OK: 1

-------------------------

New transfer from Ashrafieh to Tayouneh
573080
OK: 1
OK: 1

-------------------------

New transfer from Main Sin el Fil to Sin el Fil
723498
OK: 1
OK: 1

-------------------------

New transfer from Sin el Fil to Ashrafieh
938295
OK: 1
OK: 1

-------------------------

