New transfer from Badaro to Sin el Fil
772348
OK: 1
OK: 1

-------------------------

New transfer from Sin el Fil to Ashrafieh
498432
OK: 1
OK: 1

-------------------------

New transfer from Main Sin el Fil to Ashrafieh
913710
OK: 1
OK: 1

-------------------------

New transfer from Main Sin el Fil to Sin el Fil
550423
OK: 1
OK: 1

-------------------------

New transfer from Main Sin el Fil to Badaro
634294
OK: 1
OK: 1

-------------------------

New transfer from archive to Ashrafieh
594677
OK: 1
OK: 1

-------------------------

New transfer from archive to Sin el Fil
211158
OK: 1
OK: 1

-------------------------

New transfer from archive to Badaro
230974
OK: 1
OK: 1

-------------------------

New transfer from archive to Tayouneh
582526
OK: 1
OK: 1

-------------------------

New transfer from archive to Ashrafieh
536349
OK: 1
OK: 1

-------------------------

