New transfer from archive to Sin el Fil
851608
OK: 1
OK: 1

-------------------------

New transfer from archive to Ashrafieh
839912
OK: 1
OK: 1

-------------------------

New transfer from archive to Ashrafieh
849181
OK: 1
OK: 1

-------------------------

New transfer from archive to Sin el Fil
783738
OK: 1
OK: 1

-------------------------

New transfer from archive to Badaro
978264
OK: 1
OK: 1

-------------------------

New transfer from archive to Ashrafieh
542743
OK: 1
OK: 1

-------------------------

