New transfer from abdulwahab elnklizi to Badaro
829558
OK: 1
OK: 1

-------------------------

New transfer from Sin el Fil to Main Sin el Fil
793261
OK: 1
OK: 1

-------------------------

New transfer from Main Sin el Fil to Sin el Fil
982423
OK: 1
OK: 1

-------------------------

New transfer from Main Sin el Fil to abdulwahab elnklizi
347841
OK: 1
OK: 1

-------------------------

New transfer from Main Sin el Fil to Sin el Fil
942933
OK: 1
OK: 1

-------------------------

New transfer from Main Sin el Fil to Ashrafieh
445793
OK: 1
OK: 1

-------------------------

New transfer from Main Sin el Fil to Badaro
885705
OK: 1
OK: 1

-------------------------

New transfer from Main Sin el Fil to abdulwahab elnklizi
215004
OK: 1
OK: 1

-------------------------

New transfer from Main Sin el Fil to Sin el Fil
217590
OK: 1
OK: 1

-------------------------

New transfer from archive to Sin el Fil
979824
OK: 1
OK: 1

-------------------------

New transfer from archive to Ashrafieh
750270
OK: 1
OK: 1

-------------------------

New transfer from archive to Badaro
125880
OK: 1
OK: 1

-------------------------

New transfer from archive to Sin el Fil
854534
OK: 1
OK: 1

-------------------------

New transfer from archive to Ashrafieh
485609
OK: 1
OK: 1

-------------------------

New transfer from archive to abdulwahab elnklizi
669588
OK: 1
OK: 1

-------------------------

New transfer from archive to Badaro
964886
OK: 1
OK: 1

-------------------------

New transfer from archive to Sin el Fil
166044
OK: 1
OK: 1

-------------------------

