New transfer from Badaro to Ashrafieh
401162
OK: 1
OK: 1

-------------------------

New transfer from Badaro to Sin el Fil
622731
OK: 1
OK: 1

-------------------------

New transfer from Badaro to abdulwahab elnklizi
940823
OK: 1
OK: 1

-------------------------

New transfer from abdulwahab elnklizi to Sin el Fil
999201
OK: 1
OK: 1

-------------------------

New transfer from abdulwahab elnklizi to Sin el Fil
213722
OK: 1
OK: 1

-------------------------

New transfer from Main Sin el Fil to Ashrafieh
226575
OK: 1
OK: 1

-------------------------

New transfer from Main Sin el Fil to Sin el Fil
119721
OK: 1
OK: 1

-------------------------

New transfer from Sin el Fil to Badaro
984094
OK: 1
OK: 1

-------------------------

New transfer from Sin el Fil to Ashrafieh
651172
OK: 1
OK: 1

-------------------------

New transfer from archive to abdulwahab elnklizi
564394
OK: 1
OK: 1

-------------------------

