New transfer from Sin el Fil to Ashrafieh
972499
OK: 1
OK: 1

-------------------------

New transfer from Main Sin el Fil to Badaro
318482
OK: 1
OK: 1

-------------------------

New transfer from Main Sin el Fil to Ashrafieh
962465
OK: 1
OK: 1

-------------------------

New transfer from Main Sin el Fil to Sin el Fil
429928
OK: 1
OK: 1

-------------------------

New transfer from Main Sin el Fil to Badaro
928676
OK: 1
OK: 1

-------------------------

New transfer from Main Sin el Fil to Sin el Fil
428336
OK: 1
OK: 1

-------------------------

New transfer from Main Sin el Fil to Ashrafieh
203812
OK: 1
OK: 1

-------------------------

New transfer from Sin el Fil to Ashrafieh
331237
OK: 1
OK: 1

-------------------------

