New transfer from Sin el Fil to Badaro
649136
OK: 1
OK: 1

-------------------------

New transfer from archive to Sin el Fil
121689
OK: 1
OK: 1

-------------------------

New transfer from archive to abdulwahab elnklizi
821576
OK: 1
OK: 1

-------------------------

New transfer from archive to Ashrafieh
970509
OK: 1
OK: 1

-------------------------

New transfer from archive to Sin el Fil
120827
OK: 1
OK: 1

-------------------------

New transfer from archive to Sin el Fil
978053
OK: 1
OK: 1

-------------------------

New transfer from Badaro to Sin el Fil
867235
OK: 1
OK: 1

-------------------------

