New transfer from Badaro to Sin el Fil
192949
OK: 1
OK: 1

-------------------------

New transfer from Badaro to Sin el Fil
393844
OK: 1
OK: 1

-------------------------

New transfer from Sin el Fil to Ashrafieh
109368
OK: 1
OK: 1

-------------------------

New transfer from Main Sin el Fil to Sin el Fil
806347
OK: 1
OK: 1

-------------------------

New transfer from Sin el Fil to Badaro
258034
OK: 1
OK: 1

-------------------------

New transfer from abdulwahab elnklizi to Ashrafieh
140736
OK: 1
OK: 1

-------------------------

New transfer from abdulwahab elnklizi to Ashrafieh
872462
OK: 1
OK: 1

-------------------------

New transfer from Sin el Fil to abdulwahab elnklizi
275345
OK: 1
OK: 1

-------------------------

