New transfer from Sin el Fil to Badaro
676686
OK: 1
OK: 1

-------------------------

New transfer from Ashrafieh to Sin el Fil
550599
OK: 1
OK: 1

-------------------------

New transfer from Sin el Fil to Badaro
828857
OK: 1
OK: 1

-------------------------

New transfer from archive to Ashrafieh
522397
OK: 1
OK: 1

-------------------------

New transfer from archive to Sin el Fil
544806
OK: 1
OK: 1

-------------------------

New transfer from archive to Badaro
358658
OK: 1
OK: 1

-------------------------

New transfer from Ashrafieh to Tayouneh
194150
OK: 1
OK: 1

-------------------------

