<SMS>
    		<authentification>
    			<username>AliHabib</username>
    			<password>Ali@2020$</password>
    		</authentification>
    		<message>
    			<sender>Pet 2nd Home</sender>
    			<text>New transfer from Ashrafieh to Sin el Fil
142933</text>
    			</message>
    			<recipients>
    			<gsm messageId="142933">96176749789</gsm>
    			    <gsm messageId="142933">9613966125</gsm>
    		</recipients>
    	</SMS>
<RESPONSE><status>2</status><credits>2349.9000</credits></RESPONSE>
-------------------------

<SMS>
    		<authentification>
    			<username>AliHabib</username>
    			<password>Ali@2020$</password>
    		</authentification>
    		<message>
    			<sender>Pet 2nd Home</sender>
    			<text>New transfer from archive to Ashrafieh
257699</text>
    			</message>
    			<recipients>
    			<gsm messageId="257699">96171452313</gsm>
    			    <gsm messageId="257699">9613966125</gsm>
    		</recipients>
    	</SMS>
<RESPONSE><status>2</status><credits>2344.1000</credits></RESPONSE>
-------------------------

<SMS>
    		<authentification>
    			<username>AliHabib</username>
    			<password>Ali@2020$</password>
    		</authentification>
    		<message>
    			<sender>Pet 2nd Home</sender>
    			<text>New transfer from archive to Badaro
462318</text>
    			</message>
    			<recipients>
    			<gsm messageId="462318">96171386906</gsm>
    			    <gsm messageId="462318">9613966125</gsm>
    		</recipients>
    	</SMS>
<RESPONSE><status>2</status><credits>2338.3000</credits></RESPONSE>
-------------------------

<SMS>
    		<authentification>
    			<username>AliHabib</username>
    			<password>Ali@2020$</password>
    		</authentification>
    		<message>
    			<sender>Pet 2nd Home</sender>
    			<text>New transfer from archive to Tayouneh
881895</text>
    			</message>
    			<recipients>
    			<gsm messageId="881895">96176015488</gsm>
    			    <gsm messageId="881895">9613966125</gsm>
    		</recipients>
    	</SMS>
<RESPONSE><status>2</status><credits>2332.5000</credits></RESPONSE>
-------------------------

