New transfer from Ashrafieh to Badaro
136678
OK: 1
OK: 1

-------------------------

New transfer from archive to Sin el Fil
569606
OK: 1
OK: 1

-------------------------

New transfer from archive to Badaro
592223
OK: 1
OK: 1

-------------------------

New transfer from archive to Tayouneh
182462
OK: 1
OK: 1

-------------------------

New transfer from archive to Ashrafieh
962315
OK: 1
OK: 1

-------------------------

New transfer from Badaro to Tayouneh
178472
OK: 1
OK: 1

-------------------------

New transfer from archive to Ashrafieh
622959
OK: 1
OK: 1

-------------------------

New transfer from archive to Badaro
400270
OK: 1
OK: 1

-------------------------

New transfer from archive to Sin el Fil
490555
OK: 1
OK: 1

-------------------------

New transfer from archive to Tayouneh
182415
OK: 1
OK: 1

-------------------------

