<SMS>
    		<authentification>
    			<username>AliHabib</username>
    			<password>Ali@2020$</password>
    		</authentification>
    		<message>
    			<sender>Pet 2nd Home</sender>
    			<text>New transfer from archive to Ashrafieh
681017</text>
    			</message>
    			<recipients>
    			<gsm messageId="681017">96171452313</gsm>
    			    <gsm messageId="681017">9613966125</gsm>
    		</recipients>
    	</SMS>
<RESPONSE><status>2</status><credits>824.5000</credits></RESPONSE>
-------------------------

<SMS>
    		<authentification>
    			<username>AliHabib</username>
    			<password>Ali@2020$</password>
    		</authentification>
    		<message>
    			<sender>Pet 2nd Home</sender>
    			<text>New transfer from archive to Badaro
977419</text>
    			</message>
    			<recipients>
    			<gsm messageId="977419">96171386906</gsm>
    			    <gsm messageId="977419">9613966125</gsm>
    		</recipients>
    	</SMS>
<RESPONSE><status>2</status><credits>818.7000</credits></RESPONSE>
-------------------------

<SMS>
    		<authentification>
    			<username>AliHabib</username>
    			<password>Ali@2020$</password>
    		</authentification>
    		<message>
    			<sender>Pet 2nd Home</sender>
    			<text>New transfer from archive to Tayouneh
898972</text>
    			</message>
    			<recipients>
    			<gsm messageId="898972">96176015488</gsm>
    			    <gsm messageId="898972">9613966125</gsm>
    		</recipients>
    	</SMS>
<RESPONSE><status>2</status><credits>812.9000</credits></RESPONSE>
-------------------------

<SMS>
    		<authentification>
    			<username>AliHabib</username>
    			<password>Ali@2020$</password>
    		</authentification>
    		<message>
    			<sender>Pet 2nd Home</sender>
    			<text>New transfer from archive to Ashrafieh
288199</text>
    			</message>
    			<recipients>
    			<gsm messageId="288199">96171452313</gsm>
    			    <gsm messageId="288199">9613966125</gsm>
    		</recipients>
    	</SMS>
<RESPONSE><status>2</status><credits>807.1000</credits></RESPONSE>
-------------------------

