New transfer from archive to Ashrafieh
766613
OK: 1
OK: 1

-------------------------

New transfer from archive to Sin el Fil
697631
OK: 1
OK: 1

-------------------------

New transfer from archive to abdulwahab elnklizi
182460
OK: 1
OK: 1

-------------------------

New transfer from archive to Badaro
587440
OK: 1
OK: 1

-------------------------

New transfer from archive to Ashrafieh
311715
OK: 1
OK: 1

-------------------------

New transfer from archive to Sin el Fil
325426
OK: 1
OK: 1

-------------------------

New transfer from archive to Ashrafieh
771059
OK: 1
OK: 1

-------------------------

New transfer from archive to abdulwahab elnklizi
601591
OK: 1
OK: 1

-------------------------

New transfer from archive to Sin el Fil
542309
OK: 1
OK: 1

-------------------------

New transfer from Sin el Fil to Ashrafieh
678368
OK: 1
OK: 1

-------------------------

New transfer from Sin el Fil to Ashrafieh
695126
OK: 1
OK: 1

-------------------------

