New transfer from Sin el Fil to Main Sin el Fil
722856
OK: 1
OK: 1

-------------------------

New transfer from Sin el Fil to Main Sin el Fil
665056
OK: 1
OK: 1

-------------------------

New transfer from Tayouneh to Badaro
869544
OK: 1
OK: 1

-------------------------

New transfer from Sin el Fil to Badaro
720278
OK: 1
OK: 1

-------------------------

New transfer from Badaro to Sin el Fil
997181
OK: 1
OK: 1

-------------------------

New transfer from Ashrafieh to Badaro
619263
OK: 1
OK: 1

-------------------------

