New transfer from Main Sin el Fil to Sin el Fil
663484
OK: 1
OK: 1

-------------------------

New transfer from Main Sin el Fil to Ashrafieh
570921
OK: 1
OK: 1

-------------------------

New transfer from Main Sin el Fil to Badaro
328813
OK: 1
OK: 1

-------------------------

New transfer from Main Sin el Fil to Tayouneh
843476
OK: 1
OK: 1

-------------------------

New transfer from archive to Tayouneh
433027
OK: 1
OK: 1

-------------------------

New transfer from archive to Sin el Fil
816546
OK: 1
OK: 1

-------------------------

New transfer from archive to Ashrafieh
742005
OK: 1
OK: 1

-------------------------

