New transfer from Ashrafieh to Sin el Fil
197703
OK: 1
OK: 1

-------------------------

New transfer from archive to Sin el Fil
613123
OK: 1
OK: 1

-------------------------

New transfer from archive to Ashrafieh
221996
OK: 1
OK: 1

-------------------------

New transfer from archive to Badaro
123765
OK: 1
OK: 1

-------------------------

New transfer from archive to Tayouneh
365919
OK: 1
OK: 1

-------------------------

New transfer from archive to Ashrafieh
324524
OK: 1
OK: 1

-------------------------

New transfer from Sin el Fil to Ashrafieh
340676
OK: 1
OK: 1

-------------------------

New transfer from Sin el Fil to Tayouneh
344333
OK: 1
OK: 1

-------------------------

