New transfer from Badaro to Ashrafieh
844640
OK: 1
OK: 1

-------------------------

New transfer from Badaro to Ashrafieh
360426
OK: 1
OK: 1

-------------------------

New transfer from Tayouneh to Badaro
346451
OK: 1
OK: 1

-------------------------

New transfer from archive to Ashrafieh
968721
OK: 1
OK: 1

-------------------------

New transfer from archive to Badaro
105013
OK: 1
OK: 1

-------------------------

New transfer from archive to Sin el Fil
344554
OK: 1
OK: 1

-------------------------

New transfer from archive to Tayouneh
736236
OK: 1
OK: 1

-------------------------

New transfer from archive to Badaro
636021
OK: 1
OK: 1

-------------------------

New transfer from archive to Sin el Fil
117737
OK: 1
OK: 1

-------------------------

New transfer from archive to Ashrafieh
320077
OK: 1
OK: 1

-------------------------

New transfer from Sin el Fil to Ashrafieh
950988
OK: 1
OK: 1

-------------------------

New transfer from Ashrafieh to Tayouneh
490972
OK: 1
OK: 1

-------------------------

