New transfer from archive to Ashrafieh
732481
OK: 1
OK: 1

-------------------------

New transfer from archive to Sin el Fil
897077
OK: 1
OK: 1

-------------------------

New transfer from archive to Badaro
112853
OK: 1
OK: 1

-------------------------

New transfer from archive to abdulwahab elnklizi
311783
OK: 1
OK: 1

-------------------------

New transfer from archive to Sin el Fil
844207
OK: 1
OK: 1

-------------------------

New transfer from archive to Ashrafieh
719247
OK: 1
OK: 1

-------------------------

New transfer from archive to Badaro
914861
OK: 1
OK: 1

-------------------------

New transfer from archive to Badaro
146048
OK: 1
OK: 1

-------------------------

New transfer from archive to abdulwahab elnklizi
609294
OK: 1
OK: 1

-------------------------

New transfer from Sin el Fil to Ashrafieh
602915
OK: 1
OK: 1

-------------------------

New transfer from archive to Sin el Fil
782385
OK: 1
OK: 1

-------------------------

New transfer from archive to Badaro
733315
OK: 1
OK: 1

-------------------------

New transfer from Badaro to Ashrafieh
872679
OK: 1
OK: 1

-------------------------

New transfer from archive to Badaro
979843
OK: 1
OK: 1

-------------------------

New transfer from Sin el Fil to Main Sin el Fil
864433
OK: 1
OK: 1

-------------------------

New transfer from archive to abdulwahab elnklizi
776765
OK: 1
OK: 1

-------------------------

New transfer from archive to Sin el Fil
541208
OK: 1
OK: 1

-------------------------

