New transfer from Ashrafieh to Main Sin el Fil
811604
OK: 1
OK: 1

-------------------------

New transfer from archive to Ashrafieh
686269
OK: 1
OK: 1

-------------------------

New transfer from archive to Ashrafieh
227549
OK: 1
OK: 1

-------------------------

New transfer from archive to Badaro
552750
OK: 1
OK: 1

-------------------------

New transfer from archive to Sin el Fil
521810
OK: 1
OK: 1

-------------------------

New transfer from Badaro to Ashrafieh
457470
OK: 1
OK: 1

-------------------------

New transfer from Ashrafieh to Sin el Fil
588922
OK: 1
OK: 1

-------------------------

New transfer from Sin el Fil to Ashrafieh
461255
OK: 1
OK: 1

-------------------------

New transfer from Main Sin el Fil to Badaro
302739
OK: 1
OK: 1

-------------------------

New transfer from Main Sin el Fil to Badaro
649920
OK: 1
OK: 1

-------------------------

