New transfer from Sin el Fil to Tayouneh
174487
ERR: Not enough credit
ERR: Not enough credit

-------------------------

New transfer from Badaro to Ashrafieh
457810
ERR: Not enough credit
ERR: Not enough credit

-------------------------

New transfer from archive to Sin el Fil
350002
ERR: Not enough credit
ERR: Not enough credit

-------------------------

New transfer from archive to Badaro
346591
ERR: Not enough credit
ERR: Not enough credit

-------------------------

New transfer from archive to Tayouneh
138480
ERR: Not enough credit
ERR: Not enough credit

-------------------------

New transfer from archive to Ashrafieh
244965
ERR: Not enough credit
ERR: Not enough credit

-------------------------

New transfer from archive to Tayouneh
821344
ERR: Not enough credit
ERR: Not enough credit

-------------------------

New transfer from archive to Sin el Fil
488359
ERR: Not enough credit
ERR: Not enough credit

-------------------------

New transfer from archive to Ashrafieh
501994
ERR: Not enough credit
ERR: Not enough credit

-------------------------

New transfer from archive to Badaro
252605
ERR: Not enough credit
ERR: Not enough credit

-------------------------

