New transfer from archive to Ashrafieh
366966
OK: 1
OK: 1

-------------------------

New transfer from archive to Ashrafieh
944331
OK: 1
OK: 1

-------------------------

New transfer from archive to Badaro
571541
OK: 1
OK: 1

-------------------------

New transfer from archive to Sin el Fil
360229
OK: 1
OK: 1

-------------------------

New transfer from Badaro to Sin el Fil
599423
OK: 1
OK: 1

-------------------------

New transfer from Ashrafieh to Tayouneh
275959
OK: 1
OK: 1

-------------------------

