New transfer from Ashrafieh to Sin el Fil
778052
OK: 1
OK: 1

-------------------------

New transfer from Sin el Fil to Main Sin el Fil
654945
OK: 1
OK: 1

-------------------------

New transfer from archive to Sin el Fil
723387
OK: 1
OK: 1

-------------------------

New transfer from archive to Ashrafieh
843162
OK: 1
OK: 1

-------------------------

New transfer from archive to Sin el Fil
620217
OK: 1
OK: 1

-------------------------

New transfer from archive to Badaro
623232
OK: 1
OK: 1

-------------------------

New transfer from archive to Ashrafieh
376833
OK: 1
OK: 1

-------------------------

New transfer from Sin el Fil to Ashrafieh
445717
OK: 1
OK: 1

-------------------------

