New transfer from archive to Sin el Fil
624259
OK: 1
OK: 1

-------------------------

New transfer from archive to Ashrafieh
631500
OK: 1
OK: 1

-------------------------

New transfer from archive to Badaro
566390
OK: 1
OK: 1

-------------------------

New transfer from archive to abdulwahab elnklizi
239208
OK: 1
OK: 1

-------------------------

New transfer from archive to Ashrafieh
745649
OK: 1
OK: 1

-------------------------

New transfer from Ashrafieh to Sin el Fil
806564
OK: 1
OK: 1

-------------------------

New transfer from Sin el Fil to Ashrafieh
337618
OK: 1
OK: 1

-------------------------

New transfer from Sin el Fil to Ashrafieh
549869
OK: 1
OK: 1

-------------------------

