New transfer from archive to Sin el Fil
485316
OK: 1
OK: 1

-------------------------

New transfer from archive to Sin el Fil
304868
OK: 1
OK: 1

-------------------------

New transfer from archive to Ashrafieh
499800
OK: 1
OK: 1

-------------------------

New transfer from archive to Badaro
719397
OK: 1
OK: 1

-------------------------

New transfer from archive to Ashrafieh
591270
OK: 1
OK: 1

-------------------------

New transfer from archive to Sin el Fil
245982
OK: 1
OK: 1

-------------------------

New transfer from Badaro to Sin el Fil
787044
OK: 1
OK: 1

-------------------------

New transfer from Main Sin el Fil to Ashrafieh
610324
OK: 1
OK: 1

-------------------------

