New transfer from Badaro to Ashrafieh
757161
OK: 1
OK: 1

-------------------------

New transfer from archive to Ashrafieh
981116
OK: 1
OK: 1

-------------------------

New transfer from archive to Sin el Fil
845005
OK: 1
OK: 1

-------------------------

New transfer from archive to Badaro
218859
OK: 1
OK: 1

-------------------------

New transfer from archive to Ashrafieh
639601
OK: 1
OK: 1

-------------------------

New transfer from archive to Sin el Fil
828769
OK: 1
OK: 1

-------------------------

New transfer from archive to Badaro
211414
OK: 1
OK: 1

-------------------------

New transfer from Ashrafieh to Badaro
847205
OK: 1
OK: 1

-------------------------

New transfer from archive to Ashrafieh
839912
OK: 1
OK: 1

-------------------------

New transfer from archive to Badaro
184017
OK: 1
OK: 1

-------------------------

New transfer from archive to Sin el Fil
539166
OK: 1
OK: 1

-------------------------

New transfer from archive to Main Sin el Fil
746386
OK: 1
OK: 1

-------------------------

