New transfer from Sin el Fil to Ashrafieh
751480
OK: 1
OK: 1

-------------------------

New transfer from archive to Ashrafieh
547451
OK: 1
OK: 1

-------------------------

New transfer from archive to Sin el Fil
848521
OK: 1
OK: 1

-------------------------

New transfer from archive to Badaro
283415
OK: 1
OK: 1

-------------------------

New transfer from archive to Sin el Fil
187178
OK: 1
OK: 1

-------------------------

New transfer from archive to Ashrafieh
921399
OK: 1
OK: 1

-------------------------

New transfer from Sin el Fil to Badaro
883868
OK: 1
OK: 1

-------------------------

New transfer from Ashrafieh to Badaro
566143
OK: 1
OK: 1

-------------------------

