<SMS>
    		<authentification>
    			<username>AliHabib</username>
    			<password>Ali@2020$</password>
    		</authentification>
    		<message>
    			<sender>Pet 2nd Home</sender>
    			<text>New transfer from Sin el Fil to Ashrafieh
732334</text>
    			</message>
    			<recipients>
    			<gsm messageId="732334">96171452313</gsm>
    			    <gsm messageId="732334">9613966125</gsm>
    		</recipients>
    	</SMS>
<RESPONSE><status>2</status><credits>774.4000</credits></RESPONSE>
-------------------------

<SMS>
    		<authentification>
    			<username>AliHabib</username>
    			<password>Ali@2020$</password>
    		</authentification>
    		<message>
    			<sender>Pet 2nd Home</sender>
    			<text>New transfer from archive to Ashrafieh
150637</text>
    			</message>
    			<recipients>
    			<gsm messageId="150637">96171452313</gsm>
    			    <gsm messageId="150637">9613966125</gsm>
    		</recipients>
    	</SMS>
<RESPONSE><status>2</status><credits>770.0000</credits></RESPONSE>
-------------------------

