New transfer from archive to Ashrafieh
677879
OK: 1
OK: 1

-------------------------

New transfer from archive to Badaro
966650
OK: 1
OK: 1

-------------------------

New transfer from archive to Sin el Fil
112515
OK: 1
OK: 1

-------------------------

New transfer from archive to Tayouneh
882114
OK: 1
OK: 1

-------------------------

New transfer from Sin el Fil to Tayouneh
672194
OK: 1
OK: 1

-------------------------

New transfer from Ashrafieh to Badaro
721836
OK: 1
OK: 1

-------------------------

