<SMS>
    		<authentification>
    			<username>AliHabib</username>
    			<password>Ali@2020$</password>
    		</authentification>
    		<message>
    			<sender>Pet 2nd Home</sender>
    			<text>New transfer from Sin el Fil to Ashrafieh
539645</text>
    			</message>
    			<recipients>
    			<gsm messageId="539645">96171452313</gsm>
    			    <gsm messageId="539645">9613966125</gsm>
    		</recipients>
    	</SMS>
<RESPONSE><status>2</status><credits>2251.3000</credits></RESPONSE>
-------------------------

<SMS>
    		<authentification>
    			<username>AliHabib</username>
    			<password>Ali@2020$</password>
    		</authentification>
    		<message>
    			<sender>Pet 2nd Home</sender>
    			<text>New transfer from Badaro to Tayouneh
174440</text>
    			</message>
    			<recipients>
    			<gsm messageId="174440">96176015488</gsm>
    			    <gsm messageId="174440">9613966125</gsm>
    		</recipients>
    	</SMS>
<RESPONSE><status>2</status><credits>2245.5000</credits></RESPONSE>
-------------------------

<SMS>
    		<authentification>
    			<username>AliHabib</username>
    			<password>Ali@2020$</password>
    		</authentification>
    		<message>
    			<sender>Pet 2nd Home</sender>
    			<text>New transfer from Tayouneh to Ashrafieh
101395</text>
    			</message>
    			<recipients>
    			<gsm messageId="101395">96171452313</gsm>
    			    <gsm messageId="101395">9613966125</gsm>
    		</recipients>
    	</SMS>
<RESPONSE><status>2</status><credits>2239.7000</credits></RESPONSE>
-------------------------

