New transfer from archive to Sin el Fil
368308
OK: 1
OK: 1

-------------------------

New transfer from archive to Ashrafieh
143253
OK: 1
OK: 1

-------------------------

New transfer from archive to Badaro
731963
OK: 1
OK: 1

-------------------------

New transfer from archive to abdulwahab elnklizi
859514
OK: 1
OK: 1

-------------------------

New transfer from archive to Sin el Fil
855922
OK: 1
OK: 1

-------------------------

New transfer from Sin el Fil to abdulwahab elnklizi
104674
OK: 1
OK: 1

-------------------------

