New transfer from archive to Sin el Fil
245873
OK: 1
OK: 1

-------------------------

New transfer from abdulwahab elnklizi to Ashrafieh
479208
OK: 1
OK: 1

-------------------------

New transfer from archive to Ashrafieh
863601
OK: 1
OK: 1

-------------------------

New transfer from archive to Badaro
992924
OK: 1
OK: 1

-------------------------

New transfer from archive to abdulwahab elnklizi
279097
OK: 1
OK: 1

-------------------------

New transfer from archive to Sin el Fil
791579
OK: 1
OK: 1

-------------------------

New transfer from archive to Ashrafieh
748233
OK: 1
OK: 1

-------------------------

New transfer from archive to Badaro
544925
OK: 1
OK: 1

-------------------------

New transfer from archive to Sin el Fil
643768
OK: 1
OK: 1

-------------------------

New transfer from archive to Ashrafieh
204634
OK: 1
OK: 1

-------------------------

New transfer from archive to Badaro
256309
OK: 1
OK: 1

-------------------------

New transfer from Sin el Fil to Ashrafieh
208430
OK: 1
OK: 1

-------------------------

New transfer from archive to Sin el Fil
840419
OK: 1
OK: 1

-------------------------

