New transfer from Badaro to Sin el Fil
905095
ERR: Not enough credit
ERR: Not enough credit

-------------------------

New transfer from Badaro to Sin el Fil
145785
ERR: Not enough credit
ERR: Not enough credit

-------------------------

New transfer from archive to Sin el Fil
363527
ERR: Not enough credit
ERR: Not enough credit

-------------------------

New transfer from archive to Ashrafieh
364474
ERR: Not enough credit
ERR: Not enough credit

-------------------------

New transfer from archive to abdulwahab elnklizi
650687
ERR: Not enough credit
ERR: Not enough credit

-------------------------

New transfer from archive to Badaro
275445
ERR: Not enough credit
ERR: Not enough credit

-------------------------

New transfer from archive to Badaro
700426
ERR: Not enough credit
ERR: Not enough credit

-------------------------

New transfer from Badaro to Ashrafieh
797009
ERR: Not enough credit
ERR: Not enough credit

-------------------------

New transfer from archive to abdulwahab elnklizi
114259
ERR: Not enough credit
ERR: Not enough credit

-------------------------

New transfer from archive to Ashrafieh
953435
ERR: Not enough credit
ERR: Not enough credit

-------------------------

New transfer from archive to Sin el Fil
600196
ERR: Not enough credit
ERR: Not enough credit

-------------------------

New transfer from archive to Badaro
534403
ERR: Not enough credit
ERR: Not enough credit

-------------------------

New transfer from archive to abdulwahab elnklizi
927781
ERR: Not enough credit
ERR: Not enough credit

-------------------------

New transfer from archive to abdulwahab elnklizi
689506
ERR: Not enough credit
ERR: Not enough credit

-------------------------

New transfer from archive to Ashrafieh
920755
ERR: Not enough credit
ERR: Not enough credit

-------------------------

New transfer from archive to Sin el Fil
134346
ERR: Not enough credit
ERR: Not enough credit

-------------------------

