New transfer from Sin el Fil to Badaro
888068
OK: 1
OK: 1

-------------------------

New transfer from Sin el Fil to Ashrafieh
136063
OK: 1
OK: 1

-------------------------

New transfer from archive to Sin el Fil
636801
OK: 1
OK: 1

-------------------------

New transfer from Sin el Fil to Main Sin el Fil
972832
OK: 1
OK: 1

-------------------------

New transfer from archive to Ashrafieh
728178
OK: 1
OK: 1

-------------------------

New transfer from archive to Sin el Fil
270759
OK: 1
OK: 1

-------------------------

New transfer from archive to Badaro
261686
OK: 1
OK: 1

-------------------------

New transfer from archive to Tayouneh
288863
OK: 1
OK: 1

-------------------------

New transfer from Sin el Fil to Ashrafieh
749047
OK: 1
OK: 1

-------------------------

