New transfer from Tayouneh to Ashrafieh
740817
OK: 1
OK: 1

-------------------------

New transfer from archive to Ashrafieh
963176
OK: 1
OK: 1

-------------------------

New transfer from archive to Sin el Fil
185695
OK: 1
OK: 1

-------------------------

New transfer from archive to Badaro
142362
OK: 1
OK: 1

-------------------------

New transfer from Sin el Fil to Badaro
607864
OK: 1
OK: 1

-------------------------

New transfer from Sin el Fil to Ashrafieh
452321
OK: 1
OK: 1

-------------------------

