New transfer from Ashrafieh to Main Sin el Fil
640253
OK: 1
OK: 1

-------------------------

New transfer from archive to Sin el Fil
651999
OK: 1
OK: 1

-------------------------

New transfer from archive to Ashrafieh
366063
OK: 1
OK: 1

-------------------------

New transfer from archive to Badaro
294417
OK: 1
OK: 1

-------------------------

New transfer from archive to Tayouneh
537759
OK: 1
OK: 1

-------------------------

New transfer from Main Sin el Fil to Sin el Fil
532761
OK: 1
OK: 1

-------------------------

