New transfer from Sin el Fil to Ashrafieh
791284
OK: 1
OK: 1

-------------------------

New transfer from Sin el Fil to Ashrafieh
504995
OK: 1
OK: 1

-------------------------

New transfer from Badaro to Sin el Fil
933212
OK: 1
OK: 1

-------------------------

New transfer from archive to Sin el Fil
485661
OK: 1
OK: 1

-------------------------

New transfer from archive to Ashrafieh
964978
OK: 1
OK: 1

-------------------------

New transfer from archive to abdulwahab elnklizi
581263
OK: 1
OK: 1

-------------------------

New transfer from archive to abdulwahab elnklizi
580456
OK: 1
OK: 1

-------------------------

New transfer from Badaro to abdulwahab elnklizi
286950
OK: 1
OK: 1

-------------------------

