New transfer from Sin el Fil to Badaro
716211
OK: 1
OK: 1

-------------------------

New transfer from Ashrafieh to Badaro
149126
OK: 1
OK: 1

-------------------------

New transfer from Main Sin el Fil to Sin el Fil
432997
OK: 1
OK: 1

-------------------------

New transfer from Main Sin el Fil to Ashrafieh
621583
OK: 1
OK: 1

-------------------------

New transfer from Main Sin el Fil to Badaro
765957
OK: 1
OK: 1

-------------------------

New transfer from Sin el Fil to Ashrafieh
420029
OK: 1
OK: 1

-------------------------

