New transfer from Sin el Fil to Ashrafieh
587722
OK: 1
OK: 1

-------------------------

New transfer from Badaro to Sin el Fil
331622
OK: 1
OK: 1

-------------------------

New transfer from archive to Badaro
951058
OK: 1
OK: 1

-------------------------

New transfer from Badaro to Sin el Fil
182013
OK: 1
OK: 1

-------------------------

New transfer from Tayouneh to Badaro
659426
OK: 1
OK: 1

-------------------------

New transfer from Sin el Fil to Main Sin el Fil
512614
OK: 1
OK: 1

-------------------------

New transfer from archive to Ashrafieh
466687
OK: 1
OK: 1

-------------------------

New transfer from archive to Badaro
187904
OK: 1
OK: 1

-------------------------

New transfer from archive to Ashrafieh
299634
OK: 1
OK: 1

-------------------------

New transfer from archive to Tayouneh
851466
OK: 1
OK: 1

-------------------------

