New transfer from Sin el Fil to Badaro
946397
OK: 1
OK: 1

-------------------------

New transfer from Badaro to Sin el Fil
377581
OK: 1
OK: 1

-------------------------

New transfer from archive to Ashrafieh
637753
OK: 1
OK: 1

-------------------------

New transfer from archive to Sin el Fil
865325
OK: 1
OK: 1

-------------------------

New transfer from archive to Badaro
925753
OK: 1
OK: 1

-------------------------

New transfer from Main Sin el Fil to Sin el Fil
962098
OK: 1
OK: 1

-------------------------

New transfer from Main Sin el Fil to Ashrafieh
668830
OK: 1
OK: 1

-------------------------

New transfer from Sin el Fil to Ashrafieh
785820
OK: 1
OK: 1

-------------------------

New transfer from archive to Badaro
435927
OK: 1
OK: 1

-------------------------

New transfer from Main Sin el Fil to Badaro
722273
OK: 1
OK: 1

-------------------------

New transfer from Main Sin el Fil to Tayouneh
212648
OK: 1
OK: 1

-------------------------

