New transfer from Sin el Fil to Tayouneh
188296
OK: 1
OK: 1

-------------------------

New transfer from Badaro to Tayouneh
143859
OK: 1
OK: 1

-------------------------

New transfer from archive to Badaro
647163
OK: 1
OK: 1

-------------------------

New transfer from archive to Sin el Fil
593169
OK: 1
OK: 1

-------------------------

New transfer from archive to Ashrafieh
744650
OK: 1
OK: 1

-------------------------

New transfer from Badaro to Tayouneh
846039
OK: 1
OK: 1

-------------------------

