New transfer from Sin el Fil to Ashrafieh
756477
OK: 1
OK: 1

-------------------------

New transfer from Sin el Fil to Ashrafieh
313516
OK: 1
OK: 1

-------------------------

New transfer from Sin el Fil to Ashrafieh
941900
OK: 1
OK: 1

-------------------------

New transfer from Ashrafieh to Sin el Fil
490949
OK: 1
OK: 1

-------------------------

New transfer from archive to Ashrafieh
535144
OK: 1
OK: 1

-------------------------

New transfer from archive to Sin el Fil
969892
OK: 1
OK: 1

-------------------------

New transfer from archive to Badaro
855498
OK: 1
OK: 1

-------------------------

