New transfer from Ashrafieh to Badaro
225876
OK: 1
OK: 1

-------------------------

New transfer from Ashrafieh to Sin el Fil
703599
OK: 1
OK: 1

-------------------------

New transfer from archive to Badaro
301807
OK: 1
OK: 1

-------------------------

New transfer from archive to Ashrafieh
965596
OK: 1
OK: 1

-------------------------

New transfer from archive to Sin el Fil
705629
OK: 1
OK: 1

-------------------------

New transfer from archive to Badaro
429895
OK: 1
OK: 1

-------------------------

New transfer from archive to Sin el Fil
167206
OK: 1
OK: 1

-------------------------

New transfer from archive to Ashrafieh
740406
OK: 1
OK: 1

-------------------------

New transfer from Ashrafieh to Badaro
278842
OK: 1
OK: 1

-------------------------

New transfer from Ashrafieh to Sin el Fil
199393
OK: 1
OK: 1

-------------------------

New transfer from archive to Badaro
575240
OK: 1
OK: 1

-------------------------

New transfer from archive to Sin el Fil
708747
OK: 1
OK: 1

-------------------------

New transfer from archive to Ashrafieh
104459
OK: 1
OK: 1

-------------------------

New transfer from Ashrafieh to Sin el Fil
820774
OK: 1
OK: 1

-------------------------

