New transfer from Badaro to Tayouneh
193682
<P>Error: Unable to open database M</P><P>Error: Unable to open database H</P>ERR: Not authenticated

-------------------------

New transfer from Sin el Fil to Ashrafieh
543984
OK: 1
OK: 1

-------------------------

New transfer from archive to Badaro
895731
OK: 1
OK: 1

-------------------------

New transfer from archive to Tayouneh
302057
OK: 1
OK: 1

-------------------------

New transfer from archive to Sin el Fil
424002
OK: 1
OK: 1

-------------------------

New transfer from archive to Ashrafieh
852002
OK: 1
OK: 1

-------------------------

