New transfer from Main Sin el Fil to Sin el Fil
953616
ERR: Not enough credit
ERR: Not enough credit

-------------------------

New transfer from Main Sin el Fil to Ashrafieh
686384
ERR: Not enough credit
ERR: Not enough credit

-------------------------

New transfer from archive to Sin el Fil
101388
ERR: Not enough credit
ERR: Not enough credit

-------------------------

New transfer from archive to Ashrafieh
392378
ERR: Not enough credit
ERR: Not enough credit

-------------------------

New transfer from archive to abdulwahab elnklizi
718743
ERR: Not enough credit
ERR: Not enough credit

-------------------------

New transfer from archive to Badaro
249729
ERR: Not enough credit
ERR: Not enough credit

-------------------------

New transfer from archive to Sin el Fil
722740
ERR: Not enough credit
ERR: Not enough credit

-------------------------

New transfer from archive to Ashrafieh
970213
ERR: Not enough credit
ERR: Not enough credit

-------------------------

New transfer from archive to Badaro
577919
ERR: Not enough credit
ERR: Not enough credit

-------------------------

New transfer from archive to abdulwahab elnklizi
771556
ERR: Not enough credit
ERR: Not enough credit

-------------------------

New transfer from archive to Sin el Fil
530644
ERR: Not enough credit
ERR: Not enough credit

-------------------------

New transfer from Sin el Fil to Badaro
206733
ERR: Not enough credit
ERR: Not enough credit

-------------------------

New transfer from Sin el Fil to Badaro
960970
ERR: Not enough credit
ERR: Not enough credit

-------------------------

