New transfer from Ashrafieh to Sin el Fil
645551
OK: 1
OK: 1

-------------------------

New transfer from archive to Ashrafieh
706125
OK: 1
OK: 1

-------------------------

New transfer from archive to Sin el Fil
350155
OK: 1
OK: 1

-------------------------

New transfer from archive to Badaro
507204
OK: 1
OK: 1

-------------------------

New transfer from Sin el Fil to Ashrafieh
326195
OK: 1
OK: 1

-------------------------

New transfer from archive to Sin el Fil
654817
OK: 1
OK: 1

-------------------------

