New transfer from archive to Tayouneh
512908
OK: 1
OK: 1

-------------------------

New transfer from archive to Ashrafieh
625639
OK: 1
OK: 1

-------------------------

New transfer from archive to Badaro
849312
OK: 1
OK: 1

-------------------------

New transfer from archive to Badaro
345047
OK: 1
OK: 1

-------------------------

New transfer from archive to Sin el Fil
654893
OK: 1
OK: 1

-------------------------

New transfer from archive to Sin el Fil
664248
OK: 1
OK: 1

-------------------------

New transfer from archive to Sin el Fil
587914
OK: 1
OK: 1

-------------------------

New transfer from archive to Tayouneh
951060
OK: 1
OK: 1

-------------------------

New transfer from archive to Ashrafieh
481529
OK: 1
OK: 1

-------------------------

New transfer from archive to Tayouneh
840444
OK: 1
OK: 1

-------------------------

New transfer from archive to Badaro
201215
OK: 1
OK: 1

-------------------------

New transfer from archive to Sin el Fil
877529
OK: 1
OK: 1

-------------------------

