New transfer from archive to Badaro
884427
OK: 1
OK: 1

-------------------------

New transfer from archive to Badaro
645042
OK: 1
OK: 1

-------------------------

New transfer from archive to Sin el Fil
557647
OK: 1
OK: 1

-------------------------

New transfer from archive to Sin el Fil
509829
OK: 1
OK: 1

-------------------------

New transfer from archive to Ashrafieh
416751
OK: 1
OK: 1

-------------------------

New transfer from archive to Ashrafieh
198429
OK: 1
OK: 1

-------------------------

New transfer from Sin el Fil to Ashrafieh
864036
OK: 1
OK: 1

-------------------------

New transfer from archive to Ashrafieh
685565
OK: 1
OK: 1

-------------------------

New transfer from archive to Badaro
178002
OK: 1
OK: 1

-------------------------

New transfer from archive to Sin el Fil
509782
OK: 1
OK: 1

-------------------------

New transfer from archive to Ashrafieh
167975
OK: 1
OK: 1

-------------------------

