New transfer from Ashrafieh to Badaro
745656
OK: 1
OK: 1

-------------------------

New transfer from Sin el Fil to Tayouneh
196059
OK: 1
OK: 1

-------------------------

New transfer from Ashrafieh to Main Sin el Fil
150308
OK: 1
OK: 1

-------------------------

New transfer from archive to Ashrafieh
577709
OK: 1
OK: 1

-------------------------

New transfer from archive to Sin el Fil
532024
OK: 1
OK: 1

-------------------------

New transfer from archive to Badaro
730524
OK: 1
OK: 1

-------------------------

New transfer from archive to Ashrafieh
410067
OK: 1
OK: 1

-------------------------

New transfer from Badaro to Tayouneh
294471
OK: 1
OK: 1

-------------------------

New transfer from Badaro to Tayouneh
813395
OK: 1
OK: 1

-------------------------

New transfer from archive to Main Sin el Fil
804201
OK: 1
OK: 1

-------------------------

