New transfer from Badaro to Ashrafieh
280738
OK: 1
OK: 1

-------------------------

New transfer from Ashrafieh to Badaro
451635
OK: 1
OK: 1

-------------------------

New transfer from archive to Ashrafieh
735837
OK: 1
OK: 1

-------------------------

New transfer from archive to Sin el Fil
950151
OK: 1
OK: 1

-------------------------

New transfer from Tayouneh to Ashrafieh
999940
OK: 1
OK: 1

-------------------------

New transfer from archive to Ashrafieh
526592
OK: 1
OK: 1

-------------------------

