New transfer from archive to Badaro
376387
OK: 1
OK: 1

-------------------------

New transfer from archive to Ashrafieh
826946
OK: 1
OK: 1

-------------------------

New transfer from archive to Sin el Fil
649869
OK: 1
OK: 1

-------------------------

New transfer from archive to Tayouneh
864675
OK: 1
OK: 1

-------------------------

New transfer from Sin el Fil to Ashrafieh
126510
OK: 1
OK: 1

-------------------------

New transfer from Ashrafieh to Badaro
941845
OK: 1
OK: 1

-------------------------

