<SMS>
    		<authentification>
    			<username>AliHabib</username>
    			<password>Ali@2020$</password>
    		</authentification>
    		<message>
    			<sender>Pet 2nd Home</sender>
    			<text>New transfer from Ashrafieh to Badaro
822968</text>
    			</message>
    			<recipients>
    			<gsm messageId="822968">96171386906</gsm>
    			    <gsm messageId="822968">9613966125</gsm>
    		</recipients>
    	</SMS>
<RESPONSE><status>2</status><credits>53.1000</credits></RESPONSE>
-------------------------

<SMS>
    		<authentification>
    			<username>AliHabib</username>
    			<password>Ali@2020$</password>
    		</authentification>
    		<message>
    			<sender>Pet 2nd Home</sender>
    			<text>New transfer from Ashrafieh to Sin el Fil
472266</text>
    			</message>
    			<recipients>
    			<gsm messageId="472266">96176749789</gsm>
    			    <gsm messageId="472266">9613966125</gsm>
    		</recipients>
    	</SMS>
<RESPONSE><status>2</status><credits>47.3000</credits></RESPONSE>
-------------------------

<SMS>
    		<authentification>
    			<username>AliHabib</username>
    			<password>Ali@2020$</password>
    		</authentification>
    		<message>
    			<sender>Pet 2nd Home</sender>
    			<text>New transfer from Sin el Fil to Badaro
389179</text>
    			</message>
    			<recipients>
    			<gsm messageId="389179">96171386906</gsm>
    			    <gsm messageId="389179">9613966125</gsm>
    		</recipients>
    	</SMS>
<RESPONSE><status>2</status><credits>41.5000</credits></RESPONSE>
-------------------------

<SMS>
    		<authentification>
    			<username>AliHabib</username>
    			<password>Ali@2020$</password>
    		</authentification>
    		<message>
    			<sender>Pet 2nd Home</sender>
    			<text>New transfer from Sin el Fil to Badaro
406122</text>
    			</message>
    			<recipients>
    			<gsm messageId="406122">96171386906</gsm>
    			    <gsm messageId="406122">9613966125</gsm>
    		</recipients>
    	</SMS>
<RESPONSE><status>2</status><credits>35.7000</credits></RESPONSE>
-------------------------

