New transfer from Sin el Fil to Ashrafieh
228017
OK: 1
OK: 1

-------------------------

New transfer from Badaro to Sin el Fil
527893
OK: 1
OK: 1

-------------------------

New transfer from Badaro to Main Sin el Fil
834591
OK: 1
OK: 1

-------------------------

New transfer from Sin el Fil to Ashrafieh
550141
OK: 1
OK: 1

-------------------------

New transfer from Sin el Fil to Main Sin el Fil
401450
OK: 1
OK: 1

-------------------------

New transfer from Badaro to Main Sin el Fil
307317
OK: 1
OK: 1

-------------------------

New transfer from archive to Ashrafieh
529455
OK: 1
OK: 1

-------------------------

New transfer from archive to Badaro
267302
OK: 1
OK: 1

-------------------------

New transfer from archive to Ashrafieh
589792
OK: 1
OK: 1

-------------------------

New transfer from archive to Badaro
536928
OK: 1
OK: 1

-------------------------

New transfer from archive to Sin el Fil
746398
OK: 1
OK: 1

-------------------------

New transfer from archive to Tayouneh
885687
OK: 1
OK: 1

-------------------------

New transfer from archive to Badaro
334842
OK: 1
OK: 1

-------------------------

New transfer from archive to Ashrafieh
478638
OK: 1
OK: 1

-------------------------

