New transfer from archive to Sin el Fil
850230
OK: 1
OK: 1

-------------------------

New transfer from archive to Sin el Fil
256006
OK: 1
OK: 1

-------------------------

New transfer from archive to Ashrafieh
662668
OK: 1
OK: 1

-------------------------

New transfer from archive to Badaro
410518
OK: 1
OK: 1

-------------------------

New transfer from archive to Badaro
208309
OK: 1
OK: 1

-------------------------

New transfer from archive to Ashrafieh
597306
OK: 1
OK: 1

-------------------------

New transfer from archive to Sin el Fil
207159
OK: 1
OK: 1

-------------------------

New transfer from Ashrafieh to Sin el Fil
389385
OK: 1
OK: 1

-------------------------

New transfer from Sin el Fil to Ashrafieh
856641
OK: 1
OK: 1

-------------------------

