New transfer from archive to Sin el Fil
212914
OK: 1
OK: 1

-------------------------

New transfer from archive to Sin el Fil
722376
OK: 1
OK: 1

-------------------------

New transfer from archive to Ashrafieh
583289
OK: 1
OK: 1

-------------------------

New transfer from archive to Badaro
664690
OK: 1
OK: 1

-------------------------

New transfer from archive to Sin el Fil
105535
OK: 1
OK: 1

-------------------------

New transfer from Sin el Fil to Badaro
484921
OK: 1
OK: 1

-------------------------

New transfer from Sin el Fil to Ashrafieh
885111
OK: 1
OK: 1

-------------------------

