New transfer from Sin el Fil to Badaro
614150
OK: 1
OK: 1

-------------------------

New transfer from Badaro to Sin el Fil
306420
OK: 1
OK: 1

-------------------------

New transfer from Sin el Fil to Ashrafieh
195486
OK: 1
OK: 1

-------------------------

New transfer from archive to Ashrafieh
760672
OK: 1
OK: 1

-------------------------

New transfer from archive to Sin el Fil
350630
OK: 1
OK: 1

-------------------------

New transfer from Sin el Fil to Ashrafieh
177938
OK: 1
OK: 1

-------------------------

New transfer from Sin el Fil to Ashrafieh
862677
OK: 1
OK: 1

-------------------------

New transfer from archive to Sin el Fil
836068
OK: 1
OK: 1

-------------------------

New transfer from Ashrafieh to abdulwahab elnklizi
283474
OK: 1
OK: 1

-------------------------

