New transfer from archive to Ashrafieh
957562
OK: 1
OK: 1

-------------------------

New transfer from archive to Badaro
144750
OK: 1
OK: 1

-------------------------

New transfer from archive to Sin el Fil
354812
OK: 1
OK: 1

-------------------------

New transfer from archive to Sin el Fil
333023
OK: 1
OK: 1

-------------------------

New transfer from archive to Tayouneh
319644
OK: 1
OK: 1

-------------------------

New transfer from Main Sin el Fil to Sin el Fil
662732
OK: 1
OK: 1

-------------------------

