New transfer from Sin el Fil to Tayouneh
606639
OK: 1
OK: 1

-------------------------

New transfer from archive to Ashrafieh
523794
OK: 1
OK: 1

-------------------------

New transfer from archive to Sin el Fil
719692
OK: 1
OK: 1

-------------------------

New transfer from archive to Tayouneh
216430
OK: 1
OK: 1

-------------------------

New transfer from Sin el Fil to Tayouneh
652387
OK: 1
OK: 1

-------------------------

New transfer from Ashrafieh to Tayouneh
978108
OK: 1
OK: 1

-------------------------

