New transfer from Badaro to Sin el Fil
373933
OK: 1
OK: 1

-------------------------

New transfer from abdulwahab elnklizi to Sin el Fil
250940
OK: 1
OK: 1

-------------------------

New transfer from Ashrafieh to Sin el Fil
144686
OK: 1
OK: 1

-------------------------

New transfer from Badaro to Main Sin el Fil
719171
OK: 1
OK: 1

-------------------------

New transfer from Sin el Fil to Ashrafieh
609645
OK: 1
OK: 1

-------------------------

New transfer from Sin el Fil to Ashrafieh
549975
OK: 1
OK: 1

-------------------------

