New transfer from Sin el Fil to Tayouneh
705711
OK: 1
OK: 1

-------------------------

New transfer from Sin el Fil to Badaro
686126
OK: 1
OK: 1

-------------------------

New transfer from Tayouneh to Badaro
391799
OK: 1
OK: 1

-------------------------

New transfer from archive to Ashrafieh
370075
OK: 1
OK: 1

-------------------------

New transfer from archive to Sin el Fil
555012
OK: 1
OK: 1

-------------------------

New transfer from archive to Sin el Fil
341362
OK: 1
OK: 1

-------------------------

New transfer from archive to Badaro
990418
OK: 1
OK: 1

-------------------------

New transfer from archive to Tayouneh
939575
OK: 1
OK: 1

-------------------------

New transfer from Ashrafieh to Badaro
586457
OK: 1
OK: 1

-------------------------

