New transfer from archive to Badaro
600180
OK: 1
OK: 1

-------------------------

New transfer from Badaro to Tayouneh
395507
OK: 1
OK: 1

-------------------------

New transfer from Badaro to Tayouneh
987374
OK: 1
OK: 1

-------------------------

New transfer from Sin el Fil to Badaro
456732
OK: 1
OK: 1

-------------------------

New transfer from Sin el Fil to Ashrafieh
540085
OK: 1
OK: 1

-------------------------

New transfer from Sin el Fil to Tayouneh
656957
OK: 1
OK: 1

-------------------------

New transfer from Ashrafieh to Tayouneh
987391
OK: 1
OK: 1

-------------------------

