New transfer from Sin el Fil to Ashrafieh
706532
OK: 1
OK: 1

-------------------------

New transfer from archive to Ashrafieh
896215
OK: 1
OK: 1

-------------------------

New transfer from archive to Badaro
964308
OK: 1
OK: 1

-------------------------

New transfer from archive to Sin el Fil
948551
OK: 1
OK: 1

-------------------------

New transfer from archive to Badaro
361691
OK: 1
OK: 1

-------------------------

New transfer from archive to Tayouneh
231459
OK: 1
OK: 1

-------------------------

New transfer from Ashrafieh to Tayouneh
313683
OK: 1
OK: 1

-------------------------

