New transfer from Sin el Fil to Ashrafieh
401617
OK: 1
OK: 1

-------------------------

New transfer from Sin el Fil to Ashrafieh
893956
OK: 1
OK: 1

-------------------------

New transfer from Ashrafieh to Sin el Fil
214408
OK: 1
OK: 1

-------------------------

New transfer from Tayouneh to Ashrafieh
926238
OK: 1
OK: 1

-------------------------

New transfer from archive to Ashrafieh
851064
OK: 1
OK: 1

-------------------------

New transfer from archive to Sin el Fil
794221
OK: 1
OK: 1

-------------------------

New transfer from archive to Tayouneh
389080
OK: 1
OK: 1

-------------------------

New transfer from archive to Badaro
708535
OK: 1
OK: 1

-------------------------

