New transfer from Sin el Fil to Badaro
805406
OK: 1
OK: 1

-------------------------

New transfer from Sin el Fil to Badaro
289048
OK: 1
OK: 1

-------------------------

New transfer from abdulwahab elnklizi to Ashrafieh
677953
OK: 1
OK: 1

-------------------------

New transfer from abdulwahab elnklizi to Sin el Fil
916555
OK: 1
OK: 1

-------------------------

New transfer from archive to Sin el Fil
155031
OK: 1
OK: 1

-------------------------

New transfer from archive to Badaro
984504
OK: 1
OK: 1

-------------------------

New transfer from archive to Ashrafieh
514461
OK: 1
OK: 1

-------------------------

New transfer from archive to abdulwahab elnklizi
201388
OK: 1
OK: 1

-------------------------

New transfer from abdulwahab elnklizi to Ashrafieh
710312
OK: 1
OK: 1

-------------------------

New transfer from Sin el Fil to Ashrafieh
939142
OK: 1
OK: 1

-------------------------

New transfer from archive to Ashrafieh
465060
OK: 1
OK: 1

-------------------------

