New transfer from Badaro to abdulwahab elnklizi
462145
OK: 1
OK: 1

-------------------------

New transfer from archive to Ashrafieh
723635
OK: 1
OK: 1

-------------------------

New transfer from archive to Badaro
572340
OK: 1
OK: 1

-------------------------

New transfer from archive to Sin el Fil
407195
OK: 1
OK: 1

-------------------------

New transfer from abdulwahab elnklizi to Ashrafieh
776302
OK: 1
OK: 1

-------------------------

New transfer from Main Sin el Fil to Sin el Fil
442731
OK: 1
OK: 1

-------------------------

New transfer from Sin el Fil to Ashrafieh
776678
OK: 1
OK: 1

-------------------------

New transfer from Ashrafieh to Main Sin el Fil
351015
OK: 1
OK: 1

-------------------------

New transfer from Sin el Fil to Ashrafieh
762313
OK: 1
OK: 1

-------------------------

