New transfer from Sin el Fil to Badaro
719530
OK: 1
OK: 1

-------------------------

New transfer from archive to Ashrafieh
939822
OK: 1
OK: 1

-------------------------

New transfer from archive to Sin el Fil
244564
OK: 1
OK: 1

-------------------------

New transfer from archive to Badaro
594691
OK: 1
OK: 1

-------------------------

New transfer from archive to Ashrafieh
182193
OK: 1
OK: 1

-------------------------

New transfer from archive to Badaro
704726
OK: 1
OK: 1

-------------------------

New transfer from archive to Sin el Fil
753910
OK: 1
OK: 1

-------------------------

New transfer from Sin el Fil to Ashrafieh
980935
OK: 1
OK: 1

-------------------------

New transfer from Sin el Fil to Ashrafieh
752547
OK: 1
OK: 1

-------------------------

New transfer from Ashrafieh to Main Sin el Fil
247762
OK: 1
OK: 1

-------------------------

