<SMS>
    		<authentification>
    			<username>AliHabib</username>
    			<password>Ali@2020$</password>
    		</authentification>
    		<message>
    			<sender>Pet 2nd Home</sender>
    			<text>New transfer from archive to Sin el Fil
840780</text>
    			</message>
    			<recipients>
    			<gsm messageId="840780">96176749789</gsm>
    			    <gsm messageId="840780">9613966125</gsm>
    		</recipients>
    	</SMS>
<RESPONSE><status>2</status><credits>673.2000</credits></RESPONSE>
-------------------------

<SMS>
    		<authentification>
    			<username>AliHabib</username>
    			<password>Ali@2020$</password>
    		</authentification>
    		<message>
    			<sender>Pet 2nd Home</sender>
    			<text>New transfer from Badaro to Main Sin el Fil
494532</text>
    			</message>
    			<recipients>
    			<gsm messageId="494532">9613487198</gsm>
    			    <gsm messageId="494532">9613966125</gsm>
    		</recipients>
    	</SMS>
<RESPONSE><status>2</status><credits>668.8000</credits></RESPONSE>
-------------------------

<SMS>
    		<authentification>
    			<username>AliHabib</username>
    			<password>Ali@2020$</password>
    		</authentification>
    		<message>
    			<sender>Pet 2nd Home</sender>
    			<text>New transfer from Badaro to Tayouneh
518551</text>
    			</message>
    			<recipients>
    			<gsm messageId="518551">96176015488</gsm>
    			    <gsm messageId="518551">9613966125</gsm>
    		</recipients>
    	</SMS>
<RESPONSE><status>2</status><credits>664.4000</credits></RESPONSE>
-------------------------

<SMS>
    		<authentification>
    			<username>AliHabib</username>
    			<password>Ali@2020$</password>
    		</authentification>
    		<message>
    			<sender>Pet 2nd Home</sender>
    			<text>New transfer from archive to Badaro
379058</text>
    			</message>
    			<recipients>
    			<gsm messageId="379058">96171386906</gsm>
    			    <gsm messageId="379058">9613966125</gsm>
    		</recipients>
    	</SMS>
<RESPONSE><status>2</status><credits>660.0000</credits></RESPONSE>
-------------------------

<SMS>
    		<authentification>
    			<username>AliHabib</username>
    			<password>Ali@2020$</password>
    		</authentification>
    		<message>
    			<sender>Pet 2nd Home</sender>
    			<text>New transfer from archive to Ashrafieh
257400</text>
    			</message>
    			<recipients>
    			<gsm messageId="257400">96171452313</gsm>
    			    <gsm messageId="257400">9613966125</gsm>
    		</recipients>
    	</SMS>
<RESPONSE><status>2</status><credits>655.6000</credits></RESPONSE>
-------------------------

<SMS>
    		<authentification>
    			<username>AliHabib</username>
    			<password>Ali@2020$</password>
    		</authentification>
    		<message>
    			<sender>Pet 2nd Home</sender>
    			<text>New transfer from Tayouneh to Main Sin el Fil
190727</text>
    			</message>
    			<recipients>
    			<gsm messageId="190727">9613487198</gsm>
    			    <gsm messageId="190727">9613966125</gsm>
    		</recipients>
    	</SMS>
<RESPONSE><status>2</status><credits>651.2000</credits></RESPONSE>
-------------------------

