New transfer from Main Sin el Fil to Sin el Fil
913290
ERR: Not enough credit
ERR: Not enough credit

-------------------------

New transfer from archive to Sin el Fil
724505
ERR: Not enough credit
ERR: Not enough credit

-------------------------

New transfer from archive to Ashrafieh
410184
ERR: Not enough credit
ERR: Not enough credit

-------------------------

New transfer from archive to Badaro
662722
ERR: Not enough credit
ERR: Not enough credit

-------------------------

New transfer from archive to abdulwahab elnklizi
838202
ERR: Not enough credit
ERR: Not enough credit

-------------------------

New transfer from Sin el Fil to Ashrafieh
566473
ERR: Not enough credit
ERR: Not enough credit

-------------------------

