New transfer from Sin el Fil to Badaro
150583
OK: 1
OK: 1

-------------------------

New transfer from Main Sin el Fil to Badaro
186252
OK: 1
OK: 1

-------------------------

New transfer from Main Sin el Fil to Badaro
320379
OK: 1
OK: 1

-------------------------

New transfer from Main Sin el Fil to Badaro
251447
OK: 1
OK: 1

-------------------------

New transfer from archive to Ashrafieh
394386
OK: 1
OK: 1

-------------------------

New transfer from archive to Sin el Fil
682635
OK: 1
OK: 1

-------------------------

New transfer from Ashrafieh to Sin el Fil
781216
OK: 1
OK: 1

-------------------------

New transfer from Main Sin el Fil to Ashrafieh
215426
OK: 1
OK: 1

-------------------------

