New transfer from archive to Sin el Fil
562782
OK: 1
OK: 1

-------------------------

New transfer from archive to Ashrafieh
172422
OK: 1
OK: 1

-------------------------

New transfer from archive to abdulwahab elnklizi
485099
OK: 1
OK: 1

-------------------------

New transfer from Ashrafieh to Sin el Fil
930828
OK: 1
OK: 1

-------------------------

New transfer from archive to Sin el Fil
301188
OK: 1
OK: 1

-------------------------

New transfer from archive to Sin el Fil
515582
OK: 1
OK: 1

-------------------------

New transfer from Sin el Fil to Ashrafieh
201194
OK: 1
OK: 1

-------------------------

