New transfer from abdulwahab elnklizi to Ashrafieh
444487
OK: 1
OK: 1

-------------------------

New transfer from Sin el Fil to abdulwahab elnklizi
272146
OK: 1
OK: 1

-------------------------

New transfer from archive to Sin el Fil
277979
OK: 1
OK: 1

-------------------------

New transfer from archive to Ashrafieh
168688
OK: 1
OK: 1

-------------------------

New transfer from archive to Badaro
774762
OK: 1
OK: 1

-------------------------

New transfer from archive to abdulwahab elnklizi
486475
OK: 1
OK: 1

-------------------------

New transfer from Sin el Fil to Ashrafieh
702852
OK: 1
OK: 1

-------------------------

