New transfer from Sin el Fil to Ashrafieh
773331
OK: 1
OK: 1

-------------------------

New transfer from archive to Sin el Fil
546722
OK: 1
OK: 1

-------------------------

New transfer from archive to Badaro
857568
OK: 1
OK: 1

-------------------------

New transfer from Ashrafieh to Badaro
259467
OK: 1
OK: 1

-------------------------

New transfer from archive to Ashrafieh
908025
OK: 1
OK: 1

-------------------------

New transfer from archive to Sin el Fil
320600
OK: 1
OK: 1

-------------------------

New transfer from archive to Badaro
811840
OK: 1
OK: 1

-------------------------

