New transfer from Ashrafieh to Badaro
243088
OK: 1
OK: 1

-------------------------

New transfer from archive to Sin el Fil
411188
OK: 1
OK: 1

-------------------------

New transfer from Main Sin el Fil to Badaro
967096
OK: 1
OK: 1

-------------------------

New transfer from Main Sin el Fil to Sin el Fil
665547
OK: 1
OK: 1

-------------------------

New transfer from Main Sin el Fil to Ashrafieh
552079
OK: 1
OK: 1

-------------------------

New transfer from archive to Badaro
482435
OK: 1
OK: 1

-------------------------

New transfer from archive to Ashrafieh
923607
OK: 1
OK: 1

-------------------------

New transfer from Sin el Fil to Ashrafieh
898990
OK: 1
OK: 1

-------------------------

New transfer from Ashrafieh to Badaro
548689
OK: 1
OK: 1

-------------------------

