New transfer from Badaro to Tayouneh
845007
OK: 1
OK: 1

-------------------------

New transfer from archive to Ashrafieh
775830
OK: 1
OK: 1

-------------------------

New transfer from archive to Ashrafieh
388361
OK: 1
OK: 1

-------------------------

New transfer from archive to Badaro
360053
OK: 1
OK: 1

-------------------------

New transfer from archive to Sin el Fil
779224
OK: 1
OK: 1

-------------------------

New transfer from archive to Tayouneh
623141
OK: 1
OK: 1

-------------------------

New transfer from Sin el Fil to Badaro
870268
OK: 1
OK: 1

-------------------------

New transfer from Sin el Fil to Badaro
718519
OK: 1
OK: 1

-------------------------

New transfer from Tayouneh to Badaro
677750
OK: 1
OK: 1

-------------------------

