New transfer from Ashrafieh to Sin el Fil
222419
OK: 1
OK: 1

-------------------------

New transfer from Ashrafieh to Main Sin el Fil
619633
OK: 1
OK: 1

-------------------------

New transfer from Ashrafieh to Main Sin el Fil
765749
OK: 1
OK: 1

-------------------------

New transfer from Sin el Fil to Ashrafieh
501521
OK: 1
OK: 1

-------------------------

New transfer from Sin el Fil to Ashrafieh
843173
OK: 1
OK: 1

-------------------------

New transfer from archive to Sin el Fil
932294
OK: 1
OK: 1

-------------------------

New transfer from archive to abdulwahab elnklizi
666394
OK: 1
OK: 1

-------------------------

New transfer from archive to Badaro
836784
OK: 1
OK: 1

-------------------------

New transfer from archive to Ashrafieh
485590
OK: 1
OK: 1

-------------------------

New transfer from Badaro to Main Sin el Fil
692867
OK: 1
OK: 1

-------------------------

New transfer from Badaro to Sin el Fil
707830
OK: 1
OK: 1

-------------------------

New transfer from Ashrafieh to Sin el Fil
493290
OK: 1
OK: 1

-------------------------

New transfer from archive to Sin el Fil
809733
OK: 1
OK: 1

-------------------------

