New transfer from abdulwahab elnklizi to Sin el Fil
228711
OK: 1
OK: 1

-------------------------

New transfer from Badaro to Sin el Fil
814754
OK: 1
OK: 1

-------------------------

New transfer from Ashrafieh to Sin el Fil
714969
OK: 1
OK: 1

-------------------------

New transfer from abdulwahab elnklizi to Sin el Fil
124457
OK: 1
OK: 1

-------------------------

New transfer from abdulwahab elnklizi to Sin el Fil
808473
OK: 1
OK: 1

-------------------------

New transfer from abdulwahab elnklizi to Ashrafieh
340771
OK: 1
OK: 1

-------------------------

New transfer from Ashrafieh to abdulwahab elnklizi
470218
OK: 1
OK: 1

-------------------------

New transfer from Ashrafieh to Sin el Fil
718542
OK: 1
OK: 1

-------------------------

New transfer from Ashrafieh to Sin el Fil
479471
OK: 1
OK: 1

-------------------------

New transfer from abdulwahab elnklizi to Ashrafieh
706387
OK: 1
OK: 1

-------------------------

New transfer from archive to Sin el Fil
771254
OK: 1
OK: 1

-------------------------

New transfer from Sin el Fil to Ashrafieh
135882
OK: 1
OK: 1

-------------------------

