New transfer from Sin el Fil to Badaro
326909
OK: 1
OK: 1

-------------------------

New transfer from archive to Sin el Fil
324897
OK: 1
OK: 1

-------------------------

New transfer from archive to Ashrafieh
536890
OK: 1
OK: 1

-------------------------

New transfer from archive to abdulwahab elnklizi
391677
OK: 1
OK: 1

-------------------------

New transfer from archive to Badaro
375636
OK: 1
OK: 1

-------------------------

New transfer from archive to Ashrafieh
308127
OK: 1
OK: 1

-------------------------

New transfer from archive to Sin el Fil
799521
OK: 1
OK: 1

-------------------------

