New transfer from Badaro to abdulwahab elnklizi
506055
OK: 1
OK: 1

-------------------------

New transfer from Badaro to Sin el Fil
631334
OK: 1
OK: 1

-------------------------

New transfer from Main Sin el Fil to Sin el Fil
979264
OK: 1
OK: 1

-------------------------

New transfer from Main Sin el Fil to Sin el Fil
274776
OK: 1
OK: 1

-------------------------

New transfer from Main Sin el Fil to Ashrafieh
253266
OK: 1
OK: 1

-------------------------

New transfer from Main Sin el Fil to Ashrafieh
206192
OK: 1
OK: 1

-------------------------

New transfer from Main Sin el Fil to Sin el Fil
832103
OK: 1
OK: 1

-------------------------

New transfer from Main Sin el Fil to Ashrafieh
382264
OK: 1
OK: 1

-------------------------

New transfer from archive to Ashrafieh
625902
OK: 1
OK: 1

-------------------------

New transfer from archive to Sin el Fil
247985
OK: 1
OK: 1

-------------------------

New transfer from Ashrafieh to Sin el Fil
621733
OK: 1
OK: 1

-------------------------

