New transfer from Sin el Fil to Badaro
163086
OK: 1
OK: 1

-------------------------

New transfer from Badaro to Ashrafieh
131690
OK: 1
OK: 1

-------------------------

New transfer from archive to Sin el Fil
841585
OK: 1
OK: 1

-------------------------

New transfer from archive to Ashrafieh
902911
OK: 1
OK: 1

-------------------------

New transfer from archive to Badaro
347797
OK: 1
OK: 1

-------------------------

New transfer from archive to Badaro
410790
OK: 1
OK: 1

-------------------------

New transfer from archive to Sin el Fil
613381
OK: 1
OK: 1

-------------------------

New transfer from archive to Ashrafieh
835090
OK: 1
OK: 1

-------------------------

New transfer from archive to Ashrafieh
740551
OK: 1
OK: 1

-------------------------

