<SMS>
    		<authentification>
    			<username>AliHabib</username>
    			<password>Ali@2020$</password>
    		</authentification>
    		<message>
    			<sender>Pet 2nd Home</sender>
    			<text>New transfer from Sin el Fil to Ashrafieh
653078</text>
    			</message>
    			<recipients>
    			<gsm messageId="653078">96171452313</gsm>
    			    <gsm messageId="653078">9613966125</gsm>
    		</recipients>
    	</SMS>
<RESPONSE><status>2</status><credits>140.1000</credits></RESPONSE>
-------------------------

<SMS>
    		<authentification>
    			<username>AliHabib</username>
    			<password>Ali@2020$</password>
    		</authentification>
    		<message>
    			<sender>Pet 2nd Home</sender>
    			<text>New transfer from Ashrafieh to Sin el Fil
844659</text>
    			</message>
    			<recipients>
    			<gsm messageId="844659">96176749789</gsm>
    			    <gsm messageId="844659">9613966125</gsm>
    		</recipients>
    	</SMS>
<RESPONSE><status>2</status><credits>134.3000</credits></RESPONSE>
-------------------------

<SMS>
    		<authentification>
    			<username>AliHabib</username>
    			<password>Ali@2020$</password>
    		</authentification>
    		<message>
    			<sender>Pet 2nd Home</sender>
    			<text>New transfer from Badaro to Ashrafieh
374424</text>
    			</message>
    			<recipients>
    			<gsm messageId="374424">96171452313</gsm>
    			    <gsm messageId="374424">9613966125</gsm>
    		</recipients>
    	</SMS>
<RESPONSE><status>2</status><credits>128.5000</credits></RESPONSE>
-------------------------

