New transfer from Sin el Fil to Badaro
171840
OK: 1
OK: 1

-------------------------

New transfer from Sin el Fil to Ashrafieh
157675
OK: 1
OK: 1

-------------------------

New transfer from Badaro to Sin el Fil
973789
OK: 1
OK: 1

-------------------------

New transfer from archive to Ashrafieh
696625
OK: 1
OK: 1

-------------------------

New transfer from archive to Badaro
256885
OK: 1
OK: 1

-------------------------

New transfer from Sin el Fil to Ashrafieh
724344
OK: 1
OK: 1

-------------------------

New transfer from archive to Sin el Fil
286804
OK: 1
OK: 1

-------------------------

New transfer from archive to Tayouneh
743208
OK: 1
OK: 1

-------------------------

