New transfer from Sin el Fil to Badaro
893319
OK: 1
OK: 1

-------------------------

New transfer from archive to Ashrafieh
587251
OK: 1
OK: 1

-------------------------

New transfer from archive to Sin el Fil
618662
OK: 1
OK: 1

-------------------------

New transfer from archive to Badaro
608128
OK: 1
OK: 1

-------------------------

New transfer from Ashrafieh to Badaro
849108
OK: 1
OK: 1

-------------------------

New transfer from Tayouneh to Ashrafieh
475943
OK: 1
OK: 1

-------------------------

New transfer from Tayouneh to Ashrafieh
545475
OK: 1
OK: 1

-------------------------

New transfer from Tayouneh to Ashrafieh
821210
OK: 1
OK: 1

-------------------------

