New transfer from Badaro to Tayouneh
568068
OK: 1
OK: 1

-------------------------

New transfer from Badaro to Tayouneh
217655
OK: 1
OK: 1

-------------------------

New transfer from Tayouneh to Badaro
181957
OK: 1
OK: 1

-------------------------

New transfer from archive to Badaro
695010
OK: 1
OK: 1

-------------------------

New transfer from archive to Ashrafieh
133462
<P>Error: Unable to open database M</P>ERR: Not authenticated

-------------------------

New transfer from archive to Badaro
572240
OK: 1
OK: 1

-------------------------

New transfer from archive to Sin el Fil
922474
OK: 1
OK: 1

-------------------------

New transfer from archive to Tayouneh
548465
OK: 1
OK: 1

-------------------------

New transfer from Sin el Fil to Ashrafieh
602610
OK: 1
OK: 1

-------------------------

New transfer from Sin el Fil to Badaro
968267
OK: 1
OK: 1

-------------------------

New transfer from Sin el Fil to Ashrafieh
802169
OK: 1
OK: 1

-------------------------

