New transfer from Sin el Fil to Ashrafieh
312918
OK: 1
OK: 1

-------------------------

New transfer from Main Sin el Fil to archive
988308
OK: 1
OK: 1

-------------------------

New transfer from Main Sin el Fil to Sin el Fil
724287
OK: 1
OK: 1

-------------------------

New transfer from Ashrafieh to Sin el Fil
644653
OK: 1
OK: 1

-------------------------

New transfer from archive to Ashrafieh
383096
OK: 1
OK: 1

-------------------------

New transfer from archive to Badaro
837247
OK: 1
OK: 1

-------------------------

New transfer from archive to Sin el Fil
223963
OK: 1
OK: 1

-------------------------

New transfer from archive to Ashrafieh
407734
OK: 1
OK: 1

-------------------------

New transfer from archive to Sin el Fil
610065
OK: 1
OK: 1

-------------------------

New transfer from archive to Tayouneh
954470
OK: 1
OK: 1

-------------------------

New transfer from Ashrafieh to Main Sin el Fil
193322
OK: 1
OK: 1

-------------------------

