New transfer from archive to Ashrafieh
660361
OK: 1
OK: 1

-------------------------

New transfer from archive to Badaro
733669
OK: 1
OK: 1

-------------------------

New transfer from archive to Sin el Fil
961902
OK: 1
OK: 1

-------------------------

New transfer from archive to Tayouneh
529865
OK: 1
OK: 1

-------------------------

New transfer from Badaro to Sin el Fil
795969
OK: 1
OK: 1

-------------------------

New transfer from archive to Ashrafieh
450232
OK: 1
OK: 1

-------------------------

New transfer from archive to Badaro
607886
OK: 1
OK: 1

-------------------------

New transfer from Sin el Fil to Badaro
478094
OK: 1
OK: 1

-------------------------

New transfer from archive to Sin el Fil
706035
OK: 1
OK: 1

-------------------------

New transfer from archive to Tayouneh
196782
OK: 1
OK: 1

-------------------------

