New transfer from archive to Badaro
452600
OK: 1
OK: 1

-------------------------

New transfer from archive to Sin el Fil
454856
OK: 1
OK: 1

-------------------------

New transfer from archive to Sin el Fil
305439
OK: 1
OK: 1

-------------------------

New transfer from archive to Ashrafieh
292937
OK: 1
OK: 1

-------------------------

New transfer from archive to Badaro
501958
OK: 1
OK: 1

-------------------------

New transfer from Sin el Fil to Ashrafieh
640734
OK: 1
OK: 1

-------------------------

New transfer from archive to Badaro
883351
OK: 1
OK: 1

-------------------------

New transfer from archive to Ashrafieh
731286
OK: 1
OK: 1

-------------------------

New transfer from archive to Sin el Fil
409246
OK: 1
OK: 1

-------------------------

New transfer from Sin el Fil to Badaro
573278
OK: 1
OK: 1

-------------------------

New transfer from Sin el Fil to Ashrafieh
584765
OK: 1
OK: 1

-------------------------

