New transfer from Ashrafieh to abdulwahab elnklizi
422794
OK: 1
OK: 1

-------------------------

New transfer from abdulwahab elnklizi to Ashrafieh
900856
OK: 1
OK: 1

-------------------------

New transfer from abdulwahab elnklizi to Sin el Fil
177360
OK: 1
OK: 1

-------------------------

New transfer from archive to Badaro
854888
OK: 1
OK: 1

-------------------------

New transfer from archive to abdulwahab elnklizi
357941
OK: 1
OK: 1

-------------------------

New transfer from archive to Ashrafieh
155533
OK: 1
OK: 1

-------------------------

New transfer from archive to Sin el Fil
350416
OK: 1
OK: 1

-------------------------

New transfer from Badaro to Sin el Fil
135088
OK: 1
OK: 1

-------------------------

New transfer from Sin el Fil to Ashrafieh
238445
OK: 1
OK: 1

-------------------------

