New transfer from archive to Sin el Fil
307763
OK: 1
OK: 1

-------------------------

New transfer from archive to Ashrafieh
521706
OK: 1
OK: 1

-------------------------

New transfer from archive to Badaro
683264
OK: 1
OK: 1

-------------------------

New transfer from archive to abdulwahab elnklizi
582250
OK: 1
OK: 1

-------------------------

New transfer from abdulwahab elnklizi to Ashrafieh
624461
OK: 1
OK: 1

-------------------------

New transfer from abdulwahab elnklizi to Ashrafieh
906091
OK: 1
OK: 1

-------------------------

New transfer from Ashrafieh to abdulwahab elnklizi
940421
OK: 1
OK: 1

-------------------------

