New transfer from archive to Sin el Fil
499703
OK: 1
OK: 1

-------------------------

New transfer from abdulwahab elnklizi to Ashrafieh
177140
OK: 1
OK: 1

-------------------------

New transfer from Badaro to Sin el Fil
875434
OK: 1
OK: 1

-------------------------

New transfer from archive to Sin el Fil
792494
OK: 1
OK: 1

-------------------------

New transfer from archive to Ashrafieh
554743
OK: 1
OK: 1

-------------------------

New transfer from archive to Badaro
785446
OK: 1
OK: 1

-------------------------

New transfer from abdulwahab elnklizi to Sin el Fil
325995
OK: 1
OK: 1

-------------------------

New transfer from archive to abdulwahab elnklizi
856173
OK: 1
OK: 1

-------------------------

New transfer from Sin el Fil to Badaro
149264
OK: 1
OK: 1

-------------------------

