New transfer from Sin el Fil to Badaro
344971
OK: 1
OK: 1

-------------------------

New transfer from Main Sin el Fil to Sin el Fil
363076
OK: 1
OK: 1

-------------------------

New transfer from Ashrafieh to Sin el Fil
703319
OK: 1
OK: 1

-------------------------

New transfer from Main Sin el Fil to Sin el Fil
762580
OK: 1
OK: 1

-------------------------

New transfer from archive to Ashrafieh
174339
OK: 1
OK: 1

-------------------------

New transfer from archive to Sin el Fil
690069
OK: 1
OK: 1

-------------------------

