New transfer from Sin el Fil to Ashrafieh
829426
OK: 1
OK: 1

-------------------------

New transfer from archive to Ashrafieh
246458
OK: 1
OK: 1

-------------------------

New transfer from archive to Sin el Fil
479827
OK: 1
OK: 1

-------------------------

New transfer from archive to Badaro
371191
OK: 1
OK: 1

-------------------------

New transfer from archive to Sin el Fil
647797
OK: 1
OK: 1

-------------------------

New transfer from archive to Ashrafieh
841772
OK: 1
OK: 1

-------------------------

New transfer from archive to Sin el Fil
452162
OK: 1
OK: 1

-------------------------

New transfer from archive to Badaro
675381
OK: 1
OK: 1

-------------------------

New transfer from archive to Tayouneh
135898
OK: 1
OK: 1

-------------------------

New transfer from Sin el Fil to Ashrafieh
521772
OK: 1
OK: 1

-------------------------

New transfer from Ashrafieh to Badaro
274030
OK: 1
OK: 1

-------------------------

