New transfer from Badaro to Ashrafieh
439391
OK: 1
OK: 1

-------------------------

New transfer from Badaro to Sin el Fil
314840
OK: 1
OK: 1

-------------------------

New transfer from Ashrafieh to Sin el Fil
302797
OK: 1
OK: 1

-------------------------

New transfer from archive to Sin el Fil
352884
OK: 1
OK: 1

-------------------------

New transfer from archive to Ashrafieh
891641
OK: 1
OK: 1

-------------------------

New transfer from archive to Badaro
471894
OK: 1
OK: 1

-------------------------

New transfer from archive to Tayouneh
859667
OK: 1
OK: 1

-------------------------

New transfer from Sin el Fil to Badaro
341819
OK: 1
OK: 1

-------------------------

New transfer from Sin el Fil to Ashrafieh
451113
OK: 1
OK: 1

-------------------------

New transfer from Sin el Fil to Main Sin el Fil
167872
OK: 1
OK: 1

-------------------------

New transfer from archive to Ashrafieh
667954
OK: 1
OK: 1

-------------------------

New transfer from archive to Sin el Fil
165645
OK: 1
OK: 1

-------------------------

New transfer from archive to Badaro
741478
OK: 1
OK: 1

-------------------------

New transfer from archive to Ashrafieh
830866
OK: 1
OK: 1

-------------------------

New transfer from Sin el Fil to Tayouneh
689434
OK: 1
OK: 1

-------------------------

