New transfer from Badaro to abdulwahab elnklizi
904950
OK: 1
OK: 1

-------------------------

New transfer from Sin el Fil to Ashrafieh
976130
OK: 1
OK: 1

-------------------------

New transfer from Sin el Fil to abdulwahab elnklizi
973773
OK: 1
OK: 1

-------------------------

New transfer from Sin el Fil to Badaro
987039
OK: 1
OK: 1

-------------------------

New transfer from abdulwahab elnklizi to Sin el Fil
227966
OK: 1
OK: 1

-------------------------

New transfer from archive to Ashrafieh
762672
OK: 1
OK: 1

-------------------------

New transfer from archive to Sin el Fil
172438
OK: 1
OK: 1

-------------------------

New transfer from archive to abdulwahab elnklizi
361407
OK: 1
OK: 1

-------------------------

New transfer from archive to Badaro
892573
OK: 1
OK: 1

-------------------------

