New transfer from Tayouneh to Ashrafieh
207240
OK: 1
OK: 1

-------------------------

New transfer from archive to Sin el Fil
976527
OK: 1
OK: 1

-------------------------

New transfer from archive to Ashrafieh
147346
OK: 1
OK: 1

-------------------------

New transfer from archive to Tayouneh
367797
OK: 1
OK: 1

-------------------------

New transfer from archive to Badaro
943535
OK: 1
OK: 1

-------------------------

New transfer from Sin el Fil to Badaro
667557
OK: 1
OK: 1

-------------------------

New transfer from Sin el Fil to Ashrafieh
378149
OK: 1
OK: 1

-------------------------

New transfer from Badaro to Ashrafieh
698992
OK: 1
OK: 1

-------------------------

New transfer from Badaro to Sin el Fil
599732
OK: 1
OK: 1

-------------------------

New transfer from Sin el Fil to Ashrafieh
788528
OK: 1
OK: 1

-------------------------

New transfer from Badaro to Sin el Fil
346198
OK: 1
OK: 1

-------------------------

