New transfer from archive to Ashrafieh
617176
OK: 1
OK: 1

-------------------------

New transfer from archive to Sin el Fil
152188
OK: 1
OK: 1

-------------------------

New transfer from archive to Badaro
175768
OK: 1
OK: 1

-------------------------

New transfer from Sin el Fil to Ashrafieh
635465
OK: 1
OK: 1

-------------------------

New transfer from Badaro to Tayouneh
392119
OK: 1
OK: 1

-------------------------

New transfer from Ashrafieh to Badaro
288228
OK: 1
OK: 1

-------------------------

New transfer from Badaro to Ashrafieh
816641
OK: 1
OK: 1

-------------------------

