New transfer from Badaro to Ashrafieh
691812
OK: 1
OK: 1

-------------------------

New transfer from Sin el Fil to Tayouneh
254742
OK: 1
OK: 1

-------------------------

New transfer from Sin el Fil to Tayouneh
892455
OK: 1
OK: 1

-------------------------

New transfer from Ashrafieh to Sin el Fil
544562
OK: 1
OK: 1

-------------------------

New transfer from Ashrafieh to Sin el Fil
602998
OK: 1
OK: 1

-------------------------

New transfer from Sin el Fil to Ashrafieh
289498
OK: 1
OK: 1

-------------------------

