New transfer from archive to Sin el Fil
132621
OK: 1
OK: 1

-------------------------

New transfer from archive to Ashrafieh
783640
OK: 1
OK: 1

-------------------------

New transfer from archive to Sin el Fil
871622
OK: 1
OK: 1

-------------------------

New transfer from archive to Badaro
905070
OK: 1
OK: 1

-------------------------

New transfer from archive to Ashrafieh
123179
OK: 1
OK: 1

-------------------------

New transfer from Sin el Fil to Badaro
876624
OK: 1
OK: 1

-------------------------

New transfer from Badaro to Tayouneh
369486
OK: 1
OK: 1

-------------------------

New transfer from Ashrafieh to Sin el Fil
578529
OK: 1
OK: 1

-------------------------

New transfer from Ashrafieh to Main Sin el Fil
580033
OK: 1
OK: 1

-------------------------

New transfer from archive to Sin el Fil
951975
OK: 1
OK: 1

-------------------------

New transfer from Ashrafieh to Sin el Fil
447559
OK: 1
OK: 1

-------------------------

