New transfer from Main Sin el Fil to Ashrafieh
656964
OK: 1
OK: 1

-------------------------

New transfer from Sin el Fil to Badaro
731803
OK: 1
OK: 1

-------------------------

New transfer from archive to Ashrafieh
656190
OK: 1
OK: 1

-------------------------

New transfer from archive to Sin el Fil
582695
OK: 1
OK: 1

-------------------------

New transfer from archive to Badaro
605546
OK: 1
OK: 1

-------------------------

New transfer from archive to Ashrafieh
306233
OK: 1
OK: 1

-------------------------

New transfer from archive to Sin el Fil
534701
OK: 1
OK: 1

-------------------------

New transfer from archive to Badaro
359847
OK: 1
OK: 1

-------------------------

