New transfer from Badaro to Sin el Fil
970587
OK: 1
OK: 1

-------------------------

New transfer from archive to Tayouneh
905400
OK: 1
OK: 1

-------------------------

New transfer from archive to Sin el Fil
755729
OK: 1
OK: 1

-------------------------

New transfer from archive to Badaro
523925
OK: 1
OK: 1

-------------------------

New transfer from archive to Sin el Fil
976248
OK: 1
OK: 1

-------------------------

New transfer from archive to Badaro
212845
OK: 1
OK: 1

-------------------------

New transfer from archive to Ashrafieh
256386
OK: 1
OK: 1

-------------------------

New transfer from archive to Tayouneh
614613
OK: 1
OK: 1

-------------------------

New transfer from archive to Sin el Fil
182523
OK: 1
OK: 1

-------------------------

