New transfer from Sin el Fil to Badaro
697424
ERR: Not enough credit
ERR: Not enough credit

-------------------------

New transfer from abdulwahab elnklizi to Sin el Fil
920278
ERR: Not enough credit
ERR: Not enough credit

-------------------------

New transfer from Main Sin el Fil to archive
101136
ERR: Not enough credit
ERR: Not enough credit

-------------------------

New transfer from archive to Sin el Fil
919866
ERR: Not enough credit
ERR: Not enough credit

-------------------------

New transfer from archive to Ashrafieh
646580
ERR: Not enough credit
ERR: Not enough credit

-------------------------

New transfer from archive to abdulwahab elnklizi
318842
ERR: Not enough credit
ERR: Not enough credit

-------------------------

New transfer from archive to Badaro
663828
ERR: Not enough credit
ERR: Not enough credit

-------------------------

New transfer from Main Sin el Fil to Sin el Fil
228129
ERR: Not enough credit
ERR: Not enough credit

-------------------------

New transfer from Sin el Fil to Ashrafieh
332612
ERR: Not enough credit
ERR: Not enough credit

-------------------------

New transfer from archive to abdulwahab elnklizi
679293
ERR: Not enough credit
ERR: Not enough credit

-------------------------

New transfer from archive to Badaro
316947
ERR: Not enough credit
ERR: Not enough credit

-------------------------

New transfer from archive to Ashrafieh
258054
ERR: Not enough credit
ERR: Not enough credit

-------------------------

