New transfer from archive to Ashrafieh
868172
OK: 1
OK: 1

-------------------------

New transfer from archive to Badaro
177049
OK: 1
OK: 1

-------------------------

New transfer from archive to Sin el Fil
313897
OK: 1
OK: 1

-------------------------

New transfer from Sin el Fil to Ashrafieh
841736
OK: 1
OK: 1

-------------------------

New transfer from archive to Ashrafieh
985977
OK: 1
OK: 1

-------------------------

New transfer from archive to Sin el Fil
936603
OK: 1
OK: 1

-------------------------

New transfer from archive to Badaro
949804
OK: 1
OK: 1

-------------------------

New transfer from Sin el Fil to Ashrafieh
518633
OK: 1
OK: 1

-------------------------

