New transfer from Badaro to Tayouneh
858573
OK: 1
OK: 1

-------------------------

New transfer from Badaro to Sin el Fil
774185
OK: 1
OK: 1

-------------------------

New transfer from Ashrafieh to Sin el Fil
609787
OK: 1
OK: 1

-------------------------

New transfer from Ashrafieh to Badaro
642015
OK: 1
OK: 1

-------------------------

New transfer from Badaro to Sin el Fil
277005
OK: 1
OK: 1

-------------------------

New transfer from archive to Ashrafieh
967237
OK: 1
OK: 1

-------------------------

New transfer from archive to Badaro
651543
OK: 1
OK: 1

-------------------------

New transfer from archive to Sin el Fil
162911
OK: 1
OK: 1

-------------------------

New transfer from archive to Tayouneh
795543
OK: 1
OK: 1

-------------------------

New transfer from Sin el Fil to Badaro
634048
OK: 1
OK: 1

-------------------------

