New transfer from Main Sin el Fil to Sin el Fil
693548
OK: 1
OK: 1

-------------------------

New transfer from Main Sin el Fil to Sin el Fil
511524
OK: 1
OK: 1

-------------------------

New transfer from Main Sin el Fil to Sin el Fil
892634
OK: 1
OK: 1

-------------------------

New transfer from Main Sin el Fil to Ashrafieh
531310
OK: 1
OK: 1

-------------------------

New transfer from Main Sin el Fil to Ashrafieh
647210
OK: 1
OK: 1

-------------------------

New transfer from Main Sin el Fil to Ashrafieh
562140
OK: 1
OK: 1

-------------------------

New transfer from Main Sin el Fil to Tayouneh
643285
OK: 1
OK: 1

-------------------------

New transfer from Main Sin el Fil to Tayouneh
175156
OK: 1
OK: 1

-------------------------

New transfer from Main Sin el Fil to Tayouneh
531132
OK: 1
OK: 1

-------------------------

New transfer from Main Sin el Fil to Sin el Fil
131465
OK: 1
OK: 1

-------------------------

