New transfer from archive to Ashrafieh
417273
OK: 1
OK: 1

-------------------------

New transfer from archive to Sin el Fil
492002
OK: 1
OK: 1

-------------------------

New transfer from archive to Sin el Fil
643990
OK: 1
OK: 1

-------------------------

New transfer from archive to Ashrafieh
219407
OK: 1
OK: 1

-------------------------

New transfer from archive to Badaro
820837
OK: 1
OK: 1

-------------------------

New transfer from archive to Ashrafieh
210436
OK: 1
OK: 1

-------------------------

New transfer from archive to Sin el Fil
345385
OK: 1
OK: 1

-------------------------

New transfer from archive to Ashrafieh
739553
OK: 1
OK: 1

-------------------------

