New transfer from archive to Sin el Fil
231892
ERR: Not enough credit
ERR: Not enough credit

-------------------------

New transfer from archive to Ashrafieh
824798
ERR: Not enough credit
ERR: Not enough credit

-------------------------

New transfer from archive to abdulwahab elnklizi
458645
ERR: Not enough credit
ERR: Not enough credit

-------------------------

New transfer from archive to Badaro
940465
ERR: Not enough credit
ERR: Not enough credit

-------------------------

New transfer from Sin el Fil to abdulwahab elnklizi
736144
ERR: Not enough credit
ERR: Not enough credit

-------------------------

New transfer from Sin el Fil to Ashrafieh
286389
ERR: Not enough credit
ERR: Not enough credit

-------------------------

