New transfer from Badaro to Tayouneh
208986
OK: 1
OK: 1

-------------------------

New transfer from archive to Ashrafieh
488388
OK: 1
OK: 1

-------------------------

New transfer from archive to Badaro
500695
OK: 1
OK: 1

-------------------------

New transfer from archive to Sin el Fil
988855
OK: 1
OK: 1

-------------------------

New transfer from archive to Tayouneh
458527
OK: 1
OK: 1

-------------------------

New transfer from Ashrafieh to Sin el Fil
631423
OK: 1
OK: 1

-------------------------

