New transfer from Badaro to abdulwahab elnklizi
151120
OK: 1
OK: 1

-------------------------

New transfer from Main Sin el Fil to Sin el Fil
248372
OK: 1
OK: 1

-------------------------

New transfer from Main Sin el Fil to Ashrafieh
427777
OK: 1
OK: 1

-------------------------

New transfer from Sin el Fil to Badaro
355900
OK: 1
OK: 1

-------------------------

New transfer from Sin el Fil to Ashrafieh
810343
OK: 1
OK: 1

-------------------------

New transfer from Ashrafieh to Sin el Fil
907931
OK: 1
OK: 1

-------------------------

New transfer from Badaro to Sin el Fil
728986
OK: 1
OK: 1

-------------------------

New transfer from abdulwahab elnklizi to Ashrafieh
110327
OK: 1
OK: 1

-------------------------

