New transfer from Badaro to Main Sin el Fil
921668
OK: 1
OK: 1

-------------------------

New transfer from archive to Sin el Fil
467763
OK: 1
OK: 1

-------------------------

New transfer from archive to Ashrafieh
187564
OK: 1
OK: 1

-------------------------

New transfer from archive to Tayouneh
855229
OK: 1
OK: 1

-------------------------

New transfer from archive to Ashrafieh
420909
OK: 1
OK: 1

-------------------------

New transfer from archive to Badaro
183980
OK: 1
OK: 1

-------------------------

New transfer from archive to Sin el Fil
305848
OK: 1
OK: 1

-------------------------

New transfer from archive to Tayouneh
624219
OK: 1
OK: 1

-------------------------

New transfer from Badaro to Sin el Fil
547624
OK: 1
OK: 1

-------------------------

New transfer from Tayouneh to Main Sin el Fil
353106
OK: 1
OK: 1

-------------------------

