New transfer from Badaro to abdulwahab elnklizi
390964
OK: 1
OK: 1

-------------------------

New transfer from Sin el Fil to Ashrafieh
473986
OK: 1
OK: 1

-------------------------

New transfer from archive to Ashrafieh
164226
OK: 1
OK: 1

-------------------------

New transfer from Sin el Fil to Ashrafieh
135911
OK: 1
OK: 1

-------------------------

New transfer from archive to Badaro
403121
OK: 1
OK: 1

-------------------------

New transfer from archive to Sin el Fil
395964
OK: 1
OK: 1

-------------------------

New transfer from archive to Badaro
514119
OK: 1
OK: 1

-------------------------

New transfer from archive to abdulwahab elnklizi
211627
OK: 1
OK: 1

-------------------------

New transfer from archive to abdulwahab elnklizi
586988
OK: 1
OK: 1

-------------------------

New transfer from archive to Sin el Fil
970788
OK: 1
OK: 1

-------------------------

