New transfer from archive to Sin el Fil
173666
OK: 1
OK: 1

-------------------------

New transfer from archive to Badaro
129550
OK: 1
OK: 1

-------------------------

New transfer from archive to Ashrafieh
368573
OK: 1
OK: 1

-------------------------

New transfer from archive to Sin el Fil
355597
OK: 1
OK: 1

-------------------------

New transfer from archive to Badaro
474149
OK: 1
OK: 1

-------------------------

New transfer from archive to Ashrafieh
532023
OK: 1
OK: 1

-------------------------

New transfer from archive to Ashrafieh
401013
OK: 1
OK: 1

-------------------------

New transfer from archive to Badaro
865958
OK: 1
OK: 1

-------------------------

New transfer from archive to Sin el Fil
888024
OK: 1
OK: 1

-------------------------

New transfer from archive to Sin el Fil
224724
OK: 1
OK: 1

-------------------------

New transfer from Sin el Fil to Badaro
962863
OK: 1
OK: 1

-------------------------

New transfer from Sin el Fil to Main Sin el Fil
194371
OK: 1
OK: 1

-------------------------

