New transfer from Main Sin el Fil to Ashrafieh
928715
OK: 1
OK: 1

-------------------------

New transfer from Main Sin el Fil to abdulwahab elnklizi
576769
OK: 1
OK: 1

-------------------------

New transfer from Sin el Fil to Ashrafieh
297158
OK: 1
OK: 1

-------------------------

New transfer from abdulwahab elnklizi to Main Sin el Fil
444189
OK: 1
OK: 1

-------------------------

New transfer from abdulwahab elnklizi to Main Sin el Fil
107653
OK: 1
OK: 1

-------------------------

New transfer from Sin el Fil to abdulwahab elnklizi
840629
OK: 1
OK: 1

-------------------------

New transfer from Sin el Fil to Ashrafieh
999108
OK: 1
OK: 1

-------------------------

New transfer from Main Sin el Fil to Ashrafieh
731291
OK: 1
OK: 1

-------------------------

New transfer from Sin el Fil to Main Sin el Fil
389618
OK: 1
OK: 1

-------------------------

