New transfer from Ashrafieh to Sin el Fil
414391
OK: 1
OK: 1

-------------------------

New transfer from Ashrafieh to Tayouneh
736081
OK: 1
OK: 1

-------------------------

New transfer from Badaro to Tayouneh
210116
OK: 1
OK: 1

-------------------------

New transfer from archive to Ashrafieh
142313
OK: 1
OK: 1

-------------------------

New transfer from archive to Sin el Fil
557063
OK: 1
OK: 1

-------------------------

New transfer from archive to Badaro
819987
OK: 1
OK: 1

-------------------------

