New transfer from abdulwahab elnklizi to Ashrafieh
579269
ERR: Not enough credit
ERR: Not enough credit

-------------------------

New transfer from archive to Sin el Fil
513610
ERR: Not enough credit
ERR: Not enough credit

-------------------------

New transfer from archive to Ashrafieh
859101
ERR: Not enough credit
ERR: Not enough credit

-------------------------

New transfer from archive to Badaro
749052
ERR: Not enough credit
ERR: Not enough credit

-------------------------

New transfer from archive to abdulwahab elnklizi
349528
ERR: Not enough credit
ERR: Not enough credit

-------------------------

New transfer from Badaro to Sin el Fil
571830
ERR: Not enough credit
ERR: Not enough credit

-------------------------

New transfer from Ashrafieh to Sin el Fil
512748
ERR: Not enough credit
ERR: Not enough credit

-------------------------

New transfer from Sin el Fil to Main Sin el Fil
921240
ERR: Not enough credit
ERR: Not enough credit

-------------------------

New transfer from Sin el Fil to abdulwahab elnklizi
311169
ERR: Not enough credit
ERR: Not enough credit

-------------------------

New transfer from abdulwahab elnklizi to Ashrafieh
534772
ERR: Not enough credit
ERR: Not enough credit

-------------------------

New transfer from Sin el Fil to Ashrafieh
587787
ERR: Not enough credit
ERR: Not enough credit

-------------------------

New transfer from Ashrafieh to abdulwahab elnklizi
328841
ERR: Not enough credit
ERR: Not enough credit

-------------------------

New transfer from Sin el Fil to Ashrafieh
546331
ERR: Not enough credit
ERR: Not enough credit

-------------------------

New transfer from archive to abdulwahab elnklizi
901139
ERR: Not enough credit
ERR: Not enough credit

-------------------------

