New transfer from archive to abdulwahab elnklizi
336831
OK: 1
OK: 1

-------------------------

New transfer from archive to Sin el Fil
430585
OK: 1
OK: 1

-------------------------

New transfer from archive to Ashrafieh
669673
OK: 1
OK: 1

-------------------------

New transfer from archive to Badaro
456829
OK: 1
OK: 1

-------------------------

New transfer from Sin el Fil to Ashrafieh
503584
OK: 1
OK: 1

-------------------------

New transfer from archive to Sin el Fil
599864
OK: 1
OK: 1

-------------------------

New transfer from Badaro to Sin el Fil
801967
OK: 1
OK: 1

-------------------------

New transfer from Sin el Fil to Badaro
675985
OK: 1
OK: 1

-------------------------

New transfer from abdulwahab elnklizi to Main Sin el Fil
661905
OK: 1
OK: 1

-------------------------

New transfer from Main Sin el Fil to Sin el Fil
437381
OK: 1
OK: 1

-------------------------

New transfer from Main Sin el Fil to Sin el Fil
162142
OK: 1
OK: 1

-------------------------

New transfer from Sin el Fil to Ashrafieh
373932
OK: 1
OK: 1

-------------------------

New transfer from Sin el Fil to Badaro
791503
OK: 1
OK: 1

-------------------------

