New transfer from Sin el Fil to Ashrafieh
940359
OK: 1
OK: 1

-------------------------

New transfer from Sin el Fil to Badaro
103517
OK: 1
OK: 1

-------------------------

New transfer from archive to Ashrafieh
623157
OK: 1
OK: 1

-------------------------

New transfer from archive to Sin el Fil
455172
OK: 1
OK: 1

-------------------------

New transfer from Badaro to Sin el Fil
283041
OK: 1
OK: 1

-------------------------

New transfer from archive to Badaro
299449
OK: 1
OK: 1

-------------------------

New transfer from archive to Sin el Fil
199037
OK: 1
OK: 1

-------------------------

New transfer from archive to Ashrafieh
319046
OK: 1
OK: 1

-------------------------

New transfer from Ashrafieh to Tayouneh
208433
OK: 1
OK: 1

-------------------------

New transfer from archive to Badaro
918913
OK: 1
OK: 1

-------------------------

New transfer from archive to Ashrafieh
121906
OK: 1
OK: 1

-------------------------

New transfer from archive to Sin el Fil
525025
OK: 1
OK: 1

-------------------------

