New transfer from Sin el Fil to Main Sin el Fil
752623
OK: 1
OK: 1

-------------------------

New transfer from archive to Badaro
326418
OK: 1
OK: 1

-------------------------

New transfer from archive to Sin el Fil
961864
OK: 1
OK: 1

-------------------------

New transfer from archive to Ashrafieh
617321
OK: 1
OK: 1

-------------------------

New transfer from archive to Ashrafieh
351619
OK: 1
OK: 1

-------------------------

New transfer from Sin el Fil to Ashrafieh
217890
OK: 1
OK: 1

-------------------------

New transfer from archive to Ashrafieh
668063
OK: 1
OK: 1

-------------------------

New transfer from archive to Sin el Fil
161570
OK: 1
OK: 1

-------------------------

New transfer from archive to abdulwahab elnklizi
303570
OK: 1
OK: 1

-------------------------

New transfer from archive to Ashrafieh
965902
OK: 1
OK: 1

-------------------------

New transfer from Ashrafieh to Sin el Fil
859194
OK: 1
OK: 1

-------------------------

New transfer from Sin el Fil to Ashrafieh
761088
OK: 1
OK: 1

-------------------------

New transfer from abdulwahab elnklizi to Ashrafieh
711267
OK: 1
OK: 1

-------------------------

New transfer from Ashrafieh to Sin el Fil
595761
OK: 1
OK: 1

-------------------------

