<SMS>
    		<authentification>
    			<username>AliHabib</username>
    			<password>Ali@2020$</password>
    		</authentification>
    		<message>
    			<sender>Pet 2nd Home</sender>
    			<text>New transfer from archive to Badaro
286262</text>
    			</message>
    			<recipients>
    			<gsm messageId="286262">96171386906</gsm>
    			    <gsm messageId="286262">9613966125</gsm>
    		</recipients>
    	</SMS>
<RESPONSE><status>-3</status><credits>0.9000</credits></RESPONSE>
-------------------------

<SMS>
    		<authentification>
    			<username>AliHabib</username>
    			<password>Ali@2020$</password>
    		</authentification>
    		<message>
    			<sender>Pet 2nd Home</sender>
    			<text>New transfer from archive to Ashrafieh
870247</text>
    			</message>
    			<recipients>
    			<gsm messageId="870247">96171452313</gsm>
    			    <gsm messageId="870247">9613966125</gsm>
    		</recipients>
    	</SMS>
<RESPONSE><status>-3</status><credits>0.9000</credits></RESPONSE>
-------------------------

