New transfer from Sin el Fil to Ashrafieh
166532
OK: 1
OK: 1

-------------------------

New transfer from archive to Ashrafieh
164867
OK: 1
OK: 1

-------------------------

New transfer from archive to Sin el Fil
426605
OK: 1
OK: 1

-------------------------

New transfer from archive to Main Sin el Fil
289613
OK: 1
OK: 1

-------------------------

New transfer from archive to Sin el Fil
978565
OK: 1
OK: 1

-------------------------

New transfer from archive to Badaro
336289
OK: 1
OK: 1

-------------------------

New transfer from archive to Sin el Fil
930094
OK: 1
OK: 1

-------------------------

New transfer from archive to Ashrafieh
253963
OK: 1
OK: 1

-------------------------

New transfer from archive to Badaro
482601
OK: 1
OK: 1

-------------------------

New transfer from Sin el Fil to Ashrafieh
962391
OK: 1
OK: 1

-------------------------

New transfer from Ashrafieh to Sin el Fil
960406
OK: 1
OK: 1

-------------------------

New transfer from Main Sin el Fil to Ashrafieh
737066
OK: 1
OK: 1

-------------------------

