New transfer from abdulwahab elnklizi to Ashrafieh
827639
OK: 1
OK: 1

-------------------------

New transfer from archive to Ashrafieh
936837
OK: 1
OK: 1

-------------------------

New transfer from archive to Ashrafieh
698452
OK: 1
OK: 1

-------------------------

New transfer from archive to Badaro
883519
OK: 1
OK: 1

-------------------------

New transfer from archive to Ashrafieh
531091
OK: 1
OK: 1

-------------------------

New transfer from archive to Sin el Fil
340163
OK: 1
OK: 1

-------------------------

New transfer from archive to abdulwahab elnklizi
125730
OK: 1
OK: 1

-------------------------

New transfer from Sin el Fil to abdulwahab elnklizi
551409
OK: 1
OK: 1

-------------------------

New transfer from Sin el Fil to Badaro
830756
OK: 1
OK: 1

-------------------------

New transfer from Sin el Fil to Ashrafieh
462461
OK: 1
OK: 1

-------------------------

New transfer from Ashrafieh to Sin el Fil
524426
OK: 1
OK: 1

-------------------------

