New transfer from Badaro to Ashrafieh
401368
OK: 1
OK: 1

-------------------------

New transfer from Badaro to Sin el Fil
917563
OK: 1
OK: 1

-------------------------

New transfer from archive to abdulwahab elnklizi
532766
OK: 1
OK: 1

-------------------------

New transfer from archive to Badaro
568855
OK: 1
OK: 1

-------------------------

New transfer from archive to Sin el Fil
504578
OK: 1
OK: 1

-------------------------

New transfer from archive to Ashrafieh
857517
OK: 1
OK: 1

-------------------------

New transfer from Sin el Fil to Badaro
921250
OK: 1
OK: 1

-------------------------

New transfer from archive to Badaro
975637
OK: 1
OK: 1

-------------------------

New transfer from Sin el Fil to Badaro
874805
OK: 1
OK: 1

-------------------------

New transfer from archive to Sin el Fil
936696
OK: 1
OK: 1

-------------------------

New transfer from archive to Badaro
364871
OK: 1
OK: 1

-------------------------

New transfer from archive to Ashrafieh
865132
OK: 1
OK: 1

-------------------------

New transfer from archive to abdulwahab elnklizi
412020
OK: 1
OK: 1

-------------------------

