New transfer from archive to Sin el Fil
539754
OK: 1
OK: 1

-------------------------

New transfer from archive to Ashrafieh
622524
OK: 1
OK: 1

-------------------------

New transfer from archive to Badaro
829444
OK: 1
OK: 1

-------------------------

New transfer from Main Sin el Fil to Sin el Fil
768515
OK: 1
OK: 1

-------------------------

New transfer from Main Sin el Fil to Sin el Fil
570287
OK: 1
OK: 1

-------------------------

New transfer from Sin el Fil to Ashrafieh
191399
OK: 1
OK: 1

-------------------------

New transfer from archive to Ashrafieh
259250
OK: 1
OK: 1

-------------------------

New transfer from archive to abdulwahab elnklizi
244077
OK: 1
OK: 1

-------------------------

New transfer from archive to Sin el Fil
433247
OK: 1
OK: 1

-------------------------

New transfer from archive to Badaro
721229
OK: 1
OK: 1

-------------------------

New transfer from archive to abdulwahab elnklizi
743996
OK: 1
OK: 1

-------------------------

New transfer from archive to Ashrafieh
408317
OK: 1
OK: 1

-------------------------

New transfer from archive to Sin el Fil
243753
OK: 1
OK: 1

-------------------------

New transfer from archive to Badaro
784834
OK: 1
OK: 1

-------------------------

New transfer from Sin el Fil to Ashrafieh
476268
OK: 1
OK: 1

-------------------------

New transfer from Sin el Fil to abdulwahab elnklizi
737058
OK: 1
OK: 1

-------------------------

New transfer from Badaro to Ashrafieh
208425
OK: 1
OK: 1

-------------------------

New transfer from Badaro to Sin el Fil
448405
OK: 1
OK: 1

-------------------------

