New transfer from Ashrafieh to Sin el Fil
960483
OK: 1
OK: 1

-------------------------

New transfer from Ashrafieh to Badaro
865951
OK: 1
OK: 1

-------------------------

New transfer from Sin el Fil to Badaro
103293
OK: 1
OK: 1

-------------------------

New transfer from archive to Sin el Fil
791100
OK: 1
OK: 1

-------------------------

New transfer from archive to Ashrafieh
921195
OK: 1
OK: 1

-------------------------

New transfer from archive to Ashrafieh
443613
OK: 1
OK: 1

-------------------------

New transfer from archive to abdulwahab elnklizi
595631
OK: 1
OK: 1

-------------------------

New transfer from archive to Badaro
280269
OK: 1
OK: 1

-------------------------

New transfer from archive to Ashrafieh
905723
OK: 1
OK: 1

-------------------------

New transfer from archive to Sin el Fil
370907
OK: 1
OK: 1

-------------------------

New transfer from Sin el Fil to Ashrafieh
493682
OK: 1
OK: 1

-------------------------

