New transfer from Badaro to Sin el Fil
628251
OK: 1
OK: 1

-------------------------

New transfer from Ashrafieh to Sin el Fil
851362
OK: 1
OK: 1

-------------------------

New transfer from Sin el Fil to Ashrafieh
269130
OK: 1
OK: 1

-------------------------

New transfer from Badaro to Sin el Fil
228310
OK: 1
OK: 1

-------------------------

New transfer from Sin el Fil to Ashrafieh
846368
OK: 1
OK: 1

-------------------------

New transfer from Sin el Fil to Ashrafieh
620995
OK: 1
OK: 1

-------------------------

