New transfer from abdulwahab elnklizi to Sin el Fil
242827
OK: 1
OK: 1

-------------------------

New transfer from abdulwahab elnklizi to Ashrafieh
546870
OK: 1
OK: 1

-------------------------

New transfer from Sin el Fil to Ashrafieh
974911
OK: 1
OK: 1

-------------------------

New transfer from Sin el Fil to Ashrafieh
892270
OK: 1
OK: 1

-------------------------

New transfer from Badaro to Ashrafieh
362208
OK: 1
OK: 1

-------------------------

New transfer from abdulwahab elnklizi to Ashrafieh
661768
OK: 1
OK: 1

-------------------------

New transfer from abdulwahab elnklizi to Ashrafieh
909221
OK: 1
OK: 1

-------------------------

New transfer from Badaro to Ashrafieh
228198
OK: 1
OK: 1

-------------------------

New transfer from Badaro to Ashrafieh
366010
OK: 1
OK: 1

-------------------------

New transfer from Badaro to Ashrafieh
179515
OK: 1
OK: 1

-------------------------

New transfer from Badaro to Ashrafieh
618989
OK: 1
OK: 1

-------------------------

New transfer from Badaro to Ashrafieh
264416
OK: 1
OK: 1

-------------------------

New transfer from Badaro to Ashrafieh
293325
OK: 1
OK: 1

-------------------------

New transfer from Badaro to Ashrafieh
323975
OK: 1
OK: 1

-------------------------

New transfer from Badaro to Sin el Fil
775532
OK: 1
OK: 1

-------------------------

New transfer from Badaro to Sin el Fil
806062
OK: 1
OK: 1

-------------------------

New transfer from Badaro to abdulwahab elnklizi
336540
OK: 1
OK: 1

-------------------------

New transfer from Sin el Fil to Badaro
425487
OK: 1
OK: 1

-------------------------

