New transfer from archive to Badaro
720812
OK: 1
OK: 1

-------------------------

New transfer from archive to abdulwahab elnklizi
224089
OK: 1
OK: 1

-------------------------

New transfer from archive to abdulwahab elnklizi
621820
OK: 1
OK: 1

-------------------------

New transfer from archive to Sin el Fil
183212
OK: 1
OK: 1

-------------------------

New transfer from archive to Ashrafieh
885263
OK: 1
OK: 1

-------------------------

New transfer from Badaro to Ashrafieh
914044
OK: 1
OK: 1

-------------------------

