New transfer from Sin el Fil to Ashrafieh
241080
OK: 1
OK: 1

-------------------------

New transfer from abdulwahab elnklizi to Main Sin el Fil
392464
OK: 1
OK: 1

-------------------------

New transfer from archive to abdulwahab elnklizi
166194
OK: 1
OK: 1

-------------------------

New transfer from archive to Badaro
200165
OK: 1
OK: 1

-------------------------

New transfer from archive to Ashrafieh
414313
OK: 1
OK: 1

-------------------------

New transfer from archive to Sin el Fil
246856
OK: 1
OK: 1

-------------------------

New transfer from archive to Ashrafieh
405755
OK: 1
OK: 1

-------------------------

New transfer from archive to Sin el Fil
126148
OK: 1
OK: 1

-------------------------

