New transfer from Sin el Fil to Main Sin el Fil
545091
OK: 1
OK: 1

-------------------------

New transfer from archive to Sin el Fil
126933
OK: 1
OK: 1

-------------------------

New transfer from archive to Sin el Fil
541374
OK: 1
OK: 1

-------------------------

New transfer from archive to Ashrafieh
461551
OK: 1
OK: 1

-------------------------

New transfer from archive to Badaro
240379
OK: 1
OK: 1

-------------------------

New transfer from archive to Ashrafieh
121195
OK: 1
OK: 1

-------------------------

New transfer from archive to Sin el Fil
791666
OK: 1
OK: 1

-------------------------

New transfer from Sin el Fil to Ashrafieh
401217
OK: 1
OK: 1

-------------------------

