New transfer from archive to Ashrafieh
448344
OK: 1
OK: 1

-------------------------

New transfer from archive to Sin el Fil
466339
OK: 1
OK: 1

-------------------------

New transfer from archive to abdulwahab elnklizi
467798
OK: 1
OK: 1

-------------------------

New transfer from archive to Badaro
687992
OK: 1
OK: 1

-------------------------

New transfer from Sin el Fil to Ashrafieh
140127
OK: 1
OK: 1

-------------------------

New transfer from Ashrafieh to Sin el Fil
191147
OK: 1
OK: 1

-------------------------

New transfer from Ashrafieh to Sin el Fil
158610
OK: 1
OK: 1

-------------------------

