New transfer from Badaro to Ashrafieh
533797
OK: 1
OK: 1

-------------------------

New transfer from Ashrafieh to Sin el Fil
365306
OK: 1
OK: 1

-------------------------

New transfer from archive to Ashrafieh
878020
OK: 1
OK: 1

-------------------------

New transfer from archive to Sin el Fil
329246
OK: 1
OK: 1

-------------------------

New transfer from archive to Badaro
619049
OK: 1
OK: 1

-------------------------

New transfer from Ashrafieh to Sin el Fil
625877
OK: 1
OK: 1

-------------------------

New transfer from Ashrafieh to Tayouneh
165388
OK: 1
OK: 1

-------------------------

