New transfer from Sin el Fil to Main Sin el Fil
650957
OK: 1
OK: 1

-------------------------

New transfer from archive to Ashrafieh
344230
OK: 1
OK: 1

-------------------------

New transfer from archive to Sin el Fil
536251
OK: 1
OK: 1

-------------------------

New transfer from archive to Sin el Fil
886034
OK: 1
OK: 1

-------------------------

New transfer from Sin el Fil to Ashrafieh
541480
OK: 1
OK: 1

-------------------------

New transfer from Ashrafieh to Sin el Fil
631859
OK: 1
OK: 1

-------------------------

