New transfer from Badaro to Sin el Fil
297634
OK: 1
OK: 1

-------------------------

New transfer from abdulwahab elnklizi to Main Sin el Fil
680042
OK: 1
OK: 1

-------------------------

New transfer from Main Sin el Fil to Sin el Fil
319010
OK: 1
OK: 1

-------------------------

New transfer from Sin el Fil to abdulwahab elnklizi
626711
OK: 1
OK: 1

-------------------------

New transfer from Ashrafieh to Sin el Fil
902011
OK: 1
OK: 1

-------------------------

New transfer from Main Sin el Fil to Ashrafieh
426152
OK: 1
OK: 1

-------------------------

New transfer from Main Sin el Fil to Sin el Fil
460021
OK: 1
OK: 1

-------------------------

New transfer from Sin el Fil to Ashrafieh
628562
OK: 1
OK: 1

-------------------------

