New transfer from Ashrafieh to Sin el Fil
849946
OK: 1
OK: 1

-------------------------

New transfer from Main Sin el Fil to Sin el Fil
167504
OK: 1
OK: 1

-------------------------

New transfer from Main Sin el Fil to Sin el Fil
602691
OK: 1
OK: 1

-------------------------

New transfer from archive to Ashrafieh
477161
OK: 1
OK: 1

-------------------------

New transfer from archive to Badaro
954197
OK: 1
OK: 1

-------------------------

New transfer from archive to Sin el Fil
334319
OK: 1
OK: 1

-------------------------

New transfer from archive to Tayouneh
331519
OK: 1
OK: 1

-------------------------

New transfer from Ashrafieh to Sin el Fil
585012
OK: 1
OK: 1

-------------------------

New transfer from Sin el Fil to Tayouneh
399542
OK: 1
OK: 1

-------------------------

New transfer from Tayouneh to Sin el Fil
658116
OK: 1
OK: 1

-------------------------

New transfer from Sin el Fil to Tayouneh
526647
OK: 1
OK: 1

-------------------------

