New transfer from archive to Tayouneh
962183
OK: 1
OK: 1

-------------------------

New transfer from archive to Sin el Fil
344278
OK: 1
OK: 1

-------------------------

New transfer from archive to Ashrafieh
385616
OK: 1
OK: 1

-------------------------

New transfer from Sin el Fil to Main Sin el Fil
870097
OK: 1
OK: 1

-------------------------

New transfer from archive to Badaro
484324
OK: 1
OK: 1

-------------------------

New transfer from archive to Sin el Fil
972994
OK: 1
OK: 1

-------------------------

New transfer from archive to Ashrafieh
676954
OK: 1
OK: 1

-------------------------

