New transfer from Badaro to abdulwahab elnklizi
482553
OK: 1
OK: 1

-------------------------

New transfer from Ashrafieh to Sin el Fil
795052
OK: 1
OK: 1

-------------------------

New transfer from Sin el Fil to Badaro
868466
OK: 1
OK: 1

-------------------------

New transfer from Sin el Fil to Ashrafieh
344702
OK: 1
OK: 1

-------------------------

New transfer from archive to Sin el Fil
707968
OK: 1
OK: 1

-------------------------

New transfer from archive to Ashrafieh
560269
OK: 1
OK: 1

-------------------------

New transfer from archive to Badaro
877959
OK: 1
OK: 1

-------------------------

New transfer from archive to abdulwahab elnklizi
749145
OK: 1
OK: 1

-------------------------

New transfer from Main Sin el Fil to Sin el Fil
673830
OK: 1
OK: 1

-------------------------

New transfer from Main Sin el Fil to Ashrafieh
951367
OK: 1
OK: 1

-------------------------

New transfer from archive to Sin el Fil
291499
OK: 1
OK: 1

-------------------------

New transfer from archive to Badaro
796985
OK: 1
OK: 1

-------------------------

New transfer from archive to Ashrafieh
971761
OK: 1
OK: 1

-------------------------

New transfer from Sin el Fil to Main Sin el Fil
706201
OK: 1
OK: 1

-------------------------

