New transfer from Sin el Fil to Ashrafieh
782072
OK: 1
OK: 1

-------------------------

New transfer from archive to Ashrafieh
401313
OK: 1
OK: 1

-------------------------

New transfer from archive to Sin el Fil
149499
OK: 1
OK: 1

-------------------------

New transfer from archive to Badaro
810589
OK: 1
OK: 1

-------------------------

New transfer from archive to Sin el Fil
675449
OK: 1
OK: 1

-------------------------

New transfer from archive to Ashrafieh
485470
OK: 1
OK: 1

-------------------------

New transfer from archive to Badaro
627751
OK: 1
OK: 1

-------------------------

New transfer from archive to Sin el Fil
514092
OK: 1
OK: 1

-------------------------

New transfer from archive to Ashrafieh
235445
OK: 1
OK: 1

-------------------------

New transfer from archive to Badaro
381841
OK: 1
OK: 1

-------------------------

New transfer from Sin el Fil to Badaro
615453
OK: 1
OK: 1

-------------------------

New transfer from Ashrafieh to Sin el Fil
823488
OK: 1
OK: 1

-------------------------

New transfer from archive to Ashrafieh
715149
OK: 1
OK: 1

-------------------------

New transfer from archive to Badaro
624886
OK: 1
OK: 1

-------------------------

New transfer from archive to Sin el Fil
982085
OK: 1
OK: 1

-------------------------

New transfer from Sin el Fil to Ashrafieh
910425
OK: 1
OK: 1

-------------------------

New transfer from Ashrafieh to Sin el Fil
359594
OK: 1
OK: 1

-------------------------

