New transfer from Badaro to Tayouneh
358979
OK: 1
OK: 1

-------------------------

New transfer from Main Sin el Fil to Sin el Fil
419588
OK: 1
OK: 1

-------------------------

New transfer from Main Sin el Fil to Sin el Fil
643285
OK: 1
OK: 1

-------------------------

New transfer from Main Sin el Fil to Sin el Fil
318052
OK: 1
OK: 1

-------------------------

New transfer from Sin el Fil to Tayouneh
181736
OK: 1
OK: 1

-------------------------

New transfer from Sin el Fil to Ashrafieh
856000
OK: 1
OK: 1

-------------------------

New transfer from Ashrafieh to Badaro
969046
OK: 1
OK: 1

-------------------------

New transfer from archive to Ashrafieh
456801
OK: 1
OK: 1

-------------------------

New transfer from archive to Sin el Fil
204423
OK: 1
OK: 1

-------------------------

New transfer from archive to Badaro
392168
OK: 1
OK: 1

-------------------------

New transfer from Ashrafieh to Tayouneh
430416
OK: 1
OK: 1

-------------------------

New transfer from Sin el Fil to Badaro
870464
OK: 1
OK: 1

-------------------------

