New transfer from Ashrafieh to Sin el Fil
588890
OK: 1
OK: 1

-------------------------

New transfer from archive to Sin el Fil
599744
OK: 1
OK: 1

-------------------------

New transfer from archive to Ashrafieh
812804
OK: 1
OK: 1

-------------------------

New transfer from archive to Badaro
770185
OK: 1
OK: 1

-------------------------

New transfer from Badaro to Sin el Fil
191576
OK: 1
OK: 1

-------------------------

New transfer from Badaro to abdulwahab elnklizi
157892
OK: 1
OK: 1

-------------------------

New transfer from Sin el Fil to Badaro
696140
OK: 1
OK: 1

-------------------------

New transfer from Ashrafieh to abdulwahab elnklizi
909892
OK: 1
OK: 1

-------------------------

New transfer from Sin el Fil to Ashrafieh
699943
OK: 1
OK: 1

-------------------------

New transfer from Sin el Fil to abdulwahab elnklizi
443907
OK: 1
OK: 1

-------------------------

New transfer from Sin el Fil to Main Sin el Fil
167970
OK: 1
OK: 1

-------------------------

New transfer from archive to Sin el Fil
899810
OK: 1
OK: 1

-------------------------

