New transfer from Ashrafieh to Badaro
796657
OK: 1
OK: 1

-------------------------

New transfer from archive to Sin el Fil
760306
OK: 1
OK: 1

-------------------------

New transfer from archive to Badaro
217448
OK: 1
OK: 1

-------------------------

New transfer from archive to Ashrafieh
673864
OK: 1
OK: 1

-------------------------

New transfer from archive to Tayouneh
452408
OK: 1
OK: 1

-------------------------

New transfer from archive to Sin el Fil
919382
OK: 1
OK: 1

-------------------------

New transfer from archive to Sin el Fil
892618
OK: 1
OK: 1

-------------------------

New transfer from archive to Badaro
111294
OK: 1
OK: 1

-------------------------

New transfer from archive to Ashrafieh
602318
OK: 1
OK: 1

-------------------------

New transfer from archive to Ashrafieh
353186
OK: 1
OK: 1

-------------------------

New transfer from archive to Sin el Fil
980232
OK: 1
OK: 1

-------------------------

New transfer from archive to Badaro
520578
OK: 1
OK: 1

-------------------------

New transfer from Ashrafieh to Badaro
369366
OK: 1
OK: 1

-------------------------

New transfer from Ashrafieh to Sin el Fil
422273
OK: 1
OK: 1

-------------------------

