<SMS>
    		<authentification>
    			<username>AliHabib</username>
    			<password>Ali@2020$</password>
    		</authentification>
    		<message>
    			<sender>Pet 2nd Home</sender>
    			<text>New transfer from Sin el Fil to Ashrafieh
496654</text>
    			</message>
    			<recipients>
    			<gsm messageId="496654">96171452313</gsm>
    			    <gsm messageId="496654">9613966125</gsm>
    		</recipients>
    	</SMS>
<RESPONSE><status>2</status><credits>122.7000</credits></RESPONSE>
-------------------------

<SMS>
    		<authentification>
    			<username>AliHabib</username>
    			<password>Ali@2020$</password>
    		</authentification>
    		<message>
    			<sender>Pet 2nd Home</sender>
    			<text>New transfer from Badaro to Sin el Fil
904288</text>
    			</message>
    			<recipients>
    			<gsm messageId="904288">96176749789</gsm>
    			    <gsm messageId="904288">9613966125</gsm>
    		</recipients>
    	</SMS>
<RESPONSE><status>2</status><credits>116.9000</credits></RESPONSE>
-------------------------

