New transfer from Sin el Fil to Badaro
365572
OK: 1
OK: 1

-------------------------

New transfer from Sin el Fil to Tayouneh
356642
OK: 1
OK: 1

-------------------------

New transfer from Badaro to Ashrafieh
383578
OK: 1
OK: 1

-------------------------

New transfer from Sin el Fil to Ashrafieh
557424
OK: 1
OK: 1

-------------------------

New transfer from archive to Badaro
817688
OK: 1
OK: 1

-------------------------

New transfer from archive to Sin el Fil
837428
OK: 1
OK: 1

-------------------------

New transfer from archive to Ashrafieh
714898
OK: 1
OK: 1

-------------------------

New transfer from archive to Ashrafieh
532109
OK: 1
OK: 1

-------------------------

New transfer from Ashrafieh to Sin el Fil
774318
OK: 1
OK: 1

-------------------------

New transfer from archive to Ashrafieh
640571
OK: 1
OK: 1

-------------------------

New transfer from archive to Badaro
429586
OK: 1
OK: 1

-------------------------

New transfer from archive to Sin el Fil
994945
OK: 1
OK: 1

-------------------------

