New transfer from Badaro to Ashrafieh
351127
OK: 1
OK: 1

-------------------------

New transfer from Badaro to Sin el Fil
104465
OK: 1
OK: 1

-------------------------

New transfer from Badaro to Ashrafieh
724709
OK: 1
OK: 1

-------------------------

New transfer from archive to Badaro
482195
OK: 1
OK: 1

-------------------------

New transfer from archive to Badaro
369434
OK: 1
OK: 1

-------------------------

New transfer from archive to Tayouneh
415593
OK: 1
OK: 1

-------------------------

New transfer from archive to Ashrafieh
737088
OK: 1
OK: 1

-------------------------

New transfer from archive to Sin el Fil
893456
OK: 1
OK: 1

-------------------------

New transfer from archive to Ashrafieh
621160
OK: 1
OK: 1

-------------------------

New transfer from archive to Badaro
281532
OK: 1
OK: 1

-------------------------

New transfer from archive to Sin el Fil
487834
OK: 1
OK: 1

-------------------------

New transfer from Ashrafieh to Sin el Fil
820108
OK: 1
OK: 1

-------------------------

