New transfer from abdulwahab elnklizi to Ashrafieh
573848
ERR: Not enough credit
ERR: Not enough credit

-------------------------

New transfer from archive to Sin el Fil
270173
ERR: Not enough credit
ERR: Not enough credit

-------------------------

New transfer from archive to Ashrafieh
806017
ERR: Not enough credit
ERR: Not enough credit

-------------------------

New transfer from archive to abdulwahab elnklizi
683743
ERR: Not enough credit
ERR: Not enough credit

-------------------------

New transfer from archive to Badaro
282096
ERR: Not enough credit
ERR: Not enough credit

-------------------------

New transfer from archive to Sin el Fil
541692
ERR: Not enough credit
ERR: Not enough credit

-------------------------

New transfer from archive to Sin el Fil
473015
ERR: Not enough credit
ERR: Not enough credit

-------------------------

New transfer from archive to Ashrafieh
897081
ERR: Not enough credit
ERR: Not enough credit

-------------------------

New transfer from archive to abdulwahab elnklizi
129148
ERR: Not enough credit
ERR: Not enough credit

-------------------------

New transfer from Sin el Fil to Ashrafieh
104220
ERR: Not enough credit
ERR: Not enough credit

-------------------------

New transfer from abdulwahab elnklizi to Sin el Fil
784993
ERR: Not enough credit
ERR: Not enough credit

-------------------------

New transfer from abdulwahab elnklizi to Ashrafieh
547047
ERR: Not enough credit
ERR: Not enough credit

-------------------------

New transfer from Sin el Fil to Main Sin el Fil
671209
ERR: Not enough credit
ERR: Not enough credit

-------------------------

New transfer from archive to Sin el Fil
986562
ERR: Not enough credit
ERR: Not enough credit

-------------------------

New transfer from archive to abdulwahab elnklizi
730867
ERR: Not enough credit
ERR: Not enough credit

-------------------------

New transfer from archive to Ashrafieh
934088
ERR: Not enough credit
ERR: Not enough credit

-------------------------

New transfer from archive to Badaro
394527
ERR: Not enough credit
ERR: Not enough credit

-------------------------

New transfer from Main Sin el Fil to archive
408417
ERR: Not enough credit
ERR: Not enough credit

-------------------------

New transfer from archive to Sin el Fil
738112
ERR: Not enough credit
ERR: Not enough credit

-------------------------

New transfer from archive to Ashrafieh
401485
ERR: Not enough credit
ERR: Not enough credit

-------------------------

New transfer from archive to Badaro
292243
ERR: Not enough credit
ERR: Not enough credit

-------------------------

New transfer from Sin el Fil to Ashrafieh
979314
ERR: Not enough credit
ERR: Not enough credit

-------------------------

New transfer from Main Sin el Fil to archive
104869
ERR: Not enough credit
ERR: Not enough credit

-------------------------

New transfer from archive to Sin el Fil
227273
ERR: Not enough credit
ERR: Not enough credit

-------------------------

New transfer from archive to Ashrafieh
189946
ERR: Not enough credit
ERR: Not enough credit

-------------------------

New transfer from Badaro to abdulwahab elnklizi
791165
ERR: Not enough credit
ERR: Not enough credit

-------------------------

New transfer from Main Sin el Fil to Ashrafieh
143774
ERR: Not enough credit
ERR: Not enough credit

-------------------------

New transfer from Sin el Fil to Badaro
584380
ERR: Not enough credit
ERR: Not enough credit

-------------------------

