<SMS>
    		<authentification>
    			<username>AliHabib</username>
    			<password>Ali@2020$</password>
    		</authentification>
    		<message>
    			<sender>Pet 2nd Home</sender>
    			<text>New transfer from Badaro to Sin el Fil
172752</text>
    			</message>
    			<recipients>
    			<gsm messageId="172752">96176749789</gsm>
    			    <gsm messageId="172752">9613966125</gsm>
    		</recipients>
    	</SMS>
<RESPONSE><status>2</status><credits>2663.1000</credits></RESPONSE>
-------------------------

<SMS>
    		<authentification>
    			<username>AliHabib</username>
    			<password>Ali@2020$</password>
    		</authentification>
    		<message>
    			<sender>Pet 2nd Home</sender>
    			<text>New transfer from Sin el Fil to Badaro
897413</text>
    			</message>
    			<recipients>
    			<gsm messageId="897413">96171386906</gsm>
    			    <gsm messageId="897413">9613966125</gsm>
    		</recipients>
    	</SMS>
<RESPONSE><status>2</status><credits>2657.3000</credits></RESPONSE>
-------------------------

<SMS>
    		<authentification>
    			<username>AliHabib</username>
    			<password>Ali@2020$</password>
    		</authentification>
    		<message>
    			<sender>Pet 2nd Home</sender>
    			<text>New transfer from Badaro to Sin el Fil
611187</text>
    			</message>
    			<recipients>
    			<gsm messageId="611187">96176749789</gsm>
    			    <gsm messageId="611187">9613966125</gsm>
    		</recipients>
    	</SMS>
<RESPONSE><status>2</status><credits>2651.5000</credits></RESPONSE>
-------------------------

<SMS>
    		<authentification>
    			<username>AliHabib</username>
    			<password>Ali@2020$</password>
    		</authentification>
    		<message>
    			<sender>Pet 2nd Home</sender>
    			<text>New transfer from Badaro to Tayouneh
244482</text>
    			</message>
    			<recipients>
    			<gsm messageId="244482">96176015488</gsm>
    			    <gsm messageId="244482">9613966125</gsm>
    		</recipients>
    	</SMS>
<RESPONSE><status>2</status><credits>2645.7000</credits></RESPONSE>
-------------------------

<SMS>
    		<authentification>
    			<username>AliHabib</username>
    			<password>Ali@2020$</password>
    		</authentification>
    		<message>
    			<sender>Pet 2nd Home</sender>
    			<text>New transfer from Badaro to Ashrafieh
251228</text>
    			</message>
    			<recipients>
    			<gsm messageId="251228">96171452313</gsm>
    			    <gsm messageId="251228">9613966125</gsm>
    		</recipients>
    	</SMS>
<RESPONSE><status>2</status><credits>2639.9000</credits></RESPONSE>
-------------------------

<SMS>
    		<authentification>
    			<username>AliHabib</username>
    			<password>Ali@2020$</password>
    		</authentification>
    		<message>
    			<sender>Pet 2nd Home</sender>
    			<text>New transfer from Badaro to Tayouneh
505995</text>
    			</message>
    			<recipients>
    			<gsm messageId="505995">96176015488</gsm>
    			    <gsm messageId="505995">9613966125</gsm>
    		</recipients>
    	</SMS>
<RESPONSE><status>2</status><credits>2634.1000</credits></RESPONSE>
-------------------------

