New transfer from Ashrafieh to Badaro
662031
OK: 1
OK: 1

-------------------------

New transfer from archive to Badaro
940717
OK: 1
OK: 1

-------------------------

New transfer from archive to Ashrafieh
984050
OK: 1
OK: 1

-------------------------

New transfer from Badaro to Tayouneh
888852
OK: 1
OK: 1

-------------------------

New transfer from Badaro to Ashrafieh
286648
OK: 1
OK: 1

-------------------------

New transfer from Badaro to Ashrafieh
984476
OK: 1
OK: 1

-------------------------

New transfer from Sin el Fil to Ashrafieh
568984
OK: 1
OK: 1

-------------------------

New transfer from archive to Ashrafieh
526499
OK: 1
OK: 1

-------------------------

New transfer from archive to Sin el Fil
890150
OK: 1
OK: 1

-------------------------

New transfer from archive to Sin el Fil
952551
OK: 1
OK: 1

-------------------------

New transfer from archive to Badaro
639752
OK: 1
OK: 1

-------------------------

New transfer from archive to Badaro
303820
OK: 1
OK: 1

-------------------------

New transfer from archive to Tayouneh
114530
OK: 1
OK: 1

-------------------------

New transfer from Sin el Fil to Ashrafieh
636561
OK: 1
OK: 1

-------------------------

New transfer from Main Sin el Fil to Ashrafieh
456084
OK: 1
OK: 1

-------------------------

