New transfer from Badaro to abdulwahab elnklizi
457180
OK: 1
OK: 1

-------------------------

New transfer from Sin el Fil to Badaro
135545
OK: 1
OK: 1

-------------------------

New transfer from Badaro to Sin el Fil
536924
OK: 1
OK: 1

-------------------------

New transfer from archive to Ashrafieh
615119
OK: 1
OK: 1

-------------------------

New transfer from archive to Sin el Fil
508445
OK: 1
OK: 1

-------------------------

New transfer from Sin el Fil to Badaro
836760
OK: 1
OK: 1

-------------------------

New transfer from Badaro to Ashrafieh
660698
OK: 1
OK: 1

-------------------------

New transfer from abdulwahab elnklizi to Ashrafieh
920309
OK: 1
OK: 1

-------------------------

New transfer from Sin el Fil to Ashrafieh
872922
OK: 1
OK: 1

-------------------------

New transfer from Sin el Fil to Badaro
344304
OK: 1
OK: 1

-------------------------

