New transfer from Sin el Fil to Badaro
926087
OK: 1
OK: 1

-------------------------

New transfer from archive to Ashrafieh
849436
OK: 1
OK: 1

-------------------------

New transfer from archive to Badaro
977295
OK: 1
OK: 1

-------------------------

New transfer from archive to abdulwahab elnklizi
968307
OK: 1
OK: 1

-------------------------

New transfer from archive to Sin el Fil
855499
OK: 1
OK: 1

-------------------------

New transfer from Ashrafieh to abdulwahab elnklizi
574486
OK: 1
OK: 1

-------------------------

New transfer from abdulwahab elnklizi to Ashrafieh
434245
OK: 1
OK: 1

-------------------------

