New transfer from Sin el Fil to Badaro
113687
OK: 1
OK: 1

-------------------------

New transfer from archive to Badaro
630851
OK: 1
OK: 1

-------------------------

New transfer from archive to Sin el Fil
789838
OK: 1
OK: 1

-------------------------

New transfer from archive to Ashrafieh
463190
OK: 1
OK: 1

-------------------------

New transfer from archive to Badaro
337883
OK: 1
OK: 1

-------------------------

New transfer from archive to abdulwahab elnklizi
850998
OK: 1
OK: 1

-------------------------

New transfer from archive to Ashrafieh
449151
OK: 1
OK: 1

-------------------------

New transfer from archive to Sin el Fil
837066
OK: 1
OK: 1

-------------------------

New transfer from archive to Badaro
432401
OK: 1
OK: 1

-------------------------

New transfer from archive to abdulwahab elnklizi
280437
OK: 1
OK: 1

-------------------------

New transfer from Sin el Fil to abdulwahab elnklizi
439969
OK: 1
OK: 1

-------------------------

New transfer from Ashrafieh to Sin el Fil
962960
OK: 1
OK: 1

-------------------------

New transfer from Ashrafieh to abdulwahab elnklizi
607105
OK: 1
OK: 1

-------------------------

