New transfer from Sin el Fil to Ashrafieh
922447
OK: 1
OK: 1

-------------------------

New transfer from Sin el Fil to Ashrafieh
517949
OK: 1
OK: 1

-------------------------

New transfer from Sin el Fil to Ashrafieh
778747
OK: 1
OK: 1

-------------------------

New transfer from Sin el Fil to Ashrafieh
235556
OK: 1
OK: 1

-------------------------

New transfer from Badaro to Tayouneh
409859
OK: 1
OK: 1

-------------------------

New transfer from Badaro to Tayouneh
811784
OK: 1
OK: 1

-------------------------

New transfer from Sin el Fil to Ashrafieh
779150
OK: 1
OK: 1

-------------------------

New transfer from Ashrafieh to Tayouneh
136249
OK: 1
OK: 1

-------------------------

