New transfer from archive to Ashrafieh
345149
OK: 1
OK: 1

-------------------------

New transfer from archive to Sin el Fil
421712
OK: 1
OK: 1

-------------------------

New transfer from archive to abdulwahab elnklizi
170639
OK: 1
OK: 1

-------------------------

New transfer from archive to Badaro
591430
OK: 1
OK: 1

-------------------------

New transfer from archive to Sin el Fil
355126
OK: 1
OK: 1

-------------------------

New transfer from archive to abdulwahab elnklizi
587464
OK: 1
OK: 1

-------------------------

New transfer from Ashrafieh to Badaro
420341
OK: 1
OK: 1

-------------------------

