New transfer from Badaro to Ashrafieh
725586
OK: 1
OK: 1

-------------------------

New transfer from Sin el Fil to Ashrafieh
102913
OK: 1
OK: 1

-------------------------

New transfer from archive to Badaro
473027
OK: 1
OK: 1

-------------------------

New transfer from archive to Sin el Fil
702527
OK: 1
OK: 1

-------------------------

New transfer from archive to Ashrafieh
370516
OK: 1
OK: 1

-------------------------

New transfer from archive to Tayouneh
637968
OK: 1
OK: 1

-------------------------

New transfer from archive to Main Sin el Fil
187186
OK: 1
OK: 1

-------------------------

New transfer from archive to Sin el Fil
151915
OK: 1
OK: 1

-------------------------

