New transfer from Sin el Fil to Ashrafieh
971363
OK: 1
OK: 1

-------------------------

New transfer from abdulwahab elnklizi to Ashrafieh
952012
OK: 1
OK: 1

-------------------------

New transfer from Sin el Fil to Badaro
735975
OK: 1
OK: 1

-------------------------

New transfer from Main Sin el Fil to Sin el Fil
176589
OK: 1
OK: 1

-------------------------

New transfer from Main Sin el Fil to Ashrafieh
120950
OK: 1
OK: 1

-------------------------

New transfer from Sin el Fil to Ashrafieh
700094
OK: 1
OK: 1

-------------------------

New transfer from archive to Badaro
294584
OK: 1
OK: 1

-------------------------

New transfer from archive to Sin el Fil
539780
OK: 1
OK: 1

-------------------------

New transfer from archive to Ashrafieh
915437
OK: 1
OK: 1

-------------------------

New transfer from archive to Ashrafieh
629848
OK: 1
OK: 1

-------------------------

New transfer from archive to abdulwahab elnklizi
779705
OK: 1
OK: 1

-------------------------

New transfer from archive to Badaro
908551
OK: 1
OK: 1

-------------------------

New transfer from archive to Sin el Fil
322184
OK: 1
OK: 1

-------------------------

New transfer from archive to Sin el Fil
846654
OK: 1
OK: 1

-------------------------

New transfer from archive to abdulwahab elnklizi
883204
OK: 1
OK: 1

-------------------------

New transfer from archive to Sin el Fil
958094
OK: 1
OK: 1

-------------------------

New transfer from archive to Ashrafieh
959462
OK: 1
OK: 1

-------------------------

