New transfer from Sin el Fil to Ashrafieh
119694
OK: 1
OK: 1

-------------------------

New transfer from Sin el Fil to abdulwahab elnklizi
720758
OK: 1
OK: 1

-------------------------

New transfer from Sin el Fil to Ashrafieh
954616
OK: 1
OK: 1

-------------------------

New transfer from Sin el Fil to Ashrafieh
395478
OK: 1
OK: 1

-------------------------

New transfer from archive to Ashrafieh
155144
OK: 1
OK: 1

-------------------------

New transfer from archive to Sin el Fil
901425
OK: 1
OK: 1

-------------------------

New transfer from archive to abdulwahab elnklizi
802927
OK: 1
OK: 1

-------------------------

New transfer from archive to Badaro
476794
OK: 1
OK: 1

-------------------------

New transfer from Sin el Fil to Ashrafieh
270462
OK: 1
OK: 1

-------------------------

New transfer from Sin el Fil to Ashrafieh
184198
OK: 1
OK: 1

-------------------------

