New transfer from Badaro to Sin el Fil
144216
OK: 1
OK: 1

-------------------------

New transfer from Ashrafieh to Badaro
241175
OK: 1
OK: 1

-------------------------

New transfer from archive to Sin el Fil
821175
OK: 1
OK: 1

-------------------------

New transfer from archive to Ashrafieh
661351
OK: 1
OK: 1

-------------------------

New transfer from archive to Sin el Fil
597715
OK: 1
OK: 1

-------------------------

New transfer from archive to Sin el Fil
586067
OK: 1
OK: 1

-------------------------

New transfer from Badaro to Ashrafieh
114444
OK: 1
OK: 1

-------------------------

New transfer from Badaro to Main Sin el Fil
367186
OK: 1
OK: 1

-------------------------

New transfer from archive to Ashrafieh
919304
OK: 1
OK: 1

-------------------------

New transfer from archive to Badaro
895777
OK: 1
OK: 1

-------------------------

New transfer from archive to Tayouneh
383772
OK: 1
OK: 1

-------------------------

New transfer from archive to Badaro
815499
OK: 1
OK: 1

-------------------------

New transfer from Sin el Fil to Ashrafieh
238614
OK: 1
OK: 1

-------------------------

