New transfer from Ashrafieh to Badaro
879620
OK: 1
OK: 1

-------------------------

New transfer from Badaro to Ashrafieh
892363
OK: 1
OK: 1

-------------------------

New transfer from Badaro to Tayouneh
996524
OK: 1
OK: 1

-------------------------

New transfer from Sin el Fil to Ashrafieh
900660
OK: 1
OK: 1

-------------------------

New transfer from archive to Ashrafieh
240089
OK: 1
OK: 1

-------------------------

New transfer from archive to Badaro
180738
OK: 1
OK: 1

-------------------------

New transfer from archive to Ashrafieh
493230
OK: 1
OK: 1

-------------------------

New transfer from archive to Badaro
485296
OK: 1
OK: 1

-------------------------

New transfer from archive to Sin el Fil
862269
OK: 1
OK: 1

-------------------------

New transfer from archive to Tayouneh
658797
OK: 1
OK: 1

-------------------------

New transfer from Ashrafieh to Sin el Fil
751362
OK: 1
OK: 1

-------------------------

New transfer from Badaro to Sin el Fil
503608
OK: 1
OK: 1

-------------------------

New transfer from archive to Ashrafieh
693429
OK: 1
OK: 1

-------------------------

New transfer from Badaro to Sin el Fil
145655
OK: 1
OK: 1

-------------------------

