<SMS>
    		<authentification>
    			<username>AliHabib</username>
    			<password>Ali@2020$</password>
    		</authentification>
    		<message>
    			<sender>Pet 2nd Home</sender>
    			<text>New transfer from Sin el Fil to Ashrafieh
867773</text>
    			</message>
    			<recipients>
    			<gsm messageId="867773">96171452313</gsm>
    			    <gsm messageId="867773">9613966125</gsm>
    		</recipients>
    	</SMS>
<RESPONSE><status>2</status><credits>1104.4000</credits></RESPONSE>
-------------------------

<SMS>
    		<authentification>
    			<username>AliHabib</username>
    			<password>Ali@2020$</password>
    		</authentification>
    		<message>
    			<sender>Pet 2nd Home</sender>
    			<text>New transfer from archive to Main Sin el Fil
746306</text>
    			</message>
    			<recipients>
    			<gsm messageId="746306">9613487198</gsm>
    			    <gsm messageId="746306">9613966125</gsm>
    		</recipients>
    	</SMS>
<RESPONSE><status>2</status><credits>1100.0000</credits></RESPONSE>
-------------------------

<SMS>
    		<authentification>
    			<username>AliHabib</username>
    			<password>Ali@2020$</password>
    		</authentification>
    		<message>
    			<sender>Pet 2nd Home</sender>
    			<text>New transfer from archive to Badaro
880075</text>
    			</message>
    			<recipients>
    			<gsm messageId="880075">96171386906</gsm>
    			    <gsm messageId="880075">9613966125</gsm>
    		</recipients>
    	</SMS>
<RESPONSE><status>2</status><credits>1095.6000</credits></RESPONSE>
-------------------------

<SMS>
    		<authentification>
    			<username>AliHabib</username>
    			<password>Ali@2020$</password>
    		</authentification>
    		<message>
    			<sender>Pet 2nd Home</sender>
    			<text>New transfer from archive to Sin el Fil
184924</text>
    			</message>
    			<recipients>
    			<gsm messageId="184924">96176749789</gsm>
    			    <gsm messageId="184924">9613966125</gsm>
    		</recipients>
    	</SMS>
<RESPONSE><status>2</status><credits>1091.2000</credits></RESPONSE>
-------------------------

<SMS>
    		<authentification>
    			<username>AliHabib</username>
    			<password>Ali@2020$</password>
    		</authentification>
    		<message>
    			<sender>Pet 2nd Home</sender>
    			<text>New transfer from archive to Tayouneh
381626</text>
    			</message>
    			<recipients>
    			<gsm messageId="381626">96176015488</gsm>
    			    <gsm messageId="381626">9613966125</gsm>
    		</recipients>
    	</SMS>
<RESPONSE><status>2</status><credits>1086.8000</credits></RESPONSE>
-------------------------

<SMS>
    		<authentification>
    			<username>AliHabib</username>
    			<password>Ali@2020$</password>
    		</authentification>
    		<message>
    			<sender>Pet 2nd Home</sender>
    			<text>New transfer from Main Sin el Fil to Ashrafieh
359554</text>
    			</message>
    			<recipients>
    			<gsm messageId="359554">96171452313</gsm>
    			    <gsm messageId="359554">9613966125</gsm>
    		</recipients>
    	</SMS>
<RESPONSE><status>2</status><credits>1082.4000</credits></RESPONSE>
-------------------------

