New transfer from archive to Badaro
238453
OK: 1
OK: 1

-------------------------

New transfer from archive to Tayouneh
732535
OK: 1
OK: 1

-------------------------

New transfer from archive to Sin el Fil
951660
OK: 1
OK: 1

-------------------------

New transfer from archive to Ashrafieh
595029
OK: 1
OK: 1

-------------------------

New transfer from Badaro to Sin el Fil
774609
OK: 1
OK: 1

-------------------------

New transfer from Badaro to Sin el Fil
885045
OK: 1
OK: 1

-------------------------

New transfer from Badaro to Sin el Fil
206114
OK: 1
OK: 1

-------------------------

New transfer from Badaro to Ashrafieh
672488
OK: 1
OK: 1

-------------------------

New transfer from Badaro to Tayouneh
461285
OK: 1
OK: 1

-------------------------

