New transfer from archive to Sin el Fil
250589
OK: 1
OK: 1

-------------------------

New transfer from archive to Ashrafieh
684990
OK: 1
OK: 1

-------------------------

New transfer from archive to Badaro
773950
OK: 1
OK: 1

-------------------------

New transfer from archive to Ashrafieh
738770
OK: 1
OK: 1

-------------------------

New transfer from archive to Sin el Fil
162087
OK: 1
OK: 1

-------------------------

New transfer from archive to Badaro
288510
OK: 1
OK: 1

-------------------------

New transfer from archive to Tayouneh
726768
OK: 1
OK: 1

-------------------------

New transfer from Badaro to Ashrafieh
502285
OK: 1
OK: 1

-------------------------

