New transfer from Sin el Fil to Badaro
948026
OK: 1
OK: 1

-------------------------

New transfer from archive to Sin el Fil
588381
OK: 1
OK: 1

-------------------------

New transfer from archive to Ashrafieh
967700
OK: 1
OK: 1

-------------------------

New transfer from archive to Badaro
235488
OK: 1
OK: 1

-------------------------

New transfer from archive to Tayouneh
865109
OK: 1
OK: 1

-------------------------

New transfer from archive to Sin el Fil
399228
OK: 1
OK: 1

-------------------------

