New transfer from Sin el Fil to Badaro
958481
OK: 1
OK: 1

-------------------------

New transfer from Sin el Fil to Badaro
137497
OK: 1
OK: 1

-------------------------

New transfer from archive to Badaro
436020
OK: 1
OK: 1

-------------------------

New transfer from archive to Badaro
398503
OK: 1
OK: 1

-------------------------

New transfer from archive to Sin el Fil
437042
OK: 1
OK: 1

-------------------------

New transfer from archive to Ashrafieh
379985
OK: 1
OK: 1

-------------------------

New transfer from archive to Badaro
539112
OK: 1
OK: 1

-------------------------

New transfer from Sin el Fil to Main Sin el Fil
757061
OK: 1
OK: 1

-------------------------

New transfer from Ashrafieh to Sin el Fil
434090
OK: 1
OK: 1

-------------------------

