New transfer from Sin el Fil to Badaro
731268
OK: 1
OK: 1

-------------------------

New transfer from archive to Sin el Fil
695876
OK: 1
OK: 1

-------------------------

New transfer from Sin el Fil to Badaro
747301
OK: 1
OK: 1

-------------------------

New transfer from Sin el Fil to Ashrafieh
652698
OK: 1
OK: 1

-------------------------

New transfer from Sin el Fil to abdulwahab elnklizi
667088
OK: 1
OK: 1

-------------------------

New transfer from Ashrafieh to abdulwahab elnklizi
294053
OK: 1
OK: 1

-------------------------

New transfer from archive to abdulwahab elnklizi
346302
OK: 1
OK: 1

-------------------------

