New transfer from Badaro to Tayouneh
374557
OK: 1
OK: 1

-------------------------

New transfer from archive to Ashrafieh
504652
OK: 1
OK: 1

-------------------------

New transfer from archive to Badaro
999132
OK: 1
OK: 1

-------------------------

New transfer from Badaro to Sin el Fil
246757
OK: 1
OK: 1

-------------------------

New transfer from archive to Ashrafieh
581763
OK: 1
OK: 1

-------------------------

New transfer from archive to Badaro
635974
OK: 1
OK: 1

-------------------------

New transfer from archive to Sin el Fil
544623
OK: 1
OK: 1

-------------------------

New transfer from archive to Tayouneh
200804
OK: 1
OK: 1

-------------------------

New transfer from Sin el Fil to Ashrafieh
426770
OK: 1
OK: 1

-------------------------

New transfer from Sin el Fil to Tayouneh
332910
OK: 1
OK: 1

-------------------------

