New transfer from Badaro to Ashrafieh
522731
OK: 1
OK: 1

-------------------------

New transfer from Badaro to Sin el Fil
281731
OK: 1
OK: 1

-------------------------

New transfer from Badaro to Sin el Fil
423475
OK: 1
OK: 1

-------------------------

New transfer from Ashrafieh to Sin el Fil
524919
OK: 1
OK: 1

-------------------------

New transfer from archive to Ashrafieh
250646
OK: 1
OK: 1

-------------------------

New transfer from archive to Sin el Fil
609028
OK: 1
OK: 1

-------------------------

New transfer from archive to Badaro
118303
OK: 1
OK: 1

-------------------------

New transfer from archive to Sin el Fil
123866
OK: 1
OK: 1

-------------------------

New transfer from archive to Ashrafieh
807722
OK: 1
OK: 1

-------------------------

New transfer from archive to Badaro
471654
OK: 1
OK: 1

-------------------------

New transfer from archive to Sin el Fil
301823
OK: 1
OK: 1

-------------------------

New transfer from archive to Ashrafieh
701727
OK: 1
OK: 1

-------------------------

New transfer from archive to Main Sin el Fil
247380
OK: 1
OK: 1

-------------------------

New transfer from Main Sin el Fil to Badaro
683937
OK: 1
OK: 1

-------------------------

