New transfer from Badaro to Sin el Fil
358472
OK: 1
OK: 1

-------------------------

New transfer from archive to Sin el Fil
632726
OK: 1
OK: 1

-------------------------

New transfer from archive to Badaro
167403
OK: 1
OK: 1

-------------------------

New transfer from archive to Ashrafieh
237181
OK: 1
OK: 1

-------------------------

New transfer from archive to Badaro
357477
OK: 1
OK: 1

-------------------------

New transfer from archive to Sin el Fil
937213
OK: 1
OK: 1

-------------------------

New transfer from archive to Ashrafieh
947792
OK: 1
OK: 1

-------------------------

New transfer from Sin el Fil to Ashrafieh
908761
OK: 1
OK: 1

-------------------------

