New transfer from archive to Sin el Fil
377531
OK: 1
OK: 1

-------------------------

New transfer from archive to Ashrafieh
390516
OK: 1
OK: 1

-------------------------

New transfer from archive to Badaro
992782
OK: 1
OK: 1

-------------------------

New transfer from archive to Ashrafieh
988958
OK: 1
OK: 1

-------------------------

New transfer from archive to Sin el Fil
601055
OK: 1
OK: 1

-------------------------

New transfer from Sin el Fil to Badaro
410558
OK: 1
OK: 1

-------------------------

