New transfer from Tayouneh to Sin el Fil
567993
OK: 1
OK: 1

-------------------------

New transfer from Tayouneh to Sin el Fil
114227
OK: 1
OK: 1

-------------------------

New transfer from Tayouneh to Sin el Fil
724754
OK: 1
OK: 1

-------------------------

New transfer from Tayouneh to Sin el Fil
314497
OK: 1
OK: 1

-------------------------

New transfer from Tayouneh to Sin el Fil
432678
OK: 1
OK: 1

-------------------------

New transfer from Sin el Fil to Badaro
584609
OK: 1
OK: 1

-------------------------

