New transfer from Sin el Fil to Ashrafieh
249983
OK: 1
OK: 1

-------------------------

New transfer from archive to Ashrafieh
213972
OK: 1
OK: 1

-------------------------

New transfer from archive to Sin el Fil
821577
OK: 1
OK: 1

-------------------------

New transfer from archive to Badaro
349772
OK: 1
OK: 1

-------------------------

New transfer from Badaro to Ashrafieh
666508
OK: 1
OK: 1

-------------------------

New transfer from Sin el Fil to Ashrafieh
378727
OK: 1
OK: 1

-------------------------

New transfer from archive to Ashrafieh
234966
OK: 1
OK: 1

-------------------------

New transfer from archive to Sin el Fil
123440
OK: 1
OK: 1

-------------------------

New transfer from archive to Badaro
338965
OK: 1
OK: 1

-------------------------

New transfer from archive to Ashrafieh
345826
OK: 1
OK: 1

-------------------------

New transfer from archive to Sin el Fil
869333
OK: 1
OK: 1

-------------------------

New transfer from archive to Tayouneh
543833
OK: 1
OK: 1

-------------------------

