New transfer from archive to Tayouneh
841026
OK: 1
OK: 1

-------------------------

New transfer from archive to Sin el Fil
326077
OK: 1
OK: 1

-------------------------

New transfer from archive to Ashrafieh
252609
OK: 1
OK: 1

-------------------------

New transfer from archive to Badaro
976216
OK: 1
OK: 1

-------------------------

New transfer from archive to Badaro
888667
OK: 1
OK: 1

-------------------------

New transfer from archive to Ashrafieh
559871
OK: 1
OK: 1

-------------------------

New transfer from archive to Sin el Fil
950569
OK: 1
OK: 1

-------------------------

New transfer from archive to Badaro
701237
OK: 1
OK: 1

-------------------------

New transfer from archive to Ashrafieh
222086
OK: 1
OK: 1

-------------------------

New transfer from Sin el Fil to Ashrafieh
680202
OK: 1
OK: 1

-------------------------

New transfer from archive to Sin el Fil
627391
OK: 1
OK: 1

-------------------------

New transfer from archive to Badaro
189534
OK: 1
OK: 1

-------------------------

New transfer from Sin el Fil to Badaro
372310
OK: 1
OK: 1

-------------------------

