New transfer from archive to Sin el Fil
432598
OK: 1
OK: 1

-------------------------

New transfer from archive to Ashrafieh
799039
OK: 1
OK: 1

-------------------------

New transfer from archive to Badaro
973860
OK: 1
OK: 1

-------------------------

New transfer from archive to abdulwahab elnklizi
279972
OK: 1
OK: 1

-------------------------

New transfer from archive to Ashrafieh
109291
OK: 1
OK: 1

-------------------------

New transfer from Ashrafieh to Sin el Fil
780325
OK: 1
OK: 1

-------------------------

New transfer from abdulwahab elnklizi to Sin el Fil
294121
OK: 1
OK: 1

-------------------------

