New transfer from Sin el Fil to Ashrafieh
842001
OK: 1
OK: 1

-------------------------

New transfer from Sin el Fil to Main Sin el Fil
124944
OK: 1
OK: 1

-------------------------

New transfer from Sin el Fil to Ashrafieh
602837
OK: 1
OK: 1

-------------------------

New transfer from archive to Sin el Fil
827886
OK: 1
OK: 1

-------------------------

New transfer from archive to Ashrafieh
764224
OK: 1
OK: 1

-------------------------

New transfer from archive to Sin el Fil
907836
OK: 1
OK: 1

-------------------------

New transfer from archive to Ashrafieh
920799
OK: 1
OK: 1

-------------------------

New transfer from archive to abdulwahab elnklizi
346132
OK: 1
OK: 1

-------------------------

New transfer from archive to Badaro
820126
OK: 1
OK: 1

-------------------------

New transfer from Main Sin el Fil to Sin el Fil
512077
OK: 1
OK: 1

-------------------------

New transfer from Main Sin el Fil to Ashrafieh
840324
OK: 1
OK: 1

-------------------------

New transfer from Main Sin el Fil to abdulwahab elnklizi
125537
OK: 1
OK: 1

-------------------------

New transfer from Main Sin el Fil to Badaro
593865
OK: 1
OK: 1

-------------------------

New transfer from Sin el Fil to Ashrafieh
107538
OK: 1
OK: 1

-------------------------

