New transfer from archive to Ashrafieh
805278
OK: 1
OK: 1

-------------------------

New transfer from archive to Sin el Fil
597153
OK: 1
OK: 1

-------------------------

New transfer from archive to abdulwahab elnklizi
383105
OK: 1
OK: 1

-------------------------

New transfer from archive to Badaro
465737
OK: 1
OK: 1

-------------------------

New transfer from Ashrafieh to Badaro
213753
OK: 1
OK: 1

-------------------------

New transfer from Sin el Fil to Badaro
698926
OK: 1
OK: 1

-------------------------

New transfer from abdulwahab elnklizi to Badaro
562381
OK: 1
OK: 1

-------------------------

New transfer from Sin el Fil to abdulwahab elnklizi
789734
OK: 1
OK: 1

-------------------------

New transfer from Sin el Fil to Ashrafieh
244032
OK: 1
OK: 1

-------------------------

New transfer from Sin el Fil to abdulwahab elnklizi
946490
OK: 1
OK: 1

-------------------------

New transfer from Ashrafieh to abdulwahab elnklizi
503491
OK: 1
OK: 1

-------------------------

