New transfer from archive to Sin el Fil
707204
OK: 1
OK: 1

-------------------------

New transfer from archive to Ashrafieh
502589
OK: 1
OK: 1

-------------------------

New transfer from archive to abdulwahab elnklizi
240181
OK: 1
OK: 1

-------------------------

New transfer from archive to Sin el Fil
237678
OK: 1
OK: 1

-------------------------

New transfer from archive to Sin el Fil
239949
OK: 1
OK: 1

-------------------------

New transfer from archive to Badaro
178684
OK: 1
OK: 1

-------------------------

New transfer from archive to Ashrafieh
281339
OK: 1
OK: 1

-------------------------

New transfer from archive to Sin el Fil
161921
OK: 1
OK: 1

-------------------------

New transfer from archive to abdulwahab elnklizi
377987
OK: 1
OK: 1

-------------------------

New transfer from abdulwahab elnklizi to Ashrafieh
530097
OK: 1
OK: 1

-------------------------

