New transfer from Tayouneh to Ashrafieh
437278
OK: 1
OK: 1

-------------------------

New transfer from archive to Ashrafieh
140201
OK: 1
OK: 1

-------------------------

New transfer from archive to Sin el Fil
376284
OK: 1
OK: 1

-------------------------

New transfer from archive to Badaro
501454
OK: 1
OK: 1

-------------------------

New transfer from archive to Tayouneh
974642
OK: 1
OK: 1

-------------------------

New transfer from archive to Tayouneh
731038
OK: 1
OK: 1

-------------------------

New transfer from Ashrafieh to Badaro
615105
<P>Error: Unable to open database M</P><P>Error: Unable to open database H</P>ERR: Not authenticated

-------------------------

