New transfer from Ashrafieh to abdulwahab elnklizi
759161
OK: 1
OK: 1

-------------------------

New transfer from archive to Sin el Fil
295293
OK: 1
OK: 1

-------------------------

New transfer from abdulwahab elnklizi to Badaro
380547
OK: 1
OK: 1

-------------------------

New transfer from archive to Ashrafieh
535489
OK: 1
OK: 1

-------------------------

New transfer from archive to abdulwahab elnklizi
846445
OK: 1
OK: 1

-------------------------

New transfer from archive to Badaro
756370
OK: 1
OK: 1

-------------------------

New transfer from archive to Sin el Fil
410659
OK: 1
OK: 1

-------------------------

New transfer from Sin el Fil to Badaro
786489
OK: 1
OK: 1

-------------------------

New transfer from Sin el Fil to Ashrafieh
165934
OK: 1
OK: 1

-------------------------

