New transfer from Ashrafieh to abdulwahab elnklizi
152308
ERR: Not enough credit
ERR: Not enough credit

-------------------------

New transfer from archive to Badaro
392894
ERR: Not enough credit
ERR: Not enough credit

-------------------------

New transfer from archive to Sin el Fil
393224
ERR: Not enough credit
ERR: Not enough credit

-------------------------

New transfer from archive to Ashrafieh
968420
ERR: Not enough credit
ERR: Not enough credit

-------------------------

New transfer from archive to Badaro
565063
ERR: Not enough credit
ERR: Not enough credit

-------------------------

New transfer from archive to abdulwahab elnklizi
832827
ERR: Not enough credit
ERR: Not enough credit

-------------------------

New transfer from archive to Sin el Fil
696649
ERR: Not enough credit
ERR: Not enough credit

-------------------------

New transfer from archive to abdulwahab elnklizi
302661
ERR: Not enough credit
ERR: Not enough credit

-------------------------

New transfer from archive to Ashrafieh
904263
ERR: Not enough credit
ERR: Not enough credit

-------------------------

New transfer from archive to Sin el Fil
349009
ERR: Not enough credit
ERR: Not enough credit

-------------------------

New transfer from archive to Ashrafieh
834463
ERR: Not enough credit
ERR: Not enough credit

-------------------------

New transfer from archive to abdulwahab elnklizi
805345
ERR: Not enough credit
ERR: Not enough credit

-------------------------

New transfer from Ashrafieh to abdulwahab elnklizi
804653
ERR: Not enough credit
ERR: Not enough credit

-------------------------

New transfer from Sin el Fil to Main Sin el Fil
993444
ERR: Not enough credit
ERR: Not enough credit

-------------------------

New transfer from archive to abdulwahab elnklizi
252704
ERR: Not enough credit
ERR: Not enough credit

-------------------------

New transfer from archive to Ashrafieh
588305
ERR: Not enough credit
ERR: Not enough credit

-------------------------

New transfer from archive to Badaro
239988
ERR: Not enough credit
ERR: Not enough credit

-------------------------

New transfer from archive to Sin el Fil
263889
ERR: Not enough credit
ERR: Not enough credit

-------------------------

