New transfer from abdulwahab elnklizi to Sin el Fil
295034
OK: 1
OK: 1

-------------------------

New transfer from Sin el Fil to Ashrafieh
126475
OK: 1
OK: 1

-------------------------

New transfer from archive to Sin el Fil
345206
OK: 1
OK: 1

-------------------------

New transfer from archive to Ashrafieh
566222
OK: 1
OK: 1

-------------------------

New transfer from archive to Badaro
553195
OK: 1
OK: 1

-------------------------

New transfer from archive to abdulwahab elnklizi
865668
OK: 1
OK: 1

-------------------------

New transfer from abdulwahab elnklizi to Ashrafieh
294650
OK: 1
OK: 1

-------------------------

New transfer from abdulwahab elnklizi to Sin el Fil
368378
OK: 1
OK: 1

-------------------------

