New transfer from archive to Sin el Fil
823459
OK: 1
OK: 1

-------------------------

New transfer from archive to Ashrafieh
356708
OK: 1
OK: 1

-------------------------

New transfer from archive to Badaro
531236
OK: 1
OK: 1

-------------------------

New transfer from archive to abdulwahab elnklizi
408678
OK: 1
OK: 1

-------------------------

New transfer from archive to Sin el Fil
403685
OK: 1
OK: 1

-------------------------

New transfer from archive to Ashrafieh
208564
OK: 1
OK: 1

-------------------------

New transfer from archive to Badaro
437392
OK: 1
OK: 1

-------------------------

New transfer from archive to abdulwahab elnklizi
716579
OK: 1
OK: 1

-------------------------

New transfer from archive to Sin el Fil
651227
OK: 1
OK: 1

-------------------------

New transfer from archive to Ashrafieh
620376
OK: 1
OK: 1

-------------------------

New transfer from archive to Badaro
336107
OK: 1
OK: 1

-------------------------

New transfer from archive to Ashrafieh
240726
OK: 1
OK: 1

-------------------------

New transfer from archive to abdulwahab elnklizi
268830
OK: 1
OK: 1

-------------------------

New transfer from archive to Sin el Fil
389295
OK: 1
OK: 1

-------------------------

New transfer from archive to Ashrafieh
157578
OK: 1
OK: 1

-------------------------

