New transfer from Sin el Fil to Tayouneh
974023
OK: 1
OK: 1

-------------------------

New transfer from archive to Ashrafieh
350049
OK: 1
OK: 1

-------------------------

New transfer from archive to Sin el Fil
850006
OK: 1
OK: 1

-------------------------

New transfer from archive to Badaro
259111
OK: 1
OK: 1

-------------------------

New transfer from archive to Ashrafieh
588988
OK: 1
OK: 1

-------------------------

New transfer from archive to Badaro
886370
OK: 1
OK: 1

-------------------------

New transfer from archive to Sin el Fil
412167
OK: 1
OK: 1

-------------------------

New transfer from archive to Tayouneh
830684
OK: 1
OK: 1

-------------------------

