New transfer from Tayouneh to Sin el Fil
887457
OK: 1
OK: 1

-------------------------

New transfer from Sin el Fil to Ashrafieh
137429
OK: 1
OK: 1

-------------------------

New transfer from archive to Sin el Fil
583458
OK: 1
OK: 1

-------------------------

New transfer from archive to Ashrafieh
601507
OK: 1
OK: 1

-------------------------

New transfer from archive to Badaro
804156
OK: 1
OK: 1

-------------------------

New transfer from archive to Tayouneh
195534
OK: 1
OK: 1

-------------------------

New transfer from Sin el Fil to Badaro
599185
OK: 1
OK: 1

-------------------------

New transfer from Sin el Fil to Ashrafieh
659223
OK: 1
OK: 1

-------------------------

