<SMS>
    		<authentification>
    			<username>AliHabib</username>
    			<password>Ali@2020$</password>
    		</authentification>
    		<message>
    			<sender>Pet 2nd Home</sender>
    			<text>New transfer from Sin el Fil to Ashrafieh
950365</text>
    			</message>
    			<recipients>
    			<gsm messageId="950365">96171452313</gsm>
    			    <gsm messageId="950365">9613966125</gsm>
    		</recipients>
    	</SMS>
<RESPONSE><status>-1</status><credits>0.0000</credits></RESPONSE>
-------------------------

<SMS>
    		<authentification>
    			<username>AliHabib</username>
    			<password>Ali@2020$</password>
    		</authentification>
    		<message>
    			<sender>Pet 2nd Home</sender>
    			<text>New transfer from Badaro to Tayouneh
781016</text>
    			</message>
    			<recipients>
    			<gsm messageId="781016">96176015488</gsm>
    			    <gsm messageId="781016">9613966125</gsm>
    		</recipients>
    	</SMS>
<RESPONSE><status>-1</status><credits>0.0000</credits></RESPONSE>
-------------------------

<SMS>
    		<authentification>
    			<username>AliHabib</username>
    			<password>Ali@2020$</password>
    		</authentification>
    		<message>
    			<sender>Pet 2nd Home</sender>
    			<text>New transfer from Ashrafieh to Sin el Fil
951227</text>
    			</message>
    			<recipients>
    			<gsm messageId="951227">96176749789</gsm>
    			    <gsm messageId="951227">9613966125</gsm>
    		</recipients>
    	</SMS>
<RESPONSE><status>-1</status><credits>0.0000</credits></RESPONSE>
-------------------------

New transfer from archive to Ashrafieh
227954
OK: 1
OK: 1

-------------------------

New transfer from Sin el Fil to Badaro
880335
OK: 1
OK: 1

-------------------------

New transfer from archive to Ashrafieh
885759
OK: 1
OK: 1

-------------------------

New transfer from archive to Badaro
732061
OK: 1
OK: 1

-------------------------

New transfer from archive to Sin el Fil
603499
OK: 1
OK: 1

-------------------------

New transfer from archive to Tayouneh
722771
OK: 1
OK: 1

-------------------------

New transfer from Ashrafieh to Sin el Fil
645178
OK: 1
OK: 1

-------------------------

New transfer from Ashrafieh to Badaro
655363
OK: 1
OK: 1

-------------------------

New transfer from archive to Ashrafieh
124000
OK: 1
OK: 1

-------------------------

New transfer from archive to Ashrafieh
190134
OK: 1
OK: 1

-------------------------

New transfer from archive to Ashrafieh
750811
OK: 1
OK: 1

-------------------------

New transfer from archive to Sin el Fil
690119
OK: 1
OK: 1

-------------------------

New transfer from archive to Badaro
972460
OK: 1
OK: 1

-------------------------

New transfer from archive to Tayouneh
208597
OK: 1
OK: 1

-------------------------

