New transfer from Badaro to Sin el Fil
507670
OK: 1
OK: 1

-------------------------

New transfer from Main Sin el Fil to Sin el Fil
966424
OK: 1
OK: 1

-------------------------

New transfer from archive to Badaro
257112
OK: 1
OK: 1

-------------------------

New transfer from archive to Sin el Fil
311990
OK: 1
OK: 1

-------------------------

New transfer from Sin el Fil to Ashrafieh
619126
OK: 1
OK: 1

-------------------------

New transfer from abdulwahab elnklizi to Sin el Fil
822418
OK: 1
OK: 1

-------------------------

New transfer from abdulwahab elnklizi to Sin el Fil
892132
OK: 1
OK: 1

-------------------------

New transfer from archive to Sin el Fil
669220
OK: 1
OK: 1

-------------------------

New transfer from archive to Sin el Fil
622508
OK: 1
OK: 1

-------------------------

New transfer from archive to Ashrafieh
425768
OK: 1
OK: 1

-------------------------

New transfer from archive to Badaro
695896
OK: 1
OK: 1

-------------------------

New transfer from archive to abdulwahab elnklizi
338277
OK: 1
OK: 1

-------------------------

New transfer from archive to Ashrafieh
878128
OK: 1
OK: 1

-------------------------

New transfer from archive to Badaro
795082
OK: 1
OK: 1

-------------------------

New transfer from archive to abdulwahab elnklizi
486668
OK: 1
OK: 1

-------------------------

New transfer from archive to Sin el Fil
366542
OK: 1
OK: 1

-------------------------

New transfer from archive to Ashrafieh
185525
OK: 1
OK: 1

-------------------------

New transfer from archive to abdulwahab elnklizi
281030
OK: 1
OK: 1

-------------------------

New transfer from archive to Badaro
638910
OK: 1
OK: 1

-------------------------

New transfer from archive to Sin el Fil
763648
OK: 1
OK: 1

-------------------------

