New transfer from Badaro to Sin el Fil
692415
OK: 1
OK: 1

-------------------------

New transfer from abdulwahab elnklizi to Ashrafieh
439112
OK: 1
OK: 1

-------------------------

New transfer from archive to Ashrafieh
143303
OK: 1
OK: 1

-------------------------

New transfer from archive to Sin el Fil
617555
OK: 1
OK: 1

-------------------------

New transfer from archive to abdulwahab elnklizi
560984
OK: 1
OK: 1

-------------------------

New transfer from Sin el Fil to Ashrafieh
768949
OK: 1
OK: 1

-------------------------

