New transfer from archive to Sin el Fil
931074
OK: 1
OK: 1

-------------------------

New transfer from archive to Ashrafieh
713955
OK: 1
OK: 1

-------------------------

New transfer from archive to Tayouneh
779791
OK: 1
OK: 1

-------------------------

New transfer from archive to Badaro
486931
OK: 1
OK: 1

-------------------------

New transfer from archive to Tayouneh
729980
OK: 1
OK: 1

-------------------------

New transfer from archive to Sin el Fil
659467
OK: 1
OK: 1

-------------------------

New transfer from archive to Ashrafieh
373309
OK: 1
OK: 1

-------------------------

New transfer from archive to Badaro
699404
OK: 1
OK: 1

-------------------------

New transfer from archive to Badaro
730236
OK: 1
OK: 1

-------------------------

New transfer from archive to Tayouneh
940222
OK: 1
OK: 1

-------------------------

New transfer from archive to Ashrafieh
499216
OK: 1
OK: 1

-------------------------

New transfer from archive to Sin el Fil
666432
OK: 1
OK: 1

-------------------------

New transfer from Sin el Fil to Ashrafieh
330762
OK: 1
OK: 1

-------------------------

