New transfer from Sin el Fil to Badaro
305124
OK: 1
OK: 1

-------------------------

New transfer from Ashrafieh to abdulwahab elnklizi
705690
OK: 1
OK: 1

-------------------------

New transfer from Main Sin el Fil to archive
894394
OK: 1
OK: 1

-------------------------

New transfer from Main Sin el Fil to archive
262013
OK: 1
OK: 1

-------------------------

New transfer from Main Sin el Fil to archive
419297
OK: 1
OK: 1

-------------------------

New transfer from archive to Sin el Fil
781289
OK: 1
OK: 1

-------------------------

New transfer from archive to Ashrafieh
450623
OK: 1
OK: 1

-------------------------

New transfer from archive to abdulwahab elnklizi
939812
OK: 1
OK: 1

-------------------------

New transfer from archive to Badaro
597492
OK: 1
OK: 1

-------------------------

New transfer from archive to Sin el Fil
517664
OK: 1
OK: 1

-------------------------

New transfer from archive to Ashrafieh
627788
OK: 1
OK: 1

-------------------------

New transfer from archive to abdulwahab elnklizi
966754
OK: 1
OK: 1

-------------------------

New transfer from archive to Badaro
842957
OK: 1
OK: 1

-------------------------

New transfer from archive to Sin el Fil
184087
OK: 1
OK: 1

-------------------------

New transfer from archive to Ashrafieh
531028
OK: 1
OK: 1

-------------------------

New transfer from archive to abdulwahab elnklizi
598132
OK: 1
OK: 1

-------------------------

New transfer from archive to Badaro
310866
OK: 1
OK: 1

-------------------------

New transfer from Main Sin el Fil to Sin el Fil
895956
OK: 1
OK: 1

-------------------------

New transfer from Main Sin el Fil to Sin el Fil
130929
OK: 1
OK: 1

-------------------------

New transfer from archive to Sin el Fil
842950
OK: 1
OK: 1

-------------------------

New transfer from archive to Sin el Fil
808657
OK: 1
OK: 1

-------------------------

