New transfer from Main Sin el Fil to Sin el Fil
617556
ERR: Not enough credit
ERR: Not enough credit

-------------------------

New transfer from Main Sin el Fil to Ashrafieh
564547
ERR: Not enough credit
ERR: Not enough credit

-------------------------

New transfer from Main Sin el Fil to abdulwahab elnklizi
446431
ERR: Not enough credit
ERR: Not enough credit

-------------------------

New transfer from Ashrafieh to abdulwahab elnklizi
851589
ERR: Not enough credit
ERR: Not enough credit

-------------------------

New transfer from Ashrafieh to Badaro
582938
ERR: Not enough credit
ERR: Not enough credit

-------------------------

