<SMS>
    		<authentification>
    			<username>AliHabib</username>
    			<password>Ali@2020$</password>
    		</authentification>
    		<message>
    			<sender>Pet 2nd Home</sender>
    			<text>New transfer from Badaro to Tayouneh
991729</text>
    			</message>
    			<recipients>
    			<gsm messageId="991729">96176015488</gsm>
    			    <gsm messageId="991729">9613966125</gsm>
    		</recipients>
    	</SMS>
<RESPONSE><status>2</status><credits>994.4000</credits></RESPONSE>
-------------------------

<SMS>
    		<authentification>
    			<username>AliHabib</username>
    			<password>Ali@2020$</password>
    		</authentification>
    		<message>
    			<sender>Pet 2nd Home</sender>
    			<text>New transfer from Badaro to Ashrafieh
333131</text>
    			</message>
    			<recipients>
    			<gsm messageId="333131">96171452313</gsm>
    			    <gsm messageId="333131">9613966125</gsm>
    		</recipients>
    	</SMS>
<RESPONSE><status>2</status><credits>990.0000</credits></RESPONSE>
-------------------------

<SMS>
    		<authentification>
    			<username>AliHabib</username>
    			<password>Ali@2020$</password>
    		</authentification>
    		<message>
    			<sender>Pet 2nd Home</sender>
    			<text>New transfer from archive to Badaro
802936</text>
    			</message>
    			<recipients>
    			<gsm messageId="802936">96171386906</gsm>
    			    <gsm messageId="802936">9613966125</gsm>
    		</recipients>
    	</SMS>
<RESPONSE><status>2</status><credits>985.6000</credits></RESPONSE>
-------------------------

<SMS>
    		<authentification>
    			<username>AliHabib</username>
    			<password>Ali@2020$</password>
    		</authentification>
    		<message>
    			<sender>Pet 2nd Home</sender>
    			<text>New transfer from archive to Tayouneh
640153</text>
    			</message>
    			<recipients>
    			<gsm messageId="640153">96176015488</gsm>
    			    <gsm messageId="640153">9613966125</gsm>
    		</recipients>
    	</SMS>
<RESPONSE><status>2</status><credits>981.2000</credits></RESPONSE>
-------------------------

<SMS>
    		<authentification>
    			<username>AliHabib</username>
    			<password>Ali@2020$</password>
    		</authentification>
    		<message>
    			<sender>Pet 2nd Home</sender>
    			<text>New transfer from archive to Sin el Fil
370354</text>
    			</message>
    			<recipients>
    			<gsm messageId="370354">96176749789</gsm>
    			    <gsm messageId="370354">9613966125</gsm>
    		</recipients>
    	</SMS>
<RESPONSE><status>2</status><credits>976.8000</credits></RESPONSE>
-------------------------

<SMS>
    		<authentification>
    			<username>AliHabib</username>
    			<password>Ali@2020$</password>
    		</authentification>
    		<message>
    			<sender>Pet 2nd Home</sender>
    			<text>New transfer from archive to Ashrafieh
212142</text>
    			</message>
    			<recipients>
    			<gsm messageId="212142">96171452313</gsm>
    			    <gsm messageId="212142">9613966125</gsm>
    		</recipients>
    	</SMS>
<RESPONSE><status>2</status><credits>972.4000</credits></RESPONSE>
-------------------------

