New transfer from archive to Ashrafieh
526054
OK: 1
OK: 1

-------------------------

New transfer from archive to Sin el Fil
853648
OK: 1
OK: 1

-------------------------

New transfer from archive to Badaro
449607
OK: 1
OK: 1

-------------------------

New transfer from Badaro to Sin el Fil
929424
OK: 1
OK: 1

-------------------------

New transfer from Main Sin el Fil to Tayouneh
926896
OK: 1
OK: 1

-------------------------

New transfer from Main Sin el Fil to Sin el Fil
286911
OK: 1
OK: 1

-------------------------

