New transfer from archive to abdulwahab elnklizi
153864
ERR: Not enough credit
ERR: Not enough credit

-------------------------

New transfer from Main Sin el Fil to abdulwahab elnklizi
994376
ERR: Not enough credit
ERR: Not enough credit

-------------------------

New transfer from Main Sin el Fil to Ashrafieh
248423
ERR: Not enough credit
ERR: Not enough credit

-------------------------

New transfer from Main Sin el Fil to Sin el Fil
855902
ERR: Not enough credit
ERR: Not enough credit

-------------------------

New transfer from Sin el Fil to abdulwahab elnklizi
875587
ERR: Not enough credit
ERR: Not enough credit

-------------------------

