New transfer from archive to Badaro
163287
OK: 1
OK: 1

-------------------------

New transfer from archive to Ashrafieh
331759
OK: 1
OK: 1

-------------------------

New transfer from archive to Sin el Fil
796218
OK: 1
OK: 1

-------------------------

New transfer from archive to Tayouneh
803690
OK: 1
OK: 1

-------------------------

New transfer from archive to Ashrafieh
250270
OK: 1
OK: 1

-------------------------

New transfer from archive to Badaro
982120
OK: 1
OK: 1

-------------------------

New transfer from archive to Sin el Fil
560035
OK: 1
OK: 1

-------------------------

New transfer from archive to Main Sin el Fil
389819
OK: 1
OK: 1

-------------------------

