<SMS>
    		<authentification>
    			<username>AliHabib</username>
    			<password>Ali@2020$</password>
    		</authentification>
    		<message>
    			<sender>Pet 2nd Home</sender>
    			<text>New transfer from Sin el Fil to Ashrafieh
234631</text>
    			</message>
    			<recipients>
    			<gsm messageId="234631">96171452313</gsm>
    			    <gsm messageId="234631">9613966125</gsm>
    		</recipients>
    	</SMS>
<RESPONSE><status>2</status><credits>354.7000</credits></RESPONSE>
-------------------------

<SMS>
    		<authentification>
    			<username>AliHabib</username>
    			<password>Ali@2020$</password>
    		</authentification>
    		<message>
    			<sender>Pet 2nd Home</sender>
    			<text>New transfer from Sin el Fil to Ashrafieh
411198</text>
    			</message>
    			<recipients>
    			<gsm messageId="411198">96171452313</gsm>
    			    <gsm messageId="411198">9613966125</gsm>
    		</recipients>
    	</SMS>
<RESPONSE><status>2</status><credits>348.9000</credits></RESPONSE>
-------------------------

