New transfer from archive to Sin el Fil
515060
OK: 1
OK: 1

-------------------------

New transfer from archive to Ashrafieh
621993
OK: 1
OK: 1

-------------------------

New transfer from archive to Badaro
691349
OK: 1
OK: 1

-------------------------

New transfer from archive to Tayouneh
441460
OK: 1
OK: 1

-------------------------

New transfer from archive to Ashrafieh
632651
OK: 1
OK: 1

-------------------------

New transfer from archive to Sin el Fil
274642
OK: 1
OK: 1

-------------------------

New transfer from archive to Tayouneh
742047
OK: 1
OK: 1

-------------------------

New transfer from Sin el Fil to Ashrafieh
469813
OK: 1
OK: 1

-------------------------

New transfer from Sin el Fil to Main Sin el Fil
356038
OK: 1
OK: 1

-------------------------

New transfer from archive to Main Sin el Fil
737896
OK: 1
OK: 1

-------------------------

New transfer from Sin el Fil to Badaro
621294
OK: 1
OK: 1

-------------------------

