New transfer from Main Sin el Fil to Sin el Fil
650736
OK: 1
OK: 1

-------------------------

New transfer from Main Sin el Fil to Badaro
948001
OK: 1
OK: 1

-------------------------

New transfer from Main Sin el Fil to Ashrafieh
137973
OK: 1
OK: 1

-------------------------

New transfer from Sin el Fil to Main Sin el Fil
803284
OK: 1
OK: 1

-------------------------

New transfer from archive to Sin el Fil
902257
OK: 1
OK: 1

-------------------------

New transfer from archive to Ashrafieh
652960
OK: 1
OK: 1

-------------------------

New transfer from archive to Badaro
478105
OK: 1
OK: 1

-------------------------

New transfer from archive to Ashrafieh
532919
OK: 1
OK: 1

-------------------------

New transfer from Badaro to Sin el Fil
679185
OK: 1
OK: 1

-------------------------

New transfer from archive to Ashrafieh
337318
OK: 1
OK: 1

-------------------------

New transfer from archive to Badaro
344872
OK: 1
OK: 1

-------------------------

New transfer from archive to Sin el Fil
794627
OK: 1
OK: 1

-------------------------

