New transfer from archive to Badaro
910482
OK: 1
OK: 1

-------------------------

New transfer from archive to Tayouneh
480844
OK: 1
OK: 1

-------------------------

New transfer from archive to Sin el Fil
618867
OK: 1
OK: 1

-------------------------

New transfer from archive to Ashrafieh
699480
OK: 1
OK: 1

-------------------------

New transfer from archive to Ashrafieh
220035
OK: 1
OK: 1

-------------------------

New transfer from archive to Sin el Fil
611292
OK: 1
OK: 1

-------------------------

New transfer from archive to Badaro
808777
OK: 1
OK: 1

-------------------------

New transfer from archive to Badaro
912738
OK: 1
OK: 1

-------------------------

New transfer from archive to Tayouneh
155268
OK: 1
OK: 1

-------------------------

New transfer from archive to Badaro
670199
OK: 1
OK: 1

-------------------------

New transfer from archive to Sin el Fil
232425
OK: 1
OK: 1

-------------------------

New transfer from archive to Ashrafieh
491529
OK: 1
OK: 1

-------------------------

New transfer from archive to Ashrafieh
491917
OK: 1
OK: 1

-------------------------

New transfer from archive to Sin el Fil
466142
OK: 1
OK: 1

-------------------------

New transfer from archive to Badaro
738068
OK: 1
OK: 1

-------------------------

New transfer from archive to Tayouneh
141637
OK: 1
OK: 1

-------------------------

New transfer from Tayouneh to Badaro
615520
OK: 1
OK: 1

-------------------------

New transfer from archive to Ashrafieh
777554
OK: 1
OK: 1

-------------------------

New transfer from archive to Sin el Fil
148727
OK: 1
OK: 1

-------------------------

New transfer from archive to Badaro
796362
OK: 1
OK: 1

-------------------------

New transfer from archive to Tayouneh
113499
OK: 1
OK: 1

-------------------------

