New transfer from archive to Ashrafieh
631760
<P>Error: Unable to open database M</P><P>Error: Unable to open database H</P>ERR: Not authenticated

-------------------------

New transfer from archive to Badaro
234230
OK: 1
OK: 1

-------------------------

New transfer from archive to Sin el Fil
200896
OK: 1
OK: 1

-------------------------

New transfer from archive to Tayouneh
635038
OK: 1
OK: 1

-------------------------

New transfer from Ashrafieh to Sin el Fil
458571
OK: 1
OK: 1

-------------------------

