<SMS>
    		<authentification>
    			<username>AliHabib</username>
    			<password>Ali@2020$</password>
    		</authentification>
    		<message>
    			<sender>Pet 2nd Home</sender>
    			<text>New transfer from Badaro to Tayouneh
346954</text>
    			</message>
    			<recipients>
    			<gsm messageId="346954">96176015488</gsm>
    			    <gsm messageId="346954">9613966125</gsm>
    		</recipients>
    	</SMS>
<RESPONSE><status>-1</status><credits>0.0000</credits></RESPONSE>
-------------------------

<SMS>
    		<authentification>
    			<username>AliHabib</username>
    			<password>Ali@2020$</password>
    		</authentification>
    		<message>
    			<sender>Pet 2nd Home</sender>
    			<text>New transfer from Sin el Fil to Ashrafieh
114287</text>
    			</message>
    			<recipients>
    			<gsm messageId="114287">96171452313</gsm>
    			    <gsm messageId="114287">9613966125</gsm>
    		</recipients>
    	</SMS>
<RESPONSE><status>-1</status><credits>0.0000</credits></RESPONSE>
-------------------------

<SMS>
    		<authentification>
    			<username>AliHabib</username>
    			<password>Ali@2020$</password>
    		</authentification>
    		<message>
    			<sender>Pet 2nd Home</sender>
    			<text>New transfer from Badaro to Tayouneh
115293</text>
    			</message>
    			<recipients>
    			<gsm messageId="115293">96176015488</gsm>
    			    <gsm messageId="115293">9613966125</gsm>
    		</recipients>
    	</SMS>
<RESPONSE><status>-1</status><credits>0.0000</credits></RESPONSE>
-------------------------

<SMS>
    		<authentification>
    			<username>AliHabib</username>
    			<password>Ali@2020$</password>
    		</authentification>
    		<message>
    			<sender>Pet 2nd Home</sender>
    			<text>New transfer from Sin el Fil to Ashrafieh
101053</text>
    			</message>
    			<recipients>
    			<gsm messageId="101053">96171452313</gsm>
    			    <gsm messageId="101053">9613966125</gsm>
    		</recipients>
    	</SMS>
<RESPONSE><status>-1</status><credits>0.0000</credits></RESPONSE>
-------------------------

