New transfer from archive to Sin el Fil
838651
OK: 1
OK: 1

-------------------------

New transfer from archive to Ashrafieh
558923
OK: 1
OK: 1

-------------------------

New transfer from archive to Badaro
265309
OK: 1
OK: 1

-------------------------

New transfer from archive to abdulwahab elnklizi
793066
OK: 1
OK: 1

-------------------------

New transfer from Ashrafieh to Main Sin el Fil
396349
OK: 1
OK: 1

-------------------------

New transfer from Sin el Fil to Ashrafieh
968916
OK: 1
OK: 1

-------------------------

