<SMS>
    		<authentification>
    			<username>AliHabib</username>
    			<password>Ali@2020$</password>
    		</authentification>
    		<message>
    			<sender>Pet 2nd Home</sender>
    			<text>New transfer from Badaro to Ashrafieh
646605</text>
    			</message>
    			<recipients>
    			<gsm messageId="646605">96171452313</gsm>
    			    <gsm messageId="646605">9613966125</gsm>
    		</recipients>
    	</SMS>
<RESPONSE><status>2</status><credits>2349.9000</credits></RESPONSE>
-------------------------

<SMS>
    		<authentification>
    			<username>AliHabib</username>
    			<password>Ali@2020$</password>
    		</authentification>
    		<message>
    			<sender>Pet 2nd Home</sender>
    			<text>New transfer from Tayouneh to Ashrafieh
655659</text>
    			</message>
    			<recipients>
    			<gsm messageId="655659">96171452313</gsm>
    			    <gsm messageId="655659">9613966125</gsm>
    		</recipients>
    	</SMS>
<RESPONSE><status>2</status><credits>2344.1000</credits></RESPONSE>
-------------------------

<SMS>
    		<authentification>
    			<username>AliHabib</username>
    			<password>Ali@2020$</password>
    		</authentification>
    		<message>
    			<sender>Pet 2nd Home</sender>
    			<text>New transfer from Tayouneh to Sin el Fil
909071</text>
    			</message>
    			<recipients>
    			<gsm messageId="909071">96176749789</gsm>
    			    <gsm messageId="909071">9613966125</gsm>
    		</recipients>
    	</SMS>
<RESPONSE><status>2</status><credits>2338.3000</credits></RESPONSE>
-------------------------

