New transfer from archive to Ashrafieh
834467
OK: 1
OK: 1

-------------------------

New transfer from archive to Badaro
822847
OK: 1
OK: 1

-------------------------

New transfer from archive to Sin el Fil
276355
OK: 1
OK: 1

-------------------------

New transfer from archive to Tayouneh
556991
OK: 1
OK: 1

-------------------------

New transfer from archive to Ashrafieh
471178
OK: 1
OK: 1

-------------------------

New transfer from archive to Badaro
590099
OK: 1
OK: 1

-------------------------

New transfer from archive to Sin el Fil
410608
OK: 1
OK: 1

-------------------------

New transfer from archive to Tayouneh
654040
OK: 1
OK: 1

-------------------------

