New transfer from Main Sin el Fil to Sin el Fil
726371
OK: 1
OK: 1

-------------------------

New transfer from Badaro to Tayouneh
755680
OK: 1
OK: 1

-------------------------

New transfer from archive to Ashrafieh
835876
OK: 1
OK: 1

-------------------------

New transfer from Sin el Fil to Tayouneh
483570
OK: 1
OK: 1

-------------------------

New transfer from archive to Sin el Fil
411798
OK: 1
OK: 1

-------------------------

New transfer from archive to Tayouneh
811250
OK: 1
OK: 1

-------------------------

New transfer from archive to Badaro
445665
OK: 1
OK: 1

-------------------------

New transfer from archive to Tayouneh
530305
OK: 1
OK: 1

-------------------------

