New transfer from Badaro to Ashrafieh
330494
OK: 1
OK: 1

-------------------------

New transfer from Ashrafieh to Badaro
171744
OK: 1
OK: 1

-------------------------

New transfer from archive to Badaro
933587
OK: 1
OK: 1

-------------------------

New transfer from Badaro to Ashrafieh
155212
OK: 1
OK: 1

-------------------------

New transfer from archive to Ashrafieh
204383
OK: 1
OK: 1

-------------------------

New transfer from archive to Sin el Fil
228907
OK: 1
OK: 1

-------------------------

New transfer from Sin el Fil to Tayouneh
983169
OK: 1
OK: 1

-------------------------

New transfer from archive to Badaro
829280
OK: 1
OK: 1

-------------------------

New transfer from archive to Sin el Fil
480997
OK: 1
OK: 1

-------------------------

New transfer from archive to Tayouneh
977737
OK: 1
OK: 1

-------------------------

New transfer from archive to Ashrafieh
429315
OK: 1
OK: 1

-------------------------

New transfer from archive to Sin el Fil
271250
OK: 1
OK: 1

-------------------------

New transfer from archive to Tayouneh
201125
OK: 1
OK: 1

-------------------------

New transfer from archive to Ashrafieh
805351
OK: 1
OK: 1

-------------------------

