New transfer from Badaro to Tayouneh
231813
OK: 1
OK: 1

-------------------------

New transfer from archive to Badaro
230753
OK: 1
OK: 1

-------------------------

New transfer from archive to Sin el Fil
337171
OK: 1
OK: 1

-------------------------

New transfer from archive to Tayouneh
256597
OK: 1
OK: 1

-------------------------

New transfer from archive to Ashrafieh
199289
OK: 1
OK: 1

-------------------------

New transfer from Ashrafieh to Tayouneh
452477
OK: 1
OK: 1

-------------------------

New transfer from Tayouneh to Sin el Fil
458015
OK: 1
OK: 1

-------------------------

