New transfer from Tayouneh to Badaro
650900
OK: 1
OK: 1

-------------------------

New transfer from Ashrafieh to Sin el Fil
810140
OK: 1
OK: 1

-------------------------

New transfer from archive to Ashrafieh
824683
OK: 1
OK: 1

-------------------------

New transfer from archive to Sin el Fil
953556
OK: 1
OK: 1

-------------------------

New transfer from archive to Badaro
997967
OK: 1
OK: 1

-------------------------

New transfer from Sin el Fil to Badaro
684697
OK: 1
OK: 1

-------------------------

New transfer from Sin el Fil to Ashrafieh
955638
OK: 1
OK: 1

-------------------------

