New transfer from Ashrafieh to Sin el Fil
638952
OK: 1
OK: 1

-------------------------

New transfer from Sin el Fil to Ashrafieh
310685
OK: 1
OK: 1

-------------------------

New transfer from Sin el Fil to Badaro
894795
OK: 1
OK: 1

-------------------------

New transfer from Sin el Fil to Badaro
751325
OK: 1
OK: 1

-------------------------

New transfer from Main Sin el Fil to Ashrafieh
322888
OK: 1
OK: 1

-------------------------

New transfer from Main Sin el Fil to Sin el Fil
286464
OK: 1
OK: 1

-------------------------

New transfer from Main Sin el Fil to Badaro
723279
OK: 1
OK: 1

-------------------------

New transfer from Main Sin el Fil to Badaro
698972
OK: 1
OK: 1

-------------------------

New transfer from Main Sin el Fil to Ashrafieh
852142
OK: 1
OK: 1

-------------------------

New transfer from Main Sin el Fil to Sin el Fil
442113
OK: 1
OK: 1

-------------------------

New transfer from Main Sin el Fil to abdulwahab elnklizi
216077
OK: 1
OK: 1

-------------------------

New transfer from Main Sin el Fil to Sin el Fil
742445
OK: 1
OK: 1

-------------------------

New transfer from archive to Sin el Fil
238524
OK: 1
OK: 1

-------------------------

New transfer from Sin el Fil to abdulwahab elnklizi
329965
OK: 1
OK: 1

-------------------------

New transfer from Sin el Fil to Ashrafieh
826457
OK: 1
OK: 1

-------------------------

