New transfer from Badaro to Sin el Fil
174241
OK: 1
OK: 1

-------------------------

New transfer from Badaro to Tayouneh
682848
OK: 1
OK: 1

-------------------------

New transfer from Badaro to Ashrafieh
891218
OK: 1
OK: 1

-------------------------

New transfer from Tayouneh to Badaro
808468
OK: 1
OK: 1

-------------------------

New transfer from archive to Ashrafieh
270862
OK: 1
OK: 1

-------------------------

New transfer from archive to Badaro
390286
OK: 1
OK: 1

-------------------------

New transfer from archive to Sin el Fil
321426
OK: 1
OK: 1

-------------------------

New transfer from archive to Tayouneh
769622
OK: 1
OK: 1

-------------------------

New transfer from Ashrafieh to Sin el Fil
745926
OK: 1
OK: 1

-------------------------

New transfer from Sin el Fil to Ashrafieh
271693
OK: 1
OK: 1

-------------------------

