New transfer from Main Sin el Fil to Sin el Fil
983987
ERR: Not enough credit
ERR: Not enough credit

-------------------------

New transfer from Main Sin el Fil to archive
795485
ERR: Not enough credit
ERR: Not enough credit

-------------------------

New transfer from archive to Sin el Fil
924994
ERR: Not enough credit
ERR: Not enough credit

-------------------------

New transfer from archive to Ashrafieh
964053
ERR: Not enough credit
ERR: Not enough credit

-------------------------

New transfer from archive to abdulwahab elnklizi
593881
ERR: Not enough credit
ERR: Not enough credit

-------------------------

New transfer from archive to Badaro
812375
ERR: Not enough credit
ERR: Not enough credit

-------------------------

