<SMS>
    		<authentification>
    			<username>AliHabib</username>
    			<password>Ali@2020$</password>
    		</authentification>
    		<message>
    			<sender>Pet 2nd Home</sender>
    			<text>New transfer from Sin el Fil to Ashrafieh
508549</text>
    			</message>
    			<recipients>
    			<gsm messageId="508549">96171452313</gsm>
    			    <gsm messageId="508549">9613966125</gsm>
    		</recipients>
    	</SMS>
<RESPONSE><status>2</status><credits>125.6000</credits></RESPONSE>
-------------------------

<SMS>
    		<authentification>
    			<username>AliHabib</username>
    			<password>Ali@2020$</password>
    		</authentification>
    		<message>
    			<sender>Pet 2nd Home</sender>
    			<text>New transfer from archive to Ashrafieh
925456</text>
    			</message>
    			<recipients>
    			<gsm messageId="925456">96171452313</gsm>
    			    <gsm messageId="925456">9613966125</gsm>
    		</recipients>
    	</SMS>
<RESPONSE><status>2</status><credits>119.8000</credits></RESPONSE>
-------------------------

<SMS>
    		<authentification>
    			<username>AliHabib</username>
    			<password>Ali@2020$</password>
    		</authentification>
    		<message>
    			<sender>Pet 2nd Home</sender>
    			<text>New transfer from archive to Badaro
799234</text>
    			</message>
    			<recipients>
    			<gsm messageId="799234">96171386906</gsm>
    			    <gsm messageId="799234">9613966125</gsm>
    		</recipients>
    	</SMS>
<RESPONSE><status>2</status><credits>114.0000</credits></RESPONSE>
-------------------------

<SMS>
    		<authentification>
    			<username>AliHabib</username>
    			<password>Ali@2020$</password>
    		</authentification>
    		<message>
    			<sender>Pet 2nd Home</sender>
    			<text>New transfer from archive to Ashrafieh
762795</text>
    			</message>
    			<recipients>
    			<gsm messageId="762795">96171452313</gsm>
    			    <gsm messageId="762795">9613966125</gsm>
    		</recipients>
    	</SMS>
<RESPONSE><status>2</status><credits>108.2000</credits></RESPONSE>
-------------------------

