New transfer from Badaro to Ashrafieh
461872
OK: 1
OK: 1

-------------------------

New transfer from Sin el Fil to Ashrafieh
650517
OK: 1
OK: 1

-------------------------

New transfer from Badaro to Sin el Fil
229124
OK: 1
OK: 1

-------------------------

New transfer from Ashrafieh to Sin el Fil
923393
OK: 1
OK: 1

-------------------------

New transfer from Ashrafieh to Badaro
121087
OK: 1
OK: 1

-------------------------

New transfer from archive to Ashrafieh
655062
OK: 1
OK: 1

-------------------------

