New transfer from archive to Sin el Fil
358630
ERR: Not enough credit
ERR: Not enough credit

-------------------------

New transfer from archive to Ashrafieh
442997
ERR: Not enough credit
ERR: Not enough credit

-------------------------

New transfer from archive to abdulwahab elnklizi
240272
ERR: Not enough credit
ERR: Not enough credit

-------------------------

New transfer from archive to Badaro
321591
ERR: Not enough credit
ERR: Not enough credit

-------------------------

New transfer from archive to Sin el Fil
925216
ERR: Not enough credit
ERR: Not enough credit

-------------------------

New transfer from Sin el Fil to abdulwahab elnklizi
412552
ERR: Not enough credit
ERR: Not enough credit

-------------------------

New transfer from Main Sin el Fil to Sin el Fil
540146
ERR: Not enough credit
ERR: Not enough credit

-------------------------

