New transfer from archive to Sin el Fil
689498
ERR: Not enough credit
ERR: Not enough credit

-------------------------

New transfer from abdulwahab elnklizi to Sin el Fil
985440
ERR: Not enough credit
ERR: Not enough credit

-------------------------

New transfer from Main Sin el Fil to archive
304774
ERR: Not enough credit
ERR: Not enough credit

-------------------------

New transfer from archive to Ashrafieh
421821
ERR: Not enough credit
ERR: Not enough credit

-------------------------

