<SMS>
    		<authentification>
    			<username>AliHabib</username>
    			<password>Ali@2020$</password>
    		</authentification>
    		<message>
    			<sender>Pet 2nd Home</sender>
    			<text>New transfer from Badaro to Ashrafieh
269410</text>
    			</message>
    			<recipients>
    			<gsm messageId="269410">96171452313</gsm>
    			    <gsm messageId="269410">9613966125</gsm>
    		</recipients>
    	</SMS>
<RESPONSE><status>-3</status><credits>0.9000</credits></RESPONSE>
-------------------------

<SMS>
    		<authentification>
    			<username>AliHabib</username>
    			<password>Ali@2020$</password>
    		</authentification>
    		<message>
    			<sender>Pet 2nd Home</sender>
    			<text>New transfer from archive to Ashrafieh
377073</text>
    			</message>
    			<recipients>
    			<gsm messageId="377073">96171452313</gsm>
    			    <gsm messageId="377073">9613966125</gsm>
    		</recipients>
    	</SMS>
<RESPONSE><status>-3</status><credits>0.9000</credits></RESPONSE>
-------------------------

<SMS>
    		<authentification>
    			<username>AliHabib</username>
    			<password>Ali@2020$</password>
    		</authentification>
    		<message>
    			<sender>Pet 2nd Home</sender>
    			<text>New transfer from Badaro to Ashrafieh
173322</text>
    			</message>
    			<recipients>
    			<gsm messageId="173322">96171452313</gsm>
    			    <gsm messageId="173322">9613966125</gsm>
    		</recipients>
    	</SMS>
<RESPONSE><status>-3</status><credits>0.9000</credits></RESPONSE>
-------------------------

<SMS>
    		<authentification>
    			<username>AliHabib</username>
    			<password>Ali@2020$</password>
    		</authentification>
    		<message>
    			<sender>Pet 2nd Home</sender>
    			<text>New transfer from Tayouneh to Badaro
386876</text>
    			</message>
    			<recipients>
    			<gsm messageId="386876">96171386906</gsm>
    			    <gsm messageId="386876">9613966125</gsm>
    		</recipients>
    	</SMS>
<RESPONSE><status>-3</status><credits>0.9000</credits></RESPONSE>
-------------------------

<SMS>
    		<authentification>
    			<username>AliHabib</username>
    			<password>Ali@2020$</password>
    		</authentification>
    		<message>
    			<sender>Pet 2nd Home</sender>
    			<text>New transfer from archive to Tayouneh
598493</text>
    			</message>
    			<recipients>
    			<gsm messageId="598493">96176015488</gsm>
    			    <gsm messageId="598493">9613966125</gsm>
    		</recipients>
    	</SMS>
<RESPONSE><status>-3</status><credits>0.9000</credits></RESPONSE>
-------------------------

