New transfer from Ashrafieh to Sin el Fil
141441
OK: 1
OK: 1

-------------------------

New transfer from Sin el Fil to Ashrafieh
561877
OK: 1
OK: 1

-------------------------

New transfer from archive to Ashrafieh
895171
OK: 1
OK: 1

-------------------------

New transfer from archive to Sin el Fil
749011
OK: 1
OK: 1

-------------------------

New transfer from archive to Ashrafieh
709506
OK: 1
OK: 1

-------------------------

New transfer from Ashrafieh to Main Sin el Fil
143766
OK: 1
OK: 1

-------------------------

