<SMS>
    		<authentification>
    			<username>AliHabib</username>
    			<password>Ali@2020$</password>
    		</authentification>
    		<message>
    			<sender>Pet 2nd Home</sender>
    			<text>New transfer from Badaro to Tayouneh
169947</text>
    			</message>
    			<recipients>
    			<gsm messageId="169947">96176015488</gsm>
    			    <gsm messageId="169947">9613966125</gsm>
    		</recipients>
    	</SMS>
<RESPONSE><status>2</status><credits>438.8000</credits></RESPONSE>
-------------------------

<SMS>
    		<authentification>
    			<username>AliHabib</username>
    			<password>Ali@2020$</password>
    		</authentification>
    		<message>
    			<sender>Pet 2nd Home</sender>
    			<text>New transfer from Sin el Fil to Ashrafieh
171152</text>
    			</message>
    			<recipients>
    			<gsm messageId="171152">96171452313</gsm>
    			    <gsm messageId="171152">9613966125</gsm>
    		</recipients>
    	</SMS>
<RESPONSE><status>2</status><credits>433.0000</credits></RESPONSE>
-------------------------

<SMS>
    		<authentification>
    			<username>AliHabib</username>
    			<password>Ali@2020$</password>
    		</authentification>
    		<message>
    			<sender>Pet 2nd Home</sender>
    			<text>New transfer from Ashrafieh to Badaro
454057</text>
    			</message>
    			<recipients>
    			<gsm messageId="454057">96171386906</gsm>
    			    <gsm messageId="454057">9613966125</gsm>
    		</recipients>
    	</SMS>
<RESPONSE><status>2</status><credits>427.2000</credits></RESPONSE>
-------------------------

<SMS>
    		<authentification>
    			<username>AliHabib</username>
    			<password>Ali@2020$</password>
    		</authentification>
    		<message>
    			<sender>Pet 2nd Home</sender>
    			<text>New transfer from archive to Badaro
615821</text>
    			</message>
    			<recipients>
    			<gsm messageId="615821">96171386906</gsm>
    			    <gsm messageId="615821">9613966125</gsm>
    		</recipients>
    	</SMS>
<RESPONSE><status>2</status><credits>421.4000</credits></RESPONSE>
-------------------------

<SMS>
    		<authentification>
    			<username>AliHabib</username>
    			<password>Ali@2020$</password>
    		</authentification>
    		<message>
    			<sender>Pet 2nd Home</sender>
    			<text>New transfer from Badaro to Ashrafieh
123770</text>
    			</message>
    			<recipients>
    			<gsm messageId="123770">96171452313</gsm>
    			    <gsm messageId="123770">9613966125</gsm>
    		</recipients>
    	</SMS>
<RESPONSE><status>2</status><credits>415.6000</credits></RESPONSE>
-------------------------

<SMS>
    		<authentification>
    			<username>AliHabib</username>
    			<password>Ali@2020$</password>
    		</authentification>
    		<message>
    			<sender>Pet 2nd Home</sender>
    			<text>New transfer from archive to Ashrafieh
631705</text>
    			</message>
    			<recipients>
    			<gsm messageId="631705">96171452313</gsm>
    			    <gsm messageId="631705">9613966125</gsm>
    		</recipients>
    	</SMS>
<RESPONSE><status>2</status><credits>409.8000</credits></RESPONSE>
-------------------------

