New transfer from Main Sin el Fil to Badaro
884826
OK: 1
OK: 1

-------------------------

New transfer from Sin el Fil to Ashrafieh
674216
OK: 1
OK: 1

-------------------------

New transfer from archive to Sin el Fil
885289
OK: 1
OK: 1

-------------------------

New transfer from archive to Ashrafieh
708509
OK: 1
OK: 1

-------------------------

New transfer from archive to Badaro
153583
OK: 1
OK: 1

-------------------------

New transfer from Badaro to Sin el Fil
275155
OK: 1
OK: 1

-------------------------

New transfer from Badaro to abdulwahab elnklizi
740606
OK: 1
OK: 1

-------------------------

