New transfer from Badaro to Ashrafieh
532825
OK: 1
OK: 1

-------------------------

New transfer from archive to Sin el Fil
158508
OK: 1
OK: 1

-------------------------

New transfer from archive to Ashrafieh
607265
OK: 1
OK: 1

-------------------------

New transfer from archive to Badaro
121802
OK: 1
OK: 1

-------------------------

New transfer from archive to Tayouneh
598503
OK: 1
OK: 1

-------------------------

New transfer from archive to Sin el Fil
824954
OK: 1
OK: 1

-------------------------

New transfer from archive to Badaro
462599
OK: 1
OK: 1

-------------------------

New transfer from archive to Ashrafieh
701823
OK: 1
OK: 1

-------------------------

New transfer from archive to Tayouneh
396284
OK: 1
OK: 1

-------------------------

New transfer from archive to Badaro
857137
OK: 1
OK: 1

-------------------------

New transfer from archive to Ashrafieh
970865
OK: 1
OK: 1

-------------------------

New transfer from archive to Sin el Fil
953642
OK: 1
OK: 1

-------------------------

New transfer from Badaro to Sin el Fil
991861
OK: 1
OK: 1

-------------------------

