New transfer from Ashrafieh to Sin el Fil
320791
ERR: Not enough credit
ERR: Not enough credit

-------------------------

New transfer from Main Sin el Fil to Ashrafieh
400414
ERR: Not enough credit
ERR: Not enough credit

-------------------------

New transfer from Main Sin el Fil to Badaro
805107
ERR: Not enough credit
ERR: Not enough credit

-------------------------

New transfer from Main Sin el Fil to Sin el Fil
625882
ERR: Not enough credit
ERR: Not enough credit

-------------------------

New transfer from Main Sin el Fil to abdulwahab elnklizi
563523
ERR: Not enough credit
ERR: Not enough credit

-------------------------

New transfer from Sin el Fil to Ashrafieh
129796
ERR: Not enough credit
ERR: Not enough credit

-------------------------

New transfer from Ashrafieh to Sin el Fil
690454
ERR: Not enough credit
ERR: Not enough credit

-------------------------

New transfer from archive to Sin el Fil
188865
ERR: Not enough credit
ERR: Not enough credit

-------------------------

New transfer from Sin el Fil to Ashrafieh
558598
ERR: Not enough credit
ERR: Not enough credit

-------------------------

New transfer from Sin el Fil to Main Sin el Fil
524206
ERR: Not enough credit
ERR: Not enough credit

-------------------------

New transfer from archive to Ashrafieh
261149
ERR: Not enough credit
ERR: Not enough credit

-------------------------

New transfer from archive to Sin el Fil
480105
ERR: Not enough credit
ERR: Not enough credit

-------------------------

