New transfer from Sin el Fil to Badaro
395733
OK: 1
OK: 1

-------------------------

New transfer from archive to Sin el Fil
213322
OK: 1
OK: 1

-------------------------

New transfer from archive to Ashrafieh
684504
OK: 1
OK: 1

-------------------------

New transfer from archive to Badaro
393899
OK: 1
OK: 1

-------------------------

New transfer from archive to Tayouneh
107316
OK: 1
OK: 1

-------------------------

New transfer from archive to Ashrafieh
425312
OK: 1
OK: 1

-------------------------

New transfer from archive to Sin el Fil
140094
OK: 1
OK: 1

-------------------------

New transfer from archive to Badaro
560671
OK: 1
OK: 1

-------------------------

New transfer from archive to Tayouneh
160684
OK: 1
OK: 1

-------------------------

New transfer from Sin el Fil to Tayouneh
793635
OK: 1
OK: 1

-------------------------

New transfer from Sin el Fil to Badaro
256847
OK: 1
OK: 1

-------------------------

New transfer from Sin el Fil to Ashrafieh
858447
OK: 1
OK: 1

-------------------------

