New transfer from Sin el Fil to Ashrafieh
948594
OK: 1
OK: 1

-------------------------

New transfer from archive to Sin el Fil
358022
OK: 1
OK: 1

-------------------------

New transfer from archive to Ashrafieh
131435
OK: 1
OK: 1

-------------------------

New transfer from archive to Badaro
530205
OK: 1
OK: 1

-------------------------

New transfer from Sin el Fil to Badaro
365341
OK: 1
OK: 1

-------------------------

New transfer from Tayouneh to Badaro
621148
OK: 1
OK: 1

-------------------------

