New transfer from archive to Sin el Fil
759936
OK: 1
OK: 1

-------------------------

New transfer from archive to Ashrafieh
775435
OK: 1
OK: 1

-------------------------

New transfer from archive to Badaro
264476
OK: 1
OK: 1

-------------------------

New transfer from archive to Ashrafieh
580716
OK: 1
OK: 1

-------------------------

New transfer from archive to Sin el Fil
378805
OK: 1
OK: 1

-------------------------

New transfer from archive to Badaro
806963
OK: 1
OK: 1

-------------------------

New transfer from archive to Badaro
858933
OK: 1
OK: 1

-------------------------

New transfer from archive to Ashrafieh
750901
OK: 1
OK: 1

-------------------------

New transfer from archive to Sin el Fil
791845
OK: 1
OK: 1

-------------------------

New transfer from archive to Tayouneh
623853
OK: 1
OK: 1

-------------------------

New transfer from Ashrafieh to Main Sin el Fil
343811
OK: 1
OK: 1

-------------------------

New transfer from Badaro to Sin el Fil
767104
OK: 1
OK: 1

-------------------------

New transfer from Tayouneh to Badaro
663639
OK: 1
OK: 1

-------------------------

New transfer from Sin el Fil to Ashrafieh
246861
OK: 1
OK: 1

-------------------------

New transfer from Badaro to Tayouneh
663240
OK: 1
OK: 1

-------------------------

New transfer from archive to Sin el Fil
553446
OK: 1
OK: 1

-------------------------

New transfer from archive to Badaro
366386
OK: 1
OK: 1

-------------------------

New transfer from archive to Ashrafieh
460543
OK: 1
OK: 1

-------------------------

