New transfer from Sin el Fil to Ashrafieh
273985
OK: 1
OK: 1

-------------------------

New transfer from Ashrafieh to Sin el Fil
948200
OK: 1
OK: 1

-------------------------

New transfer from Sin el Fil to Ashrafieh
277656
OK: 1
OK: 1

-------------------------

New transfer from archive to Ashrafieh
948258
OK: 1
OK: 1

-------------------------

New transfer from archive to Badaro
233679
OK: 1
OK: 1

-------------------------

New transfer from archive to Tayouneh
532516
OK: 1
OK: 1

-------------------------

New transfer from archive to Sin el Fil
577261
OK: 1
OK: 1

-------------------------

New transfer from Sin el Fil to Ashrafieh
660573
OK: 1
OK: 1

-------------------------

