New transfer from Sin el Fil to Tayouneh
740062
OK: 1
OK: 1

-------------------------

New transfer from Badaro to Ashrafieh
358335
OK: 1
OK: 1

-------------------------

New transfer from Sin el Fil to Ashrafieh
209725
OK: 1
OK: 1

-------------------------

New transfer from archive to Sin el Fil
859839
OK: 1
OK: 1

-------------------------

New transfer from Sin el Fil to Ashrafieh
988817
OK: 1
OK: 1

-------------------------

New transfer from Sin el Fil to Tayouneh
766409
OK: 1
OK: 1

-------------------------

New transfer from Ashrafieh to Badaro
851803
OK: 1
OK: 1

-------------------------

New transfer from Badaro to Tayouneh
812205
OK: 1
OK: 1

-------------------------

New transfer from Badaro to Tayouneh
593774
OK: 1
OK: 1

-------------------------

New transfer from Tayouneh to Ashrafieh
115179
OK: 1
OK: 1

-------------------------

New transfer from Badaro to Tayouneh
667966
OK: 1
OK: 1

-------------------------

