New transfer from Ashrafieh to Sin el Fil
856645
OK: 1
OK: 1

-------------------------

New transfer from Ashrafieh to Badaro
291790
OK: 1
OK: 1

-------------------------

New transfer from Sin el Fil to Badaro
178557
OK: 1
OK: 1

-------------------------

New transfer from archive to Ashrafieh
588477
OK: 1
OK: 1

-------------------------

New transfer from archive to Badaro
936550
OK: 1
OK: 1

-------------------------

New transfer from archive to Sin el Fil
125216
OK: 1
OK: 1

-------------------------

New transfer from Tayouneh to Sin el Fil
462314
OK: 1
OK: 1

-------------------------

New transfer from Tayouneh to Ashrafieh
597785
OK: 1
OK: 1

-------------------------

New transfer from Tayouneh to Ashrafieh
554327
OK: 1
OK: 1

-------------------------

New transfer from Tayouneh to Sin el Fil
129981
OK: 1
OK: 1

-------------------------

New transfer from Main Sin el Fil to Ashrafieh
806950
OK: 1
OK: 1

-------------------------

New transfer from Main Sin el Fil to Sin el Fil
196171
OK: 1
OK: 1

-------------------------

