New transfer from Badaro to Tayouneh
277912
OK: 1
OK: 1

-------------------------

New transfer from Badaro to Tayouneh
610653
OK: 1
OK: 1

-------------------------

New transfer from archive to Sin el Fil
981477
OK: 1
OK: 1

-------------------------

New transfer from archive to Badaro
543499
OK: 1
OK: 1

-------------------------

New transfer from archive to Ashrafieh
303738
OK: 1
OK: 1

-------------------------

New transfer from Sin el Fil to Ashrafieh
529120
OK: 1
OK: 1

-------------------------

