<SMS>
    		<authentification>
    			<username>AliHabib</username>
    			<password>Ali@2020$</password>
    		</authentification>
    		<message>
    			<sender>Pet 2nd Home</sender>
    			<text>New transfer from archive to Badaro
206415</text>
    			</message>
    			<recipients>
    			<gsm messageId="206415">96171386906</gsm>
    			    <gsm messageId="206415">9613966125</gsm>
    		</recipients>
    	</SMS>
<RESPONSE><status>2</status><credits>1020.8000</credits></RESPONSE>
-------------------------

<SMS>
    		<authentification>
    			<username>AliHabib</username>
    			<password>Ali@2020$</password>
    		</authentification>
    		<message>
    			<sender>Pet 2nd Home</sender>
    			<text>New transfer from archive to Tayouneh
821919</text>
    			</message>
    			<recipients>
    			<gsm messageId="821919">96176015488</gsm>
    			    <gsm messageId="821919">9613966125</gsm>
    		</recipients>
    	</SMS>
<RESPONSE><status>2</status><credits>1016.4000</credits></RESPONSE>
-------------------------

<SMS>
    		<authentification>
    			<username>AliHabib</username>
    			<password>Ali@2020$</password>
    		</authentification>
    		<message>
    			<sender>Pet 2nd Home</sender>
    			<text>New transfer from archive to Sin el Fil
756929</text>
    			</message>
    			<recipients>
    			<gsm messageId="756929">96176749789</gsm>
    			    <gsm messageId="756929">9613966125</gsm>
    		</recipients>
    	</SMS>
<RESPONSE><status>2</status><credits>1012.0000</credits></RESPONSE>
-------------------------

<SMS>
    		<authentification>
    			<username>AliHabib</username>
    			<password>Ali@2020$</password>
    		</authentification>
    		<message>
    			<sender>Pet 2nd Home</sender>
    			<text>New transfer from archive to Ashrafieh
868160</text>
    			</message>
    			<recipients>
    			<gsm messageId="868160">96171452313</gsm>
    			    <gsm messageId="868160">9613966125</gsm>
    		</recipients>
    	</SMS>
<RESPONSE><status>2</status><credits>1007.6000</credits></RESPONSE>
-------------------------

<SMS>
    		<authentification>
    			<username>AliHabib</username>
    			<password>Ali@2020$</password>
    		</authentification>
    		<message>
    			<sender>Pet 2nd Home</sender>
    			<text>New transfer from Sin el Fil to Ashrafieh
725745</text>
    			</message>
    			<recipients>
    			<gsm messageId="725745">96171452313</gsm>
    			    <gsm messageId="725745">9613966125</gsm>
    		</recipients>
    	</SMS>
<RESPONSE><status>2</status><credits>1003.2000</credits></RESPONSE>
-------------------------

<SMS>
    		<authentification>
    			<username>AliHabib</username>
    			<password>Ali@2020$</password>
    		</authentification>
    		<message>
    			<sender>Pet 2nd Home</sender>
    			<text>New transfer from archive to Ashrafieh
594763</text>
    			</message>
    			<recipients>
    			<gsm messageId="594763">96171452313</gsm>
    			    <gsm messageId="594763">9613966125</gsm>
    		</recipients>
    	</SMS>
<RESPONSE><status>2</status><credits>998.8000</credits></RESPONSE>
-------------------------

