New transfer from Sin el Fil to abdulwahab elnklizi
374146
ERR: Not enough credit
ERR: Not enough credit

-------------------------

New transfer from Badaro to Sin el Fil
194292
ERR: Not enough credit
ERR: Not enough credit

-------------------------

New transfer from Main Sin el Fil to Sin el Fil
474182
ERR: Not enough credit
ERR: Not enough credit

-------------------------

New transfer from Main Sin el Fil to Ashrafieh
375812
ERR: Not enough credit
ERR: Not enough credit

-------------------------

New transfer from Sin el Fil to Ashrafieh
709349
ERR: Not enough credit
ERR: Not enough credit

-------------------------

New transfer from Sin el Fil to Main Sin el Fil
697035
ERR: Not enough credit
ERR: Not enough credit

-------------------------

New transfer from archive to Sin el Fil
165653
ERR: Not enough credit
ERR: Not enough credit

-------------------------

New transfer from Sin el Fil to Main Sin el Fil
534100
ERR: Not enough credit
ERR: Not enough credit

-------------------------

