New transfer from Sin el Fil to Tayouneh
544044
OK: 1
OK: 1

-------------------------

New transfer from Ashrafieh to Sin el Fil
285822
OK: 1
OK: 1

-------------------------

New transfer from Badaro to Tayouneh
245137
OK: 1
OK: 1

-------------------------

New transfer from Sin el Fil to Ashrafieh
303661
OK: 1
OK: 1

-------------------------

New transfer from archive to Sin el Fil
409463
OK: 1
OK: 1

-------------------------

New transfer from archive to Ashrafieh
380306
OK: 1
OK: 1

-------------------------

