New transfer from archive to Sin el Fil
969256
OK: 1
OK: 1

-------------------------

New transfer from archive to abdulwahab elnklizi
255583
OK: 1
OK: 1

-------------------------

New transfer from archive to abdulwahab elnklizi
542758
OK: 1
OK: 1

-------------------------

New transfer from archive to abdulwahab elnklizi
324041
OK: 1
OK: 1

-------------------------

New transfer from Ashrafieh to Sin el Fil
395371
OK: 1
OK: 1

-------------------------

New transfer from Sin el Fil to Ashrafieh
778697
OK: 1
OK: 1

-------------------------

