New transfer from Badaro to Sin el Fil
762113
OK: 1
OK: 1

-------------------------

New transfer from archive to Ashrafieh
527109
OK: 1
OK: 1

-------------------------

New transfer from archive to Badaro
479975
OK: 1
OK: 1

-------------------------

New transfer from archive to Sin el Fil
961055
OK: 1
OK: 1

-------------------------

New transfer from archive to abdulwahab elnklizi
564025
OK: 1
OK: 1

-------------------------

New transfer from archive to Badaro
163335
OK: 1
OK: 1

-------------------------

New transfer from archive to Ashrafieh
705030
OK: 1
OK: 1

-------------------------

New transfer from Sin el Fil to Ashrafieh
510644
OK: 1
OK: 1

-------------------------

New transfer from Main Sin el Fil to Sin el Fil
709711
OK: 1
OK: 1

-------------------------

New transfer from Main Sin el Fil to Ashrafieh
547133
OK: 1
OK: 1

-------------------------

New transfer from Sin el Fil to Ashrafieh
504776
OK: 1
OK: 1

-------------------------

New transfer from archive to Sin el Fil
433869
OK: 1
OK: 1

-------------------------

New transfer from archive to Ashrafieh
212240
OK: 1
OK: 1

-------------------------

New transfer from archive to Badaro
682476
OK: 1
OK: 1

-------------------------

New transfer from archive to abdulwahab elnklizi
694391
OK: 1
OK: 1

-------------------------

