New transfer from Sin el Fil to Badaro
982680
ERR: Not enough credit
ERR: Not enough credit

-------------------------

New transfer from archive to Sin el Fil
381600
ERR: Not enough credit
ERR: Not enough credit

-------------------------

New transfer from archive to Ashrafieh
879738
ERR: Not enough credit
ERR: Not enough credit

-------------------------

New transfer from archive to abdulwahab elnklizi
378592
ERR: Not enough credit
ERR: Not enough credit

-------------------------

New transfer from Ashrafieh to Badaro
397908
ERR: Not enough credit
ERR: Not enough credit

-------------------------

New transfer from abdulwahab elnklizi to Ashrafieh
923074
ERR: Not enough credit
ERR: Not enough credit

-------------------------

New transfer from Ashrafieh to Main Sin el Fil
415690
ERR: Not enough credit
ERR: Not enough credit

-------------------------

New transfer from archive to Ashrafieh
281949
ERR: Not enough credit
ERR: Not enough credit

-------------------------

New transfer from archive to Sin el Fil
415244
ERR: Not enough credit
ERR: Not enough credit

-------------------------

New transfer from archive to Sin el Fil
620602
ERR: Not enough credit
ERR: Not enough credit

-------------------------

New transfer from archive to Ashrafieh
268489
ERR: Not enough credit
ERR: Not enough credit

-------------------------

New transfer from Sin el Fil to Badaro
604492
ERR: Not enough credit
ERR: Not enough credit

-------------------------

