New transfer from archive to Badaro
956399
OK: 1
OK: 1

-------------------------

New transfer from archive to Ashrafieh
635595
OK: 1
OK: 1

-------------------------

New transfer from archive to Sin el Fil
710332
OK: 1
OK: 1

-------------------------

New transfer from archive to Badaro
329965
OK: 1
OK: 1

-------------------------

New transfer from Ashrafieh to Sin el Fil
695474
OK: 1
OK: 1

-------------------------

New transfer from Ashrafieh to Sin el Fil
773940
OK: 1
OK: 1

-------------------------

New transfer from Ashrafieh to Sin el Fil
631581
OK: 1
OK: 1

-------------------------

