New transfer from Badaro to Tayouneh
250372
OK: 1
OK: 1

-------------------------

New transfer from Badaro to Ashrafieh
335534
OK: 1
OK: 1

-------------------------

New transfer from Sin el Fil to Ashrafieh
732920
OK: 1
OK: 1

-------------------------

New transfer from Ashrafieh to Badaro
395842
OK: 1
OK: 1

-------------------------

New transfer from Sin el Fil to Badaro
977695
OK: 1
OK: 1

-------------------------

New transfer from Ashrafieh to Sin el Fil
772784
OK: 1
OK: 1

-------------------------

New transfer from Sin el Fil to Ashrafieh
391327
OK: 1
OK: 1

-------------------------

New transfer from Sin el Fil to Ashrafieh
945633
OK: 1
OK: 1

-------------------------

New transfer from Sin el Fil to Badaro
955303
OK: 1
OK: 1

-------------------------

New transfer from Sin el Fil to Ashrafieh
665186
OK: 1
OK: 1

-------------------------

New transfer from archive to Sin el Fil
656360
OK: 1
OK: 1

-------------------------

New transfer from archive to Ashrafieh
451641
OK: 1
OK: 1

-------------------------

