New transfer from archive to Ashrafieh
110308
OK: 1
OK: 1

-------------------------

New transfer from archive to Sin el Fil
610144
OK: 1
OK: 1

-------------------------

New transfer from archive to Badaro
899126
OK: 1
OK: 1

-------------------------

New transfer from Badaro to Tayouneh
729229
OK: 1
OK: 1

-------------------------

New transfer from Sin el Fil to Tayouneh
769567
OK: 1
OK: 1

-------------------------

New transfer from Ashrafieh to Tayouneh
550346
OK: 1
OK: 1

-------------------------

