New transfer from archive to Sin el Fil
215173
OK: 1
OK: 1

-------------------------

New transfer from archive to Ashrafieh
631116
OK: 1
OK: 1

-------------------------

New transfer from Sin el Fil to Tayouneh
821615
OK: 1
OK: 1

-------------------------

New transfer from archive to Badaro
444250
OK: 1
OK: 1

-------------------------

New transfer from Ashrafieh to Tayouneh
505305
OK: 1
OK: 1

-------------------------

New transfer from Sin el Fil to Badaro
110582
OK: 1
OK: 1

-------------------------

New transfer from Sin el Fil to Ashrafieh
248185
OK: 1
OK: 1

-------------------------

New transfer from Sin el Fil to Ashrafieh
815110
OK: 1
OK: 1

-------------------------

New transfer from archive to Ashrafieh
374793
OK: 1
OK: 1

-------------------------

New transfer from archive to Sin el Fil
775026
OK: 1
OK: 1

-------------------------

