New transfer from Ashrafieh to abdulwahab elnklizi
983864
OK: 1
OK: 1

-------------------------

New transfer from Sin el Fil to Ashrafieh
473002
OK: 1
OK: 1

-------------------------

New transfer from archive to Sin el Fil
859840
OK: 1
OK: 1

-------------------------

New transfer from archive to Sin el Fil
570942
OK: 1
OK: 1

-------------------------

New transfer from archive to Ashrafieh
570190
OK: 1
OK: 1

-------------------------

New transfer from abdulwahab elnklizi to Ashrafieh
496968
OK: 1
OK: 1

-------------------------

