New transfer from archive to Badaro
738364
OK: 1
OK: 1

-------------------------

New transfer from archive to Ashrafieh
401333
OK: 1
OK: 1

-------------------------

New transfer from archive to Tayouneh
425514
OK: 1
OK: 1

-------------------------

New transfer from archive to Sin el Fil
701057
OK: 1
OK: 1

-------------------------

New transfer from Badaro to Tayouneh
658381
OK: 1
OK: 1

-------------------------

New transfer from Sin el Fil to Main Sin el Fil
362900
OK: 1
OK: 1

-------------------------

New transfer from Main Sin el Fil to Sin el Fil
464403
OK: 1
OK: 1

-------------------------

New transfer from Main Sin el Fil to Sin el Fil
548498
OK: 1
OK: 1

-------------------------

New transfer from Main Sin el Fil to Sin el Fil
844245
OK: 1
OK: 1

-------------------------

New transfer from Sin el Fil to Ashrafieh
812336
OK: 1
OK: 1

-------------------------

New transfer from Ashrafieh to Tayouneh
923281
OK: 1
OK: 1

-------------------------

