New transfer from archive to Ashrafieh
915839
OK: 1
OK: 1

-------------------------

New transfer from archive to Sin el Fil
867365
OK: 1
OK: 1

-------------------------

New transfer from archive to abdulwahab elnklizi
979690
OK: 1
OK: 1

-------------------------

New transfer from archive to Badaro
949787
OK: 1
OK: 1

-------------------------

New transfer from archive to Sin el Fil
453513
OK: 1
OK: 1

-------------------------

New transfer from archive to Ashrafieh
971519
OK: 1
OK: 1

-------------------------

New transfer from archive to Sin el Fil
559672
OK: 1
OK: 1

-------------------------

New transfer from archive to Badaro
128401
OK: 1
OK: 1

-------------------------

New transfer from archive to abdulwahab elnklizi
413016
OK: 1
OK: 1

-------------------------

New transfer from archive to Ashrafieh
425642
OK: 1
OK: 1

-------------------------

New transfer from archive to abdulwahab elnklizi
300050
OK: 1
OK: 1

-------------------------

New transfer from archive to Sin el Fil
491377
OK: 1
OK: 1

-------------------------

New transfer from archive to Badaro
557166
OK: 1
OK: 1

-------------------------

New transfer from Sin el Fil to Ashrafieh
473926
OK: 1
OK: 1

-------------------------

