New transfer from Badaro to Sin el Fil
655822
OK: 1
OK: 1

-------------------------

New transfer from archive to Badaro
927229
OK: 1
OK: 1

-------------------------

New transfer from archive to Ashrafieh
836571
OK: 1
OK: 1

-------------------------

New transfer from archive to Sin el Fil
569917
OK: 1
OK: 1

-------------------------

New transfer from archive to abdulwahab elnklizi
510403
OK: 1
OK: 1

-------------------------

New transfer from abdulwahab elnklizi to Ashrafieh
194385
OK: 1
OK: 1

-------------------------

New transfer from archive to Sin el Fil
722178
OK: 1
OK: 1

-------------------------

New transfer from archive to Ashrafieh
999634
OK: 1
OK: 1

-------------------------

New transfer from archive to Badaro
748627
OK: 1
OK: 1

-------------------------

New transfer from archive to abdulwahab elnklizi
432486
OK: 1
OK: 1

-------------------------

New transfer from Sin el Fil to Ashrafieh
546671
OK: 1
OK: 1

-------------------------

New transfer from Sin el Fil to Badaro
685240
OK: 1
OK: 1

-------------------------

