New transfer from Ashrafieh to Badaro
399927
OK: 1
OK: 1

-------------------------

New transfer from Tayouneh to Badaro
188018
OK: 1
OK: 1

-------------------------

New transfer from archive to Sin el Fil
798851
OK: 1
OK: 1

-------------------------

New transfer from Sin el Fil to Tayouneh
479191
OK: 1
OK: 1

-------------------------

New transfer from Ashrafieh to Tayouneh
774764
OK: 1
OK: 1

-------------------------

New transfer from Badaro to Tayouneh
924426
OK: 1
OK: 1

-------------------------

