New transfer from Sin el Fil to Ashrafieh
446780
OK: 1
OK: 1

-------------------------

New transfer from Sin el Fil to Ashrafieh
209787
OK: 1
OK: 1

-------------------------

New transfer from archive to Ashrafieh
402264
OK: 1
OK: 1

-------------------------

New transfer from archive to Sin el Fil
281631
OK: 1
OK: 1

-------------------------

New transfer from archive to Badaro
713032
OK: 1
OK: 1

-------------------------

New transfer from archive to Tayouneh
857744
OK: 1
OK: 1

-------------------------

New transfer from archive to Ashrafieh
871811
OK: 1
OK: 1

-------------------------

New transfer from Ashrafieh to Badaro
329712
OK: 1
OK: 1

-------------------------

