New transfer from Sin el Fil to Main Sin el Fil
508835
OK: 1
OK: 1

-------------------------

New transfer from Sin el Fil to Ashrafieh
201707
OK: 1
OK: 1

-------------------------

New transfer from archive to Badaro
240750
OK: 1
OK: 1

-------------------------

New transfer from archive to Ashrafieh
983568
OK: 1
OK: 1

-------------------------

New transfer from archive to Sin el Fil
759550
OK: 1
OK: 1

-------------------------

New transfer from Main Sin el Fil to Sin el Fil
185440
OK: 1
OK: 1

-------------------------

New transfer from archive to Sin el Fil
956979
OK: 1
OK: 1

-------------------------

New transfer from archive to Ashrafieh
453039
OK: 1
OK: 1

-------------------------

New transfer from archive to abdulwahab elnklizi
403206
OK: 1
OK: 1

-------------------------

New transfer from archive to Badaro
911970
OK: 1
OK: 1

-------------------------

