New transfer from archive to Ashrafieh
189824
OK: 1
OK: 1

-------------------------

New transfer from archive to Badaro
439701
OK: 1
OK: 1

-------------------------

New transfer from archive to Sin el Fil
899162
OK: 1
OK: 1

-------------------------

New transfer from Sin el Fil to Ashrafieh
160229
OK: 1
OK: 1

-------------------------

New transfer from Ashrafieh to Sin el Fil
472907
OK: 1
OK: 1

-------------------------

New transfer from Sin el Fil to Badaro
672989
OK: 1
OK: 1

-------------------------

