<SMS>
    		<authentification>
    			<username>AliHabib</username>
    			<password>Ali@2020$</password>
    		</authentification>
    		<message>
    			<sender>Pet 2nd Home</sender>
    			<text>New transfer from Sin el Fil to Ashrafieh
354341</text>
    			</message>
    			<recipients>
    			<gsm messageId="354341">96171452313</gsm>
    			    <gsm messageId="354341">9613966125</gsm>
    		</recipients>
    	</SMS>
<RESPONSE><status>2</status><credits>1972.9000</credits></RESPONSE>
-------------------------

<SMS>
    		<authentification>
    			<username>AliHabib</username>
    			<password>Ali@2020$</password>
    		</authentification>
    		<message>
    			<sender>Pet 2nd Home</sender>
    			<text>New transfer from Sin el Fil to Badaro
455438</text>
    			</message>
    			<recipients>
    			<gsm messageId="455438">96171386906</gsm>
    			    <gsm messageId="455438">9613966125</gsm>
    		</recipients>
    	</SMS>
<RESPONSE><status>2</status><credits>1967.1000</credits></RESPONSE>
-------------------------

<SMS>
    		<authentification>
    			<username>AliHabib</username>
    			<password>Ali@2020$</password>
    		</authentification>
    		<message>
    			<sender>Pet 2nd Home</sender>
    			<text>New transfer from Ashrafieh to Badaro
287700</text>
    			</message>
    			<recipients>
    			<gsm messageId="287700">96171386906</gsm>
    			    <gsm messageId="287700">9613966125</gsm>
    		</recipients>
    	</SMS>
<RESPONSE><status>2</status><credits>1961.3000</credits></RESPONSE>
-------------------------

<SMS>
    		<authentification>
    			<username>AliHabib</username>
    			<password>Ali@2020$</password>
    		</authentification>
    		<message>
    			<sender>Pet 2nd Home</sender>
    			<text>New transfer from Badaro to Tayouneh
804151</text>
    			</message>
    			<recipients>
    			<gsm messageId="804151">96176015488</gsm>
    			    <gsm messageId="804151">9613966125</gsm>
    		</recipients>
    	</SMS>
<RESPONSE><status>2</status><credits>1955.5000</credits></RESPONSE>
-------------------------

<SMS>
    		<authentification>
    			<username>AliHabib</username>
    			<password>Ali@2020$</password>
    		</authentification>
    		<message>
    			<sender>Pet 2nd Home</sender>
    			<text>New transfer from Ashrafieh to Badaro
265216</text>
    			</message>
    			<recipients>
    			<gsm messageId="265216">96171386906</gsm>
    			    <gsm messageId="265216">9613966125</gsm>
    		</recipients>
    	</SMS>
<RESPONSE><status>2</status><credits>1949.7000</credits></RESPONSE>
-------------------------

