New transfer from Main Sin el Fil to Sin el Fil
399271
OK: 1
OK: 1

-------------------------

New transfer from Main Sin el Fil to Sin el Fil
459690
OK: 1
OK: 1

-------------------------

New transfer from Badaro to Sin el Fil
105667
OK: 1
OK: 1

-------------------------

New transfer from archive to Sin el Fil
480152
OK: 1
OK: 1

-------------------------

New transfer from archive to Badaro
207928
OK: 1
OK: 1

-------------------------

New transfer from archive to Ashrafieh
726706
OK: 1
OK: 1

-------------------------

New transfer from Sin el Fil to Badaro
230927
OK: 1
OK: 1

-------------------------

