New transfer from Badaro to Main Sin el Fil
103789
OK: 1
OK: 1

-------------------------

New transfer from archive to Sin el Fil
394029
OK: 1
OK: 1

-------------------------

New transfer from archive to Ashrafieh
230500
OK: 1
OK: 1

-------------------------

New transfer from archive to Badaro
271510
OK: 1
OK: 1

-------------------------

New transfer from Sin el Fil to Ashrafieh
311487
OK: 1
OK: 1

-------------------------

New transfer from abdulwahab elnklizi to Ashrafieh
322136
OK: 1
OK: 1

-------------------------

New transfer from abdulwahab elnklizi to Sin el Fil
275550
OK: 1
OK: 1

-------------------------

New transfer from Main Sin el Fil to Sin el Fil
496500
OK: 1
OK: 1

-------------------------

New transfer from Sin el Fil to Ashrafieh
825407
OK: 1
OK: 1

-------------------------

New transfer from Sin el Fil to Ashrafieh
237158
OK: 1
OK: 1

-------------------------

