New transfer from archive to Ashrafieh
175512
OK: 1
OK: 1

-------------------------

New transfer from archive to Badaro
354764
OK: 1
OK: 1

-------------------------

New transfer from Sin el Fil to Badaro
505251
OK: 1
OK: 1

-------------------------

New transfer from Sin el Fil to Ashrafieh
583218
OK: 1
OK: 1

-------------------------

New transfer from archive to Ashrafieh
598647
OK: 1
OK: 1

-------------------------

New transfer from archive to Sin el Fil
769079
OK: 1
OK: 1

-------------------------

