New transfer from Badaro to Ashrafieh
777458
OK: 1
OK: 1

-------------------------

New transfer from Badaro to Sin el Fil
299131
OK: 1
OK: 1

-------------------------

New transfer from archive to Ashrafieh
412338
OK: 1
OK: 1

-------------------------

New transfer from archive to Badaro
259254
OK: 1
OK: 1

-------------------------

New transfer from archive to Sin el Fil
367626
OK: 1
OK: 1

-------------------------

New transfer from archive to Tayouneh
141920
OK: 1
OK: 1

-------------------------

New transfer from archive to Tayouneh
477892
OK: 1
OK: 1

-------------------------

New transfer from Ashrafieh to Sin el Fil
956012
OK: 1
OK: 1

-------------------------

New transfer from archive to Badaro
801453
OK: 1
OK: 1

-------------------------

New transfer from archive to Ashrafieh
183558
OK: 1
OK: 1

-------------------------

New transfer from archive to Sin el Fil
672882
OK: 1
OK: 1

-------------------------

New transfer from archive to Tayouneh
931849
OK: 1
OK: 1

-------------------------

New transfer from Sin el Fil to Tayouneh
215125
OK: 1
OK: 1

-------------------------

