New transfer from Sin el Fil to Ashrafieh
159074
OK: 1
OK: 1

-------------------------

New transfer from archive to Ashrafieh
460009
OK: 1
OK: 1

-------------------------

New transfer from archive to Sin el Fil
413872
OK: 1
OK: 1

-------------------------

New transfer from archive to Badaro
101752
OK: 1
OK: 1

-------------------------

New transfer from archive to Ashrafieh
778571
OK: 1
OK: 1

-------------------------

New transfer from archive to Badaro
335121
OK: 1
OK: 1

-------------------------

New transfer from archive to Sin el Fil
425140
OK: 1
OK: 1

-------------------------

