New transfer from archive to Ashrafieh
354187
OK: 1
OK: 1

-------------------------

New transfer from archive to Badaro
622593
OK: 1
OK: 1

-------------------------

New transfer from archive to Sin el Fil
412325
OK: 1
OK: 1

-------------------------

New transfer from Main Sin el Fil to Sin el Fil
561776
OK: 1
OK: 1

-------------------------

New transfer from Main Sin el Fil to Badaro
658304
OK: 1
OK: 1

-------------------------

New transfer from Main Sin el Fil to Ashrafieh
151849
OK: 1
OK: 1

-------------------------

