New transfer from Ashrafieh to Sin el Fil
385065
OK: 1
OK: 1

-------------------------

New transfer from archive to Badaro
708375
OK: 1
OK: 1

-------------------------

New transfer from archive to Ashrafieh
781908
OK: 1
OK: 1

-------------------------

New transfer from archive to Sin el Fil
807116
OK: 1
OK: 1

-------------------------

New transfer from Badaro to Sin el Fil
493087
OK: 1
OK: 1

-------------------------

New transfer from Sin el Fil to Main Sin el Fil
987767
OK: 1
OK: 1

-------------------------

New transfer from archive to Ashrafieh
688912
OK: 1
OK: 1

-------------------------

New transfer from archive to Badaro
307403
OK: 1
OK: 1

-------------------------

New transfer from archive to Sin el Fil
566349
OK: 1
OK: 1

-------------------------

New transfer from Sin el Fil to Ashrafieh
680379
OK: 1
OK: 1

-------------------------

