New transfer from archive to Sin el Fil
600960
OK: 1
OK: 1

-------------------------

New transfer from archive to Ashrafieh
290605
OK: 1
OK: 1

-------------------------

New transfer from archive to Badaro
248380
OK: 1
OK: 1

-------------------------

New transfer from archive to abdulwahab elnklizi
379974
OK: 1
OK: 1

-------------------------

New transfer from Sin el Fil to Ashrafieh
503097
OK: 1
OK: 1

-------------------------

New transfer from Sin el Fil to Ashrafieh
930134
OK: 1
OK: 1

-------------------------

New transfer from Ashrafieh to Sin el Fil
410869
OK: 1
OK: 1

-------------------------

