New transfer from Sin el Fil to Badaro
405142
OK: 1
OK: 1

-------------------------

New transfer from Ashrafieh to Tayouneh
926083
OK: 1
OK: 1

-------------------------

New transfer from Tayouneh to Sin el Fil
220678
OK: 1
OK: 1

-------------------------

New transfer from Badaro to Tayouneh
462774
OK: 1
OK: 1

-------------------------

New transfer from Badaro to Ashrafieh
157143
OK: 1
OK: 1

-------------------------

New transfer from archive to Ashrafieh
341151
OK: 1
OK: 1

-------------------------

New transfer from Sin el Fil to Tayouneh
442595
OK: 1
OK: 1

-------------------------

