New transfer from Sin el Fil to Ashrafieh
789650
OK: 1
OK: 1

-------------------------

New transfer from Sin el Fil to Ashrafieh
948981
OK: 1
OK: 1

-------------------------

New transfer from Badaro to Ashrafieh
864671
OK: 1
OK: 1

-------------------------

New transfer from archive to Badaro
790001
OK: 1
OK: 1

-------------------------

New transfer from archive to Ashrafieh
195054
OK: 1
OK: 1

-------------------------

New transfer from archive to Sin el Fil
731853
OK: 1
OK: 1

-------------------------

New transfer from Badaro to Tayouneh
745445
OK: 1
OK: 1

-------------------------

New transfer from archive to Badaro
637734
OK: 1
OK: 1

-------------------------

