New transfer from Sin el Fil to Ashrafieh
738184
OK: 1
OK: 1

-------------------------

New transfer from Badaro to Tayouneh
721997
OK: 1
OK: 1

-------------------------

New transfer from archive to Sin el Fil
340719
OK: 1
OK: 1

-------------------------

New transfer from archive to Ashrafieh
969589
OK: 1
OK: 1

-------------------------

New transfer from archive to Badaro
238589
OK: 1
OK: 1

-------------------------

New transfer from archive to Sin el Fil
846359
OK: 1
OK: 1

-------------------------

New transfer from archive to Ashrafieh
798002
OK: 1
OK: 1

-------------------------

New transfer from archive to Tayouneh
103306
OK: 1
OK: 1

-------------------------

New transfer from archive to Badaro
634336
OK: 1
OK: 1

-------------------------

New transfer from archive to Badaro
600476
OK: 1
OK: 1

-------------------------

