New transfer from Ashrafieh to Badaro
532550
OK: 1
OK: 1

-------------------------

New transfer from Sin el Fil to Badaro
359407
OK: 1
OK: 1

-------------------------

New transfer from archive to Ashrafieh
129062
OK: 1
OK: 1

-------------------------

New transfer from archive to Badaro
799322
OK: 1
OK: 1

-------------------------

New transfer from archive to Sin el Fil
636863
OK: 1
OK: 1

-------------------------

New transfer from archive to Tayouneh
389793
OK: 1
OK: 1

-------------------------

