New transfer from abdulwahab elnklizi to Sin el Fil
701811
OK: 1
OK: 1

-------------------------

New transfer from Badaro to Sin el Fil
552099
OK: 1
OK: 1

-------------------------

New transfer from archive to Badaro
431256
OK: 1
OK: 1

-------------------------

New transfer from archive to abdulwahab elnklizi
695034
OK: 1
OK: 1

-------------------------

New transfer from archive to Ashrafieh
187443
OK: 1
OK: 1

-------------------------

New transfer from archive to Sin el Fil
757417
OK: 1
OK: 1

-------------------------

New transfer from Sin el Fil to Ashrafieh
123442
OK: 1
OK: 1

-------------------------

New transfer from Sin el Fil to Ashrafieh
967957
OK: 1
OK: 1

-------------------------

New transfer from Sin el Fil to Ashrafieh
697451
OK: 1
OK: 1

-------------------------

