New transfer from Badaro to Tayouneh
671189
OK: 1
OK: 1

-------------------------

New transfer from Ashrafieh to Badaro
636079
OK: 1
OK: 1

-------------------------

New transfer from archive to Badaro
535407
OK: 1
OK: 1

-------------------------

New transfer from archive to Tayouneh
852521
OK: 1
OK: 1

-------------------------

New transfer from archive to Ashrafieh
136764
OK: 1
OK: 1

-------------------------

New transfer from archive to Sin el Fil
672476
OK: 1
OK: 1

-------------------------

New transfer from archive to Badaro
323051
OK: 1
OK: 1

-------------------------

