<SMS>
    		<authentification>
    			<username>AliHabib</username>
    			<password>Ali@2020$</password>
    		</authentification>
    		<message>
    			<sender>Pet 2nd Home</sender>
    			<text>New transfer from Badaro to Ashrafieh
549478</text>
    			</message>
    			<recipients>
    			<gsm messageId="549478">96171452313</gsm>
    			    <gsm messageId="549478">9613966125</gsm>
    		</recipients>
    	</SMS>
<RESPONSE><status>2</status><credits>2587.7000</credits></RESPONSE>
-------------------------

<SMS>
    		<authentification>
    			<username>AliHabib</username>
    			<password>Ali@2020$</password>
    		</authentification>
    		<message>
    			<sender>Pet 2nd Home</sender>
    			<text>New transfer from Badaro to Ashrafieh
184857</text>
    			</message>
    			<recipients>
    			<gsm messageId="184857">96171452313</gsm>
    			    <gsm messageId="184857">9613966125</gsm>
    		</recipients>
    	</SMS>
<RESPONSE><status>2</status><credits>2581.9000</credits></RESPONSE>
-------------------------

<SMS>
    		<authentification>
    			<username>AliHabib</username>
    			<password>Ali@2020$</password>
    		</authentification>
    		<message>
    			<sender>Pet 2nd Home</sender>
    			<text>New transfer from Badaro to Ashrafieh
529422</text>
    			</message>
    			<recipients>
    			<gsm messageId="529422">96171452313</gsm>
    			    <gsm messageId="529422">9613966125</gsm>
    		</recipients>
    	</SMS>
<RESPONSE><status>2</status><credits>2576.1000</credits></RESPONSE>
-------------------------

<SMS>
    		<authentification>
    			<username>AliHabib</username>
    			<password>Ali@2020$</password>
    		</authentification>
    		<message>
    			<sender>Pet 2nd Home</sender>
    			<text>New transfer from archive to Badaro
285509</text>
    			</message>
    			<recipients>
    			<gsm messageId="285509">96171386906</gsm>
    			    <gsm messageId="285509">9613966125</gsm>
    		</recipients>
    	</SMS>
<RESPONSE><status>2</status><credits>2570.3000</credits></RESPONSE>
-------------------------

<SMS>
    		<authentification>
    			<username>AliHabib</username>
    			<password>Ali@2020$</password>
    		</authentification>
    		<message>
    			<sender>Pet 2nd Home</sender>
    			<text>New transfer from Badaro to Tayouneh
213363</text>
    			</message>
    			<recipients>
    			<gsm messageId="213363">96176015488</gsm>
    			    <gsm messageId="213363">9613966125</gsm>
    		</recipients>
    	</SMS>
<RESPONSE><status>2</status><credits>2564.5000</credits></RESPONSE>
-------------------------

<SMS>
    		<authentification>
    			<username>AliHabib</username>
    			<password>Ali@2020$</password>
    		</authentification>
    		<message>
    			<sender>Pet 2nd Home</sender>
    			<text>New transfer from Tayouneh to Badaro
715725</text>
    			</message>
    			<recipients>
    			<gsm messageId="715725">96171386906</gsm>
    			    <gsm messageId="715725">9613966125</gsm>
    		</recipients>
    	</SMS>
<RESPONSE><status>2</status><credits>2558.7000</credits></RESPONSE>
-------------------------

