New transfer from Badaro to Main Sin el Fil
414426
OK: 1
OK: 1

-------------------------

New transfer from Ashrafieh to Badaro
302325
OK: 1
OK: 1

-------------------------

New transfer from archive to Sin el Fil
979746
OK: 1
OK: 1

-------------------------

New transfer from archive to Ashrafieh
834914
OK: 1
OK: 1

-------------------------

New transfer from archive to Badaro
229593
OK: 1
OK: 1

-------------------------

New transfer from archive to Sin el Fil
780407
OK: 1
OK: 1

-------------------------

New transfer from archive to Ashrafieh
498014
OK: 1
OK: 1

-------------------------

New transfer from archive to Badaro
476975
OK: 1
OK: 1

-------------------------

New transfer from archive to Ashrafieh
333429
OK: 1
OK: 1

-------------------------

New transfer from Badaro to Ashrafieh
191162
OK: 1
OK: 1

-------------------------

