<SMS>
    		<authentification>
    			<username>AliHabib</username>
    			<password>Ali@2020$</password>
    		</authentification>
    		<message>
    			<sender>Pet 2nd Home</sender>
    			<text>New transfer from Badaro to Sin el Fil
570850</text>
    			</message>
    			<recipients>
    			<gsm messageId="570850">96176749789</gsm>
    			    <gsm messageId="570850">9613966125</gsm>
    		</recipients>
    	</SMS>
<RESPONSE><status>2</status><credits>801.3000</credits></RESPONSE>
-------------------------

<SMS>
    		<authentification>
    			<username>AliHabib</username>
    			<password>Ali@2020$</password>
    		</authentification>
    		<message>
    			<sender>Pet 2nd Home</sender>
    			<text>New transfer from archive to Main Sin el Fil
317302</text>
    			</message>
    			<recipients>
    			<gsm messageId="317302">9613487198</gsm>
    			    <gsm messageId="317302">9613966125</gsm>
    		</recipients>
    	</SMS>
<RESPONSE><status>2</status><credits>795.5000</credits></RESPONSE>
-------------------------

<SMS>
    		<authentification>
    			<username>AliHabib</username>
    			<password>Ali@2020$</password>
    		</authentification>
    		<message>
    			<sender>Pet 2nd Home</sender>
    			<text>New transfer from archive to Badaro
915459</text>
    			</message>
    			<recipients>
    			<gsm messageId="915459">96171386906</gsm>
    			    <gsm messageId="915459">9613966125</gsm>
    		</recipients>
    	</SMS>
<RESPONSE><status>2</status><credits>789.7000</credits></RESPONSE>
-------------------------

