New transfer from archive to Ashrafieh
185433
OK: 1
OK: 1

-------------------------

New transfer from archive to Badaro
650485
OK: 1
OK: 1

-------------------------

New transfer from archive to Sin el Fil
718126
OK: 1
OK: 1

-------------------------

New transfer from Sin el Fil to Ashrafieh
917015
OK: 1
OK: 1

-------------------------

New transfer from Sin el Fil to Badaro
930221
OK: 1
OK: 1

-------------------------

New transfer from archive to Sin el Fil
650832
OK: 1
OK: 1

-------------------------

New transfer from archive to Badaro
752874
OK: 1
OK: 1

-------------------------

New transfer from archive to Ashrafieh
210942
OK: 1
OK: 1

-------------------------

New transfer from archive to abdulwahab elnklizi
924061
OK: 1
OK: 1

-------------------------

New transfer from Sin el Fil to abdulwahab elnklizi
537088
OK: 1
OK: 1

-------------------------

