New transfer from Ashrafieh to Badaro
198870
ERR: Not enough credit
ERR: Not enough credit

-------------------------

New transfer from Tayouneh to Ashrafieh
427611
ERR: Not enough credit
ERR: Not enough credit

-------------------------

New transfer from Badaro to Ashrafieh
409370
ERR: Not enough credit
ERR: Not enough credit

-------------------------

New transfer from Ashrafieh to Badaro
210769
ERR: Not enough credit
ERR: Not enough credit

-------------------------

New transfer from Ashrafieh to Tayouneh
545681
ERR: Not enough credit
ERR: Not enough credit

-------------------------

New transfer from archive to Ashrafieh
476993
ERR: Not enough credit
ERR: Not enough credit

-------------------------

New transfer from archive to Sin el Fil
906165
ERR: Not enough credit
ERR: Not enough credit

-------------------------

New transfer from archive to Badaro
459632
ERR: Not enough credit
ERR: Not enough credit

-------------------------

New transfer from archive to Tayouneh
466757
ERR: Not enough credit
ERR: Not enough credit

-------------------------

New transfer from Tayouneh to Badaro
648624
ERR: Not enough credit
ERR: Not enough credit

-------------------------

New transfer from archive to Ashrafieh
595965
ERR: Not enough credit
ERR: Not enough credit

-------------------------

New transfer from archive to Badaro
630102
ERR: Not enough credit
ERR: Not enough credit

-------------------------

New transfer from archive to Sin el Fil
821699
ERR: Not enough credit
ERR: Not enough credit

-------------------------

New transfer from archive to Tayouneh
715872
ERR: Not enough credit
ERR: Not enough credit

-------------------------

New transfer from archive to Badaro
948966
ERR: Not enough credit
ERR: Not enough credit

-------------------------

