New transfer from archive to Sin el Fil
329501
OK: 1
OK: 1

-------------------------

New transfer from archive to Ashrafieh
273518
OK: 1
OK: 1

-------------------------

New transfer from archive to Badaro
111851
OK: 1
OK: 1

-------------------------

New transfer from archive to Tayouneh
383421
OK: 1
OK: 1

-------------------------

New transfer from archive to Sin el Fil
350640
OK: 1
OK: 1

-------------------------

New transfer from archive to Ashrafieh
567322
OK: 1
OK: 1

-------------------------

New transfer from archive to Badaro
836060
OK: 1
OK: 1

-------------------------

New transfer from Sin el Fil to Badaro
598780
OK: 1
OK: 1

-------------------------

New transfer from Sin el Fil to Ashrafieh
724057
OK: 1
OK: 1

-------------------------

