New transfer from Badaro to abdulwahab elnklizi
190162
OK: 1
OK: 1

-------------------------

New transfer from Badaro to Sin el Fil
666785
OK: 1
OK: 1

-------------------------

New transfer from Ashrafieh to Badaro
135438
OK: 1
OK: 1

-------------------------

New transfer from Sin el Fil to Badaro
625232
OK: 1
OK: 1

-------------------------

New transfer from Sin el Fil to Ashrafieh
938377
OK: 1
OK: 1

-------------------------

New transfer from abdulwahab elnklizi to Main Sin el Fil
764673
OK: 1
OK: 1

-------------------------

New transfer from abdulwahab elnklizi to Sin el Fil
538317
OK: 1
OK: 1

-------------------------

New transfer from abdulwahab elnklizi to Badaro
158618
OK: 1
OK: 1

-------------------------

