New transfer from archive to Sin el Fil
973478
OK: 1
OK: 1

-------------------------

New transfer from archive to Ashrafieh
763413
OK: 1
OK: 1

-------------------------

New transfer from Ashrafieh to Sin el Fil
680074
OK: 1
OK: 1

-------------------------

New transfer from Badaro to Sin el Fil
384979
OK: 1
OK: 1

-------------------------

New transfer from archive to Ashrafieh
679267
OK: 1
OK: 1

-------------------------

New transfer from archive to Sin el Fil
515926
OK: 1
OK: 1

-------------------------

New transfer from abdulwahab elnklizi to Ashrafieh
426325
OK: 1
OK: 1

-------------------------

New transfer from abdulwahab elnklizi to Sin el Fil
240389
OK: 1
OK: 1

-------------------------

