New transfer from Ashrafieh to abdulwahab elnklizi
441685
ERR: Not enough credit
ERR: Not enough credit

-------------------------

New transfer from abdulwahab elnklizi to Badaro
872614
ERR: Not enough credit
ERR: Not enough credit

-------------------------

New transfer from Sin el Fil to Ashrafieh
719636
ERR: Not enough credit
ERR: Not enough credit

-------------------------

New transfer from Ashrafieh to Badaro
257423
ERR: Not enough credit
ERR: Not enough credit

-------------------------

