New transfer from archive to Ashrafieh
734901
OK: 1
OK: 1

-------------------------

New transfer from archive to Badaro
688357
OK: 1
OK: 1

-------------------------

New transfer from archive to Badaro
420862
OK: 1
OK: 1

-------------------------

New transfer from archive to Sin el Fil
782295
OK: 1
OK: 1

-------------------------

New transfer from archive to Tayouneh
417641
OK: 1
OK: 1

-------------------------

New transfer from Sin el Fil to Tayouneh
873056
OK: 1
OK: 1

-------------------------

New transfer from Badaro to Tayouneh
501902
OK: 1
OK: 1

-------------------------

New transfer from Sin el Fil to Tayouneh
912143
OK: 1
OK: 1

-------------------------

New transfer from archive to Ashrafieh
103552
OK: 1
OK: 1

-------------------------

New transfer from archive to Badaro
306894
OK: 1
OK: 1

-------------------------

New transfer from archive to Sin el Fil
574386
OK: 1
OK: 1

-------------------------

New transfer from archive to Tayouneh
356943
OK: 1
OK: 1

-------------------------

