New transfer from archive to Ashrafieh
430221
OK: 1
OK: 1

-------------------------

New transfer from archive to Badaro
446013
OK: 1
OK: 1

-------------------------

New transfer from archive to Badaro
516702
OK: 1
OK: 1

-------------------------

New transfer from archive to Sin el Fil
365673
OK: 1
OK: 1

-------------------------

New transfer from archive to Tayouneh
842008
OK: 1
OK: 1

-------------------------

New transfer from archive to Badaro
911129
OK: 1
OK: 1

-------------------------

New transfer from archive to Sin el Fil
115366
OK: 1
OK: 1

-------------------------

New transfer from archive to Ashrafieh
273085
OK: 1
OK: 1

-------------------------

New transfer from archive to Badaro
499772
OK: 1
OK: 1

-------------------------

New transfer from Ashrafieh to Tayouneh
595583
OK: 1
OK: 1

-------------------------

New transfer from Ashrafieh to Sin el Fil
836942
OK: 1
OK: 1

-------------------------

