New transfer from archive to Ashrafieh
772570
OK: 1
OK: 1

-------------------------

New transfer from archive to Badaro
208924
OK: 1
OK: 1

-------------------------

New transfer from archive to Sin el Fil
696710
OK: 1
OK: 1

-------------------------

New transfer from archive to Tayouneh
476854
OK: 1
OK: 1

-------------------------

New transfer from archive to Sin el Fil
273497
OK: 1
OK: 1

-------------------------

New transfer from Ashrafieh to Tayouneh
633643
OK: 1
OK: 1

-------------------------

