New transfer from Sin el Fil to Ashrafieh
272707
OK: 1
OK: 1

-------------------------

New transfer from Sin el Fil to Tayouneh
916064
OK: 1
OK: 1

-------------------------

New transfer from archive to Ashrafieh
447120
OK: 1
OK: 1

-------------------------

New transfer from archive to Badaro
634798
OK: 1
OK: 1

-------------------------

New transfer from archive to Sin el Fil
655285
OK: 1
OK: 1

-------------------------

New transfer from archive to Ashrafieh
280595
OK: 1
OK: 1

-------------------------

New transfer from archive to Sin el Fil
970683
OK: 1
OK: 1

-------------------------

New transfer from archive to Badaro
128850
OK: 1
OK: 1

-------------------------

