New transfer from Sin el Fil to Ashrafieh
712997
OK: 1
OK: 1

-------------------------

New transfer from Ashrafieh to Main Sin el Fil
479301
OK: 1
OK: 1

-------------------------

New transfer from Ashrafieh to Main Sin el Fil
280170
OK: 1
OK: 1

-------------------------

New transfer from archive to Sin el Fil
773596
OK: 1
OK: 1

-------------------------

New transfer from Badaro to Main Sin el Fil
375577
OK: 1
OK: 1

-------------------------

New transfer from Sin el Fil to Ashrafieh
906368
OK: 1
OK: 1

-------------------------

