New transfer from Ashrafieh to Main Sin el Fil
518746
OK: 1
OK: 1

-------------------------

New transfer from archive to Ashrafieh
878149
OK: 1
OK: 1

-------------------------

New transfer from archive to Sin el Fil
933094
OK: 1
OK: 1

-------------------------

New transfer from archive to abdulwahab elnklizi
786805
OK: 1
OK: 1

-------------------------

New transfer from archive to Badaro
926655
OK: 1
OK: 1

-------------------------

New transfer from archive to Sin el Fil
398648
OK: 1
OK: 1

-------------------------

New transfer from archive to Ashrafieh
133818
OK: 1
OK: 1

-------------------------

New transfer from Main Sin el Fil to Ashrafieh
218203
OK: 1
OK: 1

-------------------------

New transfer from abdulwahab elnklizi to Badaro
651271
OK: 1
OK: 1

-------------------------

New transfer from archive to Sin el Fil
280871
OK: 1
OK: 1

-------------------------

New transfer from archive to Ashrafieh
442325
OK: 1
OK: 1

-------------------------

New transfer from archive to Badaro
973031
OK: 1
OK: 1

-------------------------

New transfer from archive to abdulwahab elnklizi
957827
OK: 1
OK: 1

-------------------------

New transfer from archive to Sin el Fil
458751
OK: 1
OK: 1

-------------------------

New transfer from archive to Ashrafieh
664749
OK: 1
OK: 1

-------------------------

New transfer from Sin el Fil to abdulwahab elnklizi
891670
OK: 1
OK: 1

-------------------------

New transfer from Sin el Fil to Ashrafieh
648743
OK: 1
OK: 1

-------------------------

New transfer from abdulwahab elnklizi to Badaro
858345
OK: 1
OK: 1

-------------------------

New transfer from archive to Sin el Fil
791164
OK: 1
OK: 1

-------------------------

