New transfer from Sin el Fil to Ashrafieh
443994
OK: 1
OK: 1

-------------------------

New transfer from Sin el Fil to Tayouneh
491996
OK: 1
OK: 1

-------------------------

New transfer from Sin el Fil to Ashrafieh
493939
OK: 1
OK: 1

-------------------------

New transfer from archive to Ashrafieh
203271
OK: 1
OK: 1

-------------------------

New transfer from archive to Sin el Fil
689653
OK: 1
OK: 1

-------------------------

New transfer from archive to Ashrafieh
109678
OK: 1
OK: 1

-------------------------

New transfer from archive to Sin el Fil
749703
OK: 1
OK: 1

-------------------------

New transfer from archive to Badaro
368008
OK: 1
OK: 1

-------------------------

New transfer from archive to Ashrafieh
110688
OK: 1
OK: 1

-------------------------

New transfer from archive to Ashrafieh
423870
OK: 1
OK: 1

-------------------------

New transfer from archive to Sin el Fil
221429
OK: 1
OK: 1

-------------------------

New transfer from archive to Badaro
759543
OK: 1
OK: 1

-------------------------

