New transfer from Badaro to Sin el Fil
893214
OK: 1
OK: 1

-------------------------

New transfer from Badaro to Sin el Fil
919100
OK: 1
OK: 1

-------------------------

New transfer from Tayouneh to Main Sin el Fil
778218
OK: 1
OK: 1

-------------------------

New transfer from Tayouneh to Main Sin el Fil
480363
OK: 1
OK: 1

-------------------------

New transfer from Tayouneh to Main Sin el Fil
613811
OK: 1
OK: 1

-------------------------

New transfer from Sin el Fil to Badaro
218396
OK: 1
OK: 1

-------------------------

