New transfer from Ashrafieh to Sin el Fil
583525
OK: 1
OK: 1

-------------------------

New transfer from Sin el Fil to Ashrafieh
139914
OK: 1
OK: 1

-------------------------

New transfer from Badaro to Ashrafieh
432707
OK: 1
OK: 1

-------------------------

New transfer from archive to Ashrafieh
669229
OK: 1
OK: 1

-------------------------

New transfer from archive to Badaro
245265
OK: 1
OK: 1

-------------------------

New transfer from archive to Sin el Fil
230660
OK: 1
OK: 1

-------------------------

New transfer from archive to Sin el Fil
795884
OK: 1
OK: 1

-------------------------

New transfer from archive to Badaro
213267
OK: 1
OK: 1

-------------------------

New transfer from archive to Sin el Fil
417893
OK: 1
OK: 1

-------------------------

New transfer from archive to Badaro
781428
OK: 1
OK: 1

-------------------------

New transfer from archive to Ashrafieh
618812
OK: 1
OK: 1

-------------------------

