New transfer from Ashrafieh to Sin el Fil
478658
OK: 1
OK: 1

-------------------------

New transfer from archive to Ashrafieh
677498
OK: 1
OK: 1

-------------------------

New transfer from archive to Sin el Fil
184338
OK: 1
OK: 1

-------------------------

New transfer from archive to Badaro
846296
OK: 1
OK: 1

-------------------------

New transfer from archive to Badaro
420432
OK: 1
OK: 1

-------------------------

New transfer from archive to Ashrafieh
921694
OK: 1
OK: 1

-------------------------

New transfer from archive to Badaro
640981
OK: 1
OK: 1

-------------------------

New transfer from archive to Sin el Fil
979124
OK: 1
OK: 1

-------------------------

New transfer from Sin el Fil to Ashrafieh
143717
OK: 1
OK: 1

-------------------------

