New transfer from Badaro to Ashrafieh
551528
OK: 1
OK: 1

-------------------------

New transfer from Sin el Fil to Badaro
545345
OK: 1
OK: 1

-------------------------

New transfer from abdulwahab elnklizi to Sin el Fil
324991
OK: 1
OK: 1

-------------------------

New transfer from Ashrafieh to Sin el Fil
259862
OK: 1
OK: 1

-------------------------

New transfer from Ashrafieh to Badaro
532320
OK: 1
OK: 1

-------------------------

New transfer from abdulwahab elnklizi to Ashrafieh
454644
OK: 1
OK: 1

-------------------------

New transfer from Sin el Fil to Ashrafieh
636155
OK: 1
OK: 1

-------------------------

New transfer from Ashrafieh to abdulwahab elnklizi
628745
OK: 1
OK: 1

-------------------------

