New transfer from archive to Ashrafieh
424241
ERR: Not enough credit
ERR: Not enough credit

-------------------------

New transfer from archive to Sin el Fil
857200
ERR: Not enough credit
ERR: Not enough credit

-------------------------

New transfer from archive to Badaro
192382
ERR: Not enough credit
ERR: Not enough credit

-------------------------

New transfer from archive to abdulwahab elnklizi
566971
ERR: Not enough credit
ERR: Not enough credit

-------------------------

New transfer from Sin el Fil to Badaro
978852
ERR: Not enough credit
ERR: Not enough credit

-------------------------

