New transfer from Sin el Fil to Badaro
681460
OK: 1
OK: 1

-------------------------

New transfer from Sin el Fil to Ashrafieh
648485
OK: 1
OK: 1

-------------------------

New transfer from archive to Sin el Fil
683060
OK: 1
OK: 1

-------------------------

New transfer from archive to Ashrafieh
311483
OK: 1
OK: 1

-------------------------

New transfer from archive to Badaro
121126
OK: 1
OK: 1

-------------------------

New transfer from archive to Sin el Fil
286787
OK: 1
OK: 1

-------------------------

New transfer from archive to Ashrafieh
634343
OK: 1
OK: 1

-------------------------

New transfer from Sin el Fil to Ashrafieh
643622
OK: 1
OK: 1

-------------------------

