New transfer from archive to Badaro
983313
ERR: Not enough credit
ERR: Not enough credit

-------------------------

New transfer from archive to Badaro
186882
ERR: Not enough credit
ERR: Not enough credit

-------------------------

New transfer from archive to Sin el Fil
110193
ERR: Not enough credit
ERR: Not enough credit

-------------------------

New transfer from archive to abdulwahab elnklizi
376317
ERR: Not enough credit
ERR: Not enough credit

-------------------------

New transfer from archive to Ashrafieh
697924
ERR: Not enough credit
ERR: Not enough credit

-------------------------

New transfer from abdulwahab elnklizi to Ashrafieh
842898
ERR: Not enough credit
ERR: Not enough credit

-------------------------

New transfer from archive to Sin el Fil
444614
ERR: Not enough credit
ERR: Not enough credit

-------------------------

New transfer from archive to Badaro
772179
ERR: Not enough credit
ERR: Not enough credit

-------------------------

New transfer from Ashrafieh to abdulwahab elnklizi
624569
ERR: Not enough credit
ERR: Not enough credit

-------------------------

