New transfer from Ashrafieh to Badaro
495364
OK: 1
OK: 1

-------------------------

New transfer from Sin el Fil to Badaro
285876
OK: 1
OK: 1

-------------------------

New transfer from Badaro to Ashrafieh
635845
OK: 1
OK: 1

-------------------------

New transfer from archive to Badaro
627787
OK: 1
OK: 1

-------------------------

New transfer from archive to Sin el Fil
425019
OK: 1
OK: 1

-------------------------

New transfer from archive to Ashrafieh
729221
OK: 1
OK: 1

-------------------------

New transfer from archive to Badaro
341288
OK: 1
OK: 1

-------------------------

New transfer from archive to Sin el Fil
304313
OK: 1
OK: 1

-------------------------

New transfer from archive to Ashrafieh
169533
OK: 1
OK: 1

-------------------------

New transfer from archive to Ashrafieh
965794
OK: 1
OK: 1

-------------------------

New transfer from archive to Sin el Fil
469223
OK: 1
OK: 1

-------------------------

New transfer from archive to Badaro
728076
OK: 1
OK: 1

-------------------------

New transfer from archive to Badaro
208806
OK: 1
OK: 1

-------------------------

New transfer from Ashrafieh to Badaro
103836
OK: 1
OK: 1

-------------------------

