New transfer from Badaro to Sin el Fil
555302
OK: 1
OK: 1

-------------------------

New transfer from Badaro to Sin el Fil
185262
OK: 1
OK: 1

-------------------------

New transfer from archive to Badaro
787227
OK: 1
OK: 1

-------------------------

New transfer from archive to Ashrafieh
401223
OK: 1
OK: 1

-------------------------

New transfer from archive to Sin el Fil
618309
OK: 1
OK: 1

-------------------------

New transfer from archive to Tayouneh
900165
OK: 1
OK: 1

-------------------------

New transfer from archive to Ashrafieh
146344
OK: 1
OK: 1

-------------------------

New transfer from archive to Sin el Fil
648457
OK: 1
OK: 1

-------------------------

