New transfer from Sin el Fil to Badaro
938591
OK: 1
OK: 1

-------------------------

New transfer from Badaro to Sin el Fil
168678
OK: 1
OK: 1

-------------------------

New transfer from Sin el Fil to Badaro
241276
OK: 1
OK: 1

-------------------------

New transfer from Sin el Fil to Badaro
740255
OK: 1
OK: 1

-------------------------

New transfer from Badaro to Sin el Fil
673251
OK: 1
OK: 1

-------------------------

New transfer from Sin el Fil to Ashrafieh
247722
OK: 1
OK: 1

-------------------------

