New transfer from Badaro to Sin el Fil
836740
OK: 1
OK: 1

-------------------------

New transfer from Badaro to Sin el Fil
234621
OK: 1
OK: 1

-------------------------

New transfer from Badaro to Tayouneh
386230
OK: 1
OK: 1

-------------------------

New transfer from archive to Ashrafieh
477757
OK: 1
OK: 1

-------------------------

New transfer from Sin el Fil to Ashrafieh
889073
OK: 1
OK: 1

-------------------------

New transfer from archive to Badaro
136246
OK: 1
OK: 1

-------------------------

New transfer from archive to Badaro
836653
OK: 1
OK: 1

-------------------------

New transfer from archive to Badaro
644202
OK: 1
OK: 1

-------------------------

New transfer from archive to Sin el Fil
348234
OK: 1
OK: 1

-------------------------

New transfer from archive to Tayouneh
204212
OK: 1
OK: 1

-------------------------

New transfer from Ashrafieh to Tayouneh
350872
OK: 1
OK: 1

-------------------------

New transfer from archive to Tayouneh
284606
OK: 1
OK: 1

-------------------------

New transfer from archive to Ashrafieh
281788
OK: 1
OK: 1

-------------------------

New transfer from archive to Badaro
723664
OK: 1
OK: 1

-------------------------

New transfer from archive to Sin el Fil
498479
OK: 1
OK: 1

-------------------------

