New transfer from Sin el Fil to abdulwahab elnklizi
132348
OK: 1
OK: 1

-------------------------

New transfer from archive to Badaro
535864
OK: 1
OK: 1

-------------------------

New transfer from archive to Ashrafieh
832707
OK: 1
OK: 1

-------------------------

New transfer from archive to Sin el Fil
470961
OK: 1
OK: 1

-------------------------

New transfer from archive to abdulwahab elnklizi
161780
OK: 1
OK: 1

-------------------------

New transfer from Sin el Fil to Ashrafieh
774212
OK: 1
OK: 1

-------------------------

New transfer from abdulwahab elnklizi to Sin el Fil
162579
OK: 1
OK: 1

-------------------------

New transfer from Sin el Fil to Ashrafieh
691393
OK: 1
OK: 1

-------------------------

New transfer from abdulwahab elnklizi to Ashrafieh
282798
OK: 1
OK: 1

-------------------------

New transfer from Sin el Fil to Ashrafieh
269393
OK: 1
OK: 1

-------------------------

New transfer from Sin el Fil to Ashrafieh
954490
OK: 1
OK: 1

-------------------------

