New transfer from Sin el Fil to Badaro
103178
OK: 1
OK: 1

-------------------------

New transfer from archive to Sin el Fil
847802
OK: 1
OK: 1

-------------------------

New transfer from Badaro to Ashrafieh
788699
OK: 1
OK: 1

-------------------------

New transfer from archive to Ashrafieh
790218
OK: 1
OK: 1

-------------------------

New transfer from archive to Badaro
667503
OK: 1
OK: 1

-------------------------

New transfer from archive to Ashrafieh
787751
OK: 1
OK: 1

-------------------------

New transfer from archive to abdulwahab elnklizi
924174
OK: 1
OK: 1

-------------------------

New transfer from Badaro to Sin el Fil
708203
OK: 1
OK: 1

-------------------------

New transfer from Sin el Fil to abdulwahab elnklizi
155500
OK: 1
OK: 1

-------------------------

New transfer from Sin el Fil to Ashrafieh
146671
OK: 1
OK: 1

-------------------------

New transfer from Sin el Fil to Ashrafieh
283355
OK: 1
OK: 1

-------------------------

New transfer from Sin el Fil to Ashrafieh
229748
OK: 1
OK: 1

-------------------------

