New transfer from archive to Sin el Fil
319525
OK: 1
OK: 1

-------------------------

New transfer from archive to Ashrafieh
485982
OK: 1
OK: 1

-------------------------

New transfer from archive to Badaro
177263
OK: 1
OK: 1

-------------------------

New transfer from archive to abdulwahab elnklizi
264683
OK: 1
OK: 1

-------------------------

New transfer from archive to Badaro
360147
OK: 1
OK: 1

-------------------------

New transfer from archive to Ashrafieh
608325
OK: 1
OK: 1

-------------------------

New transfer from archive to Sin el Fil
488885
OK: 1
OK: 1

-------------------------

New transfer from archive to Sin el Fil
462809
OK: 1
OK: 1

-------------------------

New transfer from archive to Ashrafieh
913135
OK: 1
OK: 1

-------------------------

New transfer from archive to Badaro
332237
OK: 1
OK: 1

-------------------------

New transfer from archive to abdulwahab elnklizi
344487
OK: 1
OK: 1

-------------------------

New transfer from archive to Sin el Fil
933844
OK: 1
OK: 1

-------------------------

New transfer from Sin el Fil to Ashrafieh
409611
OK: 1
OK: 1

-------------------------

New transfer from Sin el Fil to Ashrafieh
293410
OK: 1
OK: 1

-------------------------

