New transfer from archive to Sin el Fil
756807
OK: 1
OK: 1

-------------------------

New transfer from archive to Sin el Fil
824775
OK: 1
OK: 1

-------------------------

New transfer from archive to Ashrafieh
192481
OK: 1
OK: 1

-------------------------

New transfer from abdulwahab elnklizi to Badaro
781356
OK: 1
OK: 1

-------------------------

New transfer from archive to abdulwahab elnklizi
269883
OK: 1
OK: 1

-------------------------

New transfer from archive to Sin el Fil
130623
OK: 1
OK: 1

-------------------------

New transfer from archive to Ashrafieh
404120
OK: 1
OK: 1

-------------------------

