New transfer from archive to Sin el Fil
123969
OK: 1
OK: 1

-------------------------

New transfer from Sin el Fil to Tayouneh
766482
OK: 1
OK: 1

-------------------------

New transfer from Badaro to Sin el Fil
949629
OK: 1
OK: 1

-------------------------

New transfer from Badaro to Tayouneh
393899
OK: 1
OK: 1

-------------------------

New transfer from archive to Ashrafieh
171016
OK: 1
OK: 1

-------------------------

New transfer from Badaro to Sin el Fil
905324
OK: 1
OK: 1

-------------------------

New transfer from archive to Sin el Fil
874611
OK: 1
OK: 1

-------------------------

New transfer from archive to Badaro
143338
OK: 1
OK: 1

-------------------------

New transfer from archive to Tayouneh
816626
OK: 1
OK: 1

-------------------------

New transfer from archive to Sin el Fil
935989
OK: 1
OK: 1

-------------------------

New transfer from archive to Badaro
439011
OK: 1
OK: 1

-------------------------

New transfer from archive to Ashrafieh
888279
OK: 1
OK: 1

-------------------------

