New transfer from Ashrafieh to Badaro
616106
OK: 1
OK: 1

-------------------------

New transfer from Sin el Fil to Ashrafieh
149764
OK: 1
OK: 1

-------------------------

New transfer from Sin el Fil to Badaro
201797
OK: 1
OK: 1

-------------------------

New transfer from Sin el Fil to Badaro
261614
OK: 1
OK: 1

-------------------------

New transfer from abdulwahab elnklizi to Sin el Fil
535263
OK: 1
OK: 1

-------------------------

New transfer from Badaro to Ashrafieh
480513
OK: 1
OK: 1

-------------------------

New transfer from Ashrafieh to Sin el Fil
359828
OK: 1
OK: 1

-------------------------

New transfer from archive to abdulwahab elnklizi
979619
OK: 1
OK: 1

-------------------------

New transfer from archive to Sin el Fil
583864
OK: 1
OK: 1

-------------------------

New transfer from archive to Ashrafieh
371312
OK: 1
OK: 1

-------------------------

New transfer from archive to Badaro
428490
OK: 1
OK: 1

-------------------------

New transfer from Ashrafieh to Main Sin el Fil
677579
OK: 1
OK: 1

-------------------------

