New transfer from Tayouneh to Sin el Fil
218440
OK: 1
OK: 1

-------------------------

New transfer from archive to Sin el Fil
476339
OK: 1
OK: 1

-------------------------

New transfer from archive to Sin el Fil
764270
OK: 1
OK: 1

-------------------------

New transfer from archive to Ashrafieh
348307
OK: 1
OK: 1

-------------------------

New transfer from archive to Badaro
330726
OK: 1
OK: 1

-------------------------

New transfer from archive to Tayouneh
933518
OK: 1
OK: 1

-------------------------

New transfer from archive to Sin el Fil
512086
OK: 1
OK: 1

-------------------------

New transfer from archive to Badaro
694367
OK: 1
OK: 1

-------------------------

New transfer from archive to Ashrafieh
820229
OK: 1
OK: 1

-------------------------

New transfer from Sin el Fil to Ashrafieh
242139
OK: 1
OK: 1

-------------------------

