New transfer from archive to Badaro
816533
OK: 1
OK: 1

-------------------------

New transfer from archive to Badaro
295416
OK: 1
OK: 1

-------------------------

New transfer from archive to Badaro
347990
OK: 1
OK: 1

-------------------------

New transfer from archive to Ashrafieh
184914
OK: 1
OK: 1

-------------------------

New transfer from archive to Ashrafieh
457227
OK: 1
OK: 1

-------------------------

New transfer from Badaro to Tayouneh
622396
OK: 1
OK: 1

-------------------------

New transfer from archive to Sin el Fil
518204
OK: 1
OK: 1

-------------------------

New transfer from archive to Tayouneh
181241
OK: 1
OK: 1

-------------------------

New transfer from Badaro to Ashrafieh
424848
OK: 1
OK: 1

-------------------------

New transfer from Sin el Fil to Ashrafieh
626224
OK: 1
OK: 1

-------------------------

New transfer from Ashrafieh to Sin el Fil
373807
OK: 1
OK: 1

-------------------------

New transfer from archive to Sin el Fil
113791
OK: 1
OK: 1

-------------------------

New transfer from archive to Ashrafieh
521573
OK: 1
OK: 1

-------------------------

New transfer from Ashrafieh to Sin el Fil
544551
OK: 1
OK: 1

-------------------------

