New transfer from Main Sin el Fil to Sin el Fil
271539
OK: 1
OK: 1

-------------------------

New transfer from Main Sin el Fil to Sin el Fil
498703
OK: 1
OK: 1

-------------------------

New transfer from Main Sin el Fil to Ashrafieh
853040
OK: 1
OK: 1

-------------------------

New transfer from Main Sin el Fil to Ashrafieh
608540
OK: 1
OK: 1

-------------------------

New transfer from Main Sin el Fil to Badaro
899498
OK: 1
OK: 1

-------------------------

New transfer from Main Sin el Fil to abdulwahab elnklizi
314520
OK: 1
OK: 1

-------------------------

New transfer from Main Sin el Fil to Sin el Fil
216098
OK: 1
OK: 1

-------------------------

New transfer from Sin el Fil to Ashrafieh
357488
OK: 1
OK: 1

-------------------------

