New transfer from Main Sin el Fil to Sin el Fil
345250
ERR: Not enough credit
ERR: Not enough credit

-------------------------

New transfer from Main Sin el Fil to abdulwahab elnklizi
625298
ERR: Not enough credit
ERR: Not enough credit

-------------------------

New transfer from Main Sin el Fil to Ashrafieh
128058
ERR: Not enough credit
ERR: Not enough credit

-------------------------

New transfer from Main Sin el Fil to abdulwahab elnklizi
265044
ERR: Not enough credit
ERR: Not enough credit

-------------------------

New transfer from Sin el Fil to abdulwahab elnklizi
431491
ERR: Not enough credit
ERR: Not enough credit

-------------------------

New transfer from archive to Sin el Fil
941517
ERR: Not enough credit
ERR: Not enough credit

-------------------------

New transfer from archive to abdulwahab elnklizi
966717
ERR: Not enough credit
ERR: Not enough credit

-------------------------

New transfer from archive to Sin el Fil
711305
ERR: Not enough credit
ERR: Not enough credit

-------------------------

New transfer from Sin el Fil to Badaro
838130
ERR: Not enough credit
ERR: Not enough credit

-------------------------

New transfer from Sin el Fil to Badaro
294541
ERR: Not enough credit
ERR: Not enough credit

-------------------------

