New transfer from Sin el Fil to Tayouneh
284507
OK: 1
OK: 1

-------------------------

New transfer from archive to Ashrafieh
638426
OK: 1
OK: 1

-------------------------

New transfer from archive to Sin el Fil
662389
OK: 1
OK: 1

-------------------------

New transfer from archive to Badaro
873801
OK: 1
OK: 1

-------------------------

New transfer from archive to Tayouneh
887095
OK: 1
OK: 1

-------------------------

New transfer from archive to Ashrafieh
446657
OK: 1
OK: 1

-------------------------

New transfer from archive to Sin el Fil
449247
OK: 1
OK: 1

-------------------------

New transfer from archive to Ashrafieh
374353
OK: 1
OK: 1

-------------------------

New transfer from archive to Sin el Fil
756958
OK: 1
OK: 1

-------------------------

New transfer from Sin el Fil to Tayouneh
524395
OK: 1
OK: 1

-------------------------

New transfer from Ashrafieh to Tayouneh
786831
OK: 1
OK: 1

-------------------------

