New transfer from archive to Ashrafieh
207320
OK: 1
OK: 1

-------------------------

New transfer from archive to Badaro
866646
OK: 1
OK: 1

-------------------------

New transfer from archive to Sin el Fil
922576
OK: 1
OK: 1

-------------------------

New transfer from archive to Tayouneh
551768
OK: 1
OK: 1

-------------------------

New transfer from Sin el Fil to Tayouneh
850612
OK: 1
OK: 1

-------------------------

New transfer from Sin el Fil to Ashrafieh
552604
OK: 1
OK: 1

-------------------------

New transfer from archive to Ashrafieh
745950
OK: 1
OK: 1

-------------------------

New transfer from archive to Sin el Fil
561209
OK: 1
OK: 1

-------------------------

New transfer from archive to Badaro
491364
OK: 1
OK: 1

-------------------------

