New transfer from Sin el Fil to Tayouneh
164294
OK: 1
OK: 1

-------------------------

New transfer from Sin el Fil to Ashrafieh
862740
OK: 1
OK: 1

-------------------------

New transfer from Ashrafieh to Sin el Fil
868906
OK: 1
OK: 1

-------------------------

New transfer from Ashrafieh to Tayouneh
118881
OK: 1
OK: 1

-------------------------

New transfer from Sin el Fil to Tayouneh
254480
OK: 1
OK: 1

-------------------------

New transfer from Badaro to Sin el Fil
301359
OK: 1
OK: 1

-------------------------

New transfer from Ashrafieh to Tayouneh
127977
OK: 1
OK: 1

-------------------------

New transfer from Ashrafieh to Badaro
188260
OK: 1
OK: 1

-------------------------

New transfer from Ashrafieh to Sin el Fil
719367
OK: 1
OK: 1

-------------------------

