New transfer from Badaro to Tayouneh
917104
OK: 1
OK: 1

-------------------------

New transfer from Sin el Fil to Ashrafieh
607516
OK: 1
OK: 1

-------------------------

New transfer from archive to Ashrafieh
629710
OK: 1
OK: 1

-------------------------

New transfer from archive to Badaro
474223
OK: 1
OK: 1

-------------------------

New transfer from archive to Sin el Fil
136342
OK: 1
OK: 1

-------------------------

New transfer from archive to Ashrafieh
574678
OK: 1
OK: 1

-------------------------

