<SMS>
    		<authentification>
    			<username>AliHabib</username>
    			<password>Ali@2020$</password>
    		</authentification>
    		<message>
    			<sender>Pet 2nd Home</sender>
    			<text>New transfer from Sin el Fil to Ashrafieh
570396</text>
    			</message>
    			<recipients>
    			<gsm messageId="570396">96171452313</gsm>
    			    <gsm messageId="570396">9613966125</gsm>
    		</recipients>
    	</SMS>
<RESPONSE><status>-3</status><credits>0.9000</credits></RESPONSE>
-------------------------

<SMS>
    		<authentification>
    			<username>AliHabib</username>
    			<password>Ali@2020$</password>
    		</authentification>
    		<message>
    			<sender>Pet 2nd Home</sender>
    			<text>New transfer from Sin el Fil to Ashrafieh
415144</text>
    			</message>
    			<recipients>
    			<gsm messageId="415144">96171452313</gsm>
    			    <gsm messageId="415144">9613966125</gsm>
    		</recipients>
    	</SMS>
<RESPONSE><status>-3</status><credits>0.9000</credits></RESPONSE>
-------------------------

<SMS>
    		<authentification>
    			<username>AliHabib</username>
    			<password>Ali@2020$</password>
    		</authentification>
    		<message>
    			<sender>Pet 2nd Home</sender>
    			<text>New transfer from archive to Ashrafieh
848092</text>
    			</message>
    			<recipients>
    			<gsm messageId="848092">96171452313</gsm>
    			    <gsm messageId="848092">9613966125</gsm>
    		</recipients>
    	</SMS>
<RESPONSE><status>-3</status><credits>0.9000</credits></RESPONSE>
-------------------------

