<SMS>
    		<authentification>
    			<username>AliHabib</username>
    			<password>Ali@2020$</password>
    		</authentification>
    		<message>
    			<sender>Pet 2nd Home</sender>
    			<text>New transfer from archive to Ashrafieh
219465</text>
    			</message>
    			<recipients>
    			<gsm messageId="219465">96171452313</gsm>
    			    <gsm messageId="219465">9613966125</gsm>
    		</recipients>
    	</SMS>
<RESPONSE><status>2</status><credits>1833.7000</credits></RESPONSE>
-------------------------

<SMS>
    		<authentification>
    			<username>AliHabib</username>
    			<password>Ali@2020$</password>
    		</authentification>
    		<message>
    			<sender>Pet 2nd Home</sender>
    			<text>New transfer from Sin el Fil to Ashrafieh
184947</text>
    			</message>
    			<recipients>
    			<gsm messageId="184947">96171452313</gsm>
    			    <gsm messageId="184947">9613966125</gsm>
    		</recipients>
    	</SMS>
<RESPONSE><status>2</status><credits>1827.9000</credits></RESPONSE>
-------------------------

<SMS>
    		<authentification>
    			<username>AliHabib</username>
    			<password>Ali@2020$</password>
    		</authentification>
    		<message>
    			<sender>Pet 2nd Home</sender>
    			<text>New transfer from Badaro to Ashrafieh
535220</text>
    			</message>
    			<recipients>
    			<gsm messageId="535220">96171452313</gsm>
    			    <gsm messageId="535220">9613966125</gsm>
    		</recipients>
    	</SMS>
<RESPONSE><status>2</status><credits>1822.1000</credits></RESPONSE>
-------------------------

<SMS>
    		<authentification>
    			<username>AliHabib</username>
    			<password>Ali@2020$</password>
    		</authentification>
    		<message>
    			<sender>Pet 2nd Home</sender>
    			<text>New transfer from archive to Ashrafieh
469168</text>
    			</message>
    			<recipients>
    			<gsm messageId="469168">96171452313</gsm>
    			    <gsm messageId="469168">9613966125</gsm>
    		</recipients>
    	</SMS>
<RESPONSE><status>2</status><credits>1816.3000</credits></RESPONSE>
-------------------------

