New transfer from Badaro to Sin el Fil
980896
OK: 1
OK: 1

-------------------------

New transfer from Sin el Fil to Ashrafieh
161287
OK: 1
OK: 1

-------------------------

New transfer from archive to Ashrafieh
872954
OK: 1
OK: 1

-------------------------

New transfer from Badaro to Tayouneh
352101
OK: 1
OK: 1

-------------------------

New transfer from Sin el Fil to Tayouneh
683268
OK: 1
OK: 1

-------------------------

New transfer from archive to Ashrafieh
499886
OK: 1
OK: 1

-------------------------

New transfer from archive to Badaro
369354
OK: 1
OK: 1

-------------------------

New transfer from archive to Sin el Fil
532017
OK: 1
OK: 1

-------------------------

New transfer from archive to Ashrafieh
589195
OK: 1
OK: 1

-------------------------

