New transfer from Tayouneh to Ashrafieh
240274
OK: 1
OK: 1

-------------------------

New transfer from Badaro to Ashrafieh
802093
OK: 1
OK: 1

-------------------------

New transfer from archive to Ashrafieh
549537
OK: 1
OK: 1

-------------------------

New transfer from archive to Ashrafieh
732442
OK: 1
OK: 1

-------------------------

New transfer from archive to Sin el Fil
392654
OK: 1
OK: 1

-------------------------

New transfer from archive to Badaro
159823
OK: 1
OK: 1

-------------------------

New transfer from Sin el Fil to Ashrafieh
743507
OK: 1
OK: 1

-------------------------

New transfer from Ashrafieh to Sin el Fil
117217
OK: 1
OK: 1

-------------------------

New transfer from archive to Sin el Fil
513547
OK: 1
OK: 1

-------------------------

New transfer from archive to Ashrafieh
680164
OK: 1
OK: 1

-------------------------

New transfer from Tayouneh to Sin el Fil
980310
OK: 1
OK: 1

-------------------------

New transfer from Tayouneh to Main Sin el Fil
952413
OK: 1
OK: 1

-------------------------

New transfer from Tayouneh to Main Sin el Fil
383719
OK: 1
OK: 1

-------------------------

New transfer from archive to Tayouneh
892419
OK: 1
OK: 1

-------------------------

