New transfer from archive to Badaro
815040
OK: 1
OK: 1

-------------------------

New transfer from archive to Sin el Fil
928310
OK: 1
OK: 1

-------------------------

New transfer from archive to Ashrafieh
649646
OK: 1
OK: 1

-------------------------

New transfer from archive to Tayouneh
977640
OK: 1
OK: 1

-------------------------

New transfer from archive to Ashrafieh
692451
OK: 1
OK: 1

-------------------------

New transfer from archive to Badaro
968915
OK: 1
OK: 1

-------------------------

New transfer from archive to Sin el Fil
558993
OK: 1
OK: 1

-------------------------

