New transfer from archive to Sin el Fil
100673
OK: 1
OK: 1

-------------------------

New transfer from archive to Tayouneh
595464
OK: 1
OK: 1

-------------------------

New transfer from archive to Sin el Fil
910892
OK: 1
OK: 1

-------------------------

New transfer from archive to Ashrafieh
870159
OK: 1
OK: 1

-------------------------

New transfer from archive to Badaro
911181
OK: 1
OK: 1

-------------------------

New transfer from archive to Tayouneh
657749
OK: 1
OK: 1

-------------------------

New transfer from archive to Tayouneh
684331
OK: 1
OK: 1

-------------------------

New transfer from Sin el Fil to Ashrafieh
589652
OK: 1
OK: 1

-------------------------

