New transfer from archive to Sin el Fil
397144
OK: 1
OK: 1

-------------------------

New transfer from archive to Ashrafieh
226779
OK: 1
OK: 1

-------------------------

New transfer from archive to Badaro
470155
OK: 1
OK: 1

-------------------------

New transfer from Ashrafieh to Sin el Fil
707917
OK: 1
OK: 1

-------------------------

New transfer from archive to Badaro
803055
OK: 1
OK: 1

-------------------------

New transfer from archive to abdulwahab elnklizi
515488
OK: 1
OK: 1

-------------------------

New transfer from archive to Sin el Fil
839573
OK: 1
OK: 1

-------------------------

New transfer from archive to Ashrafieh
890178
OK: 1
OK: 1

-------------------------

New transfer from Sin el Fil to Badaro
829536
OK: 1
OK: 1

-------------------------

New transfer from Badaro to Sin el Fil
809507
OK: 1
OK: 1

-------------------------

New transfer from Sin el Fil to Ashrafieh
756826
OK: 1
OK: 1

-------------------------

New transfer from Badaro to abdulwahab elnklizi
508990
OK: 1
OK: 1

-------------------------

New transfer from Sin el Fil to abdulwahab elnklizi
424618
OK: 1
OK: 1

-------------------------

New transfer from Ashrafieh to abdulwahab elnklizi
582765
OK: 1
OK: 1

-------------------------

