New transfer from archive to Badaro
587441
ERR: Not enough credit
ERR: Not enough credit

-------------------------

New transfer from archive to Sin el Fil
932511
ERR: Not enough credit
ERR: Not enough credit

-------------------------

New transfer from archive to Ashrafieh
873641
ERR: Not enough credit
ERR: Not enough credit

-------------------------

New transfer from archive to Badaro
708117
ERR: Not enough credit
ERR: Not enough credit

-------------------------

New transfer from abdulwahab elnklizi to Ashrafieh
830490
ERR: Not enough credit
ERR: Not enough credit

-------------------------

New transfer from archive to abdulwahab elnklizi
463449
ERR: Not enough credit
ERR: Not enough credit

-------------------------

New transfer from archive to Ashrafieh
349004
ERR: Not enough credit
ERR: Not enough credit

-------------------------

New transfer from archive to abdulwahab elnklizi
231931
ERR: Not enough credit
ERR: Not enough credit

-------------------------

New transfer from archive to Sin el Fil
612765
ERR: Not enough credit
ERR: Not enough credit

-------------------------

New transfer from archive to Sin el Fil
155287
ERR: Not enough credit
ERR: Not enough credit

-------------------------

New transfer from Sin el Fil to abdulwahab elnklizi
717488
ERR: Not enough credit
ERR: Not enough credit

-------------------------

New transfer from Ashrafieh to Sin el Fil
736511
ERR: Not enough credit
ERR: Not enough credit

-------------------------

