New transfer from archive to Ashrafieh
728347
OK: 1
OK: 1

-------------------------

New transfer from archive to Ashrafieh
324549
OK: 1
OK: 1

-------------------------

New transfer from archive to Badaro
837581
OK: 1
OK: 1

-------------------------

New transfer from archive to Badaro
672504
OK: 1
OK: 1

-------------------------

New transfer from archive to Sin el Fil
627232
OK: 1
OK: 1

-------------------------

New transfer from archive to Tayouneh
289468
OK: 1
OK: 1

-------------------------

New transfer from archive to Sin el Fil
812861
OK: 1
OK: 1

-------------------------

New transfer from Badaro to Tayouneh
277696
OK: 1
OK: 1

-------------------------

