<SMS>
    		<authentification>
    			<username>AliHabib</username>
    			<password>Ali@2020$</password>
    		</authentification>
    		<message>
    			<sender>Pet 2nd Home</sender>
    			<text>New transfer from Ashrafieh to Badaro
660470</text>
    			</message>
    			<recipients>
    			<gsm messageId="660470">96171386906</gsm>
    			    <gsm messageId="660470">9613966125</gsm>
    		</recipients>
    	</SMS>
<RESPONSE><status>2</status><credits>563.5000</credits></RESPONSE>
-------------------------

<SMS>
    		<authentification>
    			<username>AliHabib</username>
    			<password>Ali@2020$</password>
    		</authentification>
    		<message>
    			<sender>Pet 2nd Home</sender>
    			<text>New transfer from archive to Badaro
807793</text>
    			</message>
    			<recipients>
    			<gsm messageId="807793">96171386906</gsm>
    			    <gsm messageId="807793">9613966125</gsm>
    		</recipients>
    	</SMS>
<RESPONSE><status>2</status><credits>557.7000</credits></RESPONSE>
-------------------------

