New transfer from Badaro to Ashrafieh
335336
OK: 1
OK: 1

-------------------------

New transfer from archive to Ashrafieh
279643
OK: 1
OK: 1

-------------------------

New transfer from archive to Ashrafieh
420080
OK: 1
OK: 1

-------------------------

New transfer from Sin el Fil to Badaro
744332
OK: 1
OK: 1

-------------------------

New transfer from Sin el Fil to Ashrafieh
465315
OK: 1
OK: 1

-------------------------

New transfer from Tayouneh to Ashrafieh
458129
OK: 1
OK: 1

-------------------------

