New transfer from Ashrafieh to abdulwahab elnklizi
913102
ERR: Not enough credit
ERR: Not enough credit

-------------------------

New transfer from abdulwahab elnklizi to Sin el Fil
466915
ERR: Not enough credit
ERR: Not enough credit

-------------------------

New transfer from archive to Ashrafieh
651095
ERR: Not enough credit
ERR: Not enough credit

-------------------------

New transfer from archive to Sin el Fil
908075
ERR: Not enough credit
ERR: Not enough credit

-------------------------

New transfer from Sin el Fil to Ashrafieh
916040
ERR: Not enough credit
ERR: Not enough credit

-------------------------

