New transfer from Sin el Fil to Ashrafieh
733282
OK: 1
OK: 1

-------------------------

New transfer from archive to Sin el Fil
833804
OK: 1
OK: 1

-------------------------

New transfer from archive to Badaro
920507
OK: 1
OK: 1

-------------------------

New transfer from archive to Ashrafieh
622141
OK: 1
OK: 1

-------------------------

New transfer from archive to Badaro
215270
OK: 1
OK: 1

-------------------------

New transfer from archive to Ashrafieh
933527
OK: 1
OK: 1

-------------------------

New transfer from archive to Sin el Fil
726568
OK: 1
OK: 1

-------------------------

New transfer from archive to Badaro
787841
OK: 1
OK: 1

-------------------------

New transfer from archive to abdulwahab elnklizi
989063
OK: 1
OK: 1

-------------------------

New transfer from archive to Sin el Fil
583693
OK: 1
OK: 1

-------------------------

