New transfer from archive to Sin el Fil
750306
OK: 1
OK: 1

-------------------------

New transfer from archive to Ashrafieh
310809
OK: 1
OK: 1

-------------------------

New transfer from archive to Badaro
117011
OK: 1
OK: 1

-------------------------

New transfer from archive to Sin el Fil
894048
OK: 1
OK: 1

-------------------------

New transfer from archive to Ashrafieh
624567
OK: 1
OK: 1

-------------------------

New transfer from archive to Badaro
308604
OK: 1
OK: 1

-------------------------

New transfer from Sin el Fil to Badaro
975486
OK: 1
OK: 1

-------------------------

New transfer from Sin el Fil to Ashrafieh
755609
OK: 1
OK: 1

-------------------------

