New transfer from Ashrafieh to Tayouneh
156678
OK: 1
OK: 1

-------------------------

New transfer from Main Sin el Fil to Sin el Fil
868629
OK: 1
OK: 1

-------------------------

New transfer from Main Sin el Fil to Sin el Fil
337100
OK: 1
OK: 1

-------------------------

New transfer from Main Sin el Fil to Sin el Fil
752229
OK: 1
OK: 1

-------------------------

New transfer from Sin el Fil to Main Sin el Fil
106612
OK: 1
OK: 1

-------------------------

New transfer from Main Sin el Fil to Sin el Fil
748882
OK: 1
OK: 1

-------------------------

New transfer from Main Sin el Fil to Sin el Fil
616949
OK: 1
OK: 1

-------------------------

