<SMS>
    		<authentification>
    			<username>AliHabib</username>
    			<password>Ali@2020$</password>
    		</authentification>
    		<message>
    			<sender>Pet 2nd Home</sender>
    			<text>New transfer from Badaro to Ashrafieh
993964</text>
    			</message>
    			<recipients>
    			<gsm messageId="993964">96171452313</gsm>
    			    <gsm messageId="993964">9613966125</gsm>
    		</recipients>
    	</SMS>
<RESPONSE><status>2</status><credits>238.7000</credits></RESPONSE>
-------------------------

<SMS>
    		<authentification>
    			<username>AliHabib</username>
    			<password>Ali@2020$</password>
    		</authentification>
    		<message>
    			<sender>Pet 2nd Home</sender>
    			<text>New transfer from archive to Ashrafieh
832420</text>
    			</message>
    			<recipients>
    			<gsm messageId="832420">96171452313</gsm>
    			    <gsm messageId="832420">9613966125</gsm>
    		</recipients>
    	</SMS>
<RESPONSE><status>2</status><credits>232.9000</credits></RESPONSE>
-------------------------

