New transfer from archive to Sin el Fil
389211
OK: 1
OK: 1

-------------------------

New transfer from Tayouneh to Badaro
427809
OK: 1
OK: 1

-------------------------

New transfer from archive to Ashrafieh
109640
OK: 1
OK: 1

-------------------------

New transfer from archive to Badaro
952995
OK: 1
OK: 1

-------------------------

New transfer from archive to Tayouneh
594392
OK: 1
OK: 1

-------------------------

New transfer from archive to Sin el Fil
782724
OK: 1
OK: 1

-------------------------

New transfer from archive to Ashrafieh
400296
OK: 1
OK: 1

-------------------------

