New transfer from Ashrafieh to Badaro
262138
OK: 1
OK: 1

-------------------------

New transfer from archive to Sin el Fil
739200
OK: 1
OK: 1

-------------------------

New transfer from archive to Ashrafieh
901065
OK: 1
OK: 1

-------------------------

New transfer from archive to abdulwahab elnklizi
431613
OK: 1
OK: 1

-------------------------

New transfer from archive to Badaro
173631
OK: 1
OK: 1

-------------------------

New transfer from archive to Ashrafieh
166134
OK: 1
OK: 1

-------------------------

New transfer from archive to Sin el Fil
606258
OK: 1
OK: 1

-------------------------

New transfer from Main Sin el Fil to Sin el Fil
976887
OK: 1
OK: 1

-------------------------

New transfer from Main Sin el Fil to abdulwahab elnklizi
453656
OK: 1
OK: 1

-------------------------

New transfer from Main Sin el Fil to Ashrafieh
655027
OK: 1
OK: 1

-------------------------

