New transfer from Tayouneh to Badaro
648363
OK: 1
OK: 1

-------------------------

New transfer from Badaro to Main Sin el Fil
747924
OK: 1
OK: 1

-------------------------

New transfer from Sin el Fil to Badaro
654635
OK: 1
OK: 1

-------------------------

New transfer from Main Sin el Fil to Sin el Fil
579712
OK: 1
OK: 1

-------------------------

New transfer from Badaro to Sin el Fil
785239
OK: 1
OK: 1

-------------------------

New transfer from Badaro to Ashrafieh
388740
OK: 1
OK: 1

-------------------------

New transfer from archive to Sin el Fil
148304
OK: 1
OK: 1

-------------------------

New transfer from archive to Ashrafieh
773177
OK: 1
OK: 1

-------------------------

New transfer from archive to Sin el Fil
711542
OK: 1
OK: 1

-------------------------

New transfer from archive to Ashrafieh
893267
OK: 1
OK: 1

-------------------------

New transfer from archive to Badaro
852442
OK: 1
OK: 1

-------------------------

New transfer from Sin el Fil to Ashrafieh
146711
OK: 1
OK: 1

-------------------------

