New transfer from Badaro to Ashrafieh
345873
OK: 1
OK: 1

-------------------------

New transfer from Sin el Fil to Tayouneh
488120
OK: 1
OK: 1

-------------------------

New transfer from archive to Ashrafieh
177489
OK: 1
OK: 1

-------------------------

New transfer from archive to Badaro
756196
OK: 1
OK: 1

-------------------------

New transfer from archive to Sin el Fil
253131
OK: 1
OK: 1

-------------------------

New transfer from archive to Tayouneh
974843
OK: 1
OK: 1

-------------------------

