New transfer from Badaro to Sin el Fil
678171
OK: 1
OK: 1

-------------------------

New transfer from archive to Ashrafieh
325064
OK: 1
OK: 1

-------------------------

New transfer from archive to Sin el Fil
508059
OK: 1
OK: 1

-------------------------

New transfer from archive to Badaro
937446
OK: 1
OK: 1

-------------------------

New transfer from Ashrafieh to Sin el Fil
944990
OK: 1
OK: 1

-------------------------

New transfer from Ashrafieh to Badaro
145823
OK: 1
OK: 1

-------------------------

New transfer from Sin el Fil to Badaro
764184
OK: 1
OK: 1

-------------------------

New transfer from Badaro to Tayouneh
312334
OK: 1
OK: 1

-------------------------

New transfer from archive to Sin el Fil
187830
OK: 1
OK: 1

-------------------------

New transfer from archive to Badaro
796840
OK: 1
OK: 1

-------------------------

New transfer from archive to Ashrafieh
779978
OK: 1
OK: 1

-------------------------

