<SMS>
    		<authentification>
    			<username>AliHabib</username>
    			<password>Ali@2020$</password>
    		</authentification>
    		<message>
    			<sender>Pet 2nd Home</sender>
    			<text>New transfer from Sin el Fil to Ashrafieh
883183</text>
    			</message>
    			<recipients>
    			<gsm messageId="883183">96171452313</gsm>
    			    <gsm messageId="883183">9613966125</gsm>
    		</recipients>
    	</SMS>
<RESPONSE><status>2</status><credits>662.1000</credits></RESPONSE>
-------------------------

<SMS>
    		<authentification>
    			<username>AliHabib</username>
    			<password>Ali@2020$</password>
    		</authentification>
    		<message>
    			<sender>Pet 2nd Home</sender>
    			<text>New transfer from Sin el Fil to Ashrafieh
518491</text>
    			</message>
    			<recipients>
    			<gsm messageId="518491">96171452313</gsm>
    			    <gsm messageId="518491">9613966125</gsm>
    		</recipients>
    	</SMS>
<RESPONSE><status>2</status><credits>656.3000</credits></RESPONSE>
-------------------------

<SMS>
    		<authentification>
    			<username>AliHabib</username>
    			<password>Ali@2020$</password>
    		</authentification>
    		<message>
    			<sender>Pet 2nd Home</sender>
    			<text>New transfer from Tayouneh to Ashrafieh
658675</text>
    			</message>
    			<recipients>
    			<gsm messageId="658675">96171452313</gsm>
    			    <gsm messageId="658675">9613966125</gsm>
    		</recipients>
    	</SMS>
<RESPONSE><status>2</status><credits>650.5000</credits></RESPONSE>
-------------------------

<SMS>
    		<authentification>
    			<username>AliHabib</username>
    			<password>Ali@2020$</password>
    		</authentification>
    		<message>
    			<sender>Pet 2nd Home</sender>
    			<text>New transfer from archive to Ashrafieh
993433</text>
    			</message>
    			<recipients>
    			<gsm messageId="993433">96171452313</gsm>
    			    <gsm messageId="993433">9613966125</gsm>
    		</recipients>
    	</SMS>
<RESPONSE><status>2</status><credits>644.7000</credits></RESPONSE>
-------------------------

