New transfer from Badaro to Sin el Fil
513222
OK: 1
OK: 1

-------------------------

New transfer from Sin el Fil to Badaro
842199
OK: 1
OK: 1

-------------------------

New transfer from Main Sin el Fil to Ashrafieh
252845
OK: 1
OK: 1

-------------------------

New transfer from Main Sin el Fil to Sin el Fil
980033
OK: 1
OK: 1

-------------------------

New transfer from archive to Sin el Fil
969171
OK: 1
OK: 1

-------------------------

New transfer from archive to Ashrafieh
722375
OK: 1
OK: 1

-------------------------

New transfer from archive to Badaro
496919
OK: 1
OK: 1

-------------------------

New transfer from archive to abdulwahab elnklizi
987841
OK: 1
OK: 1

-------------------------

New transfer from Sin el Fil to Ashrafieh
352332
OK: 1
OK: 1

-------------------------

New transfer from Sin el Fil to Ashrafieh
477635
OK: 1
OK: 1

-------------------------

