New transfer from Badaro to Ashrafieh
954790
OK: 1
OK: 1

-------------------------

New transfer from archive to Sin el Fil
777421
OK: 1
OK: 1

-------------------------

New transfer from archive to Ashrafieh
455904
OK: 1
OK: 1

-------------------------

New transfer from archive to Badaro
503175
OK: 1
OK: 1

-------------------------

New transfer from archive to Ashrafieh
967968
OK: 1
OK: 1

-------------------------

New transfer from archive to Sin el Fil
287555
OK: 1
OK: 1

-------------------------

New transfer from archive to Badaro
154333
OK: 1
OK: 1

-------------------------

New transfer from Sin el Fil to Ashrafieh
710287
OK: 1
OK: 1

-------------------------

New transfer from Sin el Fil to Badaro
563311
OK: 1
OK: 1

-------------------------

