<SMS>
    		<authentification>
    			<username>AliHabib</username>
    			<password>Ali@2020$</password>
    		</authentification>
    		<message>
    			<sender>Pet 2nd Home</sender>
    			<text>New transfer from Sin el Fil to Tayouneh
883837</text>
    			</message>
    			<recipients>
    			<gsm messageId="883837">96176015488</gsm>
    			    <gsm messageId="883837">9613966125</gsm>
    		</recipients>
    	</SMS>
<RESPONSE><status>2</status><credits>644.7000</credits></RESPONSE>
-------------------------

<SMS>
    		<authentification>
    			<username>AliHabib</username>
    			<password>Ali@2020$</password>
    		</authentification>
    		<message>
    			<sender>Pet 2nd Home</sender>
    			<text>New transfer from Sin el Fil to Badaro
648185</text>
    			</message>
    			<recipients>
    			<gsm messageId="648185">96171386906</gsm>
    			    <gsm messageId="648185">9613966125</gsm>
    		</recipients>
    	</SMS>
<RESPONSE><status>2</status><credits>638.9000</credits></RESPONSE>
-------------------------

<SMS>
    		<authentification>
    			<username>AliHabib</username>
    			<password>Ali@2020$</password>
    		</authentification>
    		<message>
    			<sender>Pet 2nd Home</sender>
    			<text>New transfer from Ashrafieh to Sin el Fil
285922</text>
    			</message>
    			<recipients>
    			<gsm messageId="285922">96176749789</gsm>
    			    <gsm messageId="285922">9613966125</gsm>
    		</recipients>
    	</SMS>
<RESPONSE><status>2</status><credits>633.1000</credits></RESPONSE>
-------------------------

<SMS>
    		<authentification>
    			<username>AliHabib</username>
    			<password>Ali@2020$</password>
    		</authentification>
    		<message>
    			<sender>Pet 2nd Home</sender>
    			<text>New transfer from Ashrafieh to Badaro
787594</text>
    			</message>
    			<recipients>
    			<gsm messageId="787594">96171386906</gsm>
    			    <gsm messageId="787594">9613966125</gsm>
    		</recipients>
    	</SMS>
<RESPONSE><status>2</status><credits>627.3000</credits></RESPONSE>
-------------------------

<SMS>
    		<authentification>
    			<username>AliHabib</username>
    			<password>Ali@2020$</password>
    		</authentification>
    		<message>
    			<sender>Pet 2nd Home</sender>
    			<text>New transfer from Tayouneh to Sin el Fil
962231</text>
    			</message>
    			<recipients>
    			<gsm messageId="962231">96176749789</gsm>
    			    <gsm messageId="962231">9613966125</gsm>
    		</recipients>
    	</SMS>
<RESPONSE><status>2</status><credits>621.5000</credits></RESPONSE>
-------------------------

