New transfer from archive to Ashrafieh
175171
OK: 1
OK: 1

-------------------------

New transfer from archive to Sin el Fil
381775
OK: 1
OK: 1

-------------------------

New transfer from archive to Tayouneh
927830
OK: 1
OK: 1

-------------------------

New transfer from archive to Sin el Fil
852990
OK: 1
OK: 1

-------------------------

New transfer from archive to Badaro
322455
OK: 1
OK: 1

-------------------------

New transfer from archive to Ashrafieh
731570
OK: 1
OK: 1

-------------------------

New transfer from archive to Sin el Fil
915601
OK: 1
OK: 1

-------------------------

New transfer from archive to Tayouneh
937709
OK: 1
OK: 1

-------------------------

New transfer from Sin el Fil to Ashrafieh
271277
OK: 1
OK: 1

-------------------------

