<SMS>
    		<authentification>
    			<username>AliHabib</username>
    			<password>Ali@2020$</password>
    		</authentification>
    		<message>
    			<sender>Pet 2nd Home</sender>
    			<text>New transfer from Sin el Fil to Badaro
268751</text>
    			</message>
    			<recipients>
    			<gsm messageId="268751">96171386906</gsm>
    			    <gsm messageId="268751">9613966125</gsm>
    		</recipients>
    	</SMS>
<RESPONSE><status>2</status><credits>154.6000</credits></RESPONSE>
-------------------------

<SMS>
    		<authentification>
    			<username>AliHabib</username>
    			<password>Ali@2020$</password>
    		</authentification>
    		<message>
    			<sender>Pet 2nd Home</sender>
    			<text>New transfer from Ashrafieh to Tayouneh
814469</text>
    			</message>
    			<recipients>
    			<gsm messageId="814469">96176015488</gsm>
    			    <gsm messageId="814469">9613966125</gsm>
    		</recipients>
    	</SMS>
<RESPONSE><status>2</status><credits>148.8000</credits></RESPONSE>
-------------------------

<SMS>
    		<authentification>
    			<username>AliHabib</username>
    			<password>Ali@2020$</password>
    		</authentification>
    		<message>
    			<sender>Pet 2nd Home</sender>
    			<text>New transfer from Badaro to Tayouneh
252655</text>
    			</message>
    			<recipients>
    			<gsm messageId="252655">96176015488</gsm>
    			    <gsm messageId="252655">9613966125</gsm>
    		</recipients>
    	</SMS>
<RESPONSE><status>2</status><credits>143.0000</credits></RESPONSE>
-------------------------

<SMS>
    		<authentification>
    			<username>AliHabib</username>
    			<password>Ali@2020$</password>
    		</authentification>
    		<message>
    			<sender>Pet 2nd Home</sender>
    			<text>New transfer from Ashrafieh to Sin el Fil
655977</text>
    			</message>
    			<recipients>
    			<gsm messageId="655977">96176749789</gsm>
    			    <gsm messageId="655977">9613966125</gsm>
    		</recipients>
    	</SMS>
<RESPONSE><status>2</status><credits>137.2000</credits></RESPONSE>
-------------------------

<SMS>
    		<authentification>
    			<username>AliHabib</username>
    			<password>Ali@2020$</password>
    		</authentification>
    		<message>
    			<sender>Pet 2nd Home</sender>
    			<text>New transfer from Ashrafieh to Badaro
687739</text>
    			</message>
    			<recipients>
    			<gsm messageId="687739">96171386906</gsm>
    			    <gsm messageId="687739">9613966125</gsm>
    		</recipients>
    	</SMS>
<RESPONSE><status>2</status><credits>131.4000</credits></RESPONSE>
-------------------------

