New transfer from Badaro to Main Sin el Fil
608352
OK: 1
OK: 1

-------------------------

New transfer from Badaro to Main Sin el Fil
353549
OK: 1
OK: 1

-------------------------

New transfer from Badaro to Main Sin el Fil
232059
OK: 1
OK: 1

-------------------------

New transfer from Sin el Fil to Badaro
514116
OK: 1
OK: 1

-------------------------

New transfer from Ashrafieh to Badaro
514623
OK: 1
OK: 1

-------------------------

New transfer from Ashrafieh to Tayouneh
855204
OK: 1
OK: 1

-------------------------

