New transfer from Badaro to Sin el Fil
336011
ERR: Not enough credit
ERR: Not enough credit

-------------------------

New transfer from archive to Ashrafieh
929746
ERR: Not enough credit
ERR: Not enough credit

-------------------------

New transfer from archive to Sin el Fil
245242
ERR: Not enough credit
ERR: Not enough credit

-------------------------

New transfer from archive to Badaro
819268
ERR: Not enough credit
ERR: Not enough credit

-------------------------

New transfer from archive to abdulwahab elnklizi
788534
ERR: Not enough credit
ERR: Not enough credit

-------------------------

New transfer from Main Sin el Fil to Sin el Fil
865873
ERR: Not enough credit
ERR: Not enough credit

-------------------------

New transfer from Main Sin el Fil to Ashrafieh
994337
ERR: Not enough credit
ERR: Not enough credit

-------------------------

New transfer from Main Sin el Fil to archive
519791
ERR: Not enough credit
ERR: Not enough credit

-------------------------

