New transfer from Sin el Fil to Badaro
764328
OK: 1
OK: 1

-------------------------

New transfer from Main Sin el Fil to Sin el Fil
840631
OK: 1
OK: 1

-------------------------

New transfer from archive to Ashrafieh
462761
OK: 1
OK: 1

-------------------------

New transfer from archive to Badaro
238351
OK: 1
OK: 1

-------------------------

New transfer from archive to Sin el Fil
997873
OK: 1
OK: 1

-------------------------

New transfer from archive to Sin el Fil
231856
OK: 1
OK: 1

-------------------------

New transfer from archive to abdulwahab elnklizi
867424
OK: 1
OK: 1

-------------------------

New transfer from archive to Ashrafieh
536033
OK: 1
OK: 1

-------------------------

New transfer from archive to Sin el Fil
999267
OK: 1
OK: 1

-------------------------

New transfer from archive to Ashrafieh
779589
OK: 1
OK: 1

-------------------------

New transfer from archive to Badaro
668313
OK: 1
OK: 1

-------------------------

New transfer from archive to abdulwahab elnklizi
842706
OK: 1
OK: 1

-------------------------

New transfer from abdulwahab elnklizi to Ashrafieh
910126
OK: 1
OK: 1

-------------------------

New transfer from abdulwahab elnklizi to Main Sin el Fil
728700
OK: 1
OK: 1

-------------------------

