New transfer from Ashrafieh to Sin el Fil
891219
OK: 1
OK: 1

-------------------------

New transfer from Main Sin el Fil to Sin el Fil
376980
OK: 1
OK: 1

-------------------------

New transfer from Main Sin el Fil to Ashrafieh
534400
OK: 1
OK: 1

-------------------------

New transfer from Main Sin el Fil to abdulwahab elnklizi
556457
OK: 1
OK: 1

-------------------------

New transfer from archive to Sin el Fil
411595
OK: 1
OK: 1

-------------------------

New transfer from archive to Ashrafieh
754399
OK: 1
OK: 1

-------------------------

New transfer from archive to Badaro
463061
OK: 1
OK: 1

-------------------------

New transfer from archive to abdulwahab elnklizi
716771
OK: 1
OK: 1

-------------------------

New transfer from archive to Sin el Fil
934316
OK: 1
OK: 1

-------------------------

New transfer from archive to Badaro
321831
OK: 1
OK: 1

-------------------------

New transfer from archive to Ashrafieh
405733
OK: 1
OK: 1

-------------------------

New transfer from archive to abdulwahab elnklizi
125801
OK: 1
OK: 1

-------------------------

New transfer from Sin el Fil to abdulwahab elnklizi
323247
OK: 1
OK: 1

-------------------------

New transfer from archive to Sin el Fil
233594
OK: 1
OK: 1

-------------------------

New transfer from archive to Ashrafieh
854541
OK: 1
OK: 1

-------------------------

New transfer from Sin el Fil to abdulwahab elnklizi
373978
OK: 1
OK: 1

-------------------------

New transfer from Sin el Fil to Ashrafieh
424912
OK: 1
OK: 1

-------------------------

