New transfer from archive to Sin el Fil
864773
OK: 1
OK: 1

-------------------------

New transfer from archive to Sin el Fil
852090
OK: 1
OK: 1

-------------------------

New transfer from archive to Ashrafieh
734271
OK: 1
OK: 1

-------------------------

New transfer from archive to Tayouneh
914036
OK: 1
OK: 1

-------------------------

New transfer from archive to Tayouneh
521390
OK: 1
OK: 1

-------------------------

New transfer from archive to Badaro
169513
OK: 1
OK: 1

-------------------------

New transfer from Sin el Fil to Ashrafieh
307239
OK: 1
OK: 1

-------------------------

New transfer from Sin el Fil to Ashrafieh
987476
OK: 1
OK: 1

-------------------------

