New transfer from Badaro to Tayouneh
356694
OK: 1
OK: 1

-------------------------

New transfer from Badaro to Sin el Fil
418848
OK: 1
OK: 1

-------------------------

New transfer from Ashrafieh to Badaro
790071
OK: 1
OK: 1

-------------------------

New transfer from Sin el Fil to Ashrafieh
375465
OK: 1
OK: 1

-------------------------

New transfer from archive to Tayouneh
634979
OK: 1
OK: 1

-------------------------

New transfer from archive to Ashrafieh
366438
OK: 1
OK: 1

-------------------------

New transfer from archive to Badaro
642096
OK: 1
OK: 1

-------------------------

New transfer from archive to Sin el Fil
542587
OK: 1
OK: 1

-------------------------

