<SMS>
    		<authentification>
    			<username>AliHabib</username>
    			<password>Ali@2020$</password>
    		</authentification>
    		<message>
    			<sender>Pet 2nd Home</sender>
    			<text>New transfer from Sin el Fil to Badaro
158673</text>
    			</message>
    			<recipients>
    			<gsm messageId="158673">96171386906</gsm>
    			    <gsm messageId="158673">9613966125</gsm>
    		</recipients>
    	</SMS>
<RESPONSE><status>2</status><credits>227.1000</credits></RESPONSE>
-------------------------

<SMS>
    		<authentification>
    			<username>AliHabib</username>
    			<password>Ali@2020$</password>
    		</authentification>
    		<message>
    			<sender>Pet 2nd Home</sender>
    			<text>New transfer from Sin el Fil to Ashrafieh
943641</text>
    			</message>
    			<recipients>
    			<gsm messageId="943641">96171452313</gsm>
    			    <gsm messageId="943641">9613966125</gsm>
    		</recipients>
    	</SMS>
<RESPONSE><status>2</status><credits>221.3000</credits></RESPONSE>
-------------------------

<SMS>
    		<authentification>
    			<username>AliHabib</username>
    			<password>Ali@2020$</password>
    		</authentification>
    		<message>
    			<sender>Pet 2nd Home</sender>
    			<text>New transfer from Badaro to Ashrafieh
358543</text>
    			</message>
    			<recipients>
    			<gsm messageId="358543">96171452313</gsm>
    			    <gsm messageId="358543">9613966125</gsm>
    		</recipients>
    	</SMS>
<RESPONSE><status>2</status><credits>215.5000</credits></RESPONSE>
-------------------------

