New transfer from archive to Badaro
626404
OK: 1
OK: 1

-------------------------

New transfer from archive to Sin el Fil
665825
OK: 1
OK: 1

-------------------------

New transfer from archive to Ashrafieh
894089
OK: 1
OK: 1

-------------------------

New transfer from Tayouneh to Ashrafieh
919403
OK: 1
OK: 1

-------------------------

New transfer from Tayouneh to Badaro
529429
OK: 1
OK: 1

-------------------------

New transfer from Tayouneh to Sin el Fil
226212
OK: 1
OK: 1

-------------------------

