New transfer from Ashrafieh to Badaro
278757
OK: 1
OK: 1

-------------------------

New transfer from archive to Ashrafieh
608120
OK: 1
OK: 1

-------------------------

New transfer from archive to Sin el Fil
125203
OK: 1
OK: 1

-------------------------

New transfer from archive to Sin el Fil
958349
OK: 1
OK: 1

-------------------------

New transfer from archive to Ashrafieh
589898
OK: 1
OK: 1

-------------------------

New transfer from archive to Badaro
460930
OK: 1
OK: 1

-------------------------

