New transfer from archive to Sin el Fil
369217
OK: 1
OK: 1

-------------------------

New transfer from archive to Ashrafieh
737318
OK: 1
OK: 1

-------------------------

New transfer from archive to Badaro
771423
OK: 1
OK: 1

-------------------------

New transfer from archive to abdulwahab elnklizi
109280
OK: 1
OK: 1

-------------------------

New transfer from archive to Sin el Fil
462007
OK: 1
OK: 1

-------------------------

New transfer from archive to Ashrafieh
105593
OK: 1
OK: 1

-------------------------

New transfer from archive to abdulwahab elnklizi
164449
OK: 1
OK: 1

-------------------------

New transfer from archive to Ashrafieh
457474
OK: 1
OK: 1

-------------------------

New transfer from archive to Badaro
314315
OK: 1
OK: 1

-------------------------

New transfer from Main Sin el Fil to Ashrafieh
190007
OK: 1
OK: 1

-------------------------

