New transfer from archive to Ashrafieh
496115
<P>Error: Unable to open database M</P><P>Error: Unable to open database H</P>ERR: Not authenticated

-------------------------

New transfer from archive to Sin el Fil
620436
OK: 1
OK: 1

-------------------------

New transfer from archive to Badaro
791331
OK: 1
OK: 1

-------------------------

New transfer from Badaro to Sin el Fil
381432
OK: 1
OK: 1

-------------------------

New transfer from Badaro to Tayouneh
673109
OK: 1
OK: 1

-------------------------

New transfer from archive to Ashrafieh
258926
OK: 1
OK: 1

-------------------------

