New transfer from archive to Ashrafieh
377990
OK: 1
OK: 1

-------------------------

New transfer from archive to Ashrafieh
792595
OK: 1
OK: 1

-------------------------

New transfer from archive to Sin el Fil
644931
OK: 1
OK: 1

-------------------------

New transfer from Ashrafieh to Sin el Fil
422064
OK: 1
OK: 1

-------------------------

New transfer from archive to Ashrafieh
714094
OK: 1
OK: 1

-------------------------

New transfer from archive to Badaro
404073
OK: 1
OK: 1

-------------------------

New transfer from archive to Sin el Fil
844052
OK: 1
OK: 1

-------------------------

New transfer from Sin el Fil to Ashrafieh
830392
OK: 1
OK: 1

-------------------------

