New transfer from Badaro to Main Sin el Fil
962628
OK: 1
OK: 1

-------------------------

New transfer from Sin el Fil to Badaro
298472
OK: 1
OK: 1

-------------------------

New transfer from Main Sin el Fil to Sin el Fil
182405
OK: 1
OK: 1

-------------------------

New transfer from Badaro to Sin el Fil
262625
OK: 1
OK: 1

-------------------------

New transfer from archive to Badaro
495160
OK: 1
OK: 1

-------------------------

New transfer from archive to Sin el Fil
248243
OK: 1
OK: 1

-------------------------

New transfer from archive to Ashrafieh
385633
OK: 1
OK: 1

-------------------------

