New transfer from Badaro to Ashrafieh
115425
OK: 1
OK: 1

-------------------------

New transfer from archive to Ashrafieh
543962
OK: 1
OK: 1

-------------------------

New transfer from archive to Ashrafieh
562582
OK: 1
OK: 1

-------------------------

New transfer from archive to Sin el Fil
292553
OK: 1
OK: 1

-------------------------

New transfer from archive to Ashrafieh
202119
OK: 1
OK: 1

-------------------------

New transfer from archive to Badaro
844337
OK: 1
OK: 1

-------------------------

New transfer from archive to Sin el Fil
419827
OK: 1
OK: 1

-------------------------

New transfer from Ashrafieh to Badaro
273082
OK: 1
OK: 1

-------------------------

New transfer from Tayouneh to Main Sin el Fil
135961
OK: 1
OK: 1

-------------------------

New transfer from Tayouneh to Main Sin el Fil
215318
OK: 1
OK: 1

-------------------------

New transfer from Tayouneh to Main Sin el Fil
568479
OK: 1
OK: 1

-------------------------

New transfer from Tayouneh to Main Sin el Fil
635407
OK: 1
OK: 1

-------------------------

New transfer from Tayouneh to Main Sin el Fil
947518
OK: 1
OK: 1

-------------------------

