New transfer from Badaro to Ashrafieh
291979
OK: 1
OK: 1

-------------------------

New transfer from Sin el Fil to Ashrafieh
269246
OK: 1
OK: 1

-------------------------

New transfer from Sin el Fil to Badaro
874260
OK: 1
OK: 1

-------------------------

New transfer from archive to Ashrafieh
382106
OK: 1
OK: 1

-------------------------

New transfer from archive to Badaro
262977
OK: 1
OK: 1

-------------------------

New transfer from Ashrafieh to Badaro
943885
OK: 1
OK: 1

-------------------------

New transfer from Badaro to Sin el Fil
714904
OK: 1
OK: 1

-------------------------

New transfer from Ashrafieh to Sin el Fil
499282
OK: 1
OK: 1

-------------------------

New transfer from archive to Sin el Fil
500865
OK: 1
OK: 1

-------------------------

New transfer from archive to Badaro
646844
OK: 1
OK: 1

-------------------------

New transfer from archive to Ashrafieh
226569
OK: 1
OK: 1

-------------------------

New transfer from archive to Ashrafieh
181062
OK: 1
OK: 1

-------------------------

New transfer from archive to Tayouneh
166503
OK: 1
OK: 1

-------------------------

New transfer from Sin el Fil to Badaro
164660
OK: 1
OK: 1

-------------------------

