New transfer from Main Sin el Fil to Tayouneh
345373
OK: 1
OK: 1

-------------------------

New transfer from Main Sin el Fil to Tayouneh
906781
OK: 1
OK: 1

-------------------------

New transfer from Main Sin el Fil to Tayouneh
403187
OK: 1
OK: 1

-------------------------

New transfer from archive to Ashrafieh
283930
OK: 1
OK: 1

-------------------------

New transfer from archive to Ashrafieh
768504
OK: 1
OK: 1

-------------------------

New transfer from archive to Sin el Fil
608021
OK: 1
OK: 1

-------------------------

New transfer from archive to Sin el Fil
985307
OK: 1
OK: 1

-------------------------

New transfer from archive to Badaro
553248
OK: 1
OK: 1

-------------------------

New transfer from archive to Tayouneh
565175
OK: 1
OK: 1

-------------------------

New transfer from archive to Ashrafieh
887249
OK: 1
OK: 1

-------------------------

New transfer from Main Sin el Fil to Badaro
313960
OK: 1
OK: 1

-------------------------

New transfer from Main Sin el Fil to Badaro
720339
OK: 1
OK: 1

-------------------------

New transfer from Main Sin el Fil to Ashrafieh
928037
OK: 1
OK: 1

-------------------------

New transfer from Main Sin el Fil to Ashrafieh
904532
OK: 1
OK: 1

-------------------------

New transfer from Main Sin el Fil to Sin el Fil
532859
OK: 1
OK: 1

-------------------------

New transfer from Main Sin el Fil to Sin el Fil
502183
OK: 1
OK: 1

-------------------------

