New transfer from archive to Sin el Fil
609428
OK: 1
OK: 1

-------------------------

New transfer from archive to Ashrafieh
429539
OK: 1
OK: 1

-------------------------

New transfer from archive to Badaro
125647
OK: 1
OK: 1

-------------------------

New transfer from archive to Sin el Fil
268771
OK: 1
OK: 1

-------------------------

New transfer from archive to Ashrafieh
436288
OK: 1
OK: 1

-------------------------

New transfer from archive to Badaro
497380
OK: 1
OK: 1

-------------------------

New transfer from archive to Tayouneh
332528
OK: 1
OK: 1

-------------------------

New transfer from Sin el Fil to Ashrafieh
848801
OK: 1
OK: 1

-------------------------

