New transfer from Ashrafieh to Sin el Fil
379486
OK: 1
OK: 1

-------------------------

New transfer from archive to Sin el Fil
126918
OK: 1
OK: 1

-------------------------

New transfer from archive to Badaro
564294
OK: 1
OK: 1

-------------------------

New transfer from archive to Ashrafieh
980924
OK: 1
OK: 1

-------------------------

New transfer from archive to Sin el Fil
737566
OK: 1
OK: 1

-------------------------

New transfer from archive to Ashrafieh
917271
OK: 1
OK: 1

-------------------------

New transfer from archive to Badaro
872640
OK: 1
OK: 1

-------------------------

New transfer from Sin el Fil to Ashrafieh
230494
OK: 1
OK: 1

-------------------------

