<SMS>
    		<authentification>
    			<username>AliHabib</username>
    			<password>Ali@2020$</password>
    		</authentification>
    		<message>
    			<sender>Pet 2nd Home</sender>
    			<text>New transfer from Ashrafieh to Badaro
313690</text>
    			</message>
    			<recipients>
    			<gsm messageId="313690">96171386906</gsm>
    			    <gsm messageId="313690">9613966125</gsm>
    		</recipients>
    	</SMS>
<RESPONSE><status>2</status><credits>2332.5000</credits></RESPONSE>
-------------------------

<SMS>
    		<authentification>
    			<username>AliHabib</username>
    			<password>Ali@2020$</password>
    		</authentification>
    		<message>
    			<sender>Pet 2nd Home</sender>
    			<text>New transfer from Ashrafieh to Sin el Fil
531461</text>
    			</message>
    			<recipients>
    			<gsm messageId="531461">96176749789</gsm>
    			    <gsm messageId="531461">9613966125</gsm>
    		</recipients>
    	</SMS>
<RESPONSE><status>2</status><credits>2326.7000</credits></RESPONSE>
-------------------------

