New transfer from archive to Sin el Fil
569659
OK: 1
OK: 1

-------------------------

New transfer from archive to Ashrafieh
378305
OK: 1
OK: 1

-------------------------

New transfer from archive to Badaro
640674
OK: 1
OK: 1

-------------------------

New transfer from archive to Tayouneh
288580
OK: 1
OK: 1

-------------------------

New transfer from archive to Badaro
455161
OK: 1
OK: 1

-------------------------

New transfer from archive to Sin el Fil
689005
OK: 1
OK: 1

-------------------------

New transfer from archive to Ashrafieh
834081
OK: 1
OK: 1

-------------------------

New transfer from Sin el Fil to Ashrafieh
212069
OK: 1
OK: 1

-------------------------

New transfer from Sin el Fil to Badaro
429013
OK: 1
OK: 1

-------------------------

New transfer from Sin el Fil to Ashrafieh
400054
OK: 1
OK: 1

-------------------------

