New transfer from archive to Ashrafieh
207138
OK: 1
OK: 1

-------------------------

New transfer from archive to Badaro
153158
OK: 1
OK: 1

-------------------------

New transfer from archive to Sin el Fil
229728
OK: 1
OK: 1

-------------------------

New transfer from archive to Ashrafieh
839755
OK: 1
OK: 1

-------------------------

New transfer from archive to Sin el Fil
175748
OK: 1
OK: 1

-------------------------

New transfer from archive to Ashrafieh
994611
OK: 1
OK: 1

-------------------------

New transfer from archive to Badaro
104239
OK: 1
OK: 1

-------------------------

New transfer from Sin el Fil to Ashrafieh
943839
OK: 1
OK: 1

-------------------------

New transfer from archive to Ashrafieh
231203
OK: 1
OK: 1

-------------------------

New transfer from archive to Sin el Fil
600368
OK: 1
OK: 1

-------------------------

