New transfer from Sin el Fil to Ashrafieh
567977
OK: 1
OK: 1

-------------------------

New transfer from archive to Ashrafieh
641801
OK: 1
OK: 1

-------------------------

New transfer from archive to Sin el Fil
854977
OK: 1
OK: 1

-------------------------

New transfer from archive to Badaro
282425
OK: 1
OK: 1

-------------------------

New transfer from archive to abdulwahab elnklizi
206771
OK: 1
OK: 1

-------------------------

New transfer from Sin el Fil to Ashrafieh
959485
OK: 1
OK: 1

-------------------------

New transfer from Sin el Fil to Ashrafieh
682691
OK: 1
OK: 1

-------------------------

