New transfer from abdulwahab elnklizi to Ashrafieh
330600
OK: 1
OK: 1

-------------------------

New transfer from abdulwahab elnklizi to Ashrafieh
718774
OK: 1
OK: 1

-------------------------

New transfer from Main Sin el Fil to Ashrafieh
148793
OK: 1
OK: 1

-------------------------

New transfer from Main Sin el Fil to Sin el Fil
718445
OK: 1
OK: 1

-------------------------

New transfer from Main Sin el Fil to abdulwahab elnklizi
838391
OK: 1
OK: 1

-------------------------

New transfer from Sin el Fil to Ashrafieh
843480
OK: 1
OK: 1

-------------------------

New transfer from abdulwahab elnklizi to Main Sin el Fil
154353
OK: 1
OK: 1

-------------------------

