New transfer from Ashrafieh to Badaro
187556
OK: 1
OK: 1

-------------------------

New transfer from archive to Badaro
189864
OK: 1
OK: 1

-------------------------

New transfer from archive to Ashrafieh
425715
OK: 1
OK: 1

-------------------------

New transfer from archive to Sin el Fil
504416
OK: 1
OK: 1

-------------------------

New transfer from archive to Sin el Fil
837366
OK: 1
OK: 1

-------------------------

New transfer from archive to Badaro
784503
OK: 1
OK: 1

-------------------------

New transfer from archive to Ashrafieh
653399
OK: 1
OK: 1

-------------------------

New transfer from Sin el Fil to Ashrafieh
672308
OK: 1
OK: 1

-------------------------

New transfer from Main Sin el Fil to Tayouneh
642292
OK: 1
OK: 1

-------------------------

