New transfer from Sin el Fil to Ashrafieh
696994
OK: 1
OK: 1

-------------------------

New transfer from Sin el Fil to Ashrafieh
306320
OK: 1
OK: 1

-------------------------

New transfer from archive to Ashrafieh
997533
OK: 1
OK: 1

-------------------------

New transfer from archive to Badaro
537553
OK: 1
OK: 1

-------------------------

New transfer from archive to abdulwahab elnklizi
879170
OK: 1
OK: 1

-------------------------

New transfer from archive to Badaro
661326
OK: 1
OK: 1

-------------------------

New transfer from archive to Ashrafieh
224701
OK: 1
OK: 1

-------------------------

New transfer from archive to Sin el Fil
863475
OK: 1
OK: 1

-------------------------

New transfer from archive to Sin el Fil
628383
OK: 1
OK: 1

-------------------------

New transfer from archive to Ashrafieh
202408
OK: 1
OK: 1

-------------------------

New transfer from archive to Badaro
529804
OK: 1
OK: 1

-------------------------

New transfer from archive to abdulwahab elnklizi
779478
OK: 1
OK: 1

-------------------------

New transfer from Sin el Fil to abdulwahab elnklizi
419316
OK: 1
OK: 1

-------------------------

New transfer from Sin el Fil to Ashrafieh
649062
OK: 1
OK: 1

-------------------------

