New transfer from Sin el Fil to Ashrafieh
170036
OK: 1
OK: 1

-------------------------

New transfer from Sin el Fil to Ashrafieh
410627
OK: 1
OK: 1

-------------------------

New transfer from Ashrafieh to Sin el Fil
152576
OK: 1
OK: 1

-------------------------

New transfer from Sin el Fil to Tayouneh
913113
OK: 1
OK: 1

-------------------------

New transfer from archive to Ashrafieh
240003
OK: 1
OK: 1

-------------------------

New transfer from archive to Badaro
616983
OK: 1
OK: 1

-------------------------

New transfer from archive to Sin el Fil
812928
OK: 1
OK: 1

-------------------------

New transfer from Ashrafieh to Tayouneh
571151
OK: 1
OK: 1

-------------------------

