<SMS>
    		<authentification>
    			<username>AliHabib</username>
    			<password>Ali@2020$</password>
    		</authentification>
    		<message>
    			<sender>Pet 2nd Home</sender>
    			<text>New transfer from Tayouneh to Sin el Fil
487659</text>
    			</message>
    			<recipients>
    			<gsm messageId="487659">96176749789</gsm>
    			    <gsm messageId="487659">9613966125</gsm>
    		</recipients>
    	</SMS>
<RESPONSE><status>2</status><credits>1340.7000</credits></RESPONSE>
-------------------------

<SMS>
    		<authentification>
    			<username>AliHabib</username>
    			<password>Ali@2020$</password>
    		</authentification>
    		<message>
    			<sender>Pet 2nd Home</sender>
    			<text>New transfer from Badaro to Ashrafieh
763568</text>
    			</message>
    			<recipients>
    			<gsm messageId="763568">96171452313</gsm>
    			    <gsm messageId="763568">9613966125</gsm>
    		</recipients>
    	</SMS>
<RESPONSE><status>2</status><credits>1334.9000</credits></RESPONSE>
-------------------------

