New transfer from Sin el Fil to Ashrafieh
344028
OK: 1
OK: 1

-------------------------

New transfer from Badaro to Sin el Fil
461182
OK: 1
OK: 1

-------------------------

New transfer from archive to Badaro
470222
OK: 1
OK: 1

-------------------------

New transfer from archive to Ashrafieh
940209
OK: 1
OK: 1

-------------------------

New transfer from Badaro to Sin el Fil
637154
OK: 1
OK: 1

-------------------------

New transfer from Sin el Fil to Ashrafieh
247704
OK: 1
OK: 1

-------------------------

