New transfer from Sin el Fil to Tayouneh
192557
OK: 1
OK: 1

-------------------------

New transfer from Sin el Fil to Main Sin el Fil
827048
OK: 1
OK: 1

-------------------------

New transfer from Sin el Fil to Tayouneh
398004
OK: 1
OK: 1

-------------------------

New transfer from Main Sin el Fil to Sin el Fil
807732
OK: 1
OK: 1

-------------------------

New transfer from archive to Ashrafieh
843057
OK: 1
OK: 1

-------------------------

New transfer from archive to Badaro
837091
OK: 1
OK: 1

-------------------------

New transfer from archive to Badaro
570877
OK: 1
OK: 1

-------------------------

New transfer from archive to Sin el Fil
452899
OK: 1
OK: 1

-------------------------

New transfer from archive to Tayouneh
386056
OK: 1
OK: 1

-------------------------

New transfer from Ashrafieh to Sin el Fil
318452
OK: 1
OK: 1

-------------------------

