<SMS>
    		<authentification>
    			<username>AliHabib</username>
    			<password>Ali@2020$</password>
    		</authentification>
    		<message>
    			<sender>Pet 2nd Home</sender>
    			<text>New transfer from Badaro to Ashrafieh
490310</text>
    			</message>
    			<recipients>
    			<gsm messageId="490310">96171452313</gsm>
    			    <gsm messageId="490310">9613966125</gsm>
    		</recipients>
    	</SMS>
<RESPONSE><status>2</status><credits>1015.9000</credits></RESPONSE>
-------------------------

<SMS>
    		<authentification>
    			<username>AliHabib</username>
    			<password>Ali@2020$</password>
    		</authentification>
    		<message>
    			<sender>Pet 2nd Home</sender>
    			<text>New transfer from Sin el Fil to Ashrafieh
854712</text>
    			</message>
    			<recipients>
    			<gsm messageId="854712">96171452313</gsm>
    			    <gsm messageId="854712">9613966125</gsm>
    		</recipients>
    	</SMS>
<RESPONSE><status>2</status><credits>1010.1000</credits></RESPONSE>
-------------------------

<SMS>
    		<authentification>
    			<username>AliHabib</username>
    			<password>Ali@2020$</password>
    		</authentification>
    		<message>
    			<sender>Pet 2nd Home</sender>
    			<text>New transfer from archive to Ashrafieh
299866</text>
    			</message>
    			<recipients>
    			<gsm messageId="299866">96171452313</gsm>
    			    <gsm messageId="299866">9613966125</gsm>
    		</recipients>
    	</SMS>
<RESPONSE><status>2</status><credits>1004.3000</credits></RESPONSE>
-------------------------

<SMS>
    		<authentification>
    			<username>AliHabib</username>
    			<password>Ali@2020$</password>
    		</authentification>
    		<message>
    			<sender>Pet 2nd Home</sender>
    			<text>New transfer from archive to Badaro
790479</text>
    			</message>
    			<recipients>
    			<gsm messageId="790479">96171386906</gsm>
    			    <gsm messageId="790479">9613966125</gsm>
    		</recipients>
    	</SMS>
<RESPONSE><status>2</status><credits>998.5000</credits></RESPONSE>
-------------------------

<SMS>
    		<authentification>
    			<username>AliHabib</username>
    			<password>Ali@2020$</password>
    		</authentification>
    		<message>
    			<sender>Pet 2nd Home</sender>
    			<text>New transfer from archive to Tayouneh
120973</text>
    			</message>
    			<recipients>
    			<gsm messageId="120973">96176015488</gsm>
    			    <gsm messageId="120973">9613966125</gsm>
    		</recipients>
    	</SMS>
<RESPONSE><status>2</status><credits>992.7000</credits></RESPONSE>
-------------------------

<SMS>
    		<authentification>
    			<username>AliHabib</username>
    			<password>Ali@2020$</password>
    		</authentification>
    		<message>
    			<sender>Pet 2nd Home</sender>
    			<text>New transfer from archive to Sin el Fil
170970</text>
    			</message>
    			<recipients>
    			<gsm messageId="170970">96176749789</gsm>
    			    <gsm messageId="170970">9613966125</gsm>
    		</recipients>
    	</SMS>
<RESPONSE><status>2</status><credits>986.9000</credits></RESPONSE>
-------------------------

