New transfer from Badaro to Ashrafieh
858924
OK: 1
OK: 1

-------------------------

New transfer from Sin el Fil to Badaro
124766
OK: 1
OK: 1

-------------------------

New transfer from Sin el Fil to Ashrafieh
326314
OK: 1
OK: 1

-------------------------

New transfer from archive to Sin el Fil
123532
OK: 1
OK: 1

-------------------------

New transfer from archive to Badaro
509714
OK: 1
OK: 1

-------------------------

New transfer from archive to Ashrafieh
473263
OK: 1
OK: 1

-------------------------

New transfer from Sin el Fil to Tayouneh
735743
OK: 1
OK: 1

-------------------------

