New transfer from Badaro to Sin el Fil
355968
OK: 1
OK: 1

-------------------------

New transfer from Badaro to Ashrafieh
563185
OK: 1
OK: 1

-------------------------

New transfer from Ashrafieh to Badaro
542200
OK: 1
OK: 1

-------------------------

New transfer from archive to Ashrafieh
795562
OK: 1
OK: 1

-------------------------

New transfer from archive to Badaro
961163
OK: 1
OK: 1

-------------------------

New transfer from archive to Sin el Fil
774637
OK: 1
OK: 1

-------------------------

New transfer from Sin el Fil to Badaro
778763
OK: 1
OK: 1

-------------------------

New transfer from archive to Tayouneh
896552
OK: 1
OK: 1

-------------------------

New transfer from archive to Tayouneh
752018
OK: 1
OK: 1

-------------------------

