New transfer from Badaro to Ashrafieh
405411
OK: 1
OK: 1

-------------------------

New transfer from Badaro to Sin el Fil
845953
OK: 1
OK: 1

-------------------------

New transfer from Tayouneh to Badaro
668546
OK: 1
OK: 1

-------------------------

New transfer from Ashrafieh to Sin el Fil
447173
OK: 1
OK: 1

-------------------------

New transfer from Sin el Fil to Ashrafieh
460337
OK: 1
OK: 1

-------------------------

New transfer from Tayouneh to Ashrafieh
509799
OK: 1
OK: 1

-------------------------

New transfer from archive to Ashrafieh
950130
OK: 1
OK: 1

-------------------------

New transfer from archive to Badaro
789246
OK: 1
OK: 1

-------------------------

New transfer from archive to Sin el Fil
751117
OK: 1
OK: 1

-------------------------

