<SMS>
    		<authentification>
    			<username>AliHabib</username>
    			<password>Ali@2020$</password>
    		</authentification>
    		<message>
    			<sender>Pet 2nd Home</sender>
    			<text>New transfer from Sin el Fil to Tayouneh
382303</text>
    			</message>
    			<recipients>
    			<gsm messageId="382303">96176015488</gsm>
    			    <gsm messageId="382303">9613966125</gsm>
    		</recipients>
    	</SMS>
<RESPONSE><status>2</status><credits>183.6000</credits></RESPONSE>
-------------------------

<SMS>
    		<authentification>
    			<username>AliHabib</username>
    			<password>Ali@2020$</password>
    		</authentification>
    		<message>
    			<sender>Pet 2nd Home</sender>
    			<text>New transfer from Badaro to Sin el Fil
179742</text>
    			</message>
    			<recipients>
    			<gsm messageId="179742">96176749789</gsm>
    			    <gsm messageId="179742">9613966125</gsm>
    		</recipients>
    	</SMS>
<RESPONSE><status>2</status><credits>177.8000</credits></RESPONSE>
-------------------------

<SMS>
    		<authentification>
    			<username>AliHabib</username>
    			<password>Ali@2020$</password>
    		</authentification>
    		<message>
    			<sender>Pet 2nd Home</sender>
    			<text>New transfer from archive to Badaro
714379</text>
    			</message>
    			<recipients>
    			<gsm messageId="714379">96171386906</gsm>
    			    <gsm messageId="714379">9613966125</gsm>
    		</recipients>
    	</SMS>
<RESPONSE><status>2</status><credits>172.0000</credits></RESPONSE>
-------------------------

<SMS>
    		<authentification>
    			<username>AliHabib</username>
    			<password>Ali@2020$</password>
    		</authentification>
    		<message>
    			<sender>Pet 2nd Home</sender>
    			<text>New transfer from Badaro to Ashrafieh
549416</text>
    			</message>
    			<recipients>
    			<gsm messageId="549416">96171452313</gsm>
    			    <gsm messageId="549416">9613966125</gsm>
    		</recipients>
    	</SMS>
<RESPONSE><status>2</status><credits>166.2000</credits></RESPONSE>
-------------------------

<SMS>
    		<authentification>
    			<username>AliHabib</username>
    			<password>Ali@2020$</password>
    		</authentification>
    		<message>
    			<sender>Pet 2nd Home</sender>
    			<text>New transfer from archive to Ashrafieh
283242</text>
    			</message>
    			<recipients>
    			<gsm messageId="283242">96171452313</gsm>
    			    <gsm messageId="283242">9613966125</gsm>
    		</recipients>
    	</SMS>
<RESPONSE><status>2</status><credits>160.4000</credits></RESPONSE>
-------------------------

