New transfer from Sin el Fil to Badaro
778509
OK: 1
OK: 1

-------------------------

New transfer from archive to Sin el Fil
324448
OK: 1
OK: 1

-------------------------

New transfer from archive to Ashrafieh
940626
OK: 1
OK: 1

-------------------------

New transfer from archive to Badaro
935560
OK: 1
OK: 1

-------------------------

New transfer from Sin el Fil to Main Sin el Fil
626285
OK: 1
OK: 1

-------------------------

New transfer from archive to Ashrafieh
289170
OK: 1
OK: 1

-------------------------

New transfer from archive to Badaro
613021
OK: 1
OK: 1

-------------------------

New transfer from archive to Sin el Fil
830803
OK: 1
OK: 1

-------------------------

