New transfer from archive to Badaro
785259
OK: 1
OK: 1

-------------------------

New transfer from archive to Sin el Fil
622716
OK: 1
OK: 1

-------------------------

New transfer from archive to Ashrafieh
428548
OK: 1
OK: 1

-------------------------

New transfer from archive to Ashrafieh
462694
OK: 1
OK: 1

-------------------------

New transfer from archive to Tayouneh
958812
OK: 1
OK: 1

-------------------------

New transfer from archive to Ashrafieh
324309
OK: 1
OK: 1

-------------------------

New transfer from archive to Sin el Fil
688649
OK: 1
OK: 1

-------------------------

New transfer from archive to Badaro
450501
OK: 1
OK: 1

-------------------------

New transfer from archive to Tayouneh
395172
OK: 1
OK: 1

-------------------------

New transfer from archive to Badaro
171772
OK: 1
OK: 1

-------------------------

