New transfer from Badaro to Sin el Fil
392506
OK: 1
OK: 1

-------------------------

New transfer from Badaro to abdulwahab elnklizi
957439
OK: 1
OK: 1

-------------------------

New transfer from archive to abdulwahab elnklizi
215618
OK: 1
OK: 1

-------------------------

New transfer from archive to Sin el Fil
324488
OK: 1
OK: 1

-------------------------

New transfer from archive to Ashrafieh
575383
OK: 1
OK: 1

-------------------------

New transfer from archive to Badaro
323258
OK: 1
OK: 1

-------------------------

New transfer from archive to Badaro
500290
OK: 1
OK: 1

-------------------------

New transfer from archive to Ashrafieh
568720
OK: 1
OK: 1

-------------------------

New transfer from archive to Sin el Fil
970679
OK: 1
OK: 1

-------------------------

New transfer from Main Sin el Fil to Sin el Fil
991002
OK: 1
OK: 1

-------------------------

New transfer from Main Sin el Fil to abdulwahab elnklizi
707833
OK: 1
OK: 1

-------------------------

New transfer from Main Sin el Fil to Ashrafieh
839822
OK: 1
OK: 1

-------------------------

New transfer from Sin el Fil to Ashrafieh
999650
OK: 1
OK: 1

-------------------------

