<SMS>
    		<authentification>
    			<username>AliHabib</username>
    			<password>Ali@2020$</password>
    		</authentification>
    		<message>
    			<sender>Pet 2nd Home</sender>
    			<text>New transfer from archive to Badaro
849648</text>
    			</message>
    			<recipients>
    			<gsm messageId="849648">96171386906</gsm>
    			    <gsm messageId="849648">9613966125</gsm>
    		</recipients>
    	</SMS>
<RESPONSE><status>2</status><credits>383.7000</credits></RESPONSE>
-------------------------

<SMS>
    		<authentification>
    			<username>AliHabib</username>
    			<password>Ali@2020$</password>
    		</authentification>
    		<message>
    			<sender>Pet 2nd Home</sender>
    			<text>New transfer from Badaro to Tayouneh
792358</text>
    			</message>
    			<recipients>
    			<gsm messageId="792358">96176015488</gsm>
    			    <gsm messageId="792358">9613966125</gsm>
    		</recipients>
    	</SMS>
<RESPONSE><status>2</status><credits>377.9000</credits></RESPONSE>
-------------------------

<SMS>
    		<authentification>
    			<username>AliHabib</username>
    			<password>Ali@2020$</password>
    		</authentification>
    		<message>
    			<sender>Pet 2nd Home</sender>
    			<text>New transfer from Badaro to Ashrafieh
612342</text>
    			</message>
    			<recipients>
    			<gsm messageId="612342">96171452313</gsm>
    			    <gsm messageId="612342">9613966125</gsm>
    		</recipients>
    	</SMS>
<RESPONSE><status>2</status><credits>372.1000</credits></RESPONSE>
-------------------------

<SMS>
    		<authentification>
    			<username>AliHabib</username>
    			<password>Ali@2020$</password>
    		</authentification>
    		<message>
    			<sender>Pet 2nd Home</sender>
    			<text>New transfer from Tayouneh to Ashrafieh
385712</text>
    			</message>
    			<recipients>
    			<gsm messageId="385712">96171452313</gsm>
    			    <gsm messageId="385712">9613966125</gsm>
    		</recipients>
    	</SMS>
<RESPONSE><status>2</status><credits>366.3000</credits></RESPONSE>
-------------------------

<SMS>
    		<authentification>
    			<username>AliHabib</username>
    			<password>Ali@2020$</password>
    		</authentification>
    		<message>
    			<sender>Pet 2nd Home</sender>
    			<text>New transfer from Tayouneh to Ashrafieh
315698</text>
    			</message>
    			<recipients>
    			<gsm messageId="315698">96171452313</gsm>
    			    <gsm messageId="315698">9613966125</gsm>
    		</recipients>
    	</SMS>
<RESPONSE><status>2</status><credits>360.5000</credits></RESPONSE>
-------------------------

