New transfer from Sin el Fil to Badaro
240707
OK: 1
OK: 1

-------------------------

New transfer from Badaro to Ashrafieh
363865
OK: 1
OK: 1

-------------------------

New transfer from Badaro to Sin el Fil
467679
OK: 1
OK: 1

-------------------------

New transfer from archive to Ashrafieh
633279
OK: 1
OK: 1

-------------------------

New transfer from Sin el Fil to Ashrafieh
719169
OK: 1
OK: 1

-------------------------

New transfer from archive to Sin el Fil
527411
OK: 1
OK: 1

-------------------------

New transfer from archive to Badaro
388005
OK: 1
OK: 1

-------------------------

New transfer from Ashrafieh to Sin el Fil
159801
OK: 1
OK: 1

-------------------------

