New transfer from Sin el Fil to abdulwahab elnklizi
224860
ERR: Not enough credit
ERR: Not enough credit

-------------------------

New transfer from archive to Badaro
200098
ERR: Not enough credit
ERR: Not enough credit

-------------------------

New transfer from archive to Sin el Fil
981630
ERR: Not enough credit
ERR: Not enough credit

-------------------------

New transfer from Ashrafieh to Main Sin el Fil
790753
ERR: Not enough credit
ERR: Not enough credit

-------------------------

New transfer from Sin el Fil to Ashrafieh
267987
ERR: Not enough credit
ERR: Not enough credit

-------------------------

New transfer from Ashrafieh to Main Sin el Fil
664477
ERR: Not enough credit
ERR: Not enough credit

-------------------------

New transfer from archive to Ashrafieh
902560
ERR: Not enough credit
ERR: Not enough credit

-------------------------

New transfer from Main Sin el Fil to archive
211511
ERR: Not enough credit
ERR: Not enough credit

-------------------------

