New transfer from archive to Ashrafieh
850903
OK: 1
OK: 1

-------------------------

New transfer from archive to Sin el Fil
192340
OK: 1
OK: 1

-------------------------

New transfer from archive to Badaro
185380
OK: 1
OK: 1

-------------------------

New transfer from archive to Tayouneh
137955
OK: 1
OK: 1

-------------------------

New transfer from archive to Sin el Fil
223131
OK: 1
OK: 1

-------------------------

New transfer from archive to Tayouneh
217408
OK: 1
OK: 1

-------------------------

New transfer from archive to Ashrafieh
636360
OK: 1
OK: 1

-------------------------

New transfer from archive to Badaro
853646
OK: 1
OK: 1

-------------------------

New transfer from archive to Badaro
944787
OK: 1
OK: 1

-------------------------

New transfer from archive to Ashrafieh
281176
OK: 1
OK: 1

-------------------------

New transfer from archive to Sin el Fil
242436
OK: 1
OK: 1

-------------------------

New transfer from Sin el Fil to Ashrafieh
653868
OK: 1
OK: 1

-------------------------

New transfer from Badaro to Tayouneh
899752
OK: 1
OK: 1

-------------------------

