New transfer from Sin el Fil to Badaro
943334
OK: 1
OK: 1

-------------------------

New transfer from Badaro to Sin el Fil
876130
OK: 1
OK: 1

-------------------------

New transfer from archive to Badaro
446807
OK: 1
OK: 1

-------------------------

New transfer from archive to Sin el Fil
553115
OK: 1
OK: 1

-------------------------

New transfer from archive to Ashrafieh
945492
OK: 1
OK: 1

-------------------------

New transfer from Sin el Fil to Badaro
221621
OK: 1
OK: 1

-------------------------

New transfer from Sin el Fil to Ashrafieh
830730
OK: 1
OK: 1

-------------------------

