New transfer from Badaro to Sin el Fil
957858
OK: 1
OK: 1

-------------------------

New transfer from Main Sin el Fil to Sin el Fil
408824
OK: 1
OK: 1

-------------------------

New transfer from Main Sin el Fil to Ashrafieh
481192
OK: 1
OK: 1

-------------------------

New transfer from archive to Sin el Fil
336400
OK: 1
OK: 1

-------------------------

New transfer from archive to Ashrafieh
159000
OK: 1
OK: 1

-------------------------

New transfer from archive to abdulwahab elnklizi
868169
OK: 1
OK: 1

-------------------------

New transfer from archive to Badaro
802911
OK: 1
OK: 1

-------------------------

New transfer from Ashrafieh to Badaro
610643
OK: 1
OK: 1

-------------------------

