<SMS>
    		<authentification>
    			<username>AliHabib</username>
    			<password>Ali@2020$</password>
    		</authentification>
    		<message>
    			<sender>Pet 2nd Home</sender>
    			<text>New transfer from Badaro to Tayouneh
497352</text>
    			</message>
    			<recipients>
    			<gsm messageId="497352">96176015488</gsm>
    			    <gsm messageId="497352">9613966125</gsm>
    		</recipients>
    	</SMS>
<RESPONSE><status>2</status><credits>981.1000</credits></RESPONSE>
-------------------------

<SMS>
    		<authentification>
    			<username>AliHabib</username>
    			<password>Ali@2020$</password>
    		</authentification>
    		<message>
    			<sender>Pet 2nd Home</sender>
    			<text>New transfer from Badaro to Tayouneh
463149</text>
    			</message>
    			<recipients>
    			<gsm messageId="463149">96176015488</gsm>
    			    <gsm messageId="463149">9613966125</gsm>
    		</recipients>
    	</SMS>
<RESPONSE><status>2</status><credits>975.3000</credits></RESPONSE>
-------------------------

