New transfer from Ashrafieh to Sin el Fil
312176
ERR: Not enough credit
ERR: Not enough credit

-------------------------

New transfer from archive to Sin el Fil
108552
ERR: Not enough credit
ERR: Not enough credit

-------------------------

New transfer from archive to Ashrafieh
727551
ERR: Not enough credit
ERR: Not enough credit

-------------------------

New transfer from archive to Badaro
370790
ERR: Not enough credit
ERR: Not enough credit

-------------------------

New transfer from archive to abdulwahab elnklizi
795251
ERR: Not enough credit
ERR: Not enough credit

-------------------------

New transfer from archive to Sin el Fil
225768
ERR: Not enough credit
ERR: Not enough credit

-------------------------

New transfer from archive to Ashrafieh
511175
ERR: Not enough credit
ERR: Not enough credit

-------------------------

New transfer from archive to abdulwahab elnklizi
695316
ERR: Not enough credit
ERR: Not enough credit

-------------------------

New transfer from Sin el Fil to Badaro
575865
ERR: Not enough credit
ERR: Not enough credit

-------------------------

New transfer from Sin el Fil to Ashrafieh
356074
ERR: Not enough credit
ERR: Not enough credit

-------------------------

New transfer from Main Sin el Fil to Sin el Fil
893137
ERR: Not enough credit
ERR: Not enough credit

-------------------------

New transfer from Main Sin el Fil to Ashrafieh
657381
ERR: Not enough credit
ERR: Not enough credit

-------------------------

New transfer from Main Sin el Fil to Badaro
523874
ERR: Not enough credit
ERR: Not enough credit

-------------------------

New transfer from Main Sin el Fil to abdulwahab elnklizi
466447
ERR: Not enough credit
ERR: Not enough credit

-------------------------

