New transfer from archive to Sin el Fil
375234
OK: 1
OK: 1

-------------------------

New transfer from archive to Ashrafieh
376278
OK: 1
OK: 1

-------------------------

New transfer from archive to Badaro
368624
OK: 1
OK: 1

-------------------------

New transfer from archive to abdulwahab elnklizi
868405
OK: 1
OK: 1

-------------------------

New transfer from archive to Main Sin el Fil
141415
OK: 1
OK: 1

-------------------------

New transfer from Sin el Fil to Badaro
681747
OK: 1
OK: 1

-------------------------

New transfer from Sin el Fil to abdulwahab elnklizi
907599
OK: 1
OK: 1

-------------------------

