New transfer from archive to Sin el Fil
364657
OK: 1
OK: 1

-------------------------

New transfer from archive to Ashrafieh
747521
OK: 1
OK: 1

-------------------------

New transfer from archive to Badaro
687008
OK: 1
OK: 1

-------------------------

New transfer from Sin el Fil to Ashrafieh
306605
OK: 1
OK: 1

-------------------------

New transfer from Badaro to Ashrafieh
550631
OK: 1
OK: 1

-------------------------

New transfer from Badaro to Sin el Fil
712183
OK: 1
OK: 1

-------------------------

New transfer from Badaro to Main Sin el Fil
893249
OK: 1
OK: 1

-------------------------

New transfer from archive to Badaro
471503
OK: 1
OK: 1

-------------------------

New transfer from Badaro to Ashrafieh
461678
OK: 1
OK: 1

-------------------------

