New transfer from Main Sin el Fil to Sin el Fil
615516
OK: 1
OK: 1

-------------------------

New transfer from Main Sin el Fil to Ashrafieh
325607
OK: 1
OK: 1

-------------------------

New transfer from Sin el Fil to Ashrafieh
311544
OK: 1
OK: 1

-------------------------

New transfer from Main Sin el Fil to Sin el Fil
436556
OK: 1
OK: 1

-------------------------

New transfer from Main Sin el Fil to Sin el Fil
816041
OK: 1
OK: 1

-------------------------

New transfer from Sin el Fil to Ashrafieh
850546
OK: 1
OK: 1

-------------------------

New transfer from Sin el Fil to Ashrafieh
958147
OK: 1
OK: 1

-------------------------

New transfer from Sin el Fil to Main Sin el Fil
692278
OK: 1
OK: 1

-------------------------

