New transfer from Sin el Fil to Ashrafieh
939457
ERR: Not enough credit
ERR: Not enough credit

-------------------------

New transfer from abdulwahab elnklizi to Ashrafieh
431972
ERR: Not enough credit
ERR: Not enough credit

-------------------------

New transfer from archive to Sin el Fil
214336
ERR: Not enough credit
ERR: Not enough credit

-------------------------

New transfer from archive to Ashrafieh
374905
ERR: Not enough credit
ERR: Not enough credit

-------------------------

New transfer from archive to abdulwahab elnklizi
786018
ERR: Not enough credit
ERR: Not enough credit

-------------------------

New transfer from archive to Badaro
642978
ERR: Not enough credit
ERR: Not enough credit

-------------------------

New transfer from Main Sin el Fil to Sin el Fil
710459
ERR: Not enough credit
ERR: Not enough credit

-------------------------

