New transfer from Badaro to Sin el Fil
133823
OK: 1
OK: 1

-------------------------

New transfer from Badaro to Ashrafieh
225298
OK: 1
OK: 1

-------------------------

New transfer from Badaro to Sin el Fil
629980
OK: 1
OK: 1

-------------------------

New transfer from archive to Sin el Fil
434035
OK: 1
OK: 1

-------------------------

New transfer from archive to Ashrafieh
524040
OK: 1
OK: 1

-------------------------

New transfer from archive to Badaro
241528
OK: 1
OK: 1

-------------------------

New transfer from archive to Badaro
117155
OK: 1
OK: 1

-------------------------

New transfer from archive to Sin el Fil
647792
OK: 1
OK: 1

-------------------------

New transfer from archive to Ashrafieh
604972
OK: 1
OK: 1

-------------------------

New transfer from archive to Badaro
286927
OK: 1
OK: 1

-------------------------

New transfer from Badaro to Main Sin el Fil
950440
OK: 1
OK: 1

-------------------------

New transfer from Sin el Fil to Ashrafieh
787357
OK: 1
OK: 1

-------------------------

New transfer from Main Sin el Fil to Sin el Fil
820830
OK: 1
OK: 1

-------------------------

New transfer from Sin el Fil to Ashrafieh
641698
OK: 1
OK: 1

-------------------------

