New transfer from Badaro to Ashrafieh
440247
OK: 1
OK: 1

-------------------------

New transfer from Sin el Fil to Tayouneh
665213
OK: 1
OK: 1

-------------------------

New transfer from Ashrafieh to Tayouneh
427638
OK: 1
OK: 1

-------------------------

New transfer from archive to Ashrafieh
746482
OK: 1
OK: 1

-------------------------

New transfer from archive to Badaro
433926
OK: 1
OK: 1

-------------------------

New transfer from archive to Sin el Fil
432852
OK: 1
OK: 1

-------------------------

