New transfer from Main Sin el Fil to archive
286966
OK: 1
OK: 1

-------------------------

New transfer from Main Sin el Fil to archive
505468
OK: 1
OK: 1

-------------------------

New transfer from archive to Sin el Fil
464454
OK: 1
OK: 1

-------------------------

New transfer from archive to Ashrafieh
475919
OK: 1
OK: 1

-------------------------

New transfer from archive to Badaro
927504
OK: 1
OK: 1

-------------------------

New transfer from archive to abdulwahab elnklizi
281040
OK: 1
OK: 1

-------------------------

New transfer from archive to Sin el Fil
900245
OK: 1
OK: 1

-------------------------

New transfer from archive to Ashrafieh
736825
OK: 1
OK: 1

-------------------------

New transfer from archive to Badaro
660619
OK: 1
OK: 1

-------------------------

New transfer from archive to abdulwahab elnklizi
696600
OK: 1
OK: 1

-------------------------

New transfer from archive to Main Sin el Fil
361403
OK: 1
OK: 1

-------------------------

New transfer from archive to Main Sin el Fil
645693
OK: 1
OK: 1

-------------------------

New transfer from archive to Sin el Fil
735677
OK: 1
OK: 1

-------------------------

New transfer from archive to Ashrafieh
707034
OK: 1
OK: 1

-------------------------

New transfer from archive to Badaro
390797
OK: 1
OK: 1

-------------------------

New transfer from archive to abdulwahab elnklizi
368482
OK: 1
OK: 1

-------------------------

