New transfer from Sin el Fil to Ashrafieh
364280
OK: 1
OK: 1

-------------------------

New transfer from Sin el Fil to Badaro
915732
OK: 1
OK: 1

-------------------------

New transfer from abdulwahab elnklizi to Ashrafieh
316038
OK: 1
OK: 1

-------------------------

New transfer from abdulwahab elnklizi to Ashrafieh
616231
OK: 1
OK: 1

-------------------------

New transfer from archive to Sin el Fil
783498
OK: 1
OK: 1

-------------------------

New transfer from archive to Sin el Fil
776761
OK: 1
OK: 1

-------------------------

New transfer from archive to Ashrafieh
575491
OK: 1
OK: 1

-------------------------

New transfer from Badaro to Sin el Fil
734693
OK: 1
OK: 1

-------------------------

New transfer from archive to Ashrafieh
959563
OK: 1
OK: 1

-------------------------

New transfer from archive to Sin el Fil
310830
OK: 1
OK: 1

-------------------------

New transfer from archive to Badaro
383369
OK: 1
OK: 1

-------------------------

New transfer from archive to abdulwahab elnklizi
346136
OK: 1
OK: 1

-------------------------

New transfer from Sin el Fil to Badaro
426789
OK: 1
OK: 1

-------------------------

New transfer from archive to Ashrafieh
834096
OK: 1
OK: 1

-------------------------

New transfer from Sin el Fil to Ashrafieh
466856
OK: 1
OK: 1

-------------------------

