<SMS>
    		<authentification>
    			<username>AliHabib</username>
    			<password>Ali@2020$</password>
    		</authentification>
    		<message>
    			<sender>Pet 2nd Home</sender>
    			<text>New transfer from Sin el Fil to Badaro
911954</text>
    			</message>
    			<recipients>
    			<gsm messageId="911954">96171386906</gsm>
    			    <gsm messageId="911954">9613966125</gsm>
    		</recipients>
    	</SMS>
<RESPONSE><status>2</status><credits>2222.3000</credits></RESPONSE>
-------------------------

<SMS>
    		<authentification>
    			<username>AliHabib</username>
    			<password>Ali@2020$</password>
    		</authentification>
    		<message>
    			<sender>Pet 2nd Home</sender>
    			<text>New transfer from archive to Ashrafieh
613624</text>
    			</message>
    			<recipients>
    			<gsm messageId="613624">96171452313</gsm>
    			    <gsm messageId="613624">9613966125</gsm>
    		</recipients>
    	</SMS>
<RESPONSE><status>2</status><credits>2216.5000</credits></RESPONSE>
-------------------------

<SMS>
    		<authentification>
    			<username>AliHabib</username>
    			<password>Ali@2020$</password>
    		</authentification>
    		<message>
    			<sender>Pet 2nd Home</sender>
    			<text>New transfer from archive to Badaro
908802</text>
    			</message>
    			<recipients>
    			<gsm messageId="908802">96171386906</gsm>
    			    <gsm messageId="908802">9613966125</gsm>
    		</recipients>
    	</SMS>
<RESPONSE><status>2</status><credits>2210.7000</credits></RESPONSE>
-------------------------

<SMS>
    		<authentification>
    			<username>AliHabib</username>
    			<password>Ali@2020$</password>
    		</authentification>
    		<message>
    			<sender>Pet 2nd Home</sender>
    			<text>New transfer from archive to Sin el Fil
994070</text>
    			</message>
    			<recipients>
    			<gsm messageId="994070">96176749789</gsm>
    			    <gsm messageId="994070">9613966125</gsm>
    		</recipients>
    	</SMS>
<RESPONSE><status>2</status><credits>2204.9000</credits></RESPONSE>
-------------------------

<SMS>
    		<authentification>
    			<username>AliHabib</username>
    			<password>Ali@2020$</password>
    		</authentification>
    		<message>
    			<sender>Pet 2nd Home</sender>
    			<text>New transfer from Badaro to Sin el Fil
754709</text>
    			</message>
    			<recipients>
    			<gsm messageId="754709">96176749789</gsm>
    			    <gsm messageId="754709">9613966125</gsm>
    		</recipients>
    	</SMS>
<RESPONSE><status>2</status><credits>2199.1000</credits></RESPONSE>
-------------------------

