New transfer from archive to Ashrafieh
133715
OK: 1
OK: 1

-------------------------

New transfer from archive to Sin el Fil
712522
OK: 1
OK: 1

-------------------------

New transfer from archive to Badaro
557027
OK: 1
OK: 1

-------------------------

New transfer from Badaro to Ashrafieh
467483
OK: 1
OK: 1

-------------------------

New transfer from archive to Sin el Fil
889952
OK: 1
OK: 1

-------------------------

New transfer from archive to Ashrafieh
957340
OK: 1
OK: 1

-------------------------

New transfer from archive to Badaro
994111
OK: 1
OK: 1

-------------------------

New transfer from archive to Ashrafieh
813477
OK: 1
OK: 1

-------------------------

New transfer from archive to Sin el Fil
265030
OK: 1
OK: 1

-------------------------

New transfer from Sin el Fil to Ashrafieh
363747
OK: 1
OK: 1

-------------------------

New transfer from Sin el Fil to Ashrafieh
199243
OK: 1
OK: 1

-------------------------

