New transfer from Sin el Fil to Ashrafieh
928705
OK: 1
OK: 1

-------------------------

New transfer from Badaro to Ashrafieh
428141
OK: 1
OK: 1

-------------------------

New transfer from Sin el Fil to Ashrafieh
180414
OK: 1
OK: 1

-------------------------

New transfer from archive to Ashrafieh
578668
OK: 1
OK: 1

-------------------------

New transfer from archive to Sin el Fil
861927
OK: 1
OK: 1

-------------------------

New transfer from archive to Ashrafieh
212919
OK: 1
OK: 1

-------------------------

New transfer from archive to Sin el Fil
788578
OK: 1
OK: 1

-------------------------

