New transfer from Ashrafieh to Sin el Fil
683538
OK: 1
OK: 1

-------------------------

New transfer from archive to Tayouneh
576215
OK: 1
OK: 1

-------------------------

New transfer from archive to Ashrafieh
424114
OK: 1
OK: 1

-------------------------

New transfer from Sin el Fil to Badaro
511731
OK: 1
OK: 1

-------------------------

New transfer from Ashrafieh to Badaro
189989
OK: 1
OK: 1

-------------------------

New transfer from Sin el Fil to Ashrafieh
147285
OK: 1
OK: 1

-------------------------

New transfer from archive to Ashrafieh
696228
OK: 1
OK: 1

-------------------------

New transfer from archive to Sin el Fil
715910
OK: 1
OK: 1

-------------------------

New transfer from archive to Badaro
358979
OK: 1
OK: 1

-------------------------

New transfer from archive to Tayouneh
933529
OK: 1
OK: 1

-------------------------

New transfer from Main Sin el Fil to archive
469317
<P>Error: Unable to open database M</P><P>Error: Unable to open database H</P>ERR: Not authenticated

-------------------------

