New transfer from archive to Sin el Fil
145044
OK: 1
OK: 1

-------------------------

New transfer from archive to Ashrafieh
388836
OK: 1
OK: 1

-------------------------

New transfer from archive to Badaro
928001
OK: 1
OK: 1

-------------------------

New transfer from Sin el Fil to Badaro
266581
OK: 1
OK: 1

-------------------------

New transfer from archive to Badaro
978477
OK: 1
OK: 1

-------------------------

New transfer from archive to Ashrafieh
166187
OK: 1
OK: 1

-------------------------

New transfer from archive to Sin el Fil
221626
OK: 1
OK: 1

-------------------------

New transfer from Sin el Fil to Ashrafieh
838084
OK: 1
OK: 1

-------------------------

