<SMS>
    		<authentification>
    			<username>AliHabib</username>
    			<password>Ali@2020$</password>
    		</authentification>
    		<message>
    			<sender>Pet 2nd Home</sender>
    			<text>New transfer from Ashrafieh to Tayouneh
284325</text>
    			</message>
    			<recipients>
    			<gsm messageId="284325">96176015488</gsm>
    			    <gsm messageId="284325">9613966125</gsm>
    		</recipients>
    	</SMS>
<RESPONSE><status>2</status><credits>2170.1000</credits></RESPONSE>
-------------------------

<SMS>
    		<authentification>
    			<username>AliHabib</username>
    			<password>Ali@2020$</password>
    		</authentification>
    		<message>
    			<sender>Pet 2nd Home</sender>
    			<text>New transfer from Sin el Fil to Ashrafieh
916797</text>
    			</message>
    			<recipients>
    			<gsm messageId="916797">96171452313</gsm>
    			    <gsm messageId="916797">9613966125</gsm>
    		</recipients>
    	</SMS>
<RESPONSE><status>2</status><credits>2164.3000</credits></RESPONSE>
-------------------------

