New transfer from Badaro to Sin el Fil
859346
OK: 1
OK: 1

-------------------------

New transfer from Badaro to Ashrafieh
757784
OK: 1
OK: 1

-------------------------

New transfer from Badaro to Sin el Fil
385946
OK: 1
OK: 1

-------------------------

New transfer from Badaro to Sin el Fil
336258
OK: 1
OK: 1

-------------------------

New transfer from archive to Ashrafieh
710986
OK: 1
OK: 1

-------------------------

New transfer from archive to abdulwahab elnklizi
444918
OK: 1
OK: 1

-------------------------

New transfer from archive to Sin el Fil
975036
OK: 1
OK: 1

-------------------------

New transfer from archive to Badaro
155802
OK: 1
OK: 1

-------------------------

New transfer from archive to abdulwahab elnklizi
868515
OK: 1
OK: 1

-------------------------

New transfer from archive to Ashrafieh
494050
OK: 1
OK: 1

-------------------------

New transfer from archive to Ashrafieh
396154
OK: 1
OK: 1

-------------------------

New transfer from archive to Badaro
478908
OK: 1
OK: 1

-------------------------

New transfer from Ashrafieh to Sin el Fil
803982
OK: 1
OK: 1

-------------------------

New transfer from Sin el Fil to Ashrafieh
683000
OK: 1
OK: 1

-------------------------

