New transfer from Sin el Fil to Ashrafieh
265348
OK: 1
OK: 1

-------------------------

New transfer from Badaro to Sin el Fil
312979
OK: 1
OK: 1

-------------------------

New transfer from Ashrafieh to Sin el Fil
951598
OK: 1
OK: 1

-------------------------

New transfer from Sin el Fil to abdulwahab elnklizi
553801
OK: 1
OK: 1

-------------------------

New transfer from Sin el Fil to Ashrafieh
806890
OK: 1
OK: 1

-------------------------

New transfer from Ashrafieh to abdulwahab elnklizi
376111
OK: 1
OK: 1

-------------------------

