New transfer from Ashrafieh to Sin el Fil
240997
OK: 1
OK: 1

-------------------------

New transfer from archive to Ashrafieh
198465
OK: 1
OK: 1

-------------------------

New transfer from archive to Ashrafieh
453962
OK: 1
OK: 1

-------------------------

New transfer from archive to Badaro
512388
OK: 1
OK: 1

-------------------------

New transfer from archive to abdulwahab elnklizi
398551
OK: 1
OK: 1

-------------------------

New transfer from archive to Badaro
934968
OK: 1
OK: 1

-------------------------

New transfer from archive to Sin el Fil
362678
OK: 1
OK: 1

-------------------------

New transfer from archive to abdulwahab elnklizi
713100
OK: 1
OK: 1

-------------------------

New transfer from archive to Ashrafieh
191892
OK: 1
OK: 1

-------------------------

New transfer from Sin el Fil to abdulwahab elnklizi
968670
OK: 1
OK: 1

-------------------------

New transfer from abdulwahab elnklizi to Sin el Fil
725257
OK: 1
OK: 1

-------------------------

New transfer from Sin el Fil to Ashrafieh
460258
OK: 1
OK: 1

-------------------------

New transfer from archive to Ashrafieh
951989
OK: 1
OK: 1

-------------------------

New transfer from archive to Badaro
494190
OK: 1
OK: 1

-------------------------

New transfer from archive to abdulwahab elnklizi
992619
OK: 1
OK: 1

-------------------------

New transfer from archive to Ashrafieh
804820
OK: 1
OK: 1

-------------------------

New transfer from Ashrafieh to Sin el Fil
904378
OK: 1
OK: 1

-------------------------

New transfer from Ashrafieh to Main Sin el Fil
277535
OK: 1
OK: 1

-------------------------

