New transfer from archive to Ashrafieh
213574
OK: 1
OK: 1

-------------------------

New transfer from archive to Sin el Fil
459333
OK: 1
OK: 1

-------------------------

New transfer from archive to Badaro
883371
OK: 1
OK: 1

-------------------------

New transfer from archive to Tayouneh
377500
OK: 1
OK: 1

-------------------------

New transfer from archive to Ashrafieh
900775
OK: 1
OK: 1

-------------------------

New transfer from archive to Ashrafieh
887513
OK: 1
OK: 1

-------------------------

New transfer from Sin el Fil to Ashrafieh
941958
OK: 1
OK: 1

-------------------------

New transfer from Sin el Fil to Ashrafieh
930017
OK: 1
OK: 1

-------------------------

New transfer from Sin el Fil to Tayouneh
144568
OK: 1
OK: 1

-------------------------

