New transfer from Sin el Fil to Badaro
451164
OK: 1
OK: 1

-------------------------

New transfer from Main Sin el Fil to Sin el Fil
150402
OK: 1
OK: 1

-------------------------

New transfer from Main Sin el Fil to Ashrafieh
642468
OK: 1
OK: 1

-------------------------

New transfer from Main Sin el Fil to archive
527667
OK: 1
OK: 1

-------------------------

New transfer from Main Sin el Fil to archive
581148
OK: 1
OK: 1

-------------------------

New transfer from Main Sin el Fil to archive
212809
OK: 1
OK: 1

-------------------------

New transfer from Main Sin el Fil to archive
736467
OK: 1
OK: 1

-------------------------

New transfer from archive to Main Sin el Fil
486675
OK: 1
OK: 1

-------------------------

New transfer from Main Sin el Fil to Sin el Fil
571819
OK: 1
OK: 1

-------------------------

New transfer from Main Sin el Fil to Badaro
209466
OK: 1
OK: 1

-------------------------

