New transfer from Ashrafieh to Badaro
327210
OK: 1
OK: 1

-------------------------

New transfer from Ashrafieh to Sin el Fil
750211
OK: 1
OK: 1

-------------------------

New transfer from archive to Ashrafieh
165696
OK: 1
OK: 1

-------------------------

New transfer from archive to Badaro
236460
OK: 1
OK: 1

-------------------------

New transfer from archive to Badaro
257525
OK: 1
OK: 1

-------------------------

New transfer from archive to Sin el Fil
691439
OK: 1
OK: 1

-------------------------

