New transfer from Badaro to Sin el Fil
746715
ERR: Not enough credit
ERR: Not enough credit

-------------------------

New transfer from archive to Ashrafieh
354420
ERR: Not enough credit
ERR: Not enough credit

-------------------------

New transfer from Badaro to abdulwahab elnklizi
346331
ERR: Not enough credit
ERR: Not enough credit

-------------------------

New transfer from Ashrafieh to abdulwahab elnklizi
592067
ERR: Not enough credit
ERR: Not enough credit

-------------------------

New transfer from Badaro to abdulwahab elnklizi
167016
ERR: Not enough credit
ERR: Not enough credit

-------------------------

New transfer from archive to Sin el Fil
186579
ERR: Not enough credit
ERR: Not enough credit

-------------------------

New transfer from archive to abdulwahab elnklizi
412949
ERR: Not enough credit
ERR: Not enough credit

-------------------------

