New transfer from abdulwahab elnklizi to Ashrafieh
566834
ERR: Not enough credit
ERR: Not enough credit

-------------------------

New transfer from archive to Sin el Fil
677599
ERR: Not enough credit
ERR: Not enough credit

-------------------------

New transfer from archive to Ashrafieh
459857
ERR: Not enough credit
ERR: Not enough credit

-------------------------

New transfer from archive to Badaro
333817
ERR: Not enough credit
ERR: Not enough credit

-------------------------

New transfer from archive to abdulwahab elnklizi
280475
ERR: Not enough credit
ERR: Not enough credit

-------------------------

