New transfer from Main Sin el Fil to abdulwahab elnklizi
304975
OK: 1
OK: 1

-------------------------

New transfer from Main Sin el Fil to abdulwahab elnklizi
235985
OK: 1
OK: 1

-------------------------

New transfer from Main Sin el Fil to abdulwahab elnklizi
597754
OK: 1
OK: 1

-------------------------

New transfer from Main Sin el Fil to Sin el Fil
982367
OK: 1
OK: 1

-------------------------

New transfer from Main Sin el Fil to Sin el Fil
284264
OK: 1
OK: 1

-------------------------

New transfer from Main Sin el Fil to Badaro
538625
OK: 1
OK: 1

-------------------------

New transfer from Main Sin el Fil to Ashrafieh
512784
OK: 1
OK: 1

-------------------------

New transfer from archive to Sin el Fil
521680
OK: 1
OK: 1

-------------------------

New transfer from archive to abdulwahab elnklizi
795858
OK: 1
OK: 1

-------------------------

New transfer from archive to Ashrafieh
848933
OK: 1
OK: 1

-------------------------

New transfer from archive to Badaro
589034
OK: 1
OK: 1

-------------------------

New transfer from Sin el Fil to Ashrafieh
746058
OK: 1
OK: 1

-------------------------

