New transfer from Badaro to Sin el Fil
678953
OK: 1
OK: 1

-------------------------

New transfer from Sin el Fil to Ashrafieh
873682
OK: 1
OK: 1

-------------------------

New transfer from Sin el Fil to Badaro
285232
OK: 1
OK: 1

-------------------------

New transfer from Sin el Fil to Tayouneh
384371
OK: 1
OK: 1

-------------------------

New transfer from Sin el Fil to Ashrafieh
604990
OK: 1
OK: 1

-------------------------

New transfer from Ashrafieh to Badaro
820176
OK: 1
OK: 1

-------------------------

New transfer from Tayouneh to Badaro
389492
OK: 1
OK: 1

-------------------------

