New transfer from Sin el Fil to Badaro
240888
ERR: Not enough credit
ERR: Not enough credit

-------------------------

New transfer from Ashrafieh to Sin el Fil
674461
ERR: Not enough credit
ERR: Not enough credit

-------------------------

New transfer from abdulwahab elnklizi to Badaro
737166
ERR: Not enough credit
ERR: Not enough credit

-------------------------

New transfer from Sin el Fil to Badaro
575178
ERR: Not enough credit
ERR: Not enough credit

-------------------------

New transfer from archive to Ashrafieh
299252
ERR: Not enough credit
ERR: Not enough credit

-------------------------

New transfer from Sin el Fil to Ashrafieh
418816
ERR: Not enough credit
ERR: Not enough credit

-------------------------

New transfer from Sin el Fil to Badaro
470990
ERR: Not enough credit
ERR: Not enough credit

-------------------------

