<SMS>
    		<authentification>
    			<username>AliHabib</username>
    			<password>Ali@2020$</password>
    		</authentification>
    		<message>
    			<sender>Pet 2nd Home</sender>
    			<text>New transfer from Tayouneh to Badaro
165249</text>
    			</message>
    			<recipients>
    			<gsm messageId="165249">96171386906</gsm>
    			    <gsm messageId="165249">9613966125</gsm>
    		</recipients>
    	</SMS>
<RESPONSE><status>2</status><credits>866.8000</credits></RESPONSE>
-------------------------

<SMS>
    		<authentification>
    			<username>AliHabib</username>
    			<password>Ali@2020$</password>
    		</authentification>
    		<message>
    			<sender>Pet 2nd Home</sender>
    			<text>New transfer from Tayouneh to Badaro
373141</text>
    			</message>
    			<recipients>
    			<gsm messageId="373141">96171386906</gsm>
    			    <gsm messageId="373141">9613966125</gsm>
    		</recipients>
    	</SMS>
<RESPONSE><status>2</status><credits>862.4000</credits></RESPONSE>
-------------------------

<SMS>
    		<authentification>
    			<username>AliHabib</username>
    			<password>Ali@2020$</password>
    		</authentification>
    		<message>
    			<sender>Pet 2nd Home</sender>
    			<text>New transfer from Ashrafieh to Badaro
979074</text>
    			</message>
    			<recipients>
    			<gsm messageId="979074">96171386906</gsm>
    			    <gsm messageId="979074">9613966125</gsm>
    		</recipients>
    	</SMS>
<RESPONSE><status>2</status><credits>858.0000</credits></RESPONSE>
-------------------------

<SMS>
    		<authentification>
    			<username>AliHabib</username>
    			<password>Ali@2020$</password>
    		</authentification>
    		<message>
    			<sender>Pet 2nd Home</sender>
    			<text>New transfer from Tayouneh to Badaro
725015</text>
    			</message>
    			<recipients>
    			<gsm messageId="725015">96171386906</gsm>
    			    <gsm messageId="725015">9613966125</gsm>
    		</recipients>
    	</SMS>
<RESPONSE><status>2</status><credits>853.6000</credits></RESPONSE>
-------------------------

