New transfer from Badaro to Sin el Fil
647600
OK: 1
OK: 1

-------------------------

New transfer from Sin el Fil to Badaro
187992
OK: 1
OK: 1

-------------------------

New transfer from archive to abdulwahab elnklizi
678606
OK: 1
OK: 1

-------------------------

New transfer from archive to Badaro
911660
OK: 1
OK: 1

-------------------------

New transfer from archive to Ashrafieh
373390
OK: 1
OK: 1

-------------------------

New transfer from archive to Sin el Fil
572064
OK: 1
OK: 1

-------------------------

New transfer from Main Sin el Fil to archive
990357
OK: 1
OK: 1

-------------------------

New transfer from archive to Sin el Fil
386501
OK: 1
OK: 1

-------------------------

New transfer from Main Sin el Fil to archive
922143
OK: 1
OK: 1

-------------------------

