New transfer from Badaro to Sin el Fil
935709
OK: 1
OK: 1

-------------------------

New transfer from Sin el Fil to Tayouneh
938150
OK: 1
OK: 1

-------------------------

New transfer from Sin el Fil to Tayouneh
393922
OK: 1
OK: 1

-------------------------

New transfer from Sin el Fil to Ashrafieh
267534
OK: 1
OK: 1

-------------------------

New transfer from Sin el Fil to Ashrafieh
460825
OK: 1
OK: 1

-------------------------

New transfer from Sin el Fil to Ashrafieh
709426
OK: 1
OK: 1

-------------------------

New transfer from archive to Ashrafieh
741464
OK: 1
OK: 1

-------------------------

New transfer from archive to Badaro
408592
OK: 1
OK: 1

-------------------------

New transfer from archive to Sin el Fil
595577
OK: 1
OK: 1

-------------------------

New transfer from archive to Tayouneh
990760
OK: 1
OK: 1

-------------------------

New transfer from Sin el Fil to Ashrafieh
359891
OK: 1
OK: 1

-------------------------

New transfer from Main Sin el Fil to Ashrafieh
923872
OK: 1
OK: 1

-------------------------

