New transfer from archive to abdulwahab elnklizi
861156
OK: 1
OK: 1

-------------------------

New transfer from archive to Badaro
910757
OK: 1
OK: 1

-------------------------

New transfer from archive to Sin el Fil
310857
OK: 1
OK: 1

-------------------------

New transfer from archive to Ashrafieh
659524
OK: 1
OK: 1

-------------------------

New transfer from Sin el Fil to Badaro
640732
OK: 1
OK: 1

-------------------------

New transfer from Badaro to Sin el Fil
923708
OK: 1
OK: 1

-------------------------

New transfer from Badaro to Sin el Fil
551343
OK: 1
OK: 1

-------------------------

New transfer from archive to Ashrafieh
140551
OK: 1
OK: 1

-------------------------

New transfer from archive to Badaro
661527
OK: 1
OK: 1

-------------------------

New transfer from archive to Sin el Fil
624668
OK: 1
OK: 1

-------------------------

New transfer from Sin el Fil to Badaro
688517
OK: 1
OK: 1

-------------------------

