New transfer from Ashrafieh to Sin el Fil
224071
OK: 1
OK: 1

-------------------------

New transfer from Ashrafieh to Sin el Fil
160323
OK: 1
OK: 1

-------------------------

New transfer from archive to Sin el Fil
350698
OK: 1
OK: 1

-------------------------

New transfer from archive to Ashrafieh
512806
OK: 1
OK: 1

-------------------------

New transfer from archive to Badaro
389512
OK: 1
OK: 1

-------------------------

New transfer from Sin el Fil to Ashrafieh
823073
OK: 1
OK: 1

-------------------------

New transfer from abdulwahab elnklizi to Ashrafieh
883197
OK: 1
OK: 1

-------------------------

New transfer from abdulwahab elnklizi to Ashrafieh
225127
OK: 1
OK: 1

-------------------------

New transfer from archive to Sin el Fil
688867
OK: 1
OK: 1

-------------------------

New transfer from Sin el Fil to Ashrafieh
118977
OK: 1
OK: 1

-------------------------

