<SMS>
    		<authentification>
    			<username>AliHabib</username>
    			<password>Ali@2020$</password>
    		</authentification>
    		<message>
    			<sender>Pet 2nd Home</sender>
    			<text>New transfer from Badaro to Tayouneh
690279</text>
    			</message>
    			<recipients>
    			<gsm messageId="690279">96176015488</gsm>
    			    <gsm messageId="690279">9613966125</gsm>
    		</recipients>
    	</SMS>
<RESPONSE><status>2</status><credits>969.5000</credits></RESPONSE>
-------------------------

<SMS>
    		<authentification>
    			<username>AliHabib</username>
    			<password>Ali@2020$</password>
    		</authentification>
    		<message>
    			<sender>Pet 2nd Home</sender>
    			<text>New transfer from archive to Ashrafieh
178883</text>
    			</message>
    			<recipients>
    			<gsm messageId="178883">96171452313</gsm>
    			    <gsm messageId="178883">9613966125</gsm>
    		</recipients>
    	</SMS>
<RESPONSE><status>2</status><credits>963.7000</credits></RESPONSE>
-------------------------

<SMS>
    		<authentification>
    			<username>AliHabib</username>
    			<password>Ali@2020$</password>
    		</authentification>
    		<message>
    			<sender>Pet 2nd Home</sender>
    			<text>New transfer from archive to Badaro
600202</text>
    			</message>
    			<recipients>
    			<gsm messageId="600202">96171386906</gsm>
    			    <gsm messageId="600202">9613966125</gsm>
    		</recipients>
    	</SMS>
<RESPONSE><status>2</status><credits>957.9000</credits></RESPONSE>
-------------------------

<SMS>
    		<authentification>
    			<username>AliHabib</username>
    			<password>Ali@2020$</password>
    		</authentification>
    		<message>
    			<sender>Pet 2nd Home</sender>
    			<text>New transfer from archive to Sin el Fil
574174</text>
    			</message>
    			<recipients>
    			<gsm messageId="574174">96176749789</gsm>
    			    <gsm messageId="574174">9613966125</gsm>
    		</recipients>
    	</SMS>
<RESPONSE><status>2</status><credits>952.1000</credits></RESPONSE>
-------------------------

