New transfer from Sin el Fil to Ashrafieh
640596
OK: 1
OK: 1

-------------------------

New transfer from Sin el Fil to Main Sin el Fil
621623
OK: 1
OK: 1

-------------------------

New transfer from archive to Badaro
297288
OK: 1
OK: 1

-------------------------

New transfer from archive to Ashrafieh
853286
OK: 1
OK: 1

-------------------------

New transfer from archive to Sin el Fil
351574
OK: 1
OK: 1

-------------------------

New transfer from Ashrafieh to Sin el Fil
743924
OK: 1
OK: 1

-------------------------

New transfer from Sin el Fil to Ashrafieh
136793
OK: 1
OK: 1

-------------------------

New transfer from Sin el Fil to Badaro
565982
OK: 1
OK: 1

-------------------------

