New transfer from abdulwahab elnklizi to Ashrafieh
694694
OK: 1
OK: 1

-------------------------

New transfer from Main Sin el Fil to Sin el Fil
984459
OK: 1
OK: 1

-------------------------

New transfer from Main Sin el Fil to Ashrafieh
393715
OK: 1
OK: 1

-------------------------

New transfer from Badaro to abdulwahab elnklizi
168026
OK: 1
OK: 1

-------------------------

New transfer from archive to Ashrafieh
201790
OK: 1
OK: 1

-------------------------

New transfer from archive to Ashrafieh
750005
OK: 1
OK: 1

-------------------------

New transfer from archive to Sin el Fil
160456
OK: 1
OK: 1

-------------------------

New transfer from Ashrafieh to Main Sin el Fil
474501
OK: 1
OK: 1

-------------------------

