New transfer from Sin el Fil to Badaro
444739
OK: 1
OK: 1

-------------------------

New transfer from archive to Ashrafieh
429408
OK: 1
OK: 1

-------------------------

New transfer from archive to Badaro
293461
OK: 1
OK: 1

-------------------------

New transfer from archive to Main Sin el Fil
245683
OK: 1
OK: 1

-------------------------

New transfer from archive to Tayouneh
236166
OK: 1
OK: 1

-------------------------

New transfer from archive to Ashrafieh
377013
OK: 1
OK: 1

-------------------------

New transfer from archive to Badaro
121018
OK: 1
OK: 1

-------------------------

New transfer from archive to Sin el Fil
306301
OK: 1
OK: 1

-------------------------

New transfer from Tayouneh to Badaro
230390
OK: 1
OK: 1

-------------------------

