New transfer from archive to Ashrafieh
208665
ERR: Not enough credit
ERR: Not enough credit

-------------------------

New transfer from archive to Sin el Fil
556854
ERR: Not enough credit
ERR: Not enough credit

-------------------------

New transfer from archive to abdulwahab elnklizi
228042
ERR: Not enough credit
ERR: Not enough credit

-------------------------

New transfer from archive to Badaro
810551
ERR: Not enough credit
ERR: Not enough credit

-------------------------

New transfer from Sin el Fil to Ashrafieh
738002
ERR: Not enough credit
ERR: Not enough credit

-------------------------

New transfer from Sin el Fil to Badaro
567171
ERR: Not enough credit
ERR: Not enough credit

-------------------------

