New transfer from Sin el Fil to Badaro
807576
OK: 1
OK: 1

-------------------------

New transfer from Ashrafieh to Badaro
169659
OK: 1
OK: 1

-------------------------

New transfer from Ashrafieh to Sin el Fil
429481
OK: 1
OK: 1

-------------------------

New transfer from archive to Ashrafieh
855586
OK: 1
OK: 1

-------------------------

New transfer from archive to Sin el Fil
993484
OK: 1
OK: 1

-------------------------

New transfer from archive to Badaro
750524
OK: 1
OK: 1

-------------------------

New transfer from archive to Ashrafieh
946753
OK: 1
OK: 1

-------------------------

New transfer from archive to Sin el Fil
827474
OK: 1
OK: 1

-------------------------

New transfer from archive to Badaro
208364
OK: 1
OK: 1

-------------------------

