New transfer from Badaro to Sin el Fil
107783
OK: 1
OK: 1

-------------------------

New transfer from Badaro to Main Sin el Fil
629335
OK: 1
OK: 1

-------------------------

New transfer from Sin el Fil to Main Sin el Fil
389407
OK: 1
OK: 1

-------------------------

New transfer from archive to Sin el Fil
812683
OK: 1
OK: 1

-------------------------

New transfer from archive to Sin el Fil
940580
OK: 1
OK: 1

-------------------------

New transfer from archive to Badaro
685691
OK: 1
OK: 1

-------------------------

New transfer from archive to Ashrafieh
528074
OK: 1
OK: 1

-------------------------

