New transfer from archive to Sin el Fil
225577
OK: 1
OK: 1

-------------------------

New transfer from archive to Badaro
143700
OK: 1
OK: 1

-------------------------

New transfer from archive to Ashrafieh
133035
OK: 1
OK: 1

-------------------------

New transfer from Badaro to Sin el Fil
497939
OK: 1
OK: 1

-------------------------

New transfer from Badaro to Sin el Fil
916580
OK: 1
OK: 1

-------------------------

New transfer from Tayouneh to Ashrafieh
274155
OK: 1
OK: 1

-------------------------

New transfer from Badaro to Ashrafieh
198905
OK: 1
OK: 1

-------------------------

New transfer from archive to Ashrafieh
957995
OK: 1
OK: 1

-------------------------

New transfer from archive to Sin el Fil
589971
OK: 1
OK: 1

-------------------------

New transfer from archive to Badaro
272034
OK: 1
OK: 1

-------------------------

New transfer from archive to Tayouneh
344518
OK: 1
OK: 1

-------------------------

New transfer from Sin el Fil to Badaro
441280
OK: 1
OK: 1

-------------------------

