New transfer from Badaro to Tayouneh
557321
OK: 1
OK: 1

-------------------------

New transfer from Sin el Fil to Ashrafieh
946673
OK: 1
OK: 1

-------------------------

New transfer from archive to Badaro
945424
OK: 1
OK: 1

-------------------------

New transfer from archive to Sin el Fil
648520
OK: 1
OK: 1

-------------------------

New transfer from archive to Ashrafieh
283852
OK: 1
OK: 1

-------------------------

New transfer from Ashrafieh to Tayouneh
525441
OK: 1
OK: 1

-------------------------

