New transfer from Tayouneh to Badaro
740319
OK: 1
OK: 1

-------------------------

New transfer from Ashrafieh to Tayouneh
461573
OK: 1
OK: 1

-------------------------

New transfer from Badaro to Ashrafieh
887815
OK: 1
OK: 1

-------------------------

New transfer from Ashrafieh to Badaro
908818
OK: 1
OK: 1

-------------------------

New transfer from archive to Sin el Fil
573026
OK: 1
OK: 1

-------------------------

New transfer from archive to Ashrafieh
488850
OK: 1
OK: 1

-------------------------

New transfer from archive to Tayouneh
799780
OK: 1
OK: 1

-------------------------

New transfer from archive to Badaro
692117
OK: 1
OK: 1

-------------------------

New transfer from Sin el Fil to Badaro
204935
OK: 1
OK: 1

-------------------------

