<SMS>
    		<authentification>
    			<username>AliHabib</username>
    			<password>Ali@2020$</password>
    		</authentification>
    		<message>
    			<sender>Pet 2nd Home</sender>
    			<text>New transfer from Main Sin el Fil to Sin el Fil
940908</text>
    			</message>
    			<recipients>
    			<gsm messageId="940908">96176749789</gsm>
    			    <gsm messageId="940908">9613966125</gsm>
    		</recipients>
    	</SMS>
<RESPONSE><status>2</status><credits>514.2000</credits></RESPONSE>
-------------------------

<SMS>
    		<authentification>
    			<username>AliHabib</username>
    			<password>Ali@2020$</password>
    		</authentification>
    		<message>
    			<sender>Pet 2nd Home</sender>
    			<text>New transfer from Main Sin el Fil to Sin el Fil
663238</text>
    			</message>
    			<recipients>
    			<gsm messageId="663238">96176749789</gsm>
    			    <gsm messageId="663238">9613966125</gsm>
    		</recipients>
    	</SMS>
<RESPONSE><status>2</status><credits>508.4000</credits></RESPONSE>
-------------------------

<SMS>
    		<authentification>
    			<username>AliHabib</username>
    			<password>Ali@2020$</password>
    		</authentification>
    		<message>
    			<sender>Pet 2nd Home</sender>
    			<text>New transfer from Main Sin el Fil to Sin el Fil
291451</text>
    			</message>
    			<recipients>
    			<gsm messageId="291451">96176749789</gsm>
    			    <gsm messageId="291451">9613966125</gsm>
    		</recipients>
    	</SMS>
<RESPONSE><status>2</status><credits>502.6000</credits></RESPONSE>
-------------------------

<SMS>
    		<authentification>
    			<username>AliHabib</username>
    			<password>Ali@2020$</password>
    		</authentification>
    		<message>
    			<sender>Pet 2nd Home</sender>
    			<text>New transfer from Main Sin el Fil to Sin el Fil
201720</text>
    			</message>
    			<recipients>
    			<gsm messageId="201720">96176749789</gsm>
    			    <gsm messageId="201720">9613966125</gsm>
    		</recipients>
    	</SMS>
<RESPONSE><status>2</status><credits>496.8000</credits></RESPONSE>
-------------------------

