New transfer from archive to Ashrafieh
440831
OK: 1
OK: 1

-------------------------

New transfer from archive to Sin el Fil
875425
OK: 1
OK: 1

-------------------------

New transfer from archive to Badaro
566741
OK: 1
OK: 1

-------------------------

New transfer from archive to Ashrafieh
613924
OK: 1
OK: 1

-------------------------

New transfer from archive to Badaro
201611
OK: 1
OK: 1

-------------------------

New transfer from archive to Sin el Fil
199318
OK: 1
OK: 1

-------------------------

New transfer from archive to Badaro
505399
OK: 1
OK: 1

-------------------------

