New transfer from abdulwahab elnklizi to Sin el Fil
464293
ERR: Not enough credit
ERR: Not enough credit

-------------------------

New transfer from Badaro to Sin el Fil
832574
ERR: Not enough credit
ERR: Not enough credit

-------------------------

New transfer from archive to Sin el Fil
744158
ERR: Not enough credit
ERR: Not enough credit

-------------------------

New transfer from archive to Ashrafieh
255001
ERR: Not enough credit
ERR: Not enough credit

-------------------------

New transfer from archive to abdulwahab elnklizi
953929
ERR: Not enough credit
ERR: Not enough credit

-------------------------

New transfer from archive to abdulwahab elnklizi
739103
ERR: Not enough credit
ERR: Not enough credit

-------------------------

New transfer from Sin el Fil to Badaro
284065
ERR: Not enough credit
ERR: Not enough credit

-------------------------

New transfer from Sin el Fil to abdulwahab elnklizi
567423
ERR: Not enough credit
ERR: Not enough credit

-------------------------

New transfer from Main Sin el Fil to Sin el Fil
824967
ERR: Not enough credit
ERR: Not enough credit

-------------------------

New transfer from Main Sin el Fil to Sin el Fil
950979
ERR: Not enough credit
ERR: Not enough credit

-------------------------

New transfer from Ashrafieh to abdulwahab elnklizi
299455
ERR: Not enough credit
ERR: Not enough credit

-------------------------

New transfer from Ashrafieh to Sin el Fil
949295
ERR: Not enough credit
ERR: Not enough credit

-------------------------

