New transfer from archive to Sin el Fil
461276
OK: 1
OK: 1

-------------------------

New transfer from archive to Sin el Fil
711591
OK: 1
OK: 1

-------------------------

New transfer from archive to Ashrafieh
458020
OK: 1
OK: 1

-------------------------

New transfer from archive to abdulwahab elnklizi
419462
OK: 1
OK: 1

-------------------------

New transfer from archive to Badaro
849771
OK: 1
OK: 1

-------------------------

New transfer from Main Sin el Fil to archive
217693
OK: 1
OK: 1

-------------------------

New transfer from Main Sin el Fil to archive
908905
OK: 1
OK: 1

-------------------------

New transfer from Sin el Fil to Ashrafieh
355236
OK: 1
OK: 1

-------------------------

