New transfer from Badaro to Sin el Fil
743920
OK: 1
OK: 1

-------------------------

New transfer from Badaro to Sin el Fil
602471
OK: 1
OK: 1

-------------------------

New transfer from Badaro to Sin el Fil
922151
OK: 1
OK: 1

-------------------------

New transfer from Badaro to Tayouneh
212850
OK: 1
OK: 1

-------------------------

New transfer from archive to Sin el Fil
585206
OK: 1
OK: 1

-------------------------

New transfer from archive to Badaro
196016
OK: 1
OK: 1

-------------------------

New transfer from archive to Ashrafieh
876936
OK: 1
OK: 1

-------------------------

New transfer from archive to Tayouneh
715772
OK: 1
OK: 1

-------------------------

New transfer from Ashrafieh to Sin el Fil
155235
OK: 1
OK: 1

-------------------------

