New transfer from Sin el Fil to Ashrafieh
113696
OK: 1
OK: 1

-------------------------

New transfer from Sin el Fil to Ashrafieh
893650
OK: 1
OK: 1

-------------------------

New transfer from Badaro to Tayouneh
298661
OK: 1
OK: 1

-------------------------

New transfer from Sin el Fil to Ashrafieh
148007
OK: 1
OK: 1

-------------------------

New transfer from Sin el Fil to Badaro
214314
OK: 1
OK: 1

-------------------------

New transfer from archive to Ashrafieh
983658
OK: 1
OK: 1

-------------------------

New transfer from archive to Sin el Fil
676577
OK: 1
OK: 1

-------------------------

New transfer from Badaro to Sin el Fil
941329
OK: 1
OK: 1

-------------------------

New transfer from archive to Ashrafieh
755977
OK: 1
OK: 1

-------------------------

New transfer from archive to Sin el Fil
671837
OK: 1
OK: 1

-------------------------

New transfer from archive to Badaro
471755
OK: 1
OK: 1

-------------------------

New transfer from archive to Tayouneh
516424
OK: 1
OK: 1

-------------------------

New transfer from archive to Badaro
770693
OK: 1
OK: 1

-------------------------

