New transfer from archive to Sin el Fil
800059
OK: 1
OK: 1

-------------------------

New transfer from archive to Badaro
370547
OK: 1
OK: 1

-------------------------

New transfer from archive to abdulwahab elnklizi
906111
OK: 1
OK: 1

-------------------------

New transfer from archive to Ashrafieh
564629
OK: 1
OK: 1

-------------------------

New transfer from archive to Sin el Fil
184066
OK: 1
OK: 1

-------------------------

New transfer from Sin el Fil to abdulwahab elnklizi
213368
OK: 1
OK: 1

-------------------------

New transfer from archive to Sin el Fil
909566
OK: 1
OK: 1

-------------------------

New transfer from archive to Ashrafieh
242028
OK: 1
OK: 1

-------------------------

New transfer from archive to Badaro
724463
OK: 1
OK: 1

-------------------------

New transfer from Sin el Fil to Badaro
887231
OK: 1
OK: 1

-------------------------

New transfer from Sin el Fil to Ashrafieh
747251
OK: 1
OK: 1

-------------------------

