New transfer from Sin el Fil to Ashrafieh
824430
OK: 1
OK: 1

-------------------------

New transfer from archive to Badaro
588173
OK: 1
OK: 1

-------------------------

New transfer from archive to Ashrafieh
785099
OK: 1
OK: 1

-------------------------

New transfer from archive to Sin el Fil
602683
OK: 1
OK: 1

-------------------------

New transfer from Sin el Fil to Badaro
761323
OK: 1
OK: 1

-------------------------

New transfer from Sin el Fil to Ashrafieh
607237
OK: 1
OK: 1

-------------------------

