<SMS>
    		<authentification>
    			<username>AliHabib</username>
    			<password>Ali@2020$</password>
    		</authentification>
    		<message>
    			<sender>Pet 2nd Home</sender>
    			<text>New transfer from Badaro to Tayouneh
877628</text>
    			</message>
    			<recipients>
    			<gsm messageId="877628">96176015488</gsm>
    			    <gsm messageId="877628">9613966125</gsm>
    		</recipients>
    	</SMS>
<RESPONSE><status>2</status><credits>583.8000</credits></RESPONSE>
-------------------------

<SMS>
    		<authentification>
    			<username>AliHabib</username>
    			<password>Ali@2020$</password>
    		</authentification>
    		<message>
    			<sender>Pet 2nd Home</sender>
    			<text>New transfer from Sin el Fil to Ashrafieh
496610</text>
    			</message>
    			<recipients>
    			<gsm messageId="496610">96171452313</gsm>
    			    <gsm messageId="496610">9613966125</gsm>
    		</recipients>
    	</SMS>
<RESPONSE><status>2</status><credits>578.0000</credits></RESPONSE>
-------------------------

<SMS>
    		<authentification>
    			<username>AliHabib</username>
    			<password>Ali@2020$</password>
    		</authentification>
    		<message>
    			<sender>Pet 2nd Home</sender>
    			<text>New transfer from archive to Badaro
532698</text>
    			</message>
    			<recipients>
    			<gsm messageId="532698">96171386906</gsm>
    			    <gsm messageId="532698">9613966125</gsm>
    		</recipients>
    	</SMS>
<RESPONSE><status>2</status><credits>572.2000</credits></RESPONSE>
-------------------------

<SMS>
    		<authentification>
    			<username>AliHabib</username>
    			<password>Ali@2020$</password>
    		</authentification>
    		<message>
    			<sender>Pet 2nd Home</sender>
    			<text>New transfer from archive to Ashrafieh
181462</text>
    			</message>
    			<recipients>
    			<gsm messageId="181462">96171452313</gsm>
    			    <gsm messageId="181462">9613966125</gsm>
    		</recipients>
    	</SMS>
<RESPONSE><status>2</status><credits>566.4000</credits></RESPONSE>
-------------------------

<SMS>
    		<authentification>
    			<username>AliHabib</username>
    			<password>Ali@2020$</password>
    		</authentification>
    		<message>
    			<sender>Pet 2nd Home</sender>
    			<text>New transfer from Sin el Fil to Ashrafieh
575393</text>
    			</message>
    			<recipients>
    			<gsm messageId="575393">96171452313</gsm>
    			    <gsm messageId="575393">9613966125</gsm>
    		</recipients>
    	</SMS>
<RESPONSE><status>2</status><credits>560.6000</credits></RESPONSE>
-------------------------

