New transfer from archive to Badaro
316423
OK: 1
OK: 1

-------------------------

New transfer from archive to Ashrafieh
813933
OK: 1
OK: 1

-------------------------

New transfer from archive to Sin el Fil
115542
OK: 1
OK: 1

-------------------------

New transfer from Sin el Fil to Ashrafieh
239383
OK: 1
OK: 1

-------------------------

New transfer from Ashrafieh to Sin el Fil
492726
OK: 1
OK: 1

-------------------------

New transfer from Tayouneh to Sin el Fil
941536
OK: 1
OK: 1

-------------------------

New transfer from Tayouneh to Ashrafieh
320168
OK: 1
OK: 1

-------------------------

New transfer from Tayouneh to Sin el Fil
672020
OK: 1
OK: 1

-------------------------

New transfer from Tayouneh to Ashrafieh
981470
OK: 1
OK: 1

-------------------------

