New transfer from Ashrafieh to Sin el Fil
815461
OK: 1
OK: 1

-------------------------

New transfer from archive to Sin el Fil
508245
OK: 1
OK: 1

-------------------------

New transfer from archive to Ashrafieh
129891
OK: 1
OK: 1

-------------------------

New transfer from archive to Badaro
562340
OK: 1
OK: 1

-------------------------

New transfer from archive to abdulwahab elnklizi
252558
OK: 1
OK: 1

-------------------------

New transfer from archive to Sin el Fil
387444
OK: 1
OK: 1

-------------------------

New transfer from Main Sin el Fil to Sin el Fil
964860
OK: 1
OK: 1

-------------------------

New transfer from archive to Badaro
897874
OK: 1
OK: 1

-------------------------

New transfer from archive to Ashrafieh
382962
OK: 1
OK: 1

-------------------------

New transfer from archive to Ashrafieh
507003
OK: 1
OK: 1

-------------------------

New transfer from archive to abdulwahab elnklizi
897347
OK: 1
OK: 1

-------------------------

New transfer from Sin el Fil to Ashrafieh
964631
OK: 1
OK: 1

-------------------------

New transfer from Sin el Fil to Badaro
806089
OK: 1
OK: 1

-------------------------

New transfer from Main Sin el Fil to Sin el Fil
954943
OK: 1
OK: 1

-------------------------

New transfer from Main Sin el Fil to Ashrafieh
590196
OK: 1
OK: 1

-------------------------

