New transfer from Ashrafieh to Badaro
667098
ERR: Not enough credit
ERR: Not enough credit

-------------------------

New transfer from archive to Sin el Fil
516287
ERR: Not enough credit
ERR: Not enough credit

-------------------------

New transfer from archive to Ashrafieh
812205
ERR: Not enough credit
ERR: Not enough credit

-------------------------

New transfer from archive to Badaro
882810
ERR: Not enough credit
ERR: Not enough credit

-------------------------

New transfer from archive to abdulwahab elnklizi
256931
ERR: Not enough credit
ERR: Not enough credit

-------------------------

New transfer from Badaro to Sin el Fil
272855
ERR: Not enough credit
ERR: Not enough credit

-------------------------

