New transfer from Ashrafieh to abdulwahab elnklizi
387379
OK: 1
OK: 1

-------------------------

New transfer from Ashrafieh to Sin el Fil
580323
OK: 1
OK: 1

-------------------------

New transfer from Sin el Fil to abdulwahab elnklizi
284102
OK: 1
OK: 1

-------------------------

New transfer from archive to abdulwahab elnklizi
571202
OK: 1
OK: 1

-------------------------

New transfer from archive to Sin el Fil
495454
OK: 1
OK: 1

-------------------------

New transfer from archive to Ashrafieh
621558
OK: 1
OK: 1

-------------------------

New transfer from archive to Ashrafieh
896489
OK: 1
OK: 1

-------------------------

New transfer from abdulwahab elnklizi to Sin el Fil
974229
OK: 1
OK: 1

-------------------------

