New transfer from archive to Ashrafieh
191634
OK: 1
OK: 1

-------------------------

New transfer from archive to Badaro
215665
OK: 1
OK: 1

-------------------------

New transfer from archive to Sin el Fil
580916
OK: 1
OK: 1

-------------------------

New transfer from archive to Ashrafieh
188192
OK: 1
OK: 1

-------------------------

New transfer from archive to Badaro
763532
OK: 1
OK: 1

-------------------------

New transfer from archive to Badaro
276461
OK: 1
OK: 1

-------------------------

New transfer from archive to Ashrafieh
779364
OK: 1
OK: 1

-------------------------

New transfer from archive to Sin el Fil
874297
OK: 1
OK: 1

-------------------------

New transfer from Sin el Fil to Ashrafieh
701596
OK: 1
OK: 1

-------------------------

New transfer from Ashrafieh to Sin el Fil
390306
OK: 1
OK: 1

-------------------------

New transfer from Ashrafieh to Badaro
847175
OK: 1
OK: 1

-------------------------

