New transfer from Badaro to Main Sin el Fil
976514
OK: 1
OK: 1

-------------------------

New transfer from archive to Sin el Fil
602198
OK: 1
OK: 1

-------------------------

New transfer from archive to Ashrafieh
450080
OK: 1
OK: 1

-------------------------

New transfer from abdulwahab elnklizi to Main Sin el Fil
848213
OK: 1
OK: 1

-------------------------

New transfer from archive to abdulwahab elnklizi
438495
OK: 1
OK: 1

-------------------------

New transfer from archive to Badaro
859612
OK: 1
OK: 1

-------------------------

New transfer from archive to Sin el Fil
852413
OK: 1
OK: 1

-------------------------

New transfer from archive to Ashrafieh
558783
OK: 1
OK: 1

-------------------------

New transfer from archive to Sin el Fil
851021
OK: 1
OK: 1

-------------------------

New transfer from archive to Ashrafieh
346769
OK: 1
OK: 1

-------------------------

New transfer from archive to Badaro
719456
OK: 1
OK: 1

-------------------------

New transfer from Sin el Fil to Ashrafieh
202272
OK: 1
OK: 1

-------------------------

New transfer from Sin el Fil to abdulwahab elnklizi
450280
OK: 1
OK: 1

-------------------------

New transfer from Sin el Fil to abdulwahab elnklizi
479006
OK: 1
OK: 1

-------------------------

New transfer from Sin el Fil to Main Sin el Fil
994602
OK: 1
OK: 1

-------------------------

New transfer from Main Sin el Fil to Sin el Fil
212117
OK: 1
OK: 1

-------------------------

New transfer from Main Sin el Fil to Sin el Fil
817167
OK: 1
OK: 1

-------------------------

New transfer from Main Sin el Fil to abdulwahab elnklizi
490149
OK: 1
OK: 1

-------------------------

New transfer from Main Sin el Fil to Ashrafieh
617858
OK: 1
OK: 1

-------------------------

