New transfer from archive to Sin el Fil
432350
OK: 1
OK: 1

-------------------------

New transfer from archive to Ashrafieh
642603
OK: 1
OK: 1

-------------------------

New transfer from archive to Badaro
845587
OK: 1
OK: 1

-------------------------

New transfer from archive to abdulwahab elnklizi
975087
OK: 1
OK: 1

-------------------------

New transfer from Ashrafieh to Badaro
247229
OK: 1
OK: 1

-------------------------

New transfer from archive to Sin el Fil
773565
OK: 1
OK: 1

-------------------------

New transfer from archive to Ashrafieh
639927
OK: 1
OK: 1

-------------------------

New transfer from archive to abdulwahab elnklizi
521537
OK: 1
OK: 1

-------------------------

New transfer from archive to Badaro
781374
OK: 1
OK: 1

-------------------------

New transfer from Ashrafieh to abdulwahab elnklizi
587039
OK: 1
OK: 1

-------------------------

New transfer from abdulwahab elnklizi to Ashrafieh
227444
OK: 1
OK: 1

-------------------------

