<SMS>
    		<authentification>
    			<username>AliHabib</username>
    			<password>Ali@2020$</password>
    		</authentification>
    		<message>
    			<sender>Pet 2nd Home</sender>
    			<text>New transfer from archive to Badaro
205791</text>
    			</message>
    			<recipients>
    			<gsm messageId="205791">96171386906</gsm>
    			    <gsm messageId="205791">9613966125</gsm>
    		</recipients>
    	</SMS>
<RESPONSE><status>2</status><credits>102.4000</credits></RESPONSE>
-------------------------

<SMS>
    		<authentification>
    			<username>AliHabib</username>
    			<password>Ali@2020$</password>
    		</authentification>
    		<message>
    			<sender>Pet 2nd Home</sender>
    			<text>New transfer from Badaro to Sin el Fil
669944</text>
    			</message>
    			<recipients>
    			<gsm messageId="669944">96176749789</gsm>
    			    <gsm messageId="669944">9613966125</gsm>
    		</recipients>
    	</SMS>
<RESPONSE><status>2</status><credits>96.6000</credits></RESPONSE>
-------------------------

<SMS>
    		<authentification>
    			<username>AliHabib</username>
    			<password>Ali@2020$</password>
    		</authentification>
    		<message>
    			<sender>Pet 2nd Home</sender>
    			<text>New transfer from archive to Tayouneh
751273</text>
    			</message>
    			<recipients>
    			<gsm messageId="751273">96176015488</gsm>
    			    <gsm messageId="751273">9613966125</gsm>
    		</recipients>
    	</SMS>
<RESPONSE><status>2</status><credits>90.8000</credits></RESPONSE>
-------------------------

<SMS>
    		<authentification>
    			<username>AliHabib</username>
    			<password>Ali@2020$</password>
    		</authentification>
    		<message>
    			<sender>Pet 2nd Home</sender>
    			<text>New transfer from archive to Badaro
927929</text>
    			</message>
    			<recipients>
    			<gsm messageId="927929">96171386906</gsm>
    			    <gsm messageId="927929">9613966125</gsm>
    		</recipients>
    	</SMS>
<RESPONSE><status>2</status><credits>85.0000</credits></RESPONSE>
-------------------------

<SMS>
    		<authentification>
    			<username>AliHabib</username>
    			<password>Ali@2020$</password>
    		</authentification>
    		<message>
    			<sender>Pet 2nd Home</sender>
    			<text>New transfer from archive to Ashrafieh
901534</text>
    			</message>
    			<recipients>
    			<gsm messageId="901534">96171452313</gsm>
    			    <gsm messageId="901534">9613966125</gsm>
    		</recipients>
    	</SMS>
<RESPONSE><status>2</status><credits>79.2000</credits></RESPONSE>
-------------------------

<SMS>
    		<authentification>
    			<username>AliHabib</username>
    			<password>Ali@2020$</password>
    		</authentification>
    		<message>
    			<sender>Pet 2nd Home</sender>
    			<text>New transfer from Badaro to Tayouneh
529967</text>
    			</message>
    			<recipients>
    			<gsm messageId="529967">96176015488</gsm>
    			    <gsm messageId="529967">9613966125</gsm>
    		</recipients>
    	</SMS>
<RESPONSE><status>2</status><credits>73.4000</credits></RESPONSE>
-------------------------

