New transfer from Badaro to Sin el Fil
445469
OK: 1
OK: 1

-------------------------

New transfer from archive to Badaro
253496
OK: 1
OK: 1

-------------------------

New transfer from Badaro to Sin el Fil
510492
OK: 1
OK: 1

-------------------------

New transfer from archive to Sin el Fil
992198
OK: 1
OK: 1

-------------------------

New transfer from archive to Badaro
484925
OK: 1
OK: 1

-------------------------

New transfer from archive to Ashrafieh
840676
OK: 1
OK: 1

-------------------------

New transfer from archive to abdulwahab elnklizi
866325
OK: 1
OK: 1

-------------------------

New transfer from Sin el Fil to Ashrafieh
122734
OK: 1
OK: 1

-------------------------

New transfer from Sin el Fil to abdulwahab elnklizi
413143
OK: 1
OK: 1

-------------------------

New transfer from archive to Ashrafieh
822415
OK: 1
OK: 1

-------------------------

New transfer from archive to Sin el Fil
356870
OK: 1
OK: 1

-------------------------

New transfer from Sin el Fil to Ashrafieh
334057
OK: 1
OK: 1

-------------------------

