New transfer from Ashrafieh to Badaro
403319
OK: 1
OK: 1

-------------------------

New transfer from Badaro to Ashrafieh
207834
OK: 1
OK: 1

-------------------------

New transfer from archive to Badaro
218791
OK: 1
OK: 1

-------------------------

New transfer from archive to Sin el Fil
551470
OK: 1
OK: 1

-------------------------

New transfer from archive to Ashrafieh
122928
OK: 1
OK: 1

-------------------------

New transfer from archive to Ashrafieh
385273
OK: 1
OK: 1

-------------------------

New transfer from archive to Sin el Fil
979810
OK: 1
OK: 1

-------------------------

New transfer from Sin el Fil to Ashrafieh
489545
OK: 1
OK: 1

-------------------------

New transfer from Ashrafieh to Sin el Fil
479455
OK: 1
OK: 1

-------------------------

