New transfer from Badaro to Ashrafieh
480605
OK: 1
OK: 1

-------------------------

New transfer from archive to Ashrafieh
777150
OK: 1
OK: 1

-------------------------

New transfer from archive to Badaro
419401
OK: 1
OK: 1

-------------------------

New transfer from archive to Sin el Fil
512250
OK: 1
OK: 1

-------------------------

New transfer from archive to Tayouneh
544707
OK: 1
OK: 1

-------------------------

New transfer from archive to Sin el Fil
420020
OK: 1
OK: 1

-------------------------

New transfer from Ashrafieh to Sin el Fil
786201
OK: 1
OK: 1

-------------------------

New transfer from Badaro to Tayouneh
726050
OK: 1
OK: 1

-------------------------

New transfer from archive to Tayouneh
174873
OK: 1
OK: 1

-------------------------

New transfer from archive to Sin el Fil
203024
OK: 1
OK: 1

-------------------------

New transfer from archive to Badaro
410376
OK: 1
OK: 1

-------------------------

New transfer from archive to Ashrafieh
149575
OK: 1
OK: 1

-------------------------

New transfer from Ashrafieh to Tayouneh
519265
OK: 1
OK: 1

-------------------------

New transfer from Badaro to Tayouneh
341987
OK: 1
OK: 1

-------------------------

