New transfer from Badaro to Ashrafieh
325852
OK: 1
OK: 1

-------------------------

New transfer from archive to Ashrafieh
661562
OK: 1
OK: 1

-------------------------

New transfer from archive to Ashrafieh
666348
OK: 1
OK: 1

-------------------------

New transfer from archive to Badaro
900230
OK: 1
OK: 1

-------------------------

New transfer from archive to Sin el Fil
436477
OK: 1
OK: 1

-------------------------

New transfer from archive to Ashrafieh
124152
OK: 1
OK: 1

-------------------------

New transfer from archive to Sin el Fil
213990
OK: 1
OK: 1

-------------------------

New transfer from archive to Badaro
662929
OK: 1
OK: 1

-------------------------

