New transfer from Badaro to Ashrafieh
395393
ERR: Not enough credit
ERR: Not enough credit

-------------------------

New transfer from archive to Badaro
774995
ERR: Not enough credit
ERR: Not enough credit

-------------------------

New transfer from archive to Ashrafieh
337678
ERR: Not enough credit
ERR: Not enough credit

-------------------------

New transfer from archive to Tayouneh
308803
ERR: Not enough credit
ERR: Not enough credit

-------------------------

New transfer from archive to Sin el Fil
541399
ERR: Not enough credit
ERR: Not enough credit

-------------------------

New transfer from archive to Ashrafieh
155929
ERR: Not enough credit
ERR: Not enough credit

-------------------------

New transfer from archive to Sin el Fil
409402
ERR: Not enough credit
ERR: Not enough credit

-------------------------

New transfer from archive to Badaro
738073
ERR: Not enough credit
ERR: Not enough credit

-------------------------

New transfer from archive to Tayouneh
740010
ERR: Not enough credit
ERR: Not enough credit

-------------------------

New transfer from Sin el Fil to Ashrafieh
968849
ERR: Not enough credit
ERR: Not enough credit

-------------------------

New transfer from Main Sin el Fil to archive
146194
ERR: Not enough credit
ERR: Not enough credit

-------------------------

