New transfer from Badaro to Sin el Fil
432174
OK: 1
OK: 1

-------------------------

New transfer from archive to Ashrafieh
402897
OK: 1
OK: 1

-------------------------

New transfer from archive to Sin el Fil
247343
OK: 1
OK: 1

-------------------------

New transfer from Sin el Fil to Ashrafieh
629774
OK: 1
OK: 1

-------------------------

New transfer from Sin el Fil to Badaro
963698
OK: 1
OK: 1

-------------------------

New transfer from archive to Badaro
665944
OK: 1
OK: 1

-------------------------

New transfer from archive to Ashrafieh
240121
OK: 1
OK: 1

-------------------------

New transfer from archive to Sin el Fil
856327
OK: 1
OK: 1

-------------------------

New transfer from Sin el Fil to Ashrafieh
955124
OK: 1
OK: 1

-------------------------

New transfer from Sin el Fil to Ashrafieh
973370
OK: 1
OK: 1

-------------------------

