New transfer from Main Sin el Fil to Sin el Fil
896086
OK: 1
OK: 1

-------------------------

New transfer from archive to Sin el Fil
336292
OK: 1
OK: 1

-------------------------

New transfer from archive to Ashrafieh
417699
OK: 1
OK: 1

-------------------------

New transfer from archive to Badaro
414180
OK: 1
OK: 1

-------------------------

New transfer from archive to abdulwahab elnklizi
396915
OK: 1
OK: 1

-------------------------

New transfer from archive to Sin el Fil
909276
OK: 1
OK: 1

-------------------------

New transfer from archive to Ashrafieh
277604
OK: 1
OK: 1

-------------------------

New transfer from archive to Badaro
565869
OK: 1
OK: 1

-------------------------

New transfer from archive to abdulwahab elnklizi
568132
OK: 1
OK: 1

-------------------------

New transfer from Sin el Fil to Badaro
601567
OK: 1
OK: 1

-------------------------

New transfer from archive to abdulwahab elnklizi
978623
OK: 1
OK: 1

-------------------------

New transfer from Ashrafieh to Sin el Fil
920038
OK: 1
OK: 1

-------------------------

New transfer from archive to Ashrafieh
125179
OK: 1
OK: 1

-------------------------

New transfer from archive to Sin el Fil
853704
OK: 1
OK: 1

-------------------------

New transfer from Sin el Fil to abdulwahab elnklizi
567846
OK: 1
OK: 1

-------------------------

New transfer from abdulwahab elnklizi to Sin el Fil
592654
OK: 1
OK: 1

-------------------------

