New transfer from Main Sin el Fil to Sin el Fil
811898
OK: 1
OK: 1

-------------------------

New transfer from Main Sin el Fil to Badaro
986017
OK: 1
OK: 1

-------------------------

New transfer from Main Sin el Fil to Ashrafieh
993226
OK: 1
OK: 1

-------------------------

New transfer from Main Sin el Fil to Badaro
478680
OK: 1
OK: 1

-------------------------

New transfer from Main Sin el Fil to archive
615896
OK: 1
OK: 1

-------------------------

New transfer from Ashrafieh to Sin el Fil
271568
OK: 1
OK: 1

-------------------------

New transfer from Sin el Fil to Ashrafieh
628765
OK: 1
OK: 1

-------------------------

New transfer from archive to Sin el Fil
469657
OK: 1
OK: 1

-------------------------

New transfer from archive to Badaro
931614
OK: 1
OK: 1

-------------------------

New transfer from archive to Ashrafieh
487031
OK: 1
OK: 1

-------------------------

New transfer from Main Sin el Fil to Sin el Fil
604448
OK: 1
OK: 1

-------------------------

New transfer from Main Sin el Fil to Badaro
230000
OK: 1
OK: 1

-------------------------

New transfer from Main Sin el Fil to Ashrafieh
798799
OK: 1
OK: 1

-------------------------

