New transfer from archive to Sin el Fil
328259
OK: 1
OK: 1

-------------------------

New transfer from archive to Ashrafieh
256253
OK: 1
OK: 1

-------------------------

New transfer from archive to abdulwahab elnklizi
526588
OK: 1
OK: 1

-------------------------

New transfer from archive to Badaro
368825
OK: 1
OK: 1

-------------------------

New transfer from archive to Badaro
695205
OK: 1
OK: 1

-------------------------

New transfer from Sin el Fil to Ashrafieh
350947
OK: 1
OK: 1

-------------------------

New transfer from Sin el Fil to abdulwahab elnklizi
129517
OK: 1
OK: 1

-------------------------

New transfer from Sin el Fil to Badaro
387435
OK: 1
OK: 1

-------------------------

New transfer from archive to Sin el Fil
755609
OK: 1
OK: 1

-------------------------

New transfer from archive to Ashrafieh
994364
OK: 1
OK: 1

-------------------------

New transfer from archive to Badaro
860850
OK: 1
OK: 1

-------------------------

New transfer from archive to abdulwahab elnklizi
122138
OK: 1
OK: 1

-------------------------

New transfer from Sin el Fil to abdulwahab elnklizi
289358
OK: 1
OK: 1

-------------------------

New transfer from archive to Sin el Fil
668827
OK: 1
OK: 1

-------------------------

New transfer from archive to Ashrafieh
636585
OK: 1
OK: 1

-------------------------

New transfer from archive to Badaro
862776
OK: 1
OK: 1

-------------------------

New transfer from archive to abdulwahab elnklizi
347389
OK: 1
OK: 1

-------------------------

New transfer from archive to Main Sin el Fil
713858
OK: 1
OK: 1

-------------------------

New transfer from Sin el Fil to Main Sin el Fil
620429
OK: 1
OK: 1

-------------------------

New transfer from Main Sin el Fil to Sin el Fil
522090
OK: 1
OK: 1

-------------------------

New transfer from Main Sin el Fil to abdulwahab elnklizi
200856
OK: 1
OK: 1

-------------------------

