New transfer from Tayouneh to Badaro
353254
OK: 1
OK: 1

-------------------------

New transfer from Badaro to Tayouneh
734224
OK: 1
OK: 1

-------------------------

New transfer from Sin el Fil to Tayouneh
169513
OK: 1
OK: 1

-------------------------

New transfer from Sin el Fil to Ashrafieh
931419
OK: 1
OK: 1

-------------------------

New transfer from Sin el Fil to Tayouneh
761056
OK: 1
OK: 1

-------------------------

New transfer from Sin el Fil to Badaro
772606
OK: 1
OK: 1

-------------------------

New transfer from archive to Tayouneh
448440
OK: 1
OK: 1

-------------------------

New transfer from archive to Ashrafieh
309580
OK: 1
OK: 1

-------------------------

New transfer from archive to Sin el Fil
591931
OK: 1
OK: 1

-------------------------

New transfer from archive to Badaro
779858
OK: 1
OK: 1

-------------------------

New transfer from Badaro to Tayouneh
165390
OK: 1
OK: 1

-------------------------

New transfer from Badaro to Tayouneh
693199
OK: 1
OK: 1

-------------------------

