New transfer from Sin el Fil to Ashrafieh
988807
OK: 1
OK: 1

-------------------------

New transfer from Badaro to Tayouneh
299885
OK: 1
OK: 1

-------------------------

New transfer from Sin el Fil to Badaro
304975
OK: 1
OK: 1

-------------------------

New transfer from Ashrafieh to Badaro
184805
OK: 1
OK: 1

-------------------------

New transfer from archive to Ashrafieh
162897
OK: 1
OK: 1

-------------------------

New transfer from archive to Badaro
447918
OK: 1
OK: 1

-------------------------

New transfer from archive to Sin el Fil
990332
OK: 1
OK: 1

-------------------------

New transfer from Badaro to Tayouneh
506052
OK: 1
OK: 1

-------------------------

New transfer from Sin el Fil to Tayouneh
183046
OK: 1
OK: 1

-------------------------

New transfer from archive to Badaro
142346
OK: 1
OK: 1

-------------------------

New transfer from archive to Ashrafieh
938829
OK: 1
OK: 1

-------------------------

