<SMS>
    		<authentification>
    			<username>AliHabib</username>
    			<password>Ali@2020$</password>
    		</authentification>
    		<message>
    			<sender>Pet 2nd Home</sender>
    			<text>New transfer from Sin el Fil to Ashrafieh
244573</text>
    			</message>
    			<recipients>
    			<gsm messageId="244573">96171452313</gsm>
    			    <gsm messageId="244573">9613966125</gsm>
    		</recipients>
    	</SMS>
<RESPONSE><status>2</status><credits>667.9000</credits></RESPONSE>
-------------------------

<SMS>
    		<authentification>
    			<username>AliHabib</username>
    			<password>Ali@2020$</password>
    		</authentification>
    		<message>
    			<sender>Pet 2nd Home</sender>
    			<text>New transfer from Badaro to Tayouneh
516432</text>
    			</message>
    			<recipients>
    			<gsm messageId="516432">96176015488</gsm>
    			    <gsm messageId="516432">9613966125</gsm>
    		</recipients>
    	</SMS>

-------------------------

<SMS>
    		<authentification>
    			<username>AliHabib</username>
    			<password>Ali@2020$</password>
    		</authentification>
    		<message>
    			<sender>Pet 2nd Home</sender>
    			<text>New transfer from Sin el Fil to Ashrafieh
339017</text>
    			</message>
    			<recipients>
    			<gsm messageId="339017">96171452313</gsm>
    			    <gsm messageId="339017">9613966125</gsm>
    		</recipients>
    	</SMS>
<RESPONSE><status>2</status><credits>662.1000</credits></RESPONSE>
-------------------------

<SMS>
    		<authentification>
    			<username>AliHabib</username>
    			<password>Ali@2020$</password>
    		</authentification>
    		<message>
    			<sender>Pet 2nd Home</sender>
    			<text>New transfer from archive to Sin el Fil
795437</text>
    			</message>
    			<recipients>
    			<gsm messageId="795437">96176749789</gsm>
    			    <gsm messageId="795437">9613966125</gsm>
    		</recipients>
    	</SMS>
<RESPONSE><status>2</status><credits>656.3000</credits></RESPONSE>
-------------------------

<SMS>
    		<authentification>
    			<username>AliHabib</username>
    			<password>Ali@2020$</password>
    		</authentification>
    		<message>
    			<sender>Pet 2nd Home</sender>
    			<text>New transfer from Sin el Fil to Ashrafieh
340234</text>
    			</message>
    			<recipients>
    			<gsm messageId="340234">96171452313</gsm>
    			    <gsm messageId="340234">9613966125</gsm>
    		</recipients>
    	</SMS>
<RESPONSE><status>2</status><credits>650.5000</credits></RESPONSE>
-------------------------

