New transfer from Badaro to Ashrafieh
512529
OK: 1
OK: 1

-------------------------

New transfer from archive to Sin el Fil
231599
OK: 1
OK: 1

-------------------------

New transfer from archive to Sin el Fil
459645
OK: 1
OK: 1

-------------------------

New transfer from archive to Badaro
869032
OK: 1
OK: 1

-------------------------

New transfer from archive to Ashrafieh
720976
OK: 1
OK: 1

-------------------------

New transfer from Ashrafieh to Sin el Fil
662623
OK: 1
OK: 1

-------------------------

