New transfer from archive to Ashrafieh
247403
OK: 1
OK: 1

-------------------------

New transfer from archive to Sin el Fil
592334
OK: 1
OK: 1

-------------------------

New transfer from archive to Badaro
215683
OK: 1
OK: 1

-------------------------

New transfer from archive to Ashrafieh
278853
OK: 1
OK: 1

-------------------------

New transfer from archive to Sin el Fil
817167
OK: 1
OK: 1

-------------------------

New transfer from archive to Badaro
871189
OK: 1
OK: 1

-------------------------

New transfer from archive to Tayouneh
602952
OK: 1
OK: 1

-------------------------

New transfer from Sin el Fil to Ashrafieh
523944
OK: 1
OK: 1

-------------------------

New transfer from Ashrafieh to Tayouneh
314791
OK: 1
OK: 1

-------------------------

