New transfer from Badaro to abdulwahab elnklizi
537320
OK: 1
OK: 1

-------------------------

New transfer from Badaro to Sin el Fil
402327
OK: 1
OK: 1

-------------------------

New transfer from Badaro to abdulwahab elnklizi
287853
OK: 1
OK: 1

-------------------------

New transfer from Sin el Fil to Ashrafieh
536636
OK: 1
OK: 1

-------------------------

New transfer from Main Sin el Fil to Sin el Fil
455538
OK: 1
OK: 1

-------------------------

New transfer from Main Sin el Fil to Ashrafieh
647054
OK: 1
OK: 1

-------------------------

New transfer from archive to Ashrafieh
210595
OK: 1
OK: 1

-------------------------

New transfer from archive to abdulwahab elnklizi
236368
OK: 1
OK: 1

-------------------------

New transfer from archive to Sin el Fil
848756
OK: 1
OK: 1

-------------------------

New transfer from archive to Badaro
108503
OK: 1
OK: 1

-------------------------

