New transfer from Badaro to Sin el Fil
754443
OK: 1
OK: 1

-------------------------

New transfer from Badaro to Ashrafieh
921017
OK: 1
OK: 1

-------------------------

New transfer from archive to Badaro
396982
OK: 1
OK: 1

-------------------------

New transfer from archive to Ashrafieh
486969
OK: 1
OK: 1

-------------------------

New transfer from archive to Sin el Fil
721490
OK: 1
OK: 1

-------------------------

New transfer from Tayouneh to Ashrafieh
142693
OK: 1
OK: 1

-------------------------

New transfer from Tayouneh to Sin el Fil
334461
OK: 1
OK: 1

-------------------------

