New transfer from Sin el Fil to Badaro
343744
OK: 1
OK: 1

-------------------------

New transfer from archive to Ashrafieh
808663
OK: 1
OK: 1

-------------------------

New transfer from archive to Tayouneh
916396
OK: 1
OK: 1

-------------------------

New transfer from archive to Badaro
130535
OK: 1
OK: 1

-------------------------

New transfer from archive to Sin el Fil
559606
OK: 1
OK: 1

-------------------------

New transfer from archive to Sin el Fil
287506
OK: 1
OK: 1

-------------------------

New transfer from archive to Ashrafieh
775339
OK: 1
OK: 1

-------------------------

New transfer from archive to Badaro
860215
OK: 1
OK: 1

-------------------------

New transfer from archive to Sin el Fil
497406
OK: 1
OK: 1

-------------------------

New transfer from archive to Ashrafieh
885648
OK: 1
OK: 1

-------------------------

New transfer from archive to Sin el Fil
293183
OK: 1
OK: 1

-------------------------

New transfer from archive to Tayouneh
798518
OK: 1
OK: 1

-------------------------

New transfer from archive to Sin el Fil
102499
OK: 1
OK: 1

-------------------------

New transfer from archive to Ashrafieh
912235
OK: 1
OK: 1

-------------------------

New transfer from archive to Badaro
885869
OK: 1
OK: 1

-------------------------

New transfer from Sin el Fil to Ashrafieh
976225
OK: 1
OK: 1

-------------------------

