New transfer from archive to abdulwahab elnklizi
517651
OK: 1
OK: 1

-------------------------

New transfer from archive to Badaro
138893
OK: 1
OK: 1

-------------------------

New transfer from archive to Sin el Fil
761037
OK: 1
OK: 1

-------------------------

New transfer from archive to Ashrafieh
193688
OK: 1
OK: 1

-------------------------

New transfer from archive to Sin el Fil
660944
OK: 1
OK: 1

-------------------------

New transfer from archive to Ashrafieh
823403
OK: 1
OK: 1

-------------------------

New transfer from archive to Badaro
703230
OK: 1
OK: 1

-------------------------

New transfer from archive to abdulwahab elnklizi
647935
OK: 1
OK: 1

-------------------------

New transfer from Sin el Fil to Badaro
749893
OK: 1
OK: 1

-------------------------

New transfer from Sin el Fil to Ashrafieh
455207
OK: 1
OK: 1

-------------------------

New transfer from archive to Sin el Fil
666888
OK: 1
OK: 1

-------------------------

New transfer from archive to Ashrafieh
818117
OK: 1
OK: 1

-------------------------

New transfer from archive to abdulwahab elnklizi
595264
OK: 1
OK: 1

-------------------------

New transfer from archive to Badaro
839101
OK: 1
OK: 1

-------------------------

New transfer from Sin el Fil to Ashrafieh
818365
OK: 1
OK: 1

-------------------------

New transfer from Sin el Fil to Badaro
806425
OK: 1
OK: 1

-------------------------

New transfer from archive to Sin el Fil
547674
OK: 1
OK: 1

-------------------------

New transfer from Sin el Fil to Ashrafieh
794556
OK: 1
OK: 1

-------------------------

New transfer from Sin el Fil to abdulwahab elnklizi
495666
OK: 1
OK: 1

-------------------------

