New transfer from Sin el Fil to Ashrafieh
310081
OK: 1
OK: 1

-------------------------

New transfer from Sin el Fil to Badaro
126543
OK: 1
OK: 1

-------------------------

New transfer from Badaro to Ashrafieh
861866
OK: 1
OK: 1

-------------------------

New transfer from archive to Ashrafieh
104849
OK: 1
OK: 1

-------------------------

New transfer from archive to Sin el Fil
425262
OK: 1
OK: 1

-------------------------

New transfer from archive to Badaro
349191
OK: 1
OK: 1

-------------------------

New transfer from archive to Tayouneh
521408
OK: 1
OK: 1

-------------------------

New transfer from archive to Ashrafieh
708221
OK: 1
OK: 1

-------------------------

New transfer from archive to Sin el Fil
537904
OK: 1
OK: 1

-------------------------

New transfer from archive to Badaro
767268
OK: 1
OK: 1

-------------------------

New transfer from Ashrafieh to Tayouneh
576195
OK: 1
OK: 1

-------------------------

