New transfer from Badaro to Sin el Fil
750575
OK: 1
OK: 1

-------------------------

New transfer from Ashrafieh to Sin el Fil
643556
OK: 1
OK: 1

-------------------------

New transfer from archive to Sin el Fil
339485
OK: 1
OK: 1

-------------------------

New transfer from archive to Badaro
375864
OK: 1
OK: 1

-------------------------

New transfer from archive to abdulwahab elnklizi
134902
OK: 1
OK: 1

-------------------------

New transfer from Sin el Fil to Ashrafieh
813424
OK: 1
OK: 1

-------------------------

New transfer from Ashrafieh to Sin el Fil
651294
OK: 1
OK: 1

-------------------------

