New transfer from Badaro to Sin el Fil
335379
OK: 1
OK: 1

-------------------------

New transfer from archive to Badaro
797231
OK: 1
OK: 1

-------------------------

New transfer from archive to Ashrafieh
174287
OK: 1
OK: 1

-------------------------

New transfer from archive to Sin el Fil
943474
OK: 1
OK: 1

-------------------------

New transfer from Sin el Fil to Ashrafieh
692730
OK: 1
OK: 1

-------------------------

New transfer from Ashrafieh to Sin el Fil
958754
OK: 1
OK: 1

-------------------------

