New transfer from archive to Sin el Fil
184004
OK: 1
OK: 1

-------------------------

New transfer from archive to Ashrafieh
209350
OK: 1
OK: 1

-------------------------

New transfer from archive to Badaro
988872
OK: 1
OK: 1

-------------------------

New transfer from archive to abdulwahab elnklizi
283386
OK: 1
OK: 1

-------------------------

New transfer from archive to Sin el Fil
384070
OK: 1
OK: 1

-------------------------

New transfer from Sin el Fil to Ashrafieh
356881
OK: 1
OK: 1

-------------------------

New transfer from archive to Sin el Fil
799988
OK: 1
OK: 1

-------------------------

New transfer from archive to Ashrafieh
315332
OK: 1
OK: 1

-------------------------

New transfer from archive to Badaro
648306
OK: 1
OK: 1

-------------------------

New transfer from archive to abdulwahab elnklizi
444707
OK: 1
OK: 1

-------------------------

New transfer from Sin el Fil to Badaro
383214
OK: 1
OK: 1

-------------------------

New transfer from Sin el Fil to abdulwahab elnklizi
631394
OK: 1
OK: 1

-------------------------

