New transfer from archive to Sin el Fil
679972
OK: 1
OK: 1

-------------------------

New transfer from archive to Ashrafieh
979293
OK: 1
OK: 1

-------------------------

New transfer from archive to Badaro
908906
OK: 1
OK: 1

-------------------------

New transfer from archive to abdulwahab elnklizi
511486
OK: 1
OK: 1

-------------------------

New transfer from archive to Ashrafieh
411030
OK: 1
OK: 1

-------------------------

New transfer from archive to Badaro
821183
OK: 1
OK: 1

-------------------------

New transfer from archive to Sin el Fil
536327
OK: 1
OK: 1

-------------------------

New transfer from Sin el Fil to Badaro
894373
OK: 1
OK: 1

-------------------------

New transfer from Ashrafieh to abdulwahab elnklizi
245177
OK: 1
OK: 1

-------------------------

New transfer from Sin el Fil to abdulwahab elnklizi
621728
OK: 1
OK: 1

-------------------------

New transfer from Sin el Fil to Ashrafieh
248985
OK: 1
OK: 1

-------------------------

New transfer from abdulwahab elnklizi to Ashrafieh
862549
OK: 1
OK: 1

-------------------------

