New transfer from Badaro to Tayouneh
417241
OK: 1
OK: 1

-------------------------

New transfer from Badaro to Tayouneh
620783
OK: 1
OK: 1

-------------------------

New transfer from Badaro to Tayouneh
273643
OK: 1
OK: 1

-------------------------

New transfer from Sin el Fil to Ashrafieh
483035
OK: 1
OK: 1

-------------------------

New transfer from archive to Ashrafieh
100881
OK: 1
OK: 1

-------------------------

New transfer from archive to Badaro
488369
OK: 1
OK: 1

-------------------------

New transfer from archive to Sin el Fil
532939
OK: 1
OK: 1

-------------------------

